[2023-12-30 17:12:18,972] batch: 1, lenEpisode: 20
[2023-12-30 17:12:26,212] batch: 2, lenEpisode: 23
[2023-12-30 17:12:38,195] batch: 3, lenEpisode: 41
[2023-12-30 17:12:39,558] kl: 0.07326, lrMultiplier: 0.667, loss: 5.07320, entropy: 4.12420, explVarOld: -0.000, explVarNew: 0.000
[2023-12-30 17:12:48,432] batch: 4, lenEpisode: 28
[2023-12-30 17:12:49,762] kl: 0.05138, lrMultiplier: 0.444, loss: 5.03209, entropy: 4.05116, explVarOld: 0.000, explVarNew: 0.000
[2023-12-30 17:13:00,051] batch: 5, lenEpisode: 33
[2023-12-30 17:13:01,377] kl: 0.03950, lrMultiplier: 0.444, loss: 4.88992, entropy: 3.91284, explVarOld: 0.000, explVarNew: 0.000
[2023-12-30 17:13:10,921] batch: 6, lenEpisode: 29
[2023-12-30 17:13:12,267] kl: 0.02441, lrMultiplier: 0.444, loss: 4.80576, entropy: 3.88469, explVarOld: 0.000, explVarNew: 0.000
[2023-12-30 17:13:23,809] batch: 7, lenEpisode: 36
[2023-12-30 17:13:25,141] kl: 0.02638, lrMultiplier: 0.444, loss: 4.82998, entropy: 3.90250, explVarOld: 0.000, explVarNew: 0.000
[2023-12-30 17:13:32,654] batch: 8, lenEpisode: 22
[2023-12-30 17:13:33,985] kl: 0.06095, lrMultiplier: 0.296, loss: 4.73490, entropy: 3.70622, explVarOld: 0.000, explVarNew: 0.000
[2023-12-30 17:13:44,505] batch: 9, lenEpisode: 32
[2023-12-30 17:13:45,850] kl: 0.01612, lrMultiplier: 0.296, loss: 4.77560, entropy: 3.77360, explVarOld: 0.000, explVarNew: 0.000
[2023-12-30 17:13:56,485] batch: 10, lenEpisode: 32
[2023-12-30 17:13:57,819] kl: 0.02295, lrMultiplier: 0.296, loss: 4.71351, entropy: 3.67264, explVarOld: 0.000, explVarNew: 0.000
[2023-12-30 17:14:06,832] batch: 11, lenEpisode: 26
[2023-12-30 17:14:08,172] kl: 0.01484, lrMultiplier: 0.296, loss: 4.67963, entropy: 3.57581, explVarOld: 0.000, explVarNew: 0.000
[2023-12-30 17:14:19,626] batch: 12, lenEpisode: 34
[2023-12-30 17:14:20,975] kl: 0.01705, lrMultiplier: 0.296, loss: 4.59833, entropy: 3.49328, explVarOld: 0.000, explVarNew: 0.000
[2023-12-30 17:14:29,143] batch: 13, lenEpisode: 24
[2023-12-30 17:14:30,512] kl: 0.02293, lrMultiplier: 0.296, loss: 4.66440, entropy: 3.62920, explVarOld: 0.000, explVarNew: 0.000
[2023-12-30 17:14:41,611] batch: 14, lenEpisode: 32
[2023-12-30 17:14:42,969] kl: 0.03801, lrMultiplier: 0.296, loss: 4.53964, entropy: 3.46334, explVarOld: 0.000, explVarNew: 0.000
[2023-12-30 17:14:50,490] batch: 15, lenEpisode: 22
[2023-12-30 17:14:51,835] kl: 0.01801, lrMultiplier: 0.296, loss: 4.50172, entropy: 3.47428, explVarOld: 0.000, explVarNew: 0.000
[2023-12-30 17:15:02,980] batch: 16, lenEpisode: 33
[2023-12-30 17:15:04,312] kl: 0.01448, lrMultiplier: 0.296, loss: 4.46921, entropy: 3.47941, explVarOld: 0.000, explVarNew: 0.000
[2023-12-30 17:15:10,467] batch: 17, lenEpisode: 16
[2023-12-30 17:15:11,795] kl: 0.02813, lrMultiplier: 0.296, loss: 4.42769, entropy: 3.36807, explVarOld: 0.000, explVarNew: 0.000
[2023-12-30 17:15:22,482] batch: 18, lenEpisode: 29
[2023-12-30 17:15:23,802] kl: 0.02385, lrMultiplier: 0.296, loss: 4.38576, entropy: 3.37040, explVarOld: 0.000, explVarNew: 0.000
[2023-12-30 17:15:34,267] batch: 19, lenEpisode: 30
[2023-12-30 17:15:35,609] kl: 0.03502, lrMultiplier: 0.296, loss: 4.34647, entropy: 3.41474, explVarOld: 0.000, explVarNew: -0.000
[2023-12-30 17:15:42,645] batch: 20, lenEpisode: 18
[2023-12-30 17:15:43,980] kl: 0.01444, lrMultiplier: 0.296, loss: 4.33727, entropy: 3.35114, explVarOld: -0.000, explVarNew: -0.000
[2023-12-30 17:15:54,139] batch: 21, lenEpisode: 28
[2023-12-30 17:15:55,473] kl: 0.02065, lrMultiplier: 0.296, loss: 4.23413, entropy: 3.25840, explVarOld: -0.000, explVarNew: 0.000
[2023-12-30 17:16:05,093] batch: 22, lenEpisode: 26
[2023-12-30 17:16:06,451] kl: 0.01616, lrMultiplier: 0.296, loss: 4.20010, entropy: 3.25841, explVarOld: -0.000, explVarNew: -0.000
[2023-12-30 17:16:18,882] batch: 23, lenEpisode: 34
[2023-12-30 17:16:20,219] kl: 0.02231, lrMultiplier: 0.296, loss: 4.10071, entropy: 3.16659, explVarOld: -0.000, explVarNew: 0.000
[2023-12-30 17:16:29,668] batch: 24, lenEpisode: 24
[2023-12-30 17:16:30,999] kl: 0.02338, lrMultiplier: 0.296, loss: 4.06173, entropy: 3.09332, explVarOld: -0.000, explVarNew: -0.000
[2023-12-30 17:16:42,233] batch: 25, lenEpisode: 28
[2023-12-30 17:16:43,568] kl: 0.02847, lrMultiplier: 0.296, loss: 3.96314, entropy: 3.04938, explVarOld: -0.000, explVarNew: 0.000
[2023-12-30 17:16:51,884] batch: 26, lenEpisode: 22
[2023-12-30 17:16:53,215] kl: 0.06884, lrMultiplier: 0.198, loss: 3.92217, entropy: 2.96027, explVarOld: -0.000, explVarNew: 0.001
[2023-12-30 17:17:05,865] batch: 27, lenEpisode: 34
[2023-12-30 17:17:07,198] kl: 0.05436, lrMultiplier: 0.132, loss: 3.96510, entropy: 3.16802, explVarOld: 0.000, explVarNew: 0.003
[2023-12-30 17:17:19,103] batch: 28, lenEpisode: 32
[2023-12-30 17:17:20,451] kl: 0.03245, lrMultiplier: 0.132, loss: 3.87381, entropy: 3.01976, explVarOld: 0.003, explVarNew: -0.000
[2023-12-30 17:17:31,214] batch: 29, lenEpisode: 27
[2023-12-30 17:17:32,577] kl: 0.02732, lrMultiplier: 0.132, loss: 3.83805, entropy: 2.98320, explVarOld: 0.003, explVarNew: -0.011
[2023-12-30 17:17:41,714] batch: 30, lenEpisode: 20
[2023-12-30 17:17:43,088] kl: 0.02020, lrMultiplier: 0.132, loss: 3.77217, entropy: 3.03463, explVarOld: -0.004, explVarNew: -0.012
[2023-12-30 17:17:57,090] batch: 31, lenEpisode: 35
[2023-12-30 17:17:58,470] kl: 0.03724, lrMultiplier: 0.132, loss: 3.64120, entropy: 2.91186, explVarOld: -0.019, explVarNew: 0.015
[2023-12-30 17:18:07,935] batch: 32, lenEpisode: 22
[2023-12-30 17:18:09,410] kl: 0.01372, lrMultiplier: 0.132, loss: 3.77734, entropy: 3.03788, explVarOld: 0.017, explVarNew: 0.030
[2023-12-30 17:18:18,378] batch: 33, lenEpisode: 20
[2023-12-30 17:18:19,733] kl: 0.01276, lrMultiplier: 0.132, loss: 3.76604, entropy: 2.99531, explVarOld: 0.034, explVarNew: 0.042
[2023-12-30 17:18:31,493] batch: 34, lenEpisode: 32
[2023-12-30 17:18:32,842] kl: 0.01862, lrMultiplier: 0.132, loss: 3.65118, entropy: 2.86197, explVarOld: 0.038, explVarNew: 0.051
[2023-12-30 17:18:44,571] batch: 35, lenEpisode: 29
[2023-12-30 17:18:45,906] kl: 0.01190, lrMultiplier: 0.132, loss: 3.52380, entropy: 2.79436, explVarOld: 0.055, explVarNew: 0.068
[2023-12-30 17:18:56,740] batch: 36, lenEpisode: 28
[2023-12-30 17:18:58,076] kl: 0.01291, lrMultiplier: 0.132, loss: 3.57755, entropy: 2.86421, explVarOld: 0.054, explVarNew: 0.063
[2023-12-30 17:19:07,297] batch: 37, lenEpisode: 24
[2023-12-30 17:19:08,631] kl: 0.02188, lrMultiplier: 0.132, loss: 3.66492, entropy: 2.93033, explVarOld: 0.074, explVarNew: 0.080
[2023-12-30 17:19:20,833] batch: 38, lenEpisode: 30
[2023-12-30 17:19:22,186] kl: 0.02129, lrMultiplier: 0.132, loss: 3.49558, entropy: 2.80531, explVarOld: 0.090, explVarNew: 0.107
[2023-12-30 17:19:36,124] batch: 39, lenEpisode: 38
[2023-12-30 17:19:37,466] kl: 0.02304, lrMultiplier: 0.132, loss: 3.55941, entropy: 2.90967, explVarOld: 0.087, explVarNew: 0.096
[2023-12-30 17:19:49,365] batch: 40, lenEpisode: 32
[2023-12-30 17:19:50,697] kl: 0.03179, lrMultiplier: 0.132, loss: 3.52490, entropy: 2.86672, explVarOld: 0.108, explVarNew: 0.122
[2023-12-30 17:20:01,621] batch: 41, lenEpisode: 28
[2023-12-30 17:20:02,959] kl: 0.03183, lrMultiplier: 0.132, loss: 3.50977, entropy: 2.94961, explVarOld: 0.113, explVarNew: 0.126
[2023-12-30 17:20:17,026] batch: 42, lenEpisode: 34
[2023-12-30 17:20:18,380] kl: 0.02590, lrMultiplier: 0.132, loss: 3.45986, entropy: 2.81322, explVarOld: 0.107, explVarNew: 0.110
[2023-12-30 17:20:31,467] batch: 43, lenEpisode: 32
[2023-12-30 17:20:32,792] kl: 0.00952, lrMultiplier: 0.198, loss: 3.43312, entropy: 2.78470, explVarOld: 0.119, explVarNew: 0.132
[2023-12-30 17:20:43,102] batch: 44, lenEpisode: 25
[2023-12-30 17:20:44,434] kl: 0.01671, lrMultiplier: 0.198, loss: 3.38996, entropy: 2.79294, explVarOld: 0.103, explVarNew: 0.118
[2023-12-30 17:20:55,447] batch: 45, lenEpisode: 26
[2023-12-30 17:20:56,800] kl: 0.01600, lrMultiplier: 0.198, loss: 3.37277, entropy: 2.72991, explVarOld: 0.114, explVarNew: 0.114
[2023-12-30 17:21:07,620] batch: 46, lenEpisode: 26
[2023-12-30 17:21:08,950] kl: 0.02362, lrMultiplier: 0.198, loss: 3.24798, entropy: 2.69295, explVarOld: 0.090, explVarNew: 0.116
[2023-12-30 17:21:20,093] batch: 47, lenEpisode: 28
[2023-12-30 17:21:21,429] kl: 0.04823, lrMultiplier: 0.132, loss: 3.13860, entropy: 2.69912, explVarOld: 0.070, explVarNew: 0.076
[2023-12-30 17:21:31,123] batch: 48, lenEpisode: 25
[2023-12-30 17:21:32,458] kl: 0.02698, lrMultiplier: 0.132, loss: 3.22453, entropy: 2.74223, explVarOld: 0.076, explVarNew: 0.078
[2023-12-30 17:21:42,808] batch: 49, lenEpisode: 24
[2023-12-30 17:21:44,137] kl: 0.09075, lrMultiplier: 0.088, loss: 3.17343, entropy: 2.54985, explVarOld: 0.092, explVarNew: 0.104
[2023-12-30 17:21:56,152] batch: 50, lenEpisode: 30
[2023-12-30 17:21:57,488] kl: 0.01515, lrMultiplier: 0.088, loss: 3.01637, entropy: 2.51056, explVarOld: 0.029, explVarNew: 0.035
[2023-12-30 17:21:57,488] evalBatch: 50
[2023-12-30 17:23:42,671] numPlayouts: 1000, win: 0, lose: 10, tie: 0, avgCurrStarted: 0.6
[2023-12-30 17:23:53,106] batch: 51, lenEpisode: 24
[2023-12-30 17:23:54,552] kl: 0.03627, lrMultiplier: 0.088, loss: 2.93359, entropy: 2.58966, explVarOld: -0.027, explVarNew: -0.020
[2023-12-30 17:24:04,431] batch: 52, lenEpisode: 22
[2023-12-30 17:24:05,782] kl: 0.05473, lrMultiplier: 0.088, loss: 3.08644, entropy: 2.53423, explVarOld: -0.011, explVarNew: -0.008
[2023-12-30 17:24:15,565] batch: 53, lenEpisode: 22
[2023-12-30 17:24:16,898] kl: 0.05793, lrMultiplier: 0.088, loss: 2.94782, entropy: 2.47295, explVarOld: 0.003, explVarNew: 0.015
[2023-12-30 17:24:28,168] batch: 54, lenEpisode: 26
[2023-12-30 17:24:29,503] kl: 0.05071, lrMultiplier: 0.088, loss: 2.85419, entropy: 2.36004, explVarOld: 0.010, explVarNew: 0.013
[2023-12-30 17:24:43,031] batch: 55, lenEpisode: 35
[2023-12-30 17:24:44,362] kl: 0.02087, lrMultiplier: 0.088, loss: 2.90066, entropy: 2.42854, explVarOld: 0.033, explVarNew: 0.037
[2023-12-30 17:24:57,031] batch: 56, lenEpisode: 28
[2023-12-30 17:24:58,361] kl: 0.03340, lrMultiplier: 0.088, loss: 2.85173, entropy: 2.39067, explVarOld: 0.036, explVarNew: 0.038
[2023-12-30 17:25:07,918] batch: 57, lenEpisode: 20
[2023-12-30 17:25:09,247] kl: 0.02591, lrMultiplier: 0.088, loss: 2.96599, entropy: 2.39688, explVarOld: 0.041, explVarNew: 0.042
[2023-12-30 17:25:25,453] batch: 58, lenEpisode: 40
[2023-12-30 17:25:26,792] kl: 0.02602, lrMultiplier: 0.088, loss: 2.96463, entropy: 2.42558, explVarOld: 0.030, explVarNew: 0.032
[2023-12-30 17:25:37,227] batch: 59, lenEpisode: 24
[2023-12-30 17:25:38,566] kl: 0.04665, lrMultiplier: 0.088, loss: 2.85169, entropy: 2.33220, explVarOld: 0.074, explVarNew: 0.075
[2023-12-30 17:25:49,338] batch: 60, lenEpisode: 24
[2023-12-30 17:25:50,665] kl: 0.01902, lrMultiplier: 0.088, loss: 2.91326, entropy: 2.30836, explVarOld: 0.050, explVarNew: 0.052
[2023-12-30 17:26:01,018] batch: 61, lenEpisode: 23
[2023-12-30 17:26:02,354] kl: 0.06417, lrMultiplier: 0.088, loss: 2.96887, entropy: 2.48469, explVarOld: 0.009, explVarNew: 0.009
[2023-12-30 17:26:13,327] batch: 62, lenEpisode: 26
[2023-12-30 17:26:14,656] kl: 0.04010, lrMultiplier: 0.088, loss: 2.77466, entropy: 2.37299, explVarOld: 0.087, explVarNew: 0.080
[2023-12-30 17:26:24,310] batch: 63, lenEpisode: 22
[2023-12-30 17:26:25,637] kl: 0.04503, lrMultiplier: 0.088, loss: 2.80632, entropy: 2.35267, explVarOld: 0.065, explVarNew: 0.069
[2023-12-30 17:26:33,966] batch: 64, lenEpisode: 18
[2023-12-30 17:26:35,307] kl: 0.08643, lrMultiplier: 0.088, loss: 2.70800, entropy: 2.37328, explVarOld: 0.043, explVarNew: 0.050
[2023-12-30 17:26:48,045] batch: 65, lenEpisode: 30
[2023-12-30 17:26:49,370] kl: 0.04638, lrMultiplier: 0.088, loss: 2.76404, entropy: 2.34457, explVarOld: 0.059, explVarNew: 0.061
[2023-12-30 17:27:01,431] batch: 66, lenEpisode: 29
[2023-12-30 17:27:02,762] kl: 0.01469, lrMultiplier: 0.088, loss: 2.78049, entropy: 2.28603, explVarOld: 0.049, explVarNew: 0.051
[2023-12-30 17:27:18,517] batch: 67, lenEpisode: 39
[2023-12-30 17:27:19,855] kl: 0.04448, lrMultiplier: 0.088, loss: 2.85162, entropy: 2.34049, explVarOld: 0.028, explVarNew: 0.024
[2023-12-30 17:27:34,925] batch: 68, lenEpisode: 36
[2023-12-30 17:27:36,253] kl: 0.03903, lrMultiplier: 0.088, loss: 2.92583, entropy: 2.30400, explVarOld: 0.023, explVarNew: 0.028
[2023-12-30 17:27:48,815] batch: 69, lenEpisode: 29
[2023-12-30 17:27:50,156] kl: 0.05048, lrMultiplier: 0.088, loss: 2.92301, entropy: 2.27144, explVarOld: 0.031, explVarNew: 0.036
[2023-12-30 17:28:04,736] batch: 70, lenEpisode: 34
[2023-12-30 17:28:06,066] kl: 0.04444, lrMultiplier: 0.088, loss: 3.01014, entropy: 2.34695, explVarOld: 0.032, explVarNew: 0.036
[2023-12-30 17:28:19,088] batch: 71, lenEpisode: 30
[2023-12-30 17:28:20,435] kl: 0.04733, lrMultiplier: 0.088, loss: 2.94676, entropy: 2.34265, explVarOld: 0.083, explVarNew: 0.086
[2023-12-30 17:28:31,822] batch: 72, lenEpisode: 26
[2023-12-30 17:28:33,153] kl: 0.02441, lrMultiplier: 0.088, loss: 2.87100, entropy: 2.25473, explVarOld: 0.016, explVarNew: 0.024
[2023-12-30 17:28:44,718] batch: 73, lenEpisode: 26
[2023-12-30 17:28:46,047] kl: 0.01724, lrMultiplier: 0.088, loss: 2.81396, entropy: 2.26646, explVarOld: 0.047, explVarNew: 0.051
[2023-12-30 17:28:57,841] batch: 74, lenEpisode: 26
[2023-12-30 17:28:59,171] kl: 0.02352, lrMultiplier: 0.088, loss: 2.78809, entropy: 2.26687, explVarOld: 0.038, explVarNew: 0.041
[2023-12-30 17:29:11,482] batch: 75, lenEpisode: 28
[2023-12-30 17:29:12,816] kl: 0.02596, lrMultiplier: 0.088, loss: 2.86512, entropy: 2.26400, explVarOld: 0.036, explVarNew: 0.037
[2023-12-30 17:29:23,734] batch: 76, lenEpisode: 24
[2023-12-30 17:29:25,058] kl: 0.02461, lrMultiplier: 0.088, loss: 2.66702, entropy: 2.24510, explVarOld: 0.040, explVarNew: 0.042
[2023-12-30 17:29:36,570] batch: 77, lenEpisode: 26
[2023-12-30 17:29:37,904] kl: 0.02145, lrMultiplier: 0.088, loss: 2.72087, entropy: 2.25286, explVarOld: 0.006, explVarNew: 0.012
[2023-12-30 17:29:48,979] batch: 78, lenEpisode: 24
[2023-12-30 17:29:50,339] kl: 0.02678, lrMultiplier: 0.088, loss: 2.84814, entropy: 2.27871, explVarOld: 0.037, explVarNew: 0.043
[2023-12-30 17:30:00,870] batch: 79, lenEpisode: 22
[2023-12-30 17:30:02,200] kl: 0.03181, lrMultiplier: 0.088, loss: 2.65130, entropy: 2.17220, explVarOld: 0.030, explVarNew: 0.028
[2023-12-30 17:30:15,880] batch: 80, lenEpisode: 33
[2023-12-30 17:30:17,206] kl: 0.03189, lrMultiplier: 0.088, loss: 2.67512, entropy: 2.19261, explVarOld: 0.019, explVarNew: 0.026
[2023-12-30 17:30:31,444] batch: 81, lenEpisode: 34
[2023-12-30 17:30:32,787] kl: 0.04910, lrMultiplier: 0.088, loss: 2.74793, entropy: 2.21523, explVarOld: 0.027, explVarNew: 0.031
[2023-12-30 17:30:42,994] batch: 82, lenEpisode: 22
[2023-12-30 17:30:44,332] kl: 0.02839, lrMultiplier: 0.088, loss: 2.64766, entropy: 2.15045, explVarOld: 0.027, explVarNew: 0.032
[2023-12-30 17:30:59,078] batch: 83, lenEpisode: 34
[2023-12-30 17:31:00,425] kl: 0.06987, lrMultiplier: 0.088, loss: 2.85451, entropy: 2.30334, explVarOld: 0.017, explVarNew: 0.025
[2023-12-30 17:31:11,487] batch: 84, lenEpisode: 24
[2023-12-30 17:31:12,820] kl: 0.09379, lrMultiplier: 0.088, loss: 2.72889, entropy: 2.21182, explVarOld: 0.038, explVarNew: 0.042
[2023-12-30 17:31:25,049] batch: 85, lenEpisode: 26
[2023-12-30 17:31:26,390] kl: 0.02459, lrMultiplier: 0.088, loss: 2.75714, entropy: 2.15394, explVarOld: 0.020, explVarNew: 0.024
[2023-12-30 17:31:37,439] batch: 86, lenEpisode: 24
[2023-12-30 17:31:38,773] kl: 0.06056, lrMultiplier: 0.088, loss: 2.65882, entropy: 2.24254, explVarOld: 0.035, explVarNew: 0.039
[2023-12-30 17:31:50,415] batch: 87, lenEpisode: 27
[2023-12-30 17:31:51,747] kl: 0.04923, lrMultiplier: 0.088, loss: 2.79747, entropy: 2.30310, explVarOld: 0.055, explVarNew: 0.058
[2023-12-30 17:32:02,396] batch: 88, lenEpisode: 24
[2023-12-30 17:32:03,729] kl: 0.02965, lrMultiplier: 0.088, loss: 2.68189, entropy: 2.17215, explVarOld: 0.054, explVarNew: 0.057
[2023-12-30 17:32:16,351] batch: 89, lenEpisode: 30
[2023-12-30 17:32:17,685] kl: 0.04883, lrMultiplier: 0.088, loss: 2.71626, entropy: 2.16981, explVarOld: 0.057, explVarNew: 0.062
[2023-12-30 17:32:32,473] batch: 90, lenEpisode: 33
[2023-12-30 17:32:33,806] kl: 0.04067, lrMultiplier: 0.088, loss: 2.69666, entropy: 2.19979, explVarOld: 0.082, explVarNew: 0.089
[2023-12-30 17:32:44,961] batch: 91, lenEpisode: 24
[2023-12-30 17:32:46,297] kl: 0.03953, lrMultiplier: 0.088, loss: 2.69145, entropy: 2.15046, explVarOld: 0.075, explVarNew: 0.078
[2023-12-30 17:32:56,814] batch: 92, lenEpisode: 22
[2023-12-30 17:32:58,153] kl: 0.05238, lrMultiplier: 0.088, loss: 2.64232, entropy: 2.17274, explVarOld: 0.108, explVarNew: 0.114
[2023-12-30 17:33:10,154] batch: 93, lenEpisode: 26
[2023-12-30 17:33:11,488] kl: 0.02470, lrMultiplier: 0.088, loss: 2.69738, entropy: 2.13513, explVarOld: 0.096, explVarNew: 0.104
[2023-12-30 17:33:23,847] batch: 94, lenEpisode: 28
[2023-12-30 17:33:25,196] kl: 0.05062, lrMultiplier: 0.088, loss: 2.58653, entropy: 2.15419, explVarOld: 0.102, explVarNew: 0.108
[2023-12-30 17:33:38,237] batch: 95, lenEpisode: 30
[2023-12-30 17:33:39,575] kl: 0.07454, lrMultiplier: 0.088, loss: 2.68271, entropy: 2.15322, explVarOld: 0.153, explVarNew: 0.161
[2023-12-30 17:33:51,551] batch: 96, lenEpisode: 27
[2023-12-30 17:33:52,883] kl: 0.04411, lrMultiplier: 0.088, loss: 2.68725, entropy: 2.08780, explVarOld: 0.032, explVarNew: 0.034
[2023-12-30 17:34:01,016] batch: 97, lenEpisode: 18
[2023-12-30 17:34:02,354] kl: 0.07550, lrMultiplier: 0.088, loss: 2.63245, entropy: 2.16125, explVarOld: 0.063, explVarNew: 0.067
[2023-12-30 17:34:12,108] batch: 98, lenEpisode: 20
[2023-12-30 17:34:13,441] kl: 0.05237, lrMultiplier: 0.088, loss: 2.62300, entropy: 2.09779, explVarOld: 0.089, explVarNew: 0.093
[2023-12-30 17:34:23,997] batch: 99, lenEpisode: 22
[2023-12-30 17:34:25,337] kl: 0.03218, lrMultiplier: 0.088, loss: 2.68481, entropy: 2.13268, explVarOld: 0.069, explVarNew: 0.072
[2023-12-30 17:34:38,373] batch: 100, lenEpisode: 28
[2023-12-30 17:34:39,710] kl: 0.07540, lrMultiplier: 0.088, loss: 2.69817, entropy: 2.12233, explVarOld: 0.057, explVarNew: 0.060
[2023-12-30 17:34:39,710] evalBatch: 100
[2023-12-30 17:36:15,705] BEST POLICY!!!!!!!
[2023-12-30 17:36:15,705] numPlayouts: 1000, win: 1, lose: 9, tie: 0, avgCurrStarted: 0.4
[2023-12-30 17:36:25,893] batch: 101, lenEpisode: 22
[2023-12-30 17:36:27,230] kl: 0.03966, lrMultiplier: 0.088, loss: 2.58974, entropy: 2.11131, explVarOld: 0.029, explVarNew: 0.038
[2023-12-30 17:36:37,383] batch: 102, lenEpisode: 20
[2023-12-30 17:36:38,733] kl: 0.03061, lrMultiplier: 0.088, loss: 2.74032, entropy: 2.09671, explVarOld: -0.042, explVarNew: -0.009
[2023-12-30 17:36:50,949] batch: 103, lenEpisode: 28
[2023-12-30 17:36:52,278] kl: 0.03657, lrMultiplier: 0.088, loss: 2.75364, entropy: 2.18374, explVarOld: 0.021, explVarNew: 0.032
[2023-12-30 17:37:04,703] batch: 104, lenEpisode: 28
[2023-12-30 17:37:06,039] kl: 0.03837, lrMultiplier: 0.088, loss: 2.74812, entropy: 2.19921, explVarOld: 0.005, explVarNew: 0.012
[2023-12-30 17:37:17,549] batch: 105, lenEpisode: 24
[2023-12-30 17:37:18,889] kl: 0.06589, lrMultiplier: 0.088, loss: 2.48044, entropy: 2.12524, explVarOld: 0.028, explVarNew: 0.035
[2023-12-30 17:37:28,682] batch: 106, lenEpisode: 20
[2023-12-30 17:37:30,013] kl: 0.02559, lrMultiplier: 0.088, loss: 2.65567, entropy: 2.12456, explVarOld: 0.016, explVarNew: 0.022
[2023-12-30 17:37:42,117] batch: 107, lenEpisode: 26
[2023-12-30 17:37:43,451] kl: 0.09289, lrMultiplier: 0.088, loss: 2.68090, entropy: 2.13402, explVarOld: 0.022, explVarNew: 0.022
[2023-12-30 17:37:54,549] batch: 108, lenEpisode: 22
[2023-12-30 17:37:55,887] kl: 0.05028, lrMultiplier: 0.088, loss: 2.53378, entropy: 2.06044, explVarOld: 0.023, explVarNew: 0.023
[2023-12-30 17:38:04,242] batch: 109, lenEpisode: 16
[2023-12-30 17:38:05,572] kl: 0.08475, lrMultiplier: 0.088, loss: 2.54790, entropy: 2.10713, explVarOld: 0.045, explVarNew: 0.049
[2023-12-30 17:38:24,018] batch: 110, lenEpisode: 43
[2023-12-30 17:38:25,356] kl: 0.08854, lrMultiplier: 0.088, loss: 2.70482, entropy: 2.06962, explVarOld: 0.043, explVarNew: 0.044
[2023-12-30 17:38:37,500] batch: 111, lenEpisode: 24
[2023-12-30 17:38:38,840] kl: 0.05379, lrMultiplier: 0.088, loss: 2.75157, entropy: 2.18090, explVarOld: 0.060, explVarNew: 0.060
[2023-12-30 17:38:48,477] batch: 112, lenEpisode: 20
[2023-12-30 17:38:49,810] kl: 0.03737, lrMultiplier: 0.088, loss: 2.55795, entropy: 2.13026, explVarOld: 0.058, explVarNew: 0.061
[2023-12-30 17:39:00,761] batch: 113, lenEpisode: 24
[2023-12-30 17:39:02,095] kl: 0.04131, lrMultiplier: 0.088, loss: 2.57196, entropy: 2.10314, explVarOld: 0.071, explVarNew: 0.076
[2023-12-30 17:39:12,360] batch: 114, lenEpisode: 22
[2023-12-30 17:39:13,692] kl: 0.05454, lrMultiplier: 0.088, loss: 2.57906, entropy: 2.05414, explVarOld: 0.087, explVarNew: 0.094
[2023-12-30 17:39:23,670] batch: 115, lenEpisode: 22
[2023-12-30 17:39:25,007] kl: 0.08457, lrMultiplier: 0.088, loss: 2.54011, entropy: 2.10502, explVarOld: 0.074, explVarNew: 0.080
[2023-12-30 17:39:37,059] batch: 116, lenEpisode: 26
[2023-12-30 17:39:38,395] kl: 0.09128, lrMultiplier: 0.088, loss: 2.41398, entropy: 2.02819, explVarOld: 0.037, explVarNew: 0.043
[2023-12-30 17:39:49,507] batch: 117, lenEpisode: 24
[2023-12-30 17:39:50,842] kl: 0.08165, lrMultiplier: 0.088, loss: 2.43810, entropy: 2.03896, explVarOld: 0.040, explVarNew: 0.047
[2023-12-30 17:40:02,516] batch: 118, lenEpisode: 24
[2023-12-30 17:40:03,591] kl: 0.09329, lrMultiplier: 0.088, loss: 2.44517, entropy: 2.05877, explVarOld: 0.054, explVarNew: 0.057
[2023-12-30 17:40:16,656] batch: 119, lenEpisode: 30
[2023-12-30 17:40:17,995] kl: 0.06928, lrMultiplier: 0.088, loss: 2.41654, entropy: 2.05195, explVarOld: 0.096, explVarNew: 0.098
[2023-12-30 17:40:28,032] batch: 120, lenEpisode: 24
[2023-12-30 17:40:29,392] kl: 0.05100, lrMultiplier: 0.088, loss: 2.35311, entropy: 2.04597, explVarOld: 0.073, explVarNew: 0.074
[2023-12-30 17:40:40,350] batch: 121, lenEpisode: 22
[2023-12-30 17:40:41,738] kl: 0.11031, lrMultiplier: 0.088, loss: 2.37311, entropy: 2.01597, explVarOld: 0.090, explVarNew: 0.097
[2023-12-30 17:40:53,213] batch: 122, lenEpisode: 24
[2023-12-30 17:40:54,552] kl: 0.08716, lrMultiplier: 0.088, loss: 2.36709, entropy: 2.07086, explVarOld: 0.132, explVarNew: 0.133
[2023-12-30 17:41:10,877] batch: 123, lenEpisode: 39
[2023-12-30 17:41:12,216] kl: 0.05671, lrMultiplier: 0.088, loss: 2.43860, entropy: 2.10643, explVarOld: 0.063, explVarNew: 0.067
[2023-12-30 17:41:26,916] batch: 124, lenEpisode: 36
[2023-12-30 17:41:28,259] kl: 0.07023, lrMultiplier: 0.088, loss: 2.47220, entropy: 2.00707, explVarOld: 0.006, explVarNew: 0.014
[2023-12-30 17:41:39,995] batch: 125, lenEpisode: 24
[2023-12-30 17:41:41,343] kl: 0.08685, lrMultiplier: 0.088, loss: 2.48150, entropy: 2.04195, explVarOld: 0.051, explVarNew: 0.052
[2023-12-30 17:41:52,864] batch: 126, lenEpisode: 26
[2023-12-30 17:41:54,209] kl: 0.06134, lrMultiplier: 0.088, loss: 2.52956, entropy: 2.08184, explVarOld: 0.022, explVarNew: 0.026
[2023-12-30 17:42:04,398] batch: 127, lenEpisode: 20
[2023-12-30 17:42:05,736] kl: 0.06482, lrMultiplier: 0.088, loss: 2.46219, entropy: 2.03488, explVarOld: 0.015, explVarNew: 0.021
[2023-12-30 17:42:15,467] batch: 128, lenEpisode: 20
[2023-12-30 17:42:16,821] kl: 0.06029, lrMultiplier: 0.088, loss: 2.47720, entropy: 2.07473, explVarOld: 0.011, explVarNew: 0.019
[2023-12-30 17:42:29,281] batch: 129, lenEpisode: 27
[2023-12-30 17:42:30,615] kl: 0.05996, lrMultiplier: 0.088, loss: 2.39182, entropy: 2.06038, explVarOld: 0.030, explVarNew: 0.050
[2023-12-30 17:42:42,612] batch: 130, lenEpisode: 26
[2023-12-30 17:42:43,978] kl: 0.06623, lrMultiplier: 0.088, loss: 2.43919, entropy: 2.01232, explVarOld: 0.037, explVarNew: 0.037
[2023-12-30 17:42:58,048] batch: 131, lenEpisode: 30
