[2024-01-29 00:34:35,059] batch: 1, len_episode: 22
[2024-01-29 00:34:47,155] batch: 2, len_episode: 19
[2024-01-29 00:34:57,137] batch: 3, len_episode: 15
[2024-01-29 00:35:08,250] batch: 4, len_episode: 17
[2024-01-29 00:35:09,778] kl: 0.09641, lr: 0.001334, loss: 4.50394, entropy: 3.55868, expl_var: -0.006, expl_var_diff: -0.006
[2024-01-29 00:35:18,879] batch: 5, len_episode: 13
[2024-01-29 00:35:19,916] kl: 0.08322, lr: 0.000888, loss: 4.50051, entropy: 3.31563, expl_var: -0.063, expl_var_diff: -0.056
[2024-01-29 00:35:29,902] batch: 6, len_episode: 13
[2024-01-29 00:35:31,600] kl: 0.04016, lr: 0.000592, loss: 4.39608, entropy: 3.36449, expl_var: -0.002, expl_var_diff: 0.068
[2024-01-29 00:35:41,959] batch: 7, len_episode: 13
[2024-01-29 00:35:43,641] kl: 0.02193, lr: 0.000592, loss: 4.34677, entropy: 3.36213, expl_var: -0.000, expl_var_diff: 0.004
[2024-01-29 00:35:51,667] batch: 8, len_episode: 10
[2024-01-29 00:35:53,365] kl: 0.00703, lr: 0.000888, loss: 4.34411, entropy: 3.35145, expl_var: -0.000, expl_var_diff: 0.000
[2024-01-29 00:36:07,834] batch: 9, len_episode: 19
[2024-01-29 00:36:09,572] kl: 0.03199, lr: 0.000888, loss: 4.28669, entropy: 3.24501, expl_var: 0.000, expl_var_diff: 0.000
[2024-01-29 00:36:17,329] batch: 10, len_episode: 10
[2024-01-29 00:36:19,058] kl: 0.01424, lr: 0.000888, loss: 4.24764, entropy: 3.27776, expl_var: 0.000, expl_var_diff: 0.000
[2024-01-29 00:36:26,387] batch: 11, len_episode: 9
[2024-01-29 00:36:28,057] kl: 0.01004, lr: 0.000888, loss: 4.22420, entropy: 3.25312, expl_var: 0.000, expl_var_diff: 0.000
[2024-01-29 00:36:38,772] batch: 12, len_episode: 13
[2024-01-29 00:36:40,488] kl: 0.01762, lr: 0.000888, loss: 4.17178, entropy: 3.18399, expl_var: 0.000, expl_var_diff: 0.000
[2024-01-29 00:36:54,330] batch: 13, len_episode: 17
[2024-01-29 00:36:56,043] kl: 0.02937, lr: 0.000888, loss: 4.12789, entropy: 3.16606, expl_var: 0.000, expl_var_diff: 0.000
[2024-01-29 00:37:04,222] batch: 14, len_episode: 10
[2024-01-29 00:37:05,971] kl: 0.02350, lr: 0.000888, loss: 4.12534, entropy: 3.13852, expl_var: 0.000, expl_var_diff: 0.000
[2024-01-29 00:37:11,982] batch: 15, len_episode: 8
[2024-01-29 00:37:13,670] kl: 0.02313, lr: 0.000888, loss: 4.07369, entropy: 3.09228, expl_var: 0.000, expl_var_diff: 0.000
[2024-01-29 00:37:23,308] batch: 16, len_episode: 12
[2024-01-29 00:37:25,051] kl: 0.03383, lr: 0.000888, loss: 4.04322, entropy: 3.05730, expl_var: 0.000, expl_var_diff: 0.000
[2024-01-29 00:37:34,395] batch: 17, len_episode: 11
[2024-01-29 00:37:36,078] kl: 0.01263, lr: 0.000888, loss: 3.98463, entropy: 2.96537, expl_var: 0.000, expl_var_diff: 0.000
[2024-01-29 00:37:44,344] batch: 18, len_episode: 10
[2024-01-29 00:37:46,070] kl: 0.03755, lr: 0.000888, loss: 3.92327, entropy: 2.94720, expl_var: 0.000, expl_var_diff: 0.000
[2024-01-29 00:37:58,889] batch: 19, len_episode: 16
[2024-01-29 00:38:00,579] kl: 0.03023, lr: 0.000888, loss: 4.00546, entropy: 3.06228, expl_var: 0.000, expl_var_diff: 0.000
[2024-01-29 00:38:09,095] batch: 20, len_episode: 12
[2024-01-29 00:38:10,801] kl: 0.04050, lr: 0.000592, loss: 3.96386, entropy: 2.93805, expl_var: 0.000, expl_var_diff: 0.000
[2024-01-29 00:38:26,900] batch: 21, len_episode: 20
[2024-01-29 00:38:28,634] kl: 0.04253, lr: 0.000396, loss: 3.93384, entropy: 3.01914, expl_var: 0.000, expl_var_diff: 0.000
[2024-01-29 00:38:39,221] batch: 22, len_episode: 14
[2024-01-29 00:38:40,937] kl: 0.00749, lr: 0.000592, loss: 3.94620, entropy: 3.01049, expl_var: 0.000, expl_var_diff: 0.000
[2024-01-29 00:38:53,851] batch: 23, len_episode: 16
[2024-01-29 00:38:55,601] kl: 0.02696, lr: 0.000592, loss: 3.88210, entropy: 2.94638, expl_var: 0.000, expl_var_diff: 0.000
[2024-01-29 00:39:09,658] batch: 24, len_episode: 19
[2024-01-29 00:39:11,373] kl: 0.01411, lr: 0.000592, loss: 3.84777, entropy: 2.84386, expl_var: 0.000, expl_var_diff: 0.000
[2024-01-29 00:39:20,450] batch: 25, len_episode: 11
[2024-01-29 00:39:22,065] kl: 0.01698, lr: 0.000592, loss: 3.83729, entropy: 2.84791, expl_var: 0.000, expl_var_diff: 0.000
[2024-01-29 00:39:32,453] batch: 26, len_episode: 14
[2024-01-29 00:39:34,171] kl: 0.01741, lr: 0.000592, loss: 3.95620, entropy: 2.95615, expl_var: 0.000, expl_var_diff: 0.000
[2024-01-29 00:39:40,376] batch: 27, len_episode: 8
[2024-01-29 00:39:42,084] kl: 0.03284, lr: 0.000592, loss: 3.80752, entropy: 2.84281, expl_var: 0.000, expl_var_diff: 0.000
[2024-01-29 00:39:53,083] batch: 28, len_episode: 14
[2024-01-29 00:39:54,778] kl: 0.01148, lr: 0.000592, loss: 3.76706, entropy: 2.81549, expl_var: 0.000, expl_var_diff: 0.000
[2024-01-29 00:40:12,276] batch: 29, len_episode: 21
[2024-01-29 00:40:13,983] kl: 0.02276, lr: 0.000592, loss: 3.74043, entropy: 2.79559, expl_var: 0.000, expl_var_diff: 0.000
[2024-01-29 00:40:24,139] batch: 30, len_episode: 12
[2024-01-29 00:40:25,816] kl: 0.01161, lr: 0.000592, loss: 3.70692, entropy: 2.76815, expl_var: 0.000, expl_var_diff: 0.000
[2024-01-29 00:40:34,438] batch: 31, len_episode: 11
[2024-01-29 00:40:36,182] kl: 0.02595, lr: 0.000592, loss: 3.67223, entropy: 2.72967, expl_var: 0.000, expl_var_diff: 0.000
[2024-01-29 00:40:44,903] batch: 32, len_episode: 10
[2024-01-29 00:40:46,629] kl: 0.06406, lr: 0.000396, loss: 3.66417, entropy: 2.74943, expl_var: 0.000, expl_var_diff: 0.000
[2024-01-29 00:40:56,671] batch: 33, len_episode: 12
[2024-01-29 00:40:58,342] kl: 0.04399, lr: 0.000396, loss: 3.71946, entropy: 2.74314, expl_var: 0.000, expl_var_diff: 0.000
[2024-01-29 00:41:06,565] batch: 34, len_episode: 10
[2024-01-29 00:41:08,278] kl: 0.04902, lr: 0.000396, loss: 3.68670, entropy: 2.77785, expl_var: 0.000, expl_var_diff: 0.000
[2024-01-29 00:41:19,498] batch: 35, len_episode: 13
[2024-01-29 00:41:21,234] kl: 0.02388, lr: 0.000396, loss: 3.55356, entropy: 2.60111, expl_var: -0.000, expl_var_diff: 0.000
[2024-01-29 00:41:29,232] batch: 36, len_episode: 10
[2024-01-29 00:41:30,945] kl: 0.02680, lr: 0.000396, loss: 3.60032, entropy: 2.64306, expl_var: 0.000, expl_var_diff: 0.000
[2024-01-29 00:41:38,024] batch: 37, len_episode: 10
[2024-01-29 00:41:39,717] kl: 0.02650, lr: 0.000396, loss: 3.64423, entropy: 2.72699, expl_var: 0.000, expl_var_diff: 0.000
[2024-01-29 00:41:52,807] batch: 38, len_episode: 16
[2024-01-29 00:41:54,528] kl: 0.01578, lr: 0.000396, loss: 3.49740, entropy: 2.61462, expl_var: 0.000, expl_var_diff: 0.000
[2024-01-29 00:42:05,645] batch: 39, len_episode: 13
[2024-01-29 00:42:07,372] kl: 0.03225, lr: 0.000396, loss: 3.55824, entropy: 2.58874, expl_var: 0.000, expl_var_diff: 0.000
[2024-01-29 00:42:20,591] batch: 40, len_episode: 16
[2024-01-29 00:42:22,285] kl: 0.01459, lr: 0.000396, loss: 3.46145, entropy: 2.57368, expl_var: 0.000, expl_var_diff: 0.000
[2024-01-29 00:42:28,652] batch: 41, len_episode: 7
[2024-01-29 00:42:30,427] kl: 0.00657, lr: 0.000592, loss: 3.54472, entropy: 2.62036, expl_var: 0.000, expl_var_diff: 0.000
[2024-01-29 00:42:36,633] batch: 42, len_episode: 8
[2024-01-29 00:42:38,323] kl: 0.03272, lr: 0.000592, loss: 3.49733, entropy: 2.59894, expl_var: 0.000, expl_var_diff: 0.000
[2024-01-29 00:42:52,601] batch: 43, len_episode: 18
[2024-01-29 00:42:54,341] kl: 0.03354, lr: 0.000592, loss: 3.51158, entropy: 2.55977, expl_var: 0.000, expl_var_diff: 0.000
[2024-01-29 00:43:03,531] batch: 44, len_episode: 10
[2024-01-29 00:43:05,225] kl: 0.04845, lr: 0.000396, loss: 3.51397, entropy: 2.62401, expl_var: 0.000, expl_var_diff: 0.000
[2024-01-29 00:43:17,650] batch: 45, len_episode: 14
[2024-01-29 00:43:19,327] kl: 0.00680, lr: 0.000592, loss: 3.51445, entropy: 2.60635, expl_var: 0.000, expl_var_diff: 0.000
[2024-01-29 00:43:27,875] batch: 46, len_episode: 10
[2024-01-29 00:43:29,314] kl: 0.07033, lr: 0.000396, loss: 3.44739, entropy: 2.53813, expl_var: 0.000, expl_var_diff: 0.000
[2024-01-29 00:43:44,321] batch: 47, len_episode: 18
[2024-01-29 00:43:46,016] kl: 0.03547, lr: 0.000396, loss: 3.41122, entropy: 2.50945, expl_var: 0.000, expl_var_diff: 0.000
[2024-01-29 00:43:55,054] batch: 48, len_episode: 10
[2024-01-29 00:43:56,759] kl: 0.02791, lr: 0.000396, loss: 3.45084, entropy: 2.51544, expl_var: 0.000, expl_var_diff: 0.000
[2024-01-29 00:44:09,332] batch: 49, len_episode: 15
[2024-01-29 00:44:11,024] kl: 0.02646, lr: 0.000396, loss: 3.46290, entropy: 2.51025, expl_var: 0.000, expl_var_diff: 0.000
[2024-01-29 00:44:27,750] batch: 50, len_episode: 19
[2024-01-29 00:44:29,439] kl: 0.02009, lr: 0.000396, loss: 3.28901, entropy: 2.36250, expl_var: 0.000, expl_var_diff: 0.000
[2024-01-29 00:44:29,439] evalBatch: 50
[2024-01-29 00:45:39,343] n_uct: 1000, win: 0, lose: 10, tie: 0, first_turn_rate: 0.7
[2024-01-29 00:45:47,968] batch: 51, len_episode: 10
[2024-01-29 00:45:49,662] kl: 0.03931, lr: 0.000396, loss: 3.32399, entropy: 2.42644, expl_var: 0.000, expl_var_diff: 0.000
[2024-01-29 00:46:01,862] batch: 52, len_episode: 16
[2024-01-29 00:46:03,559] kl: 0.02613, lr: 0.000396, loss: 3.34158, entropy: 2.37760, expl_var: 0.000, expl_var_diff: 0.000
[2024-01-29 00:46:27,723] batch: 53, len_episode: 31
[2024-01-29 00:46:29,265] kl: 0.05482, lr: 0.000396, loss: 3.42416, entropy: 2.45890, expl_var: 0.000, expl_var_diff: 0.000
[2024-01-29 00:46:35,544] batch: 54, len_episode: 8
[2024-01-29 00:46:37,276] kl: 0.00960, lr: 0.000592, loss: 3.20699, entropy: 2.43161, expl_var: 0.000, expl_var_diff: 0.000
[2024-01-29 00:46:43,494] batch: 55, len_episode: 8
[2024-01-29 00:46:45,210] kl: 0.08348, lr: 0.000396, loss: 3.29919, entropy: 2.33121, expl_var: 0.000, expl_var_diff: 0.000
[2024-01-29 00:46:57,836] batch: 56, len_episode: 15
[2024-01-29 00:46:59,432] kl: 0.04424, lr: 0.000396, loss: 3.22083, entropy: 2.24401, expl_var: -0.000, expl_var_diff: 0.000
[2024-01-29 00:47:14,217] batch: 57, len_episode: 18
[2024-01-29 00:47:15,852] kl: 0.04063, lr: 0.000396, loss: 3.25674, entropy: 2.28249, expl_var: 0.000, expl_var_diff: 0.000
[2024-01-29 00:47:26,994] batch: 58, len_episode: 14
[2024-01-29 00:47:28,640] kl: 0.03810, lr: 0.000396, loss: 3.28003, entropy: 2.39175, expl_var: 0.000, expl_var_diff: 0.000
[2024-01-29 00:47:38,576] batch: 59, len_episode: 12
[2024-01-29 00:47:40,272] kl: 0.05345, lr: 0.000396, loss: 3.16908, entropy: 2.28868, expl_var: 0.000, expl_var_diff: 0.000
[2024-01-29 00:47:48,783] batch: 60, len_episode: 10
[2024-01-29 00:47:50,457] kl: 0.04013, lr: 0.000396, loss: 3.12026, entropy: 2.13089, expl_var: -0.000, expl_var_diff: -0.000
[2024-01-29 00:48:02,555] batch: 61, len_episode: 13
[2024-01-29 00:48:04,194] kl: 0.03142, lr: 0.000396, loss: 3.18474, entropy: 2.22035, expl_var: 0.000, expl_var_diff: 0.000
[2024-01-29 00:48:12,375] batch: 62, len_episode: 10
[2024-01-29 00:48:14,033] kl: 0.01420, lr: 0.000396, loss: 3.18749, entropy: 2.24782, expl_var: 0.000, expl_var_diff: 0.000
[2024-01-29 00:48:20,933] batch: 63, len_episode: 8
[2024-01-29 00:48:22,605] kl: 0.03705, lr: 0.000396, loss: 3.20944, entropy: 2.23489, expl_var: -0.000, expl_var_diff: -0.000
[2024-01-29 00:48:35,888] batch: 64, len_episode: 16
[2024-01-29 00:48:37,575] kl: 0.02684, lr: 0.000396, loss: 3.12721, entropy: 2.21976, expl_var: 0.000, expl_var_diff: 0.000
[2024-01-29 00:48:47,702] batch: 65, len_episode: 12
[2024-01-29 00:48:49,416] kl: 0.04123, lr: 0.000396, loss: 3.28302, entropy: 2.30161, expl_var: -0.000, expl_var_diff: 0.000
