[2024-01-29 00:35:59,346] batch: 1, len_episode: 25
[2024-01-29 00:36:45,094] batch: 2, len_episode: 30
[2024-01-29 00:38:04,588] batch: 3, len_episode: 64
[2024-01-29 00:38:07,034] kl: 0.08774, lr: 0.001334, loss: 4.56516, entropy: 4.13366, expl_var: 0.001, expl_var_diff: 0.001
[2024-01-29 00:38:53,480] batch: 4, len_episode: 31
[2024-01-29 00:38:56,163] kl: 0.04531, lr: 0.000888, loss: 4.62835, entropy: 4.06765, expl_var: -0.000, expl_var_diff: -0.000
[2024-01-29 00:39:39,973] batch: 5, len_episode: 32
[2024-01-29 00:39:42,604] kl: 0.02519, lr: 0.000888, loss: 4.60611, entropy: 4.05840, expl_var: 0.002, expl_var_diff: 0.000
[2024-01-29 00:40:48,543] batch: 6, len_episode: 47
[2024-01-29 00:40:51,203] kl: 0.04200, lr: 0.000592, loss: 4.66463, entropy: 3.89822, expl_var: -0.021, expl_var_diff: -0.025
[2024-01-29 00:41:56,100] batch: 7, len_episode: 41
[2024-01-29 00:41:58,758] kl: 0.01533, lr: 0.000592, loss: 4.64361, entropy: 3.86390, expl_var: -0.010, expl_var_diff: 0.040
[2024-01-29 00:42:51,072] batch: 8, len_episode: 32
[2024-01-29 00:42:53,757] kl: 0.01354, lr: 0.000592, loss: 4.60583, entropy: 3.88351, expl_var: 0.001, expl_var_diff: -0.004
[2024-01-29 00:43:59,102] batch: 9, len_episode: 42
[2024-01-29 00:44:01,714] kl: 0.01928, lr: 0.000592, loss: 4.55293, entropy: 3.77492, expl_var: -0.000, expl_var_diff: 0.001
[2024-01-29 00:44:46,900] batch: 10, len_episode: 27
[2024-01-29 00:44:49,529] kl: 0.02765, lr: 0.000592, loss: 4.45878, entropy: 3.62189, expl_var: 0.000, expl_var_diff: 0.000
[2024-01-29 00:45:41,513] batch: 11, len_episode: 31
[2024-01-29 00:45:44,168] kl: 0.02846, lr: 0.000592, loss: 4.44318, entropy: 3.66398, expl_var: 0.000, expl_var_diff: 0.000
[2024-01-29 00:46:41,537] batch: 12, len_episode: 36
[2024-01-29 00:46:44,148] kl: 0.03324, lr: 0.000592, loss: 4.42211, entropy: 3.54619, expl_var: -0.000, expl_var_diff: 0.000
[2024-01-29 00:47:48,942] batch: 13, len_episode: 41
[2024-01-29 00:47:51,559] kl: 0.03555, lr: 0.000592, loss: 4.36618, entropy: 3.53093, expl_var: -0.000, expl_var_diff: 0.000
[2024-01-29 00:48:51,783] batch: 14, len_episode: 37
[2024-01-29 00:48:54,389] kl: 0.05124, lr: 0.000396, loss: 4.33777, entropy: 3.52063, expl_var: -0.000, expl_var_diff: 0.000
