[2023-11-21 15:06:31,221] File ./models/best.h5 does not exist
[2023-11-21 15:06:37,128] Epoch 1, Loss 0.22158603370189667
[2023-11-21 15:06:40,633] Epoch 2, Loss 0.18083013594150543
[2023-11-21 15:06:45,348] Epoch 3, Loss 1.2183330059051514
[2023-11-21 15:06:47,811] Epoch 4, Loss 0.1496010571718216
[2023-11-21 15:06:51,817] Epoch 5, Loss 0.9831607937812805
[2023-11-21 15:06:51,817] Saved model at ./models/epoch_5.h5
[2023-11-21 15:06:51,818] File ./models/best.h5 does not exist
[2023-11-21 15:07:24,313] As 1st player, current model won 1 of 3 games
[2023-11-21 15:07:24,313] As 2nd player, current model won 1 of 6 games
[2023-11-21 15:07:24,313] Avg. win rate of current model: 0.2222222222222222
[2023-11-21 15:07:24,313] File ./models/best.h5 does not exist
[2023-11-21 15:07:27,411] Epoch 6, Loss 0.6673688888549805
[2023-11-21 15:07:28,745] Epoch 7, Loss 0.2026701271533966
[2023-11-21 15:07:34,084] Epoch 8, Loss 0.7799344062805176
[2023-11-21 15:07:36,982] Epoch 9, Loss 0.1558721959590912
[2023-11-21 15:07:40,989] Epoch 10, Loss 0.15199331939220428
[2023-11-21 15:07:40,990] Saved model at ./models/epoch_10.h5
[2023-11-21 15:07:40,990] File ./models/best.h5 does not exist
[2023-11-21 15:08:16,283] As 1st player, current model won 5 of 5 games
[2023-11-21 15:08:16,283] As 2nd player, current model won 0 of 4 games
[2023-11-21 15:08:16,283] Avg. win rate of current model: 0.5555555555555556
[2023-11-21 15:08:16,284] Saved model at ./models/best.h5
[2023-11-21 15:08:20,221] Epoch 11, Loss 0.6069014072418213
[2023-11-21 15:08:27,208] Epoch 12, Loss 0.612913191318512
[2023-11-21 15:08:31,147] Epoch 13, Loss 0.8080399632453918
[2023-11-21 15:08:34,613] Epoch 14, Loss 0.6837736964225769
[2023-11-21 15:08:38,860] Epoch 15, Loss 0.14422617852687836
[2023-11-21 15:08:38,861] Saved model at ./models/epoch_15.h5
[2023-11-21 15:08:38,861] Loaded existing model at ./models/best.h5
[2023-11-21 15:09:19,402] As 1st player, current model won 3 of 4 games
[2023-11-21 15:09:19,402] As 2nd player, current model won 1 of 5 games
[2023-11-21 15:09:19,402] Avg. win rate of current model: 0.4444444444444444
[2023-11-21 15:09:19,402] Loaded existing model at ./models/best.h5
[2023-11-21 15:09:22,058] Epoch 16, Loss 0.1258874386548996
[2023-11-21 15:09:24,214] Epoch 17, Loss 0.5079037547111511
[2023-11-21 15:09:27,750] Epoch 18, Loss 0.559592068195343
[2023-11-21 15:09:32,191] Epoch 19, Loss 0.16430114209651947
[2023-11-21 15:09:36,938] Epoch 20, Loss 0.17767749726772308
[2023-11-21 15:09:36,939] Saved model at ./models/epoch_20.h5
[2023-11-21 15:09:36,940] Loaded existing model at ./models/best.h5
[2023-11-21 15:10:41,230] Loaded existing model at ./models/best.h5
[2023-11-21 15:10:43,262] Epoch 21, Loss 0.17905683815479279
[2023-11-21 15:10:46,256] Epoch 22, Loss 0.09775545448064804
[2023-11-21 15:10:50,839] Epoch 23, Loss 0.9641004204750061
[2023-11-21 15:10:57,113] Epoch 24, Loss 0.8096791505813599
[2023-11-21 15:11:00,035] Epoch 25, Loss 0.6654651165008545
[2023-11-21 15:11:00,035] Saved model at ./models/epoch_25.h5
[2023-11-21 15:11:00,036] Loaded existing model at ./models/best.h5
[2023-11-21 15:11:37,016] As 1st player, current model won 1 of 3 games
[2023-11-21 15:11:37,017] As 2nd player, current model won 2 of 6 games
[2023-11-21 15:11:37,017] Avg. win rate of current model: 0.3333333333333333
[2023-11-21 15:11:37,017] Loaded existing model at ./models/best.h5
[2023-11-21 15:11:43,006] Epoch 26, Loss 0.21156972646713257
[2023-11-21 15:11:48,834] Epoch 27, Loss 0.4709733724594116
[2023-11-21 15:11:53,939] Epoch 28, Loss 0.1783040314912796
[2023-11-21 15:12:00,001] Epoch 29, Loss 0.20367255806922913
[2023-11-21 15:12:02,908] Epoch 30, Loss 0.2290358543395996
[2023-11-21 15:12:02,909] Saved model at ./models/epoch_30.h5
[2023-11-21 15:12:02,910] Loaded existing model at ./models/best.h5
[2023-11-21 15:12:44,449] As 1st player, current model won 5 of 7 games
[2023-11-21 15:12:44,449] As 2nd player, current model won 0 of 2 games
[2023-11-21 15:12:44,449] Avg. win rate of current model: 0.5555555555555556
[2023-11-21 15:12:44,449] Saved model at ./models/best.h5
[2023-11-21 15:12:49,823] Epoch 31, Loss 0.4415345788002014
[2023-11-21 15:12:52,526] Epoch 32, Loss 0.2109556645154953
[2023-11-21 15:12:54,169] Epoch 33, Loss 0.20408348739147186
[2023-11-21 15:12:57,689] Epoch 34, Loss 0.12551835179328918
[2023-11-21 15:13:02,713] Epoch 35, Loss 0.13039670884609222
[2023-11-21 15:13:02,714] Saved model at ./models/epoch_35.h5
[2023-11-21 15:13:02,715] Loaded existing model at ./models/best.h5
[2023-11-21 15:13:35,773] As 1st player, current model won 4 of 6 games
[2023-11-21 15:13:35,773] As 2nd player, current model won 1 of 3 games
[2023-11-21 15:13:35,773] Avg. win rate of current model: 0.5555555555555556
[2023-11-21 15:13:35,773] Saved model at ./models/best.h5
[2023-11-21 15:13:41,840] Epoch 36, Loss 0.12903136014938354
[2023-11-21 15:13:45,013] Epoch 37, Loss 0.12048916518688202
[2023-11-21 15:13:47,983] Epoch 38, Loss 0.06155666336417198
[2023-11-21 15:13:50,812] Epoch 39, Loss 0.05184274911880493
[2023-11-21 15:13:54,176] Epoch 40, Loss 0.0650048702955246
[2023-11-21 15:13:54,177] Saved model at ./models/epoch_40.h5
[2023-11-21 15:13:54,177] Loaded existing model at ./models/best.h5
[2023-11-21 15:14:35,417] As 1st player, current model won 2 of 3 games
[2023-11-21 15:14:35,417] As 2nd player, current model won 4 of 6 games
[2023-11-21 15:14:35,417] Avg. win rate of current model: 0.6666666666666666
[2023-11-21 15:14:35,417] Saved model at ./models/best.h5
[2023-11-21 15:14:38,488] Epoch 41, Loss 0.9345734119415283
[2023-11-21 15:14:42,916] Epoch 42, Loss 0.03854750096797943
[2023-11-21 15:14:46,582] Epoch 43, Loss 0.05969841405749321
[2023-11-21 15:14:50,304] Epoch 44, Loss 0.03802839666604996
[2023-11-21 15:14:53,164] Epoch 45, Loss 0.039011094719171524
[2023-11-21 15:14:53,164] Saved model at ./models/epoch_45.h5
[2023-11-21 15:14:53,165] Loaded existing model at ./models/best.h5
[2023-11-21 15:15:30,241] As 1st player, current model won 4 of 4 games
[2023-11-21 15:15:30,241] As 2nd player, current model won 0 of 5 games
[2023-11-21 15:15:30,241] Avg. win rate of current model: 0.4444444444444444
[2023-11-21 15:15:30,241] Loaded existing model at ./models/best.h5
[2023-11-21 15:15:36,331] Epoch 46, Loss 1.383561372756958
[2023-11-21 15:15:41,419] Epoch 47, Loss 0.05628577247262001
[2023-11-21 15:15:46,048] Epoch 48, Loss 0.04791960120201111
[2023-11-21 15:15:49,308] Epoch 49, Loss 0.9761145710945129
[2023-11-21 15:15:52,624] Epoch 50, Loss 0.0372195690870285
[2023-11-21 15:15:52,625] Saved model at ./models/epoch_50.h5
[2023-11-21 15:15:52,625] Loaded existing model at ./models/best.h5
[2023-11-21 15:16:20,981] As 1st player, current model won 3 of 3 games
[2023-11-21 15:16:20,981] As 2nd player, current model won 0 of 6 games
[2023-11-21 15:16:20,981] Avg. win rate of current model: 0.3333333333333333
[2023-11-21 15:16:20,981] Loaded existing model at ./models/best.h5
[2023-11-21 15:16:26,333] Epoch 51, Loss 0.03441426157951355
[2023-11-21 15:16:29,535] Epoch 52, Loss 0.10099219530820847
[2023-11-21 15:16:32,500] Epoch 53, Loss 0.04448888450860977
[2023-11-21 15:16:36,712] Epoch 54, Loss 0.04483262076973915
[2023-11-21 15:16:42,199] Epoch 55, Loss 0.6971372365951538
[2023-11-21 15:16:42,199] Saved model at ./models/epoch_55.h5
[2023-11-21 15:16:42,200] Loaded existing model at ./models/best.h5
[2023-11-21 15:17:12,790] As 1st player, current model won 1 of 3 games
[2023-11-21 15:17:12,790] As 2nd player, current model won 0 of 6 games
[2023-11-21 15:17:12,790] Avg. win rate of current model: 0.1111111111111111
[2023-11-21 15:17:12,790] Loaded existing model at ./models/best.h5
[2023-11-21 15:17:16,641] Epoch 56, Loss 1.049609899520874
[2023-11-21 15:17:20,877] Epoch 57, Loss 0.04646606743335724
[2023-11-21 15:17:26,255] Epoch 58, Loss 0.08223890513181686
[2023-11-21 15:17:27,508] Epoch 59, Loss 0.1532946676015854
[2023-11-21 15:17:31,804] Epoch 60, Loss 0.46923699975013733
[2023-11-21 15:17:31,805] Saved model at ./models/epoch_60.h5
[2023-11-21 15:17:31,806] Loaded existing model at ./models/best.h5
[2023-11-21 15:18:14,645] As 1st player, current model won 2 of 6 games
[2023-11-21 15:18:14,645] As 2nd player, current model won 3 of 3 games
[2023-11-21 15:18:14,645] Avg. win rate of current model: 0.5555555555555556
[2023-11-21 15:18:14,645] Saved model at ./models/best.h5
[2023-11-21 15:18:18,849] Epoch 61, Loss 0.16291221976280212
[2023-11-21 15:18:21,918] Epoch 62, Loss 0.28493690490722656
[2023-11-21 15:18:26,455] Epoch 63, Loss 0.35309213399887085
[2023-11-21 15:18:31,434] Epoch 64, Loss 0.1448492705821991
[2023-11-21 15:18:34,139] Epoch 65, Loss 0.1274423897266388
[2023-11-21 15:18:34,140] Saved model at ./models/epoch_65.h5
[2023-11-21 15:18:34,141] Loaded existing model at ./models/best.h5
[2023-11-21 15:19:03,371] As 1st player, current model won 3 of 5 games
[2023-11-21 15:19:03,371] As 2nd player, current model won 2 of 4 games
[2023-11-21 15:19:03,371] Avg. win rate of current model: 0.5555555555555556
[2023-11-21 15:19:03,372] Saved model at ./models/best.h5
[2023-11-21 15:19:05,864] Epoch 66, Loss 0.1673470288515091
[2023-11-21 15:19:10,400] Epoch 67, Loss 0.19567009806632996
[2023-11-21 15:19:15,118] Epoch 68, Loss 0.3871278166770935
[2023-11-21 15:19:18,561] Epoch 69, Loss 0.1598702073097229
[2023-11-21 15:19:24,132] Epoch 70, Loss 0.2325221747159958
[2023-11-21 15:19:24,133] Saved model at ./models/epoch_70.h5
[2023-11-21 15:19:24,133] Loaded existing model at ./models/best.h5
[2023-11-21 15:20:02,512] As 1st player, current model won 5 of 5 games
[2023-11-21 15:20:02,512] As 2nd player, current model won 3 of 4 games
[2023-11-21 15:20:02,512] Avg. win rate of current model: 0.8888888888888888
[2023-11-21 15:20:02,512] Saved model at ./models/best.h5
[2023-11-21 15:20:06,254] Epoch 71, Loss 0.2455306053161621
[2023-11-21 15:20:10,741] Epoch 72, Loss 0.2297091782093048
[2023-11-21 15:20:14,604] Epoch 73, Loss 0.41158685088157654
[2023-11-21 15:20:20,194] Epoch 74, Loss 0.49457958340644836
[2023-11-21 15:20:25,289] Epoch 75, Loss 0.2716098129749298
[2023-11-21 15:20:25,290] Saved model at ./models/epoch_75.h5
[2023-11-21 15:20:25,291] Loaded existing model at ./models/best.h5
[2023-11-21 15:20:53,090] As 1st player, current model won 1 of 2 games
[2023-11-21 15:20:53,090] As 2nd player, current model won 1 of 7 games
[2023-11-21 15:20:53,090] Avg. win rate of current model: 0.2222222222222222
[2023-11-21 15:20:53,090] Loaded existing model at ./models/best.h5
[2023-11-21 15:20:58,256] Epoch 76, Loss 0.3236996531486511
[2023-11-21 15:21:03,682] Epoch 77, Loss 0.2944277226924896
[2023-11-21 15:21:09,630] Epoch 78, Loss 0.29792386293411255
[2023-11-21 15:21:14,290] Epoch 79, Loss 0.41244298219680786
[2023-11-21 15:21:18,061] Epoch 80, Loss 0.25527483224868774
[2023-11-21 15:21:18,062] Saved model at ./models/epoch_80.h5
[2023-11-21 15:21:18,062] Loaded existing model at ./models/best.h5
[2023-11-21 15:21:52,555] As 1st player, current model won 1 of 2 games
[2023-11-21 15:21:52,555] As 2nd player, current model won 3 of 7 games
[2023-11-21 15:21:52,555] Avg. win rate of current model: 0.4444444444444444
[2023-11-21 15:21:52,556] Loaded existing model at ./models/best.h5
[2023-11-21 15:21:55,603] Epoch 81, Loss 0.08372190594673157
[2023-11-21 15:22:01,810] Epoch 82, Loss 0.13504739105701447
[2023-11-21 15:22:06,011] Epoch 83, Loss 0.23519089818000793
[2023-11-21 15:22:08,957] Epoch 84, Loss 0.16274762153625488
[2023-11-21 15:22:12,861] Epoch 85, Loss 0.137853741645813
[2023-11-21 15:22:12,861] Saved model at ./models/epoch_85.h5
[2023-11-21 15:22:12,863] Loaded existing model at ./models/best.h5
[2023-11-21 15:22:41,511] As 1st player, current model won 4 of 6 games
[2023-11-21 15:22:41,511] As 2nd player, current model won 1 of 3 games
[2023-11-21 15:22:41,511] Avg. win rate of current model: 0.5555555555555556
[2023-11-21 15:22:41,512] Saved model at ./models/best.h5
[2023-11-21 15:22:47,840] Epoch 86, Loss 0.3156649172306061
[2023-11-21 15:22:51,610] Epoch 87, Loss 0.459439218044281
[2023-11-21 15:22:54,877] Epoch 88, Loss 0.26855146884918213
[2023-11-21 15:23:00,008] Epoch 89, Loss 0.3147321045398712
[2023-11-21 15:23:04,119] Epoch 90, Loss 0.3107835054397583
[2023-11-21 15:23:04,120] Saved model at ./models/epoch_90.h5
[2023-11-21 15:23:04,120] Loaded existing model at ./models/best.h5
[2023-11-21 15:23:45,997] As 1st player, current model won 3 of 5 games
[2023-11-21 15:23:45,997] As 2nd player, current model won 0 of 4 games
[2023-11-21 15:23:45,997] Avg. win rate of current model: 0.3333333333333333
[2023-11-21 15:23:45,997] Loaded existing model at ./models/best.h5
[2023-11-21 15:23:51,959] Epoch 91, Loss 0.2010788917541504
[2023-11-21 15:23:54,279] Epoch 92, Loss 0.12882068753242493
[2023-11-21 15:23:57,268] Epoch 93, Loss 0.19733528792858124
[2023-11-21 15:24:00,798] Epoch 94, Loss 0.09139973670244217
[2023-11-21 15:24:06,764] Epoch 95, Loss 0.19671925902366638
[2023-11-21 15:24:06,764] Saved model at ./models/epoch_95.h5
[2023-11-21 15:24:06,765] Loaded existing model at ./models/best.h5
[2023-11-21 15:24:39,670] As 1st player, current model won 1 of 5 games
[2023-11-21 15:24:39,670] As 2nd player, current model won 2 of 4 games
[2023-11-21 15:24:39,670] Avg. win rate of current model: 0.3333333333333333
[2023-11-21 15:24:39,670] Loaded existing model at ./models/best.h5
[2023-11-21 15:24:44,978] Epoch 96, Loss 0.3701586425304413
[2023-11-21 15:24:49,293] Epoch 97, Loss 0.2468920797109604
[2023-11-21 15:24:54,105] Epoch 98, Loss 0.1883775293827057
[2023-11-21 15:24:59,678] Epoch 99, Loss 0.1814938336610794
[2023-11-21 15:25:02,993] Epoch 100, Loss 0.32566702365875244
[2023-11-21 15:25:02,994] Saved model at ./models/epoch_100.h5
[2023-11-21 15:25:02,995] Loaded existing model at ./models/best.h5
[2023-11-21 15:25:40,229] As 1st player, current model won 3 of 4 games
[2023-11-21 15:25:40,229] As 2nd player, current model won 0 of 5 games
[2023-11-21 15:25:40,229] Avg. win rate of current model: 0.3333333333333333
[2023-11-21 15:25:40,230] Loaded existing model at ./models/best.h5
