[2023-11-21 15:57:30,265] File ./models/best.h5 does not exist
[2023-11-21 15:57:59,687] File ./models/best.h5 does not exist
[2023-11-21 15:58:05,232] Epoch 1, Loss 0.00011689127131830901
[2023-11-21 15:58:11,840] Epoch 2, Loss 0.0001341790921287611
[2023-11-21 15:58:19,172] Epoch 3, Loss 3.205882239853963e-05
[2023-11-21 15:58:21,899] Epoch 4, Loss 3.6944999010302126e-05
[2023-11-21 15:58:24,467] Epoch 5, Loss 8.649889787193388e-05
[2023-11-21 15:58:24,468] Saved model at ./models/epoch_5.h5
[2023-11-21 15:58:24,469] File ./models/best.h5 does not exist
[2023-11-21 15:59:02,770] As 1st player, current model won 3 of 5 games
[2023-11-21 15:59:02,770] As 2nd player, current model won 3 of 4 games
[2023-11-21 15:59:02,770] Avg. win rate of current model: 0.6666666666666666
[2023-11-21 15:59:02,771] Saved model at ./models/best.h5
[2023-11-21 15:59:08,469] Epoch 6, Loss 9.442457667319104e-05
[2023-11-21 15:59:11,238] Epoch 7, Loss 8.11946447356604e-05
[2023-11-21 15:59:16,511] Epoch 8, Loss 2.6643136152415536e-05
[2023-11-21 15:59:19,854] Epoch 9, Loss 3.801077036769129e-05
[2023-11-21 15:59:23,980] Epoch 10, Loss 4.604243440553546e-05
[2023-11-21 15:59:23,981] Saved model at ./models/epoch_10.h5
[2023-11-21 15:59:23,982] Loaded existing model at ./models/best.h5
[2023-11-21 15:59:58,252] As 1st player, current model won 1 of 2 games
[2023-11-21 15:59:58,252] As 2nd player, current model won 0 of 7 games
[2023-11-21 15:59:58,252] Avg. win rate of current model: 0.1111111111111111
[2023-11-21 15:59:58,252] Loaded existing model at ./models/best.h5
[2023-11-21 16:00:03,158] Epoch 11, Loss 2.1660058337147348e-05
[2023-11-21 16:00:06,655] Epoch 12, Loss 8.060973777901381e-05
[2023-11-21 16:00:11,935] Epoch 13, Loss 3.615121022448875e-05
[2023-11-21 16:00:16,717] Epoch 14, Loss 1.8611775885801762e-05
[2023-11-21 16:00:21,267] Epoch 15, Loss 3.3298099879175425e-05
[2023-11-21 16:00:21,267] Saved model at ./models/epoch_15.h5
[2023-11-21 16:00:21,268] Loaded existing model at ./models/best.h5
[2023-11-21 16:00:56,879] As 1st player, current model won 4 of 5 games
[2023-11-21 16:00:56,879] As 2nd player, current model won 1 of 4 games
[2023-11-21 16:00:56,879] Avg. win rate of current model: 0.5555555555555556
[2023-11-21 16:00:56,880] Saved model at ./models/best.h5
[2023-11-21 16:01:02,722] Epoch 16, Loss 8.101244748104364e-05
[2023-11-21 16:01:05,666] Epoch 17, Loss 3.855519389617257e-05
[2023-11-21 16:01:07,425] Epoch 18, Loss 1.835745024436619e-05
[2023-11-21 16:01:13,122] Epoch 19, Loss 7.053177978377789e-05
[2023-11-21 16:01:18,233] Epoch 20, Loss 1.7191627193824388e-05
[2023-11-21 16:01:18,234] Saved model at ./models/epoch_20.h5
[2023-11-21 16:01:18,235] Loaded existing model at ./models/best.h5
[2023-11-21 16:01:56,187] As 1st player, current model won 4 of 5 games
[2023-11-21 16:01:56,187] As 2nd player, current model won 3 of 4 games
[2023-11-21 16:01:56,187] Avg. win rate of current model: 0.7777777777777778
[2023-11-21 16:01:56,187] Saved model at ./models/best.h5
[2023-11-21 16:02:22,445] Loaded existing model at ./models/best.h5
[2023-11-21 16:02:24,531] Epoch 1, Loss 0.00016482549835927784
[2023-11-21 16:02:27,315] Epoch 2, Loss 0.00013883023348171264
[2023-11-21 16:02:30,581] Epoch 3, Loss 0.00014620725414715707
[2023-11-21 16:02:35,454] Epoch 4, Loss 0.0002306772948941216
[2023-11-21 16:02:41,466] Epoch 5, Loss 0.00016758404672145844
[2023-11-21 16:02:41,466] Saved model at ./models/epoch_5.h5
[2023-11-21 16:02:41,467] Loaded existing model at ./models/best.h5
[2023-11-21 16:03:18,126] As 1st player, current model won 3 of 5 games
[2023-11-21 16:03:18,126] As 2nd player, current model won 3 of 4 games
[2023-11-21 16:03:18,126] Avg. win rate of current model: 0.6666666666666666
[2023-11-21 16:03:18,127] Saved model at ./models/best.h5
[2023-11-21 16:03:22,184] Epoch 6, Loss 0.000136258895508945
[2023-11-21 16:03:26,289] Epoch 7, Loss 0.00016157262143678963
[2023-11-21 16:03:30,934] Epoch 8, Loss 0.0001781941537046805
[2023-11-21 16:03:37,817] Epoch 9, Loss 0.00012977873848285526
[2023-11-21 16:03:43,628] Epoch 10, Loss 0.0001408396929036826
[2023-11-21 16:03:43,629] Saved model at ./models/epoch_10.h5
[2023-11-21 16:03:43,629] Loaded existing model at ./models/best.h5
[2023-11-21 16:04:20,260] As 1st player, current model won 4 of 5 games
[2023-11-21 16:04:20,261] As 2nd player, current model won 1 of 4 games
[2023-11-21 16:04:20,261] Avg. win rate of current model: 0.5555555555555556
[2023-11-21 16:04:20,261] Saved model at ./models/best.h5
[2023-11-21 16:04:25,063] Epoch 11, Loss 0.00012868421617895365
[2023-11-21 16:04:30,868] Epoch 12, Loss 0.0001507910928921774
[2023-11-21 16:04:33,175] Epoch 13, Loss 0.00013738601410295814
[2023-11-21 16:04:39,665] Epoch 14, Loss 0.000130537518998608
[2023-11-21 16:04:45,969] Epoch 15, Loss 0.00013602648687083274
[2023-11-21 16:04:45,970] Saved model at ./models/epoch_15.h5
[2023-11-21 16:04:45,971] Loaded existing model at ./models/best.h5
[2023-11-21 16:05:15,921] As 1st player, current model won 2 of 6 games
[2023-11-21 16:05:15,921] As 2nd player, current model won 1 of 3 games
[2023-11-21 16:05:15,921] Avg. win rate of current model: 0.3333333333333333
[2023-11-21 16:05:15,922] Loaded existing model at ./models/best.h5
[2023-11-21 16:05:21,895] Epoch 16, Loss 0.00016802633763290942
[2023-11-21 16:05:27,543] Epoch 17, Loss 0.00014523928984999657
[2023-11-21 16:05:32,624] Epoch 18, Loss 0.0001475112367188558
[2023-11-21 16:05:35,845] Epoch 19, Loss 0.00014095738879404962
[2023-11-21 16:05:40,273] Epoch 20, Loss 0.00012722608516924083
[2023-11-21 16:05:40,273] Saved model at ./models/epoch_20.h5
[2023-11-21 16:05:40,274] Loaded existing model at ./models/best.h5
[2023-11-21 16:06:15,449] As 1st player, current model won 5 of 5 games
[2023-11-21 16:06:15,449] As 2nd player, current model won 3 of 4 games
[2023-11-21 16:06:15,449] Avg. win rate of current model: 0.8888888888888888
[2023-11-21 16:06:15,450] Saved model at ./models/best.h5
[2023-11-21 16:07:23,096] Loaded existing model at ./models/best.h5
[2023-11-21 16:07:26,174] Epoch 1, Loss 4.8044217692222446e-05
[2023-11-21 16:07:28,755] Epoch 2, Loss 5.88910115766339e-05
[2023-11-21 16:09:03,818] Loaded existing model at ./models/best.h5
[2023-11-21 16:09:08,721] Epoch 1, Loss 4.751924643642269e-05
[2023-11-21 16:09:14,125] Epoch 2, Loss 6.681244121864438e-05
[2023-11-21 16:09:17,871] Epoch 3, Loss 3.590650885598734e-05
[2023-11-21 16:09:23,583] Epoch 4, Loss 7.058829214656726e-05
[2023-11-21 16:09:29,160] Epoch 5, Loss 0.00011583868763409555
[2023-11-21 16:09:29,161] Saved model at ./models/epoch_5.h5
[2023-11-21 16:09:29,161] Loaded existing model at ./models/best.h5
[2023-11-21 16:10:09,038] As 1st player, current model won 3 of 3 games
[2023-11-21 16:10:09,038] As 2nd player, current model won 5 of 6 games
[2023-11-21 16:10:09,038] Avg. win rate of current model: 0.8888888888888888
[2023-11-21 16:10:09,038] Saved model at ./models/best.h5
[2023-11-21 16:10:14,054] Epoch 6, Loss 8.326520037371665e-05
[2023-11-21 16:10:18,150] Epoch 7, Loss 2.6231236915919e-05
[2023-11-21 16:10:21,117] Epoch 8, Loss 3.659172944026068e-05
[2023-11-21 16:10:26,046] Epoch 9, Loss 5.560039426200092e-05
[2023-11-21 16:10:27,614] Epoch 10, Loss 4.071957300766371e-05
[2023-11-21 16:10:27,615] Saved model at ./models/epoch_10.h5
[2023-11-21 16:10:27,615] Loaded existing model at ./models/best.h5
[2023-11-21 16:10:59,833] As 1st player, current model won 3 of 6 games
[2023-11-21 16:10:59,833] As 2nd player, current model won 0 of 3 games
[2023-11-21 16:10:59,833] Avg. win rate of current model: 0.3333333333333333
[2023-11-21 16:10:59,834] Loaded existing model at ./models/best.h5
[2023-11-21 16:11:04,827] Epoch 11, Loss 5.521905768546276e-05
[2023-11-21 16:11:10,331] Epoch 12, Loss 9.71401750575751e-05
[2023-11-21 16:11:13,916] Epoch 13, Loss 5.5881111620692536e-05
[2023-11-21 16:11:16,624] Epoch 14, Loss 3.747021037270315e-05
[2023-11-21 16:11:19,250] Epoch 15, Loss 3.767093221540563e-05
[2023-11-21 16:11:19,251] Saved model at ./models/epoch_15.h5
[2023-11-21 16:11:19,251] Loaded existing model at ./models/best.h5
[2023-11-21 16:12:01,873] As 1st player, current model won 2 of 4 games
[2023-11-21 16:12:01,873] As 2nd player, current model won 1 of 5 games
[2023-11-21 16:12:01,873] Avg. win rate of current model: 0.3333333333333333
[2023-11-21 16:12:01,873] Loaded existing model at ./models/best.h5
[2023-11-21 16:12:05,165] Epoch 16, Loss 5.5170465202536434e-05
[2023-11-21 16:12:07,141] Epoch 17, Loss 3.591423956095241e-05
[2023-11-21 16:12:10,496] Epoch 18, Loss 2.3953578420332633e-05
[2023-11-21 16:12:12,682] Epoch 19, Loss 6.866145122330636e-05
[2023-11-21 16:12:17,427] Epoch 20, Loss 3.748279777937569e-05
[2023-11-21 16:12:17,428] Saved model at ./models/epoch_20.h5
[2023-11-21 16:12:17,428] Loaded existing model at ./models/best.h5
[2023-11-21 16:12:59,988] As 1st player, current model won 5 of 6 games
[2023-11-21 16:12:59,988] As 2nd player, current model won 1 of 3 games
[2023-11-21 16:12:59,988] Avg. win rate of current model: 0.6666666666666666
[2023-11-21 16:12:59,989] Saved model at ./models/best.h5
