[2024-02-03 23:18:08,998] batch: 1, len_episode: 17
[2024-02-03 23:18:17,697] batch: 2, len_episode: 12
[2024-02-03 23:18:25,152] batch: 3, len_episode: 14
[2024-02-03 23:18:36,972] batch: 4, len_episode: 16
[2024-02-03 23:18:48,919] batch: 5, len_episode: 12
[2024-02-03 23:18:50,672] kl: 0.00003, lr: 0.003000, loss: 4.37854, temp: 0.96060, entropy: 3.58255, expl_var: -0.051, d_expl_var: -0.051
[2024-02-03 23:19:01,293] batch: 6, len_episode: 14
[2024-02-03 23:19:02,637] kl: 0.00150, lr: 0.004500, loss: 4.24790, temp: 0.95099, entropy: 3.57991, expl_var: 0.006, d_expl_var: 0.053
[2024-02-03 23:19:16,740] batch: 7, len_episode: 19
[2024-02-03 23:19:17,893] kl: 0.00250, lr: 0.006750, loss: 4.49025, temp: 0.94148, entropy: 3.57355, expl_var: 0.003, d_expl_var: 0.004
[2024-02-03 23:19:32,001] batch: 8, len_episode: 20
[2024-02-03 23:19:33,141] kl: 0.00526, lr: 0.006750, loss: 4.39429, temp: 0.93207, entropy: 3.56570, expl_var: 0.017, d_expl_var: 0.015
[2024-02-03 23:19:40,579] batch: 9, len_episode: 11
[2024-02-03 23:19:41,678] kl: 0.01359, lr: 0.006750, loss: 4.44742, temp: 0.92274, entropy: 3.56442, expl_var: 0.104, d_expl_var: 0.088
[2024-02-03 23:19:49,390] batch: 10, len_episode: 10
[2024-02-03 23:19:50,503] kl: 0.01391, lr: 0.006750, loss: 4.12415, temp: 0.91352, entropy: 3.56626, expl_var: 0.415, d_expl_var: 0.311
[2024-02-03 23:20:02,214] batch: 11, len_episode: 15
[2024-02-03 23:20:03,320] kl: 0.00971, lr: 0.006750, loss: 4.07043, temp: 0.90438, entropy: 3.55063, expl_var: 0.626, d_expl_var: 0.241
[2024-02-03 23:20:19,148] batch: 12, len_episode: 24
[2024-02-03 23:20:20,248] kl: 0.01829, lr: 0.004500, loss: 3.80849, temp: 0.89534, entropy: 3.52912, expl_var: 0.725, d_expl_var: 0.150
[2024-02-03 23:20:27,713] batch: 13, len_episode: 9
[2024-02-03 23:20:28,799] kl: 0.00722, lr: 0.004500, loss: 3.73973, temp: 0.88638, entropy: 3.54111, expl_var: 0.753, d_expl_var: 0.100
[2024-02-03 23:20:36,084] batch: 14, len_episode: 9
[2024-02-03 23:20:37,178] kl: 0.00539, lr: 0.004500, loss: 3.88332, temp: 0.87752, entropy: 3.50471, expl_var: 0.612, d_expl_var: 0.054
[2024-02-03 23:20:45,535] batch: 15, len_episode: 10
[2024-02-03 23:20:46,607] kl: 0.00881, lr: 0.004500, loss: 3.85479, temp: 0.86875, entropy: 3.50091, expl_var: 0.603, d_expl_var: 0.118
[2024-02-03 23:20:55,219] batch: 16, len_episode: 10
[2024-02-03 23:20:56,293] kl: 0.00821, lr: 0.004500, loss: 3.82115, temp: 0.86006, entropy: 3.47772, expl_var: 0.639, d_expl_var: 0.077
[2024-02-03 23:21:07,857] batch: 17, len_episode: 15
[2024-02-03 23:21:08,950] kl: 0.00833, lr: 0.004500, loss: 3.96342, temp: 0.85146, entropy: 3.50288, expl_var: 0.495, d_expl_var: 0.083
[2024-02-03 23:21:19,684] batch: 18, len_episode: 13
[2024-02-03 23:21:20,785] kl: 0.02187, lr: 0.003000, loss: 3.92309, temp: 0.84294, entropy: 3.39204, expl_var: 0.509, d_expl_var: 0.099
[2024-02-03 23:21:29,265] batch: 19, len_episode: 10
[2024-02-03 23:21:30,324] kl: 0.00691, lr: 0.003000, loss: 3.90617, temp: 0.83451, entropy: 3.42226, expl_var: 0.493, d_expl_var: 0.088
[2024-02-03 23:21:40,980] batch: 20, len_episode: 13
[2024-02-03 23:21:42,059] kl: 0.00854, lr: 0.003000, loss: 3.99691, temp: 0.82617, entropy: 3.38175, expl_var: 0.388, d_expl_var: 0.066
[2024-02-03 23:21:52,194] batch: 21, len_episode: 12
[2024-02-03 23:21:53,296] kl: 0.00768, lr: 0.003000, loss: 3.89067, temp: 0.81791, entropy: 3.34807, expl_var: 0.456, d_expl_var: 0.084
[2024-02-03 23:22:01,658] batch: 22, len_episode: 10
[2024-02-03 23:22:02,714] kl: 0.01283, lr: 0.003000, loss: 3.88031, temp: 0.80973, entropy: 3.35236, expl_var: 0.456, d_expl_var: 0.111
[2024-02-03 23:22:10,404] batch: 23, len_episode: 9
[2024-02-03 23:22:11,469] kl: 0.01395, lr: 0.003000, loss: 3.75136, temp: 0.80163, entropy: 3.27076, expl_var: 0.511, d_expl_var: 0.088
[2024-02-03 23:22:19,055] batch: 24, len_episode: 9
[2024-02-03 23:22:20,138] kl: 0.01001, lr: 0.003000, loss: 3.78466, temp: 0.79361, entropy: 3.26301, expl_var: 0.518, d_expl_var: 0.099
[2024-02-03 23:22:30,783] batch: 25, len_episode: 13
[2024-02-03 23:22:31,875] kl: 0.01475, lr: 0.003000, loss: 3.66225, temp: 0.78568, entropy: 3.25089, expl_var: 0.600, d_expl_var: 0.107
[2024-02-03 23:22:42,829] batch: 26, len_episode: 14
[2024-02-03 23:22:43,898] kl: 0.01550, lr: 0.003000, loss: 3.69488, temp: 0.77782, entropy: 3.32756, expl_var: 0.572, d_expl_var: 0.118
[2024-02-03 23:22:52,111] batch: 27, len_episode: 10
[2024-02-03 23:22:53,161] kl: 0.01815, lr: 0.002000, loss: 3.65041, temp: 0.77004, entropy: 3.24094, expl_var: 0.601, d_expl_var: 0.124
[2024-02-03 23:23:07,375] batch: 28, len_episode: 18
[2024-02-03 23:23:08,445] kl: 0.01078, lr: 0.002000, loss: 3.66817, temp: 0.76234, entropy: 3.27473, expl_var: 0.588, d_expl_var: 0.139
[2024-02-03 23:23:18,619] batch: 29, len_episode: 13
[2024-02-03 23:23:19,688] kl: 0.01077, lr: 0.002000, loss: 3.66768, temp: 0.75472, entropy: 3.27096, expl_var: 0.558, d_expl_var: 0.118
[2024-02-03 23:23:29,067] batch: 30, len_episode: 11
[2024-02-03 23:23:30,137] kl: 0.01418, lr: 0.002000, loss: 3.65484, temp: 0.74717, entropy: 3.14999, expl_var: 0.553, d_expl_var: 0.087
[2024-02-03 23:23:37,930] batch: 31, len_episode: 9
[2024-02-03 23:23:38,972] kl: 0.01578, lr: 0.002000, loss: 3.66912, temp: 0.73970, entropy: 3.26435, expl_var: 0.557, d_expl_var: 0.115
[2024-02-03 23:23:52,569] batch: 32, len_episode: 17
[2024-02-03 23:23:53,635] kl: 0.00837, lr: 0.002000, loss: 3.70252, temp: 0.73230, entropy: 3.23542, expl_var: 0.549, d_expl_var: 0.126
[2024-02-03 23:24:06,670] batch: 33, len_episode: 13
[2024-02-03 23:24:07,717] kl: 0.01083, lr: 0.002000, loss: 3.63513, temp: 0.72498, entropy: 3.20418, expl_var: 0.558, d_expl_var: 0.158
[2024-02-03 23:24:19,223] batch: 34, len_episode: 14
[2024-02-03 23:24:20,282] kl: 0.01265, lr: 0.002000, loss: 3.65706, temp: 0.71773, entropy: 3.14146, expl_var: 0.485, d_expl_var: 0.113
[2024-02-03 23:24:32,935] batch: 35, len_episode: 17
[2024-02-03 23:24:33,996] kl: 0.01108, lr: 0.002000, loss: 3.60212, temp: 0.71055, entropy: 3.13157, expl_var: 0.534, d_expl_var: 0.115
[2024-02-03 23:24:48,589] batch: 36, len_episode: 17
[2024-02-03 23:24:49,650] kl: 0.00999, lr: 0.002000, loss: 3.59410, temp: 0.70345, entropy: 3.16407, expl_var: 0.553, d_expl_var: 0.119
[2024-02-03 23:25:04,197] batch: 37, len_episode: 19
[2024-02-03 23:25:05,241] kl: 0.01894, lr: 0.001333, loss: 3.53775, temp: 0.69641, entropy: 3.05946, expl_var: 0.551, d_expl_var: 0.095
[2024-02-03 23:25:11,138] batch: 38, len_episode: 7
[2024-02-03 23:25:12,187] kl: 0.01149, lr: 0.001333, loss: 3.61309, temp: 0.68945, entropy: 3.12649, expl_var: 0.513, d_expl_var: 0.152
[2024-02-03 23:25:26,960] batch: 39, len_episode: 18
[2024-02-03 23:25:28,018] kl: 0.00924, lr: 0.001333, loss: 3.64404, temp: 0.68255, entropy: 3.15818, expl_var: 0.446, d_expl_var: 0.106
[2024-02-03 23:25:34,907] batch: 40, len_episode: 8
[2024-02-03 23:25:35,954] kl: 0.01692, lr: 0.000889, loss: 3.56940, temp: 0.67573, entropy: 3.06056, expl_var: 0.506, d_expl_var: 0.131
[2024-02-03 23:25:48,340] batch: 41, len_episode: 18
[2024-02-03 23:25:49,389] kl: 0.00737, lr: 0.000889, loss: 3.58240, temp: 0.66897, entropy: 3.01088, expl_var: 0.488, d_expl_var: 0.082
[2024-02-03 23:26:00,434] batch: 42, len_episode: 13
[2024-02-03 23:26:01,538] kl: 0.00871, lr: 0.000889, loss: 3.62323, temp: 0.66228, entropy: 3.08375, expl_var: 0.458, d_expl_var: 0.069
[2024-02-03 23:26:11,927] batch: 43, len_episode: 11
[2024-02-03 23:26:12,976] kl: 0.00527, lr: 0.000889, loss: 3.62021, temp: 0.65566, entropy: 3.07436, expl_var: 0.388, d_expl_var: 0.055
[2024-02-03 23:26:20,692] batch: 44, len_episode: 9
[2024-02-03 23:26:21,737] kl: 0.00338, lr: 0.001333, loss: 3.58281, temp: 0.64910, entropy: 3.04580, expl_var: 0.484, d_expl_var: 0.075
[2024-02-03 23:26:28,521] batch: 45, len_episode: 8
[2024-02-03 23:26:29,568] kl: 0.00845, lr: 0.001333, loss: 3.53530, temp: 0.64261, entropy: 3.02519, expl_var: 0.469, d_expl_var: 0.065
[2024-02-03 23:26:37,470] batch: 46, len_episode: 10
[2024-02-03 23:26:38,515] kl: 0.00698, lr: 0.001333, loss: 3.47173, temp: 0.63619, entropy: 3.02413, expl_var: 0.504, d_expl_var: 0.101
[2024-02-03 23:26:53,006] batch: 47, len_episode: 19
[2024-02-03 23:26:54,072] kl: 0.01199, lr: 0.001333, loss: 3.42278, temp: 0.62982, entropy: 2.98542, expl_var: 0.572, d_expl_var: 0.103
[2024-02-03 23:26:59,936] batch: 48, len_episode: 7
[2024-02-03 23:27:01,010] kl: 0.01054, lr: 0.001333, loss: 3.41077, temp: 0.62353, entropy: 2.90446, expl_var: 0.547, d_expl_var: 0.117
[2024-02-03 23:27:11,500] batch: 49, len_episode: 12
[2024-02-03 23:27:12,539] kl: 0.01347, lr: 0.001333, loss: 3.46044, temp: 0.61729, entropy: 2.99874, expl_var: 0.534, d_expl_var: 0.111
[2024-02-03 23:27:21,542] batch: 50, len_episode: 10
[2024-02-03 23:27:22,594] kl: 0.01382, lr: 0.001333, loss: 3.40352, temp: 0.61112, entropy: 2.97335, expl_var: 0.518, d_expl_var: 0.071
[2024-02-03 23:27:22,594] eval_batch: 50
[2024-02-03 23:28:50,865] BEST POLICY!!!!!!!
[2024-02-03 23:28:50,865] n_uct: 1000, win: 5, lose: 5, tie: 0, first_turn_rate: 0.600
[2024-02-03 23:28:58,363] batch: 51, len_episode: 9
[2024-02-03 23:28:59,442] kl: 0.01135, lr: 0.001333, loss: 3.38763, temp: 0.60501, entropy: 2.96551, expl_var: 0.567, d_expl_var: 0.119
[2024-02-03 23:29:09,964] batch: 52, len_episode: 12
[2024-02-03 23:29:11,079] kl: 0.01617, lr: 0.000889, loss: 3.41079, temp: 0.59896, entropy: 2.93936, expl_var: 0.533, d_expl_var: 0.089
[2024-02-03 23:29:20,913] batch: 53, len_episode: 12
[2024-02-03 23:29:22,019] kl: 0.00811, lr: 0.000889, loss: 3.37585, temp: 0.59297, entropy: 2.92308, expl_var: 0.525, d_expl_var: 0.066
[2024-02-03 23:29:28,427] batch: 54, len_episode: 7
[2024-02-03 23:29:29,527] kl: 0.00662, lr: 0.000889, loss: 3.38568, temp: 0.58704, entropy: 2.92829, expl_var: 0.558, d_expl_var: 0.063
[2024-02-03 23:29:38,278] batch: 55, len_episode: 10
[2024-02-03 23:29:39,410] kl: 0.00620, lr: 0.000889, loss: 3.29449, temp: 0.58117, entropy: 2.88818, expl_var: 0.541, d_expl_var: 0.072
[2024-02-03 23:29:49,418] batch: 56, len_episode: 12
[2024-02-03 23:29:50,524] kl: 0.00721, lr: 0.000889, loss: 3.43921, temp: 0.57535, entropy: 2.92928, expl_var: 0.505, d_expl_var: 0.085
[2024-02-03 23:29:59,239] batch: 57, len_episode: 10
[2024-02-03 23:30:00,593] kl: 0.00709, lr: 0.000889, loss: 3.29469, temp: 0.56960, entropy: 2.88483, expl_var: 0.518, d_expl_var: 0.091
[2024-02-03 23:30:09,960] batch: 58, len_episode: 12
[2024-02-03 23:30:11,045] kl: 0.00635, lr: 0.000889, loss: 3.28179, temp: 0.56391, entropy: 2.80993, expl_var: 0.565, d_expl_var: 0.064
[2024-02-03 23:30:17,535] batch: 59, len_episode: 7
[2024-02-03 23:30:18,671] kl: 0.00625, lr: 0.000889, loss: 3.28086, temp: 0.55827, entropy: 2.80288, expl_var: 0.549, d_expl_var: 0.049
[2024-02-03 23:30:28,934] batch: 60, len_episode: 12
[2024-02-03 23:30:30,003] kl: 0.00530, lr: 0.000889, loss: 3.35982, temp: 0.55268, entropy: 2.87070, expl_var: 0.514, d_expl_var: 0.083
[2024-02-03 23:30:41,563] batch: 61, len_episode: 13
[2024-02-03 23:30:42,620] kl: 0.00501, lr: 0.000889, loss: 3.29263, temp: 0.54716, entropy: 2.87298, expl_var: 0.539, d_expl_var: 0.071
[2024-02-03 23:30:50,485] batch: 62, len_episode: 9
[2024-02-03 23:30:51,539] kl: 0.00361, lr: 0.001333, loss: 3.24070, temp: 0.54169, entropy: 2.81775, expl_var: 0.590, d_expl_var: 0.052
[2024-02-03 23:30:58,340] batch: 63, len_episode: 8
[2024-02-03 23:30:59,436] kl: 0.00935, lr: 0.001333, loss: 3.29885, temp: 0.53627, entropy: 2.81788, expl_var: 0.514, d_expl_var: 0.131
[2024-02-03 23:31:11,313] batch: 64, len_episode: 14
[2024-02-03 23:31:12,365] kl: 0.00897, lr: 0.001333, loss: 3.26681, temp: 0.53091, entropy: 2.80403, expl_var: 0.515, d_expl_var: 0.087
[2024-02-03 23:31:27,699] batch: 65, len_episode: 18
[2024-02-03 23:31:28,771] kl: 0.02073, lr: 0.000889, loss: 3.19773, temp: 0.52560, entropy: 2.72382, expl_var: 0.554, d_expl_var: 0.118
[2024-02-03 23:31:35,806] batch: 66, len_episode: 8
[2024-02-03 23:31:36,856] kl: 0.01284, lr: 0.000889, loss: 3.24881, temp: 0.52034, entropy: 2.78522, expl_var: 0.519, d_expl_var: 0.075
[2024-02-03 23:31:43,543] batch: 67, len_episode: 8
[2024-02-03 23:31:44,599] kl: 0.01876, lr: 0.000593, loss: 3.28982, temp: 0.51514, entropy: 2.80719, expl_var: 0.514, d_expl_var: 0.072
[2024-02-03 23:31:51,624] batch: 68, len_episode: 8
[2024-02-03 23:31:52,690] kl: 0.00596, lr: 0.000593, loss: 3.25078, temp: 0.50999, entropy: 2.83410, expl_var: 0.477, d_expl_var: 0.059
[2024-02-03 23:31:59,831] batch: 69, len_episode: 8
[2024-02-03 23:32:00,889] kl: 0.00630, lr: 0.000593, loss: 3.19419, temp: 0.50489, entropy: 2.74770, expl_var: 0.493, d_expl_var: 0.055
[2024-02-03 23:32:09,802] batch: 70, len_episode: 10
[2024-02-03 23:32:10,852] kl: 0.00564, lr: 0.000593, loss: 3.23479, temp: 0.49984, entropy: 2.68017, expl_var: 0.535, d_expl_var: 0.050
[2024-02-03 23:32:21,096] batch: 71, len_episode: 11
[2024-02-03 23:32:22,153] kl: 0.00471, lr: 0.000593, loss: 3.17204, temp: 0.49484, entropy: 2.70662, expl_var: 0.483, d_expl_var: 0.044
[2024-02-03 23:32:34,030] batch: 72, len_episode: 13
[2024-02-03 23:32:35,082] kl: 0.00387, lr: 0.000889, loss: 3.16941, temp: 0.48989, entropy: 2.73954, expl_var: 0.572, d_expl_var: 0.050
[2024-02-03 23:32:44,448] batch: 73, len_episode: 11
[2024-02-03 23:32:45,505] kl: 0.00419, lr: 0.000889, loss: 3.10766, temp: 0.48499, entropy: 2.73152, expl_var: 0.603, d_expl_var: 0.072
[2024-02-03 23:32:53,306] batch: 74, len_episode: 9
[2024-02-03 23:32:54,375] kl: 0.00438, lr: 0.000889, loss: 3.07811, temp: 0.48014, entropy: 2.74542, expl_var: 0.600, d_expl_var: 0.076
[2024-02-03 23:33:03,969] batch: 75, len_episode: 11
[2024-02-03 23:33:05,015] kl: 0.00960, lr: 0.000889, loss: 3.15557, temp: 0.47534, entropy: 2.66676, expl_var: 0.512, d_expl_var: 0.106
[2024-02-03 23:33:15,786] batch: 76, len_episode: 12
[2024-02-03 23:33:16,862] kl: 0.00882, lr: 0.000889, loss: 3.09687, temp: 0.47059, entropy: 2.64144, expl_var: 0.563, d_expl_var: 0.083
[2024-02-03 23:33:25,922] batch: 77, len_episode: 10
[2024-02-03 23:33:26,987] kl: 0.00773, lr: 0.000889, loss: 3.14430, temp: 0.46588, entropy: 2.70037, expl_var: 0.551, d_expl_var: 0.070
[2024-02-03 23:33:38,490] batch: 78, len_episode: 13
[2024-02-03 23:33:39,533] kl: 0.01440, lr: 0.000889, loss: 3.03651, temp: 0.46122, entropy: 2.67009, expl_var: 0.584, d_expl_var: 0.099
[2024-02-03 23:33:46,312] batch: 79, len_episode: 7
[2024-02-03 23:33:47,351] kl: 0.01011, lr: 0.000889, loss: 3.10183, temp: 0.45661, entropy: 2.68889, expl_var: 0.515, d_expl_var: 0.055
[2024-02-03 23:33:54,763] batch: 80, len_episode: 9
[2024-02-03 23:33:55,817] kl: 0.00990, lr: 0.000889, loss: 3.18943, temp: 0.45204, entropy: 2.70461, expl_var: 0.542, d_expl_var: 0.079
[2024-02-03 23:34:02,162] batch: 81, len_episode: 7
[2024-02-03 23:34:03,211] kl: 0.00822, lr: 0.000889, loss: 3.12203, temp: 0.44752, entropy: 2.64554, expl_var: 0.559, d_expl_var: 0.084
[2024-02-03 23:34:10,397] batch: 82, len_episode: 9
[2024-02-03 23:34:11,453] kl: 0.00473, lr: 0.000889, loss: 3.09601, temp: 0.44305, entropy: 2.66797, expl_var: 0.553, d_expl_var: 0.078
[2024-02-03 23:34:27,253] batch: 83, len_episode: 18
[2024-02-03 23:34:28,373] kl: 0.00790, lr: 0.000889, loss: 3.12270, temp: 0.43862, entropy: 2.72001, expl_var: 0.539, d_expl_var: 0.085
[2024-02-03 23:34:38,072] batch: 84, len_episode: 11
[2024-02-03 23:34:39,119] kl: 0.00934, lr: 0.000889, loss: 3.00198, temp: 0.43423, entropy: 2.62208, expl_var: 0.621, d_expl_var: 0.077
[2024-02-03 23:34:48,931] batch: 85, len_episode: 11
[2024-02-03 23:34:49,981] kl: 0.00878, lr: 0.000889, loss: 3.01560, temp: 0.42989, entropy: 2.60444, expl_var: 0.608, d_expl_var: 0.079
[2024-02-03 23:34:58,534] batch: 86, len_episode: 9
[2024-02-03 23:34:59,569] kl: 0.01411, lr: 0.000889, loss: 3.06421, temp: 0.42559, entropy: 2.68802, expl_var: 0.588, d_expl_var: 0.089
[2024-02-03 23:35:08,147] batch: 87, len_episode: 9
[2024-02-03 23:35:09,178] kl: 0.01692, lr: 0.000593, loss: 3.01387, temp: 0.42133, entropy: 2.56858, expl_var: 0.590, d_expl_var: 0.075
[2024-02-03 23:35:21,235] batch: 88, len_episode: 14
[2024-02-03 23:35:22,276] kl: 0.00761, lr: 0.000593, loss: 3.06289, temp: 0.41712, entropy: 2.61467, expl_var: 0.563, d_expl_var: 0.051
[2024-02-03 23:35:30,226] batch: 89, len_episode: 9
[2024-02-03 23:35:31,275] kl: 0.00559, lr: 0.000593, loss: 2.93445, temp: 0.41295, entropy: 2.65215, expl_var: 0.581, d_expl_var: 0.050
[2024-02-03 23:35:41,658] batch: 90, len_episode: 11
[2024-02-03 23:35:42,693] kl: 0.02201, lr: 0.000395, loss: 2.95593, temp: 0.40882, entropy: 2.48496, expl_var: 0.583, d_expl_var: 0.055
[2024-02-03 23:35:53,037] batch: 91, len_episode: 12
[2024-02-03 23:35:54,103] kl: 0.00514, lr: 0.000395, loss: 3.04513, temp: 0.40473, entropy: 2.55378, expl_var: 0.514, d_expl_var: 0.051
[2024-02-03 23:36:02,769] batch: 92, len_episode: 9
[2024-02-03 23:36:03,810] kl: 0.00600, lr: 0.000395, loss: 3.04869, temp: 0.40068, entropy: 2.63941, expl_var: 0.489, d_expl_var: 0.043
[2024-02-03 23:36:12,163] batch: 93, len_episode: 9
[2024-02-03 23:36:13,195] kl: 0.00146, lr: 0.000593, loss: 2.99764, temp: 0.39668, entropy: 2.63370, expl_var: 0.574, d_expl_var: 0.046
[2024-02-03 23:36:20,271] batch: 94, len_episode: 7
[2024-02-03 23:36:21,307] kl: 0.00483, lr: 0.000593, loss: 3.00859, temp: 0.39271, entropy: 2.60432, expl_var: 0.567, d_expl_var: 0.075
[2024-02-03 23:36:34,184] batch: 95, len_episode: 15
[2024-02-03 23:36:35,225] kl: 0.00584, lr: 0.000593, loss: 2.96044, temp: 0.38878, entropy: 2.58147, expl_var: 0.588, d_expl_var: 0.046
[2024-02-03 23:36:48,458] batch: 96, len_episode: 12
[2024-02-03 23:36:50,077] kl: 0.00681, lr: 0.000593, loss: 2.93760, temp: 0.38490, entropy: 2.53753, expl_var: 0.601, d_expl_var: 0.063
[2024-02-03 23:37:00,781] batch: 97, len_episode: 12
[2024-02-03 23:37:01,848] kl: 0.00543, lr: 0.000593, loss: 3.00569, temp: 0.38105, entropy: 2.52311, expl_var: 0.572, d_expl_var: 0.059
[2024-02-03 23:37:11,566] batch: 98, len_episode: 12
[2024-02-03 23:37:12,620] kl: 0.00941, lr: 0.000593, loss: 2.92012, temp: 0.37724, entropy: 2.57185, expl_var: 0.575, d_expl_var: 0.083
[2024-02-03 23:37:19,752] batch: 99, len_episode: 9
[2024-02-03 23:37:20,795] kl: 0.00394, lr: 0.000889, loss: 3.05278, temp: 0.37346, entropy: 2.59022, expl_var: 0.513, d_expl_var: 0.039
[2024-02-03 23:37:32,545] batch: 100, len_episode: 13
[2024-02-03 23:37:33,590] kl: 0.01445, lr: 0.000889, loss: 3.00126, temp: 0.36973, entropy: 2.54517, expl_var: 0.539, d_expl_var: 0.082
[2024-02-03 23:37:33,590] eval_batch: 100
[2024-02-03 23:39:01,379] n_uct: 1000, win: 4, lose: 6, tie: 0, first_turn_rate: 0.100
[2024-02-03 23:39:07,792] batch: 101, len_episode: 7
[2024-02-03 23:39:08,887] kl: 0.01153, lr: 0.000889, loss: 2.88146, temp: 0.36603, entropy: 2.54470, expl_var: 0.547, d_expl_var: 0.086
[2024-02-03 23:39:17,265] batch: 102, len_episode: 9
[2024-02-03 23:39:18,429] kl: 0.00827, lr: 0.000889, loss: 2.95604, temp: 0.36237, entropy: 2.49000, expl_var: 0.585, d_expl_var: 0.089
[2024-02-03 23:39:28,818] batch: 103, len_episode: 12
[2024-02-03 23:39:29,933] kl: 0.00688, lr: 0.000889, loss: 3.00474, temp: 0.35875, entropy: 2.51754, expl_var: 0.552, d_expl_var: 0.085
[2024-02-03 23:39:37,028] batch: 104, len_episode: 8
[2024-02-03 23:39:38,110] kl: 0.01085, lr: 0.000889, loss: 3.07634, temp: 0.35516, entropy: 2.60863, expl_var: 0.518, d_expl_var: 0.094
[2024-02-03 23:39:45,370] batch: 105, len_episode: 8
[2024-02-03 23:39:46,469] kl: 0.00876, lr: 0.000889, loss: 2.97893, temp: 0.35161, entropy: 2.58182, expl_var: 0.540, d_expl_var: 0.078
[2024-02-03 23:39:55,909] batch: 106, len_episode: 12
[2024-02-03 23:39:57,022] kl: 0.00927, lr: 0.000889, loss: 2.88088, temp: 0.34809, entropy: 2.50614, expl_var: 0.572, d_expl_var: 0.073
[2024-02-03 23:40:04,179] batch: 107, len_episode: 8
[2024-02-03 23:40:05,247] kl: 0.00821, lr: 0.000889, loss: 2.94711, temp: 0.34461, entropy: 2.45088, expl_var: 0.520, d_expl_var: 0.057
[2024-02-03 23:40:19,340] batch: 108, len_episode: 15
[2024-02-03 23:40:20,437] kl: 0.00845, lr: 0.000889, loss: 2.93990, temp: 0.34117, entropy: 2.47477, expl_var: 0.571, d_expl_var: 0.077
[2024-02-03 23:40:31,200] batch: 109, len_episode: 13
[2024-02-03 23:40:32,293] kl: 0.00875, lr: 0.000889, loss: 2.82468, temp: 0.33775, entropy: 2.46671, expl_var: 0.558, d_expl_var: 0.087
[2024-02-03 23:40:40,149] batch: 110, len_episode: 9
[2024-02-03 23:40:41,203] kl: 0.00992, lr: 0.000889, loss: 2.96696, temp: 0.33438, entropy: 2.48250, expl_var: 0.498, d_expl_var: 0.083
[2024-02-03 23:40:51,040] batch: 111, len_episode: 12
[2024-02-03 23:40:52,088] kl: 0.00804, lr: 0.000889, loss: 2.97261, temp: 0.33103, entropy: 2.47498, expl_var: 0.503, d_expl_var: 0.095
[2024-02-03 23:41:05,362] batch: 112, len_episode: 17
[2024-02-03 23:41:06,442] kl: 0.01215, lr: 0.000889, loss: 2.80070, temp: 0.32772, entropy: 2.36106, expl_var: 0.525, d_expl_var: 0.068
[2024-02-03 23:41:15,853] batch: 113, len_episode: 10
[2024-02-03 23:41:16,930] kl: 0.02546, lr: 0.000593, loss: 2.80501, temp: 0.32445, entropy: 2.42225, expl_var: 0.532, d_expl_var: 0.087
[2024-02-03 23:41:32,337] batch: 114, len_episode: 20
[2024-02-03 23:41:33,400] kl: 0.01366, lr: 0.000593, loss: 2.83811, temp: 0.32120, entropy: 2.37866, expl_var: 0.519, d_expl_var: 0.065
[2024-02-03 23:41:44,859] batch: 115, len_episode: 12
[2024-02-03 23:41:45,930] kl: 0.00759, lr: 0.000593, loss: 2.88511, temp: 0.31799, entropy: 2.37104, expl_var: 0.469, d_expl_var: 0.076
[2024-02-03 23:41:53,115] batch: 116, len_episode: 8
[2024-02-03 23:41:54,171] kl: 0.00722, lr: 0.000593, loss: 2.79767, temp: 0.31481, entropy: 2.36632, expl_var: 0.486, d_expl_var: 0.101
[2024-02-03 23:42:03,922] batch: 117, len_episode: 11
[2024-02-03 23:42:05,068] kl: 0.00668, lr: 0.000593, loss: 2.71551, temp: 0.31166, entropy: 2.27183, expl_var: 0.503, d_expl_var: 0.052
[2024-02-03 23:42:12,577] batch: 118, len_episode: 7
[2024-02-03 23:42:13,638] kl: 0.00575, lr: 0.000593, loss: 2.80261, temp: 0.30854, entropy: 2.26155, expl_var: 0.440, d_expl_var: 0.071
[2024-02-03 23:42:22,677] batch: 119, len_episode: 9
[2024-02-03 23:42:23,741] kl: 0.00838, lr: 0.000593, loss: 2.80573, temp: 0.30546, entropy: 2.24409, expl_var: 0.474, d_expl_var: 0.070
[2024-02-03 23:42:37,965] batch: 120, len_episode: 15
[2024-02-03 23:42:39,032] kl: 0.00500, lr: 0.000593, loss: 2.77317, temp: 0.30240, entropy: 2.29796, expl_var: 0.455, d_expl_var: 0.092
[2024-02-03 23:42:45,228] batch: 121, len_episode: 7
[2024-02-03 23:42:46,278] kl: 0.00479, lr: 0.000593, loss: 2.75705, temp: 0.29938, entropy: 2.27767, expl_var: 0.476, d_expl_var: 0.072
[2024-02-03 23:42:54,349] batch: 122, len_episode: 9
[2024-02-03 23:42:55,408] kl: 0.00584, lr: 0.000593, loss: 2.68591, temp: 0.29639, entropy: 2.24976, expl_var: 0.487, d_expl_var: 0.089
[2024-02-03 23:43:05,077] batch: 123, len_episode: 14
[2024-02-03 23:43:06,126] kl: 0.00733, lr: 0.000593, loss: 2.73152, temp: 0.29342, entropy: 2.25798, expl_var: 0.448, d_expl_var: 0.092
[2024-02-03 23:43:12,885] batch: 124, len_episode: 7
[2024-02-03 23:43:13,936] kl: 0.00764, lr: 0.000593, loss: 2.65616, temp: 0.29049, entropy: 2.20586, expl_var: 0.466, d_expl_var: 0.084
[2024-02-03 23:43:21,504] batch: 125, len_episode: 8
[2024-02-03 23:43:22,566] kl: 0.00766, lr: 0.000593, loss: 2.74004, temp: 0.28758, entropy: 2.11615, expl_var: 0.455, d_expl_var: 0.086
[2024-02-03 23:43:29,447] batch: 126, len_episode: 8
[2024-02-03 23:43:30,497] kl: 0.00871, lr: 0.000593, loss: 2.57901, temp: 0.28471, entropy: 2.16183, expl_var: 0.528, d_expl_var: 0.085
[2024-02-03 23:43:38,605] batch: 127, len_episode: 8
[2024-02-03 23:43:39,646] kl: 0.00873, lr: 0.000593, loss: 2.69035, temp: 0.28186, entropy: 2.23017, expl_var: 0.492, d_expl_var: 0.053
[2024-02-03 23:43:52,044] batch: 128, len_episode: 14
[2024-02-03 23:43:53,089] kl: 0.01581, lr: 0.000593, loss: 2.54833, temp: 0.27904, entropy: 2.12479, expl_var: 0.488, d_expl_var: 0.073
[2024-02-03 23:44:00,548] batch: 129, len_episode: 8
[2024-02-03 23:44:01,595] kl: 0.00903, lr: 0.000593, loss: 2.67211, temp: 0.27625, entropy: 2.15352, expl_var: 0.441, d_expl_var: 0.070
[2024-02-03 23:44:14,954] batch: 130, len_episode: 15
[2024-02-03 23:44:16,004] kl: 0.01098, lr: 0.000593, loss: 2.64082, temp: 0.27349, entropy: 2.15948, expl_var: 0.457, d_expl_var: 0.086
[2024-02-03 23:44:24,069] batch: 131, len_episode: 7
[2024-02-03 23:44:25,124] kl: 0.01491, lr: 0.000593, loss: 2.62550, temp: 0.27075, entropy: 2.08248, expl_var: 0.452, d_expl_var: 0.064
[2024-02-03 23:44:33,589] batch: 132, len_episode: 9
[2024-02-03 23:44:34,631] kl: 0.00689, lr: 0.000593, loss: 2.49143, temp: 0.26805, entropy: 2.08903, expl_var: 0.488, d_expl_var: 0.041
[2024-02-03 23:44:42,426] batch: 133, len_episode: 8
[2024-02-03 23:44:43,486] kl: 0.00783, lr: 0.000593, loss: 2.52956, temp: 0.26537, entropy: 2.04604, expl_var: 0.463, d_expl_var: 0.048
[2024-02-03 23:44:53,880] batch: 134, len_episode: 12
[2024-02-03 23:44:54,938] kl: 0.00880, lr: 0.000593, loss: 2.56934, temp: 0.26271, entropy: 2.08725, expl_var: 0.477, d_expl_var: 0.104
[2024-02-03 23:45:01,962] batch: 135, len_episode: 7
[2024-02-03 23:45:02,994] kl: 0.00709, lr: 0.000593, loss: 2.45928, temp: 0.26009, entropy: 2.03785, expl_var: 0.545, d_expl_var: 0.039
[2024-02-03 23:45:10,647] batch: 136, len_episode: 8
[2024-02-03 23:45:11,679] kl: 0.00687, lr: 0.000593, loss: 2.51230, temp: 0.25748, entropy: 2.04199, expl_var: 0.475, d_expl_var: 0.067
[2024-02-03 23:45:23,317] batch: 137, len_episode: 11
[2024-02-03 23:45:24,357] kl: 0.00743, lr: 0.000593, loss: 2.49118, temp: 0.25491, entropy: 1.98043, expl_var: 0.466, d_expl_var: 0.064
[2024-02-03 23:45:34,061] batch: 138, len_episode: 10
[2024-02-03 23:45:35,106] kl: 0.00533, lr: 0.000593, loss: 2.56632, temp: 0.25236, entropy: 2.06344, expl_var: 0.487, d_expl_var: 0.054
[2024-02-03 23:45:41,629] batch: 139, len_episode: 7
[2024-02-03 23:45:42,667] kl: 0.00758, lr: 0.000593, loss: 2.55956, temp: 0.24984, entropy: 2.07850, expl_var: 0.434, d_expl_var: 0.055
[2024-02-03 23:45:48,914] batch: 140, len_episode: 7
[2024-02-03 23:45:49,949] kl: 0.00676, lr: 0.000593, loss: 2.42019, temp: 0.24734, entropy: 2.01007, expl_var: 0.450, d_expl_var: 0.064
[2024-02-03 23:46:01,349] batch: 141, len_episode: 12
[2024-02-03 23:46:02,385] kl: 0.01192, lr: 0.000593, loss: 2.49323, temp: 0.24487, entropy: 1.98318, expl_var: 0.457, d_expl_var: 0.084
[2024-02-03 23:46:10,114] batch: 142, len_episode: 9
[2024-02-03 23:46:11,148] kl: 0.01008, lr: 0.000593, loss: 2.52055, temp: 0.24242, entropy: 1.96167, expl_var: 0.441, d_expl_var: 0.073
[2024-02-03 23:46:17,953] batch: 143, len_episode: 7
[2024-02-03 23:46:19,001] kl: 0.01172, lr: 0.000593, loss: 2.45432, temp: 0.23999, entropy: 1.93856, expl_var: 0.507, d_expl_var: 0.070
[2024-02-03 23:46:29,994] batch: 144, len_episode: 12
[2024-02-03 23:46:31,034] kl: 0.01181, lr: 0.000593, loss: 2.49929, temp: 0.23759, entropy: 2.03560, expl_var: 0.450, d_expl_var: 0.065
[2024-02-03 23:46:38,209] batch: 145, len_episode: 7
[2024-02-03 23:46:39,239] kl: 0.00690, lr: 0.000593, loss: 2.46548, temp: 0.23522, entropy: 1.96663, expl_var: 0.443, d_expl_var: 0.071
[2024-02-03 23:46:47,129] batch: 146, len_episode: 8
[2024-02-03 23:46:48,160] kl: 0.00749, lr: 0.000593, loss: 2.36483, temp: 0.23286, entropy: 1.93551, expl_var: 0.467, d_expl_var: 0.067
[2024-02-03 23:46:55,492] batch: 147, len_episode: 8
[2024-02-03 23:46:56,529] kl: 0.01097, lr: 0.000593, loss: 2.47860, temp: 0.23054, entropy: 1.92322, expl_var: 0.467, d_expl_var: 0.047
[2024-02-03 23:47:03,396] batch: 148, len_episode: 7
[2024-02-03 23:47:04,442] kl: 0.00497, lr: 0.000593, loss: 2.41349, temp: 0.22823, entropy: 1.90339, expl_var: 0.445, d_expl_var: 0.071
[2024-02-03 23:47:15,088] batch: 149, len_episode: 8
[2024-02-03 23:47:16,211] kl: 0.01043, lr: 0.000593, loss: 2.31602, temp: 0.22595, entropy: 1.90984, expl_var: 0.519, d_expl_var: 0.057
[2024-02-03 23:47:23,470] batch: 150, len_episode: 8
[2024-02-03 23:47:24,509] kl: 0.00569, lr: 0.000593, loss: 2.34754, temp: 0.22369, entropy: 1.91236, expl_var: 0.501, d_expl_var: 0.066
[2024-02-03 23:47:24,509] eval_batch: 150
[2024-02-03 23:48:42,343] BEST POLICY!!!!!!!
[2024-02-03 23:48:42,344] n_uct: 1000, win: 7, lose: 3, tie: 0, first_turn_rate: 0.600
[2024-02-03 23:48:54,448] batch: 151, len_episode: 12
[2024-02-03 23:48:55,580] kl: 0.01038, lr: 0.000593, loss: 2.30761, temp: 0.22145, entropy: 1.84510, expl_var: 0.489, d_expl_var: 0.059
[2024-02-03 23:49:04,504] batch: 152, len_episode: 11
[2024-02-03 23:49:05,615] kl: 0.01031, lr: 0.000593, loss: 2.29470, temp: 0.21924, entropy: 1.80181, expl_var: 0.494, d_expl_var: 0.068
[2024-02-03 23:49:16,378] batch: 153, len_episode: 13
[2024-02-03 23:49:17,616] kl: 0.00563, lr: 0.000593, loss: 2.40551, temp: 0.21704, entropy: 1.81216, expl_var: 0.440, d_expl_var: 0.058
