[2024-02-07 18:25:40,294] batch: 1, len_episode: 17
[2024-02-07 18:25:57,518] batch: 2, len_episode: 23
[2024-02-07 18:26:13,704] batch: 3, len_episode: 21
[2024-02-07 18:26:33,826] batch: 4, len_episode: 28
[2024-02-07 18:26:35,470] kl: 0.00122, lr: 0.003000, loss: 4.45247, temp: 0.97030, entropy: 3.58096, expl_var: -0.012, d_expl_var: -0.012
[2024-02-07 18:26:45,463] batch: 5, len_episode: 12
[2024-02-07 18:26:46,966] kl: 0.00286, lr: 0.004500, loss: 4.54411, temp: 0.96060, entropy: 3.57340, expl_var: 0.007, d_expl_var: 0.009
[2024-02-07 18:27:00,286] batch: 6, len_episode: 17
[2024-02-07 18:27:01,826] kl: 0.00286, lr: 0.006750, loss: 4.42434, temp: 0.95099, entropy: 3.57590, expl_var: 0.050, d_expl_var: 0.044
[2024-02-07 18:27:16,572] batch: 7, len_episode: 19
[2024-02-07 18:27:18,143] kl: 0.02160, lr: 0.004500, loss: 4.18174, temp: 0.94148, entropy: 3.57568, expl_var: 0.397, d_expl_var: 0.358
[2024-02-07 18:27:31,894] batch: 8, len_episode: 18
[2024-02-07 18:27:33,462] kl: 0.01842, lr: 0.003000, loss: 3.99010, temp: 0.93207, entropy: 3.54564, expl_var: 0.565, d_expl_var: 0.300
[2024-02-07 18:27:45,667] batch: 9, len_episode: 15
[2024-02-07 18:27:47,214] kl: 0.00505, lr: 0.003000, loss: 3.90102, temp: 0.92274, entropy: 3.54431, expl_var: 0.610, d_expl_var: 0.209
[2024-02-07 18:28:00,036] batch: 10, len_episode: 15
[2024-02-07 18:28:01,581] kl: 0.00456, lr: 0.003000, loss: 3.73475, temp: 0.91352, entropy: 3.52644, expl_var: 0.741, d_expl_var: 0.159
[2024-02-07 18:28:16,304] batch: 11, len_episode: 17
[2024-02-07 18:28:17,864] kl: 0.01232, lr: 0.003000, loss: 3.67719, temp: 0.90438, entropy: 3.49829, expl_var: 0.758, d_expl_var: 0.146
[2024-02-07 18:28:29,862] batch: 12, len_episode: 14
[2024-02-07 18:28:31,418] kl: 0.02063, lr: 0.002000, loss: 3.58947, temp: 0.89534, entropy: 3.42956, expl_var: 0.799, d_expl_var: 0.131
[2024-02-07 18:28:44,309] batch: 13, len_episode: 15
[2024-02-07 18:28:45,839] kl: 0.01345, lr: 0.002000, loss: 3.61577, temp: 0.88638, entropy: 3.43772, expl_var: 0.769, d_expl_var: 0.087
[2024-02-07 18:28:57,082] batch: 14, len_episode: 13
[2024-02-07 18:28:58,622] kl: 0.01294, lr: 0.002000, loss: 3.57332, temp: 0.87752, entropy: 3.39435, expl_var: 0.782, d_expl_var: 0.120
[2024-02-07 18:29:14,034] batch: 15, len_episode: 17
[2024-02-07 18:29:15,576] kl: 0.01323, lr: 0.002000, loss: 3.63279, temp: 0.86875, entropy: 3.44934, expl_var: 0.733, d_expl_var: 0.111
[2024-02-07 18:29:27,819] batch: 16, len_episode: 14
[2024-02-07 18:29:29,344] kl: 0.01252, lr: 0.002000, loss: 3.73593, temp: 0.86006, entropy: 3.38338, expl_var: 0.575, d_expl_var: 0.142
[2024-02-07 18:29:42,074] batch: 17, len_episode: 20
[2024-02-07 18:29:43,618] kl: 0.01588, lr: 0.002000, loss: 3.80424, temp: 0.85146, entropy: 3.35097, expl_var: 0.514, d_expl_var: 0.173
[2024-02-07 18:29:52,413] batch: 18, len_episode: 10
[2024-02-07 18:29:53,947] kl: 0.01736, lr: 0.001333, loss: 3.87243, temp: 0.84294, entropy: 3.39996, expl_var: 0.482, d_expl_var: 0.183
[2024-02-07 18:30:08,393] batch: 19, len_episode: 18
[2024-02-07 18:30:09,961] kl: 0.00434, lr: 0.001333, loss: 3.83794, temp: 0.83451, entropy: 3.37962, expl_var: 0.536, d_expl_var: 0.089
[2024-02-07 18:30:16,849] batch: 20, len_episode: 8
[2024-02-07 18:30:18,414] kl: 0.00985, lr: 0.001333, loss: 3.93110, temp: 0.82617, entropy: 3.39392, expl_var: 0.437, d_expl_var: 0.156
[2024-02-07 18:30:26,858] batch: 21, len_episode: 10
[2024-02-07 18:30:28,402] kl: 0.00954, lr: 0.001333, loss: 3.84626, temp: 0.81791, entropy: 3.37450, expl_var: 0.501, d_expl_var: 0.111
[2024-02-07 18:30:42,784] batch: 22, len_episode: 19
[2024-02-07 18:30:44,310] kl: 0.01200, lr: 0.001333, loss: 3.92981, temp: 0.80973, entropy: 3.36335, expl_var: 0.409, d_expl_var: 0.144
[2024-02-07 18:30:54,927] batch: 23, len_episode: 12
[2024-02-07 18:30:56,473] kl: 0.00742, lr: 0.001333, loss: 3.88784, temp: 0.80163, entropy: 3.34238, expl_var: 0.441, d_expl_var: 0.125
[2024-02-07 18:31:08,232] batch: 24, len_episode: 13
[2024-02-07 18:31:09,814] kl: 0.01205, lr: 0.001333, loss: 3.80092, temp: 0.79361, entropy: 3.30631, expl_var: 0.505, d_expl_var: 0.147
[2024-02-07 18:31:19,600] batch: 25, len_episode: 11
[2024-02-07 18:31:21,144] kl: 0.01246, lr: 0.001333, loss: 3.72833, temp: 0.78568, entropy: 3.31771, expl_var: 0.539, d_expl_var: 0.090
[2024-02-07 18:31:34,323] batch: 26, len_episode: 15
[2024-02-07 18:31:35,861] kl: 0.01226, lr: 0.001333, loss: 3.71208, temp: 0.77782, entropy: 3.31478, expl_var: 0.579, d_expl_var: 0.154
[2024-02-07 18:31:46,106] batch: 27, len_episode: 13
[2024-02-07 18:31:47,666] kl: 0.01253, lr: 0.001333, loss: 3.69078, temp: 0.77004, entropy: 3.27479, expl_var: 0.544, d_expl_var: 0.101
[2024-02-07 18:32:01,758] batch: 28, len_episode: 17
[2024-02-07 18:32:03,319] kl: 0.01895, lr: 0.000889, loss: 3.64395, temp: 0.76234, entropy: 3.26158, expl_var: 0.587, d_expl_var: 0.151
[2024-02-07 18:32:12,447] batch: 29, len_episode: 10
[2024-02-07 18:32:14,004] kl: 0.00835, lr: 0.000889, loss: 3.64420, temp: 0.75472, entropy: 3.26055, expl_var: 0.588, d_expl_var: 0.095
[2024-02-07 18:32:33,539] batch: 30, len_episode: 23
[2024-02-07 18:32:35,025] kl: 0.00809, lr: 0.000889, loss: 3.68910, temp: 0.74717, entropy: 3.23580, expl_var: 0.524, d_expl_var: 0.047
[2024-02-07 18:32:46,593] batch: 31, len_episode: 15
[2024-02-07 18:32:48,093] kl: 0.00737, lr: 0.000889, loss: 3.60392, temp: 0.73970, entropy: 3.24859, expl_var: 0.589, d_expl_var: 0.078
[2024-02-07 18:32:58,208] batch: 32, len_episode: 11
[2024-02-07 18:32:59,694] kl: 0.00573, lr: 0.000889, loss: 3.57900, temp: 0.73230, entropy: 3.22713, expl_var: 0.612, d_expl_var: 0.088
[2024-02-07 18:33:14,301] batch: 33, len_episode: 18
[2024-02-07 18:33:15,780] kl: 0.00771, lr: 0.000889, loss: 3.62802, temp: 0.72498, entropy: 3.21022, expl_var: 0.530, d_expl_var: 0.085
[2024-02-07 18:33:34,557] batch: 34, len_episode: 22
[2024-02-07 18:33:36,037] kl: 0.01149, lr: 0.000889, loss: 3.67314, temp: 0.71773, entropy: 3.22544, expl_var: 0.580, d_expl_var: 0.094
[2024-02-07 18:33:48,020] batch: 35, len_episode: 14
[2024-02-07 18:33:49,523] kl: 0.01021, lr: 0.000889, loss: 3.58555, temp: 0.71055, entropy: 3.19676, expl_var: 0.589, d_expl_var: 0.127
[2024-02-07 18:34:02,827] batch: 36, len_episode: 15
[2024-02-07 18:34:04,311] kl: 0.01009, lr: 0.000889, loss: 3.61025, temp: 0.70345, entropy: 3.24986, expl_var: 0.569, d_expl_var: 0.096
[2024-02-07 18:34:17,925] batch: 37, len_episode: 17
[2024-02-07 18:34:19,421] kl: 0.00645, lr: 0.000889, loss: 3.53898, temp: 0.69641, entropy: 3.22497, expl_var: 0.639, d_expl_var: 0.087
[2024-02-07 18:34:30,272] batch: 38, len_episode: 13
[2024-02-07 18:34:31,748] kl: 0.01118, lr: 0.000889, loss: 3.45404, temp: 0.68945, entropy: 3.12300, expl_var: 0.662, d_expl_var: 0.087
[2024-02-07 18:34:40,954] batch: 39, len_episode: 10
[2024-02-07 18:34:42,450] kl: 0.01385, lr: 0.000889, loss: 3.50558, temp: 0.68255, entropy: 3.16544, expl_var: 0.644, d_expl_var: 0.120
[2024-02-07 18:34:49,341] batch: 40, len_episode: 8
[2024-02-07 18:34:50,823] kl: 0.02048, lr: 0.000593, loss: 3.46245, temp: 0.67573, entropy: 3.09790, expl_var: 0.648, d_expl_var: 0.091
[2024-02-07 18:35:02,091] batch: 41, len_episode: 12
[2024-02-07 18:35:03,574] kl: 0.01118, lr: 0.000593, loss: 3.46828, temp: 0.66897, entropy: 3.15735, expl_var: 0.635, d_expl_var: 0.075
[2024-02-07 18:35:12,853] batch: 42, len_episode: 11
[2024-02-07 18:35:14,332] kl: 0.01561, lr: 0.000593, loss: 3.45845, temp: 0.66228, entropy: 3.06756, expl_var: 0.628, d_expl_var: 0.059
[2024-02-07 18:35:26,699] batch: 43, len_episode: 14
[2024-02-07 18:35:28,167] kl: 0.01433, lr: 0.000593, loss: 3.48150, temp: 0.65566, entropy: 3.15511, expl_var: 0.625, d_expl_var: 0.063
[2024-02-07 18:35:37,131] batch: 44, len_episode: 10
[2024-02-07 18:35:38,606] kl: 0.01054, lr: 0.000593, loss: 3.55596, temp: 0.64910, entropy: 3.15327, expl_var: 0.567, d_expl_var: 0.066
[2024-02-07 18:35:55,026] batch: 45, len_episode: 20
[2024-02-07 18:35:56,525] kl: 0.00503, lr: 0.000593, loss: 3.48377, temp: 0.64261, entropy: 3.13516, expl_var: 0.613, d_expl_var: 0.079
[2024-02-07 18:36:08,911] batch: 46, len_episode: 14
[2024-02-07 18:36:10,419] kl: 0.00484, lr: 0.000593, loss: 3.47642, temp: 0.63619, entropy: 3.11979, expl_var: 0.611, d_expl_var: 0.057
[2024-02-07 18:36:21,306] batch: 47, len_episode: 12
[2024-02-07 18:36:22,797] kl: 0.00819, lr: 0.000593, loss: 3.45285, temp: 0.62982, entropy: 3.06613, expl_var: 0.600, d_expl_var: 0.072
[2024-02-07 18:36:39,273] batch: 48, len_episode: 18
[2024-02-07 18:36:40,759] kl: 0.00770, lr: 0.000593, loss: 3.40865, temp: 0.62353, entropy: 3.02149, expl_var: 0.603, d_expl_var: 0.059
[2024-02-07 18:36:52,711] batch: 49, len_episode: 14
[2024-02-07 18:36:54,197] kl: 0.00635, lr: 0.000593, loss: 3.43643, temp: 0.61729, entropy: 3.06516, expl_var: 0.608, d_expl_var: 0.053
[2024-02-07 18:37:00,095] batch: 50, len_episode: 7
[2024-02-07 18:37:01,576] kl: 0.01555, lr: 0.000593, loss: 3.40026, temp: 0.61112, entropy: 3.02960, expl_var: 0.632, d_expl_var: 0.050
[2024-02-07 18:37:01,577] eval_batch: 50
[2024-02-07 18:38:10,446] n_uct: 1000, win: 0, lose: 10, tie: 0, first_turn_rate: 0.100
[2024-02-07 18:38:19,267] batch: 51, len_episode: 10
[2024-02-07 18:38:20,761] kl: 0.01695, lr: 0.000395, loss: 3.48332, temp: 0.60501, entropy: 3.13539, expl_var: 0.584, d_expl_var: 0.099
[2024-02-07 18:38:33,455] batch: 52, len_episode: 16
[2024-02-07 18:38:34,941] kl: 0.00922, lr: 0.000395, loss: 3.51622, temp: 0.59896, entropy: 3.07772, expl_var: 0.553, d_expl_var: 0.045
[2024-02-07 18:38:46,399] batch: 53, len_episode: 12
[2024-02-07 18:38:47,885] kl: 0.00326, lr: 0.000593, loss: 3.51957, temp: 0.59297, entropy: 3.07206, expl_var: 0.536, d_expl_var: 0.060
[2024-02-07 18:38:55,956] batch: 54, len_episode: 9
[2024-02-07 18:38:57,435] kl: 0.00933, lr: 0.000593, loss: 3.45075, temp: 0.58704, entropy: 3.07471, expl_var: 0.561, d_expl_var: 0.067
[2024-02-07 18:39:09,455] batch: 55, len_episode: 15
[2024-02-07 18:39:10,951] kl: 0.01146, lr: 0.000593, loss: 3.46557, temp: 0.58117, entropy: 3.04785, expl_var: 0.566, d_expl_var: 0.072
[2024-02-07 18:39:23,823] batch: 56, len_episode: 15
[2024-02-07 18:39:25,302] kl: 0.01034, lr: 0.000593, loss: 3.38876, temp: 0.57535, entropy: 2.98397, expl_var: 0.574, d_expl_var: 0.088
[2024-02-07 18:39:35,571] batch: 57, len_episode: 12
[2024-02-07 18:39:37,043] kl: 0.00943, lr: 0.000593, loss: 3.45948, temp: 0.56960, entropy: 3.02597, expl_var: 0.557, d_expl_var: 0.102
[2024-02-07 18:39:47,672] batch: 58, len_episode: 12
[2024-02-07 18:39:49,156] kl: 0.00671, lr: 0.000593, loss: 3.36515, temp: 0.56391, entropy: 3.00354, expl_var: 0.596, d_expl_var: 0.053
[2024-02-07 18:39:55,200] batch: 59, len_episode: 7
[2024-02-07 18:39:56,682] kl: 0.00844, lr: 0.000593, loss: 3.49407, temp: 0.55827, entropy: 3.05162, expl_var: 0.535, d_expl_var: 0.081
[2024-02-07 18:40:09,505] batch: 60, len_episode: 14
[2024-02-07 18:40:11,009] kl: 0.00620, lr: 0.000593, loss: 3.43963, temp: 0.55268, entropy: 3.00040, expl_var: 0.560, d_expl_var: 0.080
[2024-02-07 18:40:21,651] batch: 61, len_episode: 13
[2024-02-07 18:40:23,143] kl: 0.01176, lr: 0.000593, loss: 3.39129, temp: 0.54716, entropy: 2.99605, expl_var: 0.565, d_expl_var: 0.068
[2024-02-07 18:40:37,644] batch: 62, len_episode: 16
[2024-02-07 18:40:39,091] kl: 0.00978, lr: 0.000593, loss: 3.43778, temp: 0.54169, entropy: 2.98851, expl_var: 0.575, d_expl_var: 0.090
[2024-02-07 18:40:48,064] batch: 63, len_episode: 10
[2024-02-07 18:40:49,560] kl: 0.01004, lr: 0.000593, loss: 3.43051, temp: 0.53627, entropy: 2.96757, expl_var: 0.505, d_expl_var: 0.052
[2024-02-07 18:40:59,238] batch: 64, len_episode: 11
[2024-02-07 18:41:00,723] kl: 0.01393, lr: 0.000593, loss: 3.32243, temp: 0.53091, entropy: 3.02694, expl_var: 0.651, d_expl_var: 0.084
[2024-02-07 18:41:10,038] batch: 65, len_episode: 10
[2024-02-07 18:41:11,550] kl: 0.01068, lr: 0.000593, loss: 3.35755, temp: 0.52560, entropy: 2.98110, expl_var: 0.609, d_expl_var: 0.070
[2024-02-07 18:41:25,072] batch: 66, len_episode: 16
[2024-02-07 18:41:26,559] kl: 0.01399, lr: 0.000593, loss: 3.40856, temp: 0.52034, entropy: 2.94313, expl_var: 0.563, d_expl_var: 0.099
[2024-02-07 18:41:36,811] batch: 67, len_episode: 11
[2024-02-07 18:41:38,282] kl: 0.01084, lr: 0.000593, loss: 3.37846, temp: 0.51514, entropy: 3.00875, expl_var: 0.556, d_expl_var: 0.062
[2024-02-07 18:41:49,337] batch: 68, len_episode: 12
[2024-02-07 18:41:50,810] kl: 0.01017, lr: 0.000593, loss: 3.34732, temp: 0.50999, entropy: 2.98607, expl_var: 0.593, d_expl_var: 0.079
[2024-02-07 18:41:58,316] batch: 69, len_episode: 8
[2024-02-07 18:41:59,803] kl: 0.00892, lr: 0.000593, loss: 3.32747, temp: 0.50489, entropy: 2.96257, expl_var: 0.610, d_expl_var: 0.105
[2024-02-07 18:42:07,666] batch: 70, len_episode: 9
[2024-02-07 18:42:09,141] kl: 0.00706, lr: 0.000593, loss: 3.33812, temp: 0.49984, entropy: 2.94496, expl_var: 0.598, d_expl_var: 0.064
[2024-02-07 18:42:16,419] batch: 71, len_episode: 8
[2024-02-07 18:42:17,893] kl: 0.00832, lr: 0.000593, loss: 3.35301, temp: 0.49484, entropy: 2.94053, expl_var: 0.554, d_expl_var: 0.062
[2024-02-07 18:42:25,169] batch: 72, len_episode: 10
[2024-02-07 18:42:26,672] kl: 0.00741, lr: 0.000593, loss: 3.25820, temp: 0.48989, entropy: 2.92302, expl_var: 0.613, d_expl_var: 0.097
[2024-02-07 18:42:34,441] batch: 73, len_episode: 9
[2024-02-07 18:42:35,943] kl: 0.01006, lr: 0.000593, loss: 3.36089, temp: 0.48499, entropy: 2.93574, expl_var: 0.607, d_expl_var: 0.079
[2024-02-07 18:42:48,233] batch: 74, len_episode: 13
[2024-02-07 18:42:49,716] kl: 0.01449, lr: 0.000593, loss: 3.22622, temp: 0.48014, entropy: 2.87192, expl_var: 0.607, d_expl_var: 0.063
[2024-02-07 18:43:03,054] batch: 75, len_episode: 15
[2024-02-07 18:43:04,536] kl: 0.01323, lr: 0.000593, loss: 3.36761, temp: 0.47534, entropy: 2.97305, expl_var: 0.589, d_expl_var: 0.060
[2024-02-07 18:43:10,330] batch: 76, len_episode: 7
[2024-02-07 18:43:11,818] kl: 0.01618, lr: 0.000395, loss: 3.31821, temp: 0.47059, entropy: 2.89248, expl_var: 0.558, d_expl_var: 0.071
[2024-02-07 18:43:25,670] batch: 77, len_episode: 15
[2024-02-07 18:43:27,155] kl: 0.00453, lr: 0.000395, loss: 3.35489, temp: 0.46588, entropy: 2.92628, expl_var: 0.560, d_expl_var: 0.067
[2024-02-07 18:43:36,677] batch: 78, len_episode: 10
[2024-02-07 18:43:38,171] kl: 0.01088, lr: 0.000395, loss: 3.26589, temp: 0.46122, entropy: 2.91160, expl_var: 0.591, d_expl_var: 0.078
[2024-02-07 18:43:54,508] batch: 79, len_episode: 18
[2024-02-07 18:43:56,026] kl: 0.01044, lr: 0.000395, loss: 3.35672, temp: 0.45661, entropy: 2.93233, expl_var: 0.538, d_expl_var: 0.051
