[2024-02-07 18:16:53,533] batch: 1, len_episode: 21
[2024-02-07 18:17:21,601] batch: 2, len_episode: 35
[2024-02-07 18:18:05,549] batch: 3, len_episode: 64
[2024-02-07 18:18:08,124] kl: 0.00424, lr: 0.002000, loss: 4.42467, temp: 0.98010, entropy: 4.15374, expl_var: -0.078, d_expl_var: -0.078
[2024-02-07 18:18:35,440] batch: 4, len_episode: 30
[2024-02-07 18:18:37,675] kl: 0.00261, lr: 0.003000, loss: 4.69453, temp: 0.97030, entropy: 4.14931, expl_var: 0.001, d_expl_var: 0.023
[2024-02-07 18:18:52,977] batch: 5, len_episode: 17
[2024-02-07 18:18:55,172] kl: 0.00150, lr: 0.004500, loss: 4.73206, temp: 0.96060, entropy: 4.14575, expl_var: 0.001, d_expl_var: -0.000
[2024-02-07 18:19:21,381] batch: 6, len_episode: 32
[2024-02-07 18:19:23,663] kl: 0.01053, lr: 0.004500, loss: 4.80553, temp: 0.95099, entropy: 4.13014, expl_var: -0.001, d_expl_var: -0.001
[2024-02-07 18:19:50,480] batch: 7, len_episode: 33
[2024-02-07 18:19:52,736] kl: 0.00760, lr: 0.004500, loss: 4.85576, temp: 0.94148, entropy: 4.12307, expl_var: 0.000, d_expl_var: 0.001
[2024-02-07 18:20:14,443] batch: 8, len_episode: 25
[2024-02-07 18:20:16,679] kl: 0.00473, lr: 0.004500, loss: 4.83344, temp: 0.93207, entropy: 4.12070, expl_var: 0.001, d_expl_var: 0.001
[2024-02-07 18:20:42,682] batch: 9, len_episode: 30
[2024-02-07 18:20:44,963] kl: 0.00842, lr: 0.004500, loss: 4.89033, temp: 0.92274, entropy: 4.10268, expl_var: 0.001, d_expl_var: 0.001
[2024-02-07 18:20:58,982] batch: 10, len_episode: 15
[2024-02-07 18:21:01,218] kl: 0.00648, lr: 0.004500, loss: 4.86023, temp: 0.91352, entropy: 4.10280, expl_var: 0.002, d_expl_var: 0.001
[2024-02-07 18:21:30,288] batch: 11, len_episode: 33
[2024-02-07 18:21:32,559] kl: 0.00840, lr: 0.004500, loss: 4.85586, temp: 0.90438, entropy: 4.09704, expl_var: 0.008, d_expl_var: 0.006
[2024-02-07 18:22:09,309] batch: 12, len_episode: 43
[2024-02-07 18:22:11,589] kl: 0.01255, lr: 0.004500, loss: 4.78391, temp: 0.89534, entropy: 4.06033, expl_var: 0.008, d_expl_var: 0.005
[2024-02-07 18:22:33,682] batch: 13, len_episode: 25
[2024-02-07 18:22:35,935] kl: 0.02133, lr: 0.003000, loss: 4.79443, temp: 0.88638, entropy: 4.11713, expl_var: 0.033, d_expl_var: 0.014
[2024-02-07 18:23:03,101] batch: 14, len_episode: 30
[2024-02-07 18:23:05,385] kl: 0.00452, lr: 0.003000, loss: 4.88226, temp: 0.87752, entropy: 4.12026, expl_var: 0.020, d_expl_var: 0.014
[2024-02-07 18:23:30,330] batch: 15, len_episode: 27
[2024-02-07 18:23:32,532] kl: 0.01208, lr: 0.003000, loss: 4.81319, temp: 0.86875, entropy: 4.06324, expl_var: 0.038, d_expl_var: 0.019
[2024-02-07 18:24:05,256] batch: 16, len_episode: 38
[2024-02-07 18:24:07,456] kl: 0.00638, lr: 0.003000, loss: 4.85474, temp: 0.86006, entropy: 4.09370, expl_var: 0.027, d_expl_var: -0.015
[2024-02-07 18:24:38,051] batch: 17, len_episode: 35
[2024-02-07 18:24:40,245] kl: 0.00590, lr: 0.003000, loss: 4.82973, temp: 0.85146, entropy: 4.07327, expl_var: 0.062, d_expl_var: 0.039
[2024-02-07 18:25:17,440] batch: 18, len_episode: 43
[2024-02-07 18:25:19,720] kl: 0.00676, lr: 0.003000, loss: 4.79425, temp: 0.84294, entropy: 4.08940, expl_var: 0.073, d_expl_var: 0.026
[2024-02-07 18:25:43,283] batch: 19, len_episode: 25
[2024-02-07 18:25:45,553] kl: 0.00557, lr: 0.003000, loss: 4.70982, temp: 0.83451, entropy: 4.06109, expl_var: 0.154, d_expl_var: 0.077
[2024-02-07 18:26:13,363] batch: 20, len_episode: 30
[2024-02-07 18:26:15,562] kl: 0.01041, lr: 0.003000, loss: 4.80586, temp: 0.82617, entropy: 4.07735, expl_var: 0.127, d_expl_var: 0.056
[2024-02-07 18:26:50,824] batch: 21, len_episode: 39
[2024-02-07 18:26:52,991] kl: 0.00667, lr: 0.003000, loss: 4.69427, temp: 0.81791, entropy: 4.08547, expl_var: 0.218, d_expl_var: 0.050
[2024-02-07 18:27:20,630] batch: 22, len_episode: 30
[2024-02-07 18:27:22,829] kl: 0.02224, lr: 0.002000, loss: 4.80828, temp: 0.80973, entropy: 4.11182, expl_var: 0.160, d_expl_var: 0.068
[2024-02-07 18:27:38,439] batch: 23, len_episode: 15
[2024-02-07 18:27:40,643] kl: 0.00464, lr: 0.002000, loss: 4.81228, temp: 0.80163, entropy: 4.05625, expl_var: 0.110, d_expl_var: 0.029
[2024-02-07 18:28:07,069] batch: 24, len_episode: 29
[2024-02-07 18:28:09,265] kl: 0.00924, lr: 0.002000, loss: 4.71873, temp: 0.79361, entropy: 4.08566, expl_var: 0.214, d_expl_var: 0.045
[2024-02-07 18:28:39,553] batch: 25, len_episode: 34
[2024-02-07 18:28:41,751] kl: 0.00340, lr: 0.003000, loss: 4.72609, temp: 0.78568, entropy: 4.08977, expl_var: 0.248, d_expl_var: 0.051
[2024-02-07 18:28:56,028] batch: 26, len_episode: 15
[2024-02-07 18:28:58,224] kl: 0.00632, lr: 0.003000, loss: 4.63108, temp: 0.77782, entropy: 4.04070, expl_var: 0.313, d_expl_var: 0.095
[2024-02-07 18:29:21,127] batch: 27, len_episode: 24
[2024-02-07 18:29:23,297] kl: 0.00988, lr: 0.003000, loss: 4.73851, temp: 0.77004, entropy: 4.08462, expl_var: 0.270, d_expl_var: 0.082
[2024-02-07 18:29:46,151] batch: 28, len_episode: 23
[2024-02-07 18:29:48,426] kl: 0.00282, lr: 0.004500, loss: 4.63891, temp: 0.76234, entropy: 4.07528, expl_var: 0.308, d_expl_var: 0.032
[2024-02-07 18:30:07,316] batch: 29, len_episode: 19
[2024-02-07 18:30:09,513] kl: 0.00964, lr: 0.004500, loss: 4.59572, temp: 0.75472, entropy: 4.06458, expl_var: 0.386, d_expl_var: 0.125
[2024-02-07 18:30:21,676] batch: 30, len_episode: 11
[2024-02-07 18:30:23,887] kl: 0.00805, lr: 0.004500, loss: 4.57166, temp: 0.74717, entropy: 4.04019, expl_var: 0.404, d_expl_var: 0.142
[2024-02-07 18:30:48,533] batch: 31, len_episode: 25
[2024-02-07 18:30:50,702] kl: 0.01405, lr: 0.004500, loss: 4.45921, temp: 0.73970, entropy: 4.01336, expl_var: 0.501, d_expl_var: 0.127
[2024-02-07 18:31:21,981] batch: 32, len_episode: 34
[2024-02-07 18:31:24,240] kl: 0.01685, lr: 0.003000, loss: 4.51712, temp: 0.73230, entropy: 3.97960, expl_var: 0.433, d_expl_var: 0.074
[2024-02-07 18:31:48,448] batch: 33, len_episode: 26
[2024-02-07 18:31:50,616] kl: 0.01984, lr: 0.002000, loss: 4.65376, temp: 0.72498, entropy: 4.07504, expl_var: 0.355, d_expl_var: 0.062
[2024-02-07 18:32:22,236] batch: 34, len_episode: 35
[2024-02-07 18:32:24,428] kl: 0.00328, lr: 0.003000, loss: 4.72399, temp: 0.71773, entropy: 4.07217, expl_var: 0.262, d_expl_var: 0.112
[2024-02-07 18:32:43,173] batch: 35, len_episode: 20
[2024-02-07 18:32:45,362] kl: 0.00970, lr: 0.003000, loss: 4.64241, temp: 0.71055, entropy: 4.02372, expl_var: 0.342, d_expl_var: 0.064
[2024-02-07 18:33:00,057] batch: 36, len_episode: 15
[2024-02-07 18:33:02,254] kl: 0.00920, lr: 0.003000, loss: 4.55341, temp: 0.70345, entropy: 4.02202, expl_var: 0.337, d_expl_var: 0.065
[2024-02-07 18:33:27,892] batch: 37, len_episode: 27
[2024-02-07 18:33:30,104] kl: 0.00862, lr: 0.003000, loss: 4.48402, temp: 0.69641, entropy: 3.98520, expl_var: 0.423, d_expl_var: 0.095
[2024-02-07 18:33:49,470] batch: 38, len_episode: 20
[2024-02-07 18:33:51,738] kl: 0.01483, lr: 0.003000, loss: 4.54869, temp: 0.68945, entropy: 4.01248, expl_var: 0.379, d_expl_var: 0.105
[2024-02-07 18:34:15,926] batch: 39, len_episode: 26
[2024-02-07 18:34:18,130] kl: 0.01314, lr: 0.003000, loss: 4.48891, temp: 0.68255, entropy: 4.03508, expl_var: 0.465, d_expl_var: 0.139
[2024-02-07 18:34:53,167] batch: 40, len_episode: 37
[2024-02-07 18:34:55,360] kl: 0.01404, lr: 0.003000, loss: 4.42089, temp: 0.67573, entropy: 3.98535, expl_var: 0.492, d_expl_var: 0.149
[2024-02-07 18:35:15,999] batch: 41, len_episode: 21
[2024-02-07 18:35:18,311] kl: 0.01278, lr: 0.003000, loss: 4.43326, temp: 0.66897, entropy: 3.99035, expl_var: 0.489, d_expl_var: 0.168
[2024-02-07 18:35:40,154] batch: 42, len_episode: 23
[2024-02-07 18:35:42,380] kl: 0.01190, lr: 0.003000, loss: 4.42490, temp: 0.66228, entropy: 3.96000, expl_var: 0.433, d_expl_var: 0.164
[2024-02-07 18:36:01,408] batch: 43, len_episode: 21
[2024-02-07 18:36:03,630] kl: 0.01244, lr: 0.003000, loss: 4.36910, temp: 0.65566, entropy: 3.97970, expl_var: 0.531, d_expl_var: 0.159
[2024-02-07 18:36:30,906] batch: 44, len_episode: 29
[2024-02-07 18:36:33,104] kl: 0.01164, lr: 0.003000, loss: 4.25284, temp: 0.64910, entropy: 3.95559, expl_var: 0.625, d_expl_var: 0.152
[2024-02-07 18:36:51,777] batch: 45, len_episode: 22
[2024-02-07 18:36:54,032] kl: 0.02125, lr: 0.002000, loss: 4.34151, temp: 0.64261, entropy: 3.96063, expl_var: 0.566, d_expl_var: 0.163
[2024-02-07 18:37:28,169] batch: 46, len_episode: 38
[2024-02-07 18:37:30,413] kl: 0.01420, lr: 0.002000, loss: 4.23271, temp: 0.63619, entropy: 3.95454, expl_var: 0.625, d_expl_var: 0.135
[2024-02-07 18:37:53,000] batch: 47, len_episode: 23
[2024-02-07 18:37:55,193] kl: 0.00843, lr: 0.002000, loss: 4.23841, temp: 0.62982, entropy: 3.92262, expl_var: 0.618, d_expl_var: 0.122
[2024-02-07 18:38:14,631] batch: 48, len_episode: 20
[2024-02-07 18:38:16,841] kl: 0.00933, lr: 0.002000, loss: 4.29744, temp: 0.62353, entropy: 3.89570, expl_var: 0.586, d_expl_var: 0.127
[2024-02-07 18:38:42,856] batch: 49, len_episode: 27
[2024-02-07 18:38:45,034] kl: 0.01292, lr: 0.002000, loss: 4.24582, temp: 0.61729, entropy: 3.85552, expl_var: 0.581, d_expl_var: 0.156
[2024-02-07 18:39:09,892] batch: 50, len_episode: 26
[2024-02-07 18:39:12,106] kl: 0.01242, lr: 0.002000, loss: 4.20916, temp: 0.61112, entropy: 3.92008, expl_var: 0.630, d_expl_var: 0.124
[2024-02-07 18:39:12,107] eval_batch: 50
[2024-02-07 18:42:44,158] n_uct: 1500, win: 0, lose: 10, tie: 0, first_turn_rate: 0.600
[2024-02-07 18:43:09,188] batch: 51, len_episode: 25
[2024-02-07 18:43:11,392] kl: 0.00869, lr: 0.002000, loss: 4.19974, temp: 0.60501, entropy: 3.86284, expl_var: 0.634, d_expl_var: 0.136
[2024-02-07 18:43:45,391] batch: 52, len_episode: 38
