[2023-12-04 13:00:09,657] Filepath does not exist: ./models_dens/best.h5
[2023-12-04 13:00:09,657] Initializing new model
[2023-12-04 13:00:11,795] Epoch 1, Loss 61.18074417114258
[2023-12-04 13:00:13,593] Epoch 2, Loss 25.831787109375
[2023-12-04 13:00:13,995] Epoch 3, Loss 15.513708114624023
[2023-12-04 13:00:15,443] Epoch 4, Loss 40.222862243652344
[2023-12-04 13:00:19,211] Epoch 5, Loss 208.69290161132812
[2023-12-04 13:00:21,268] Epoch 6, Loss 109.57841491699219
[2023-12-04 13:00:22,757] Epoch 7, Loss 40.402313232421875
[2023-12-04 13:00:25,269] Epoch 8, Loss 44.82353210449219
[2023-12-04 13:00:27,368] Epoch 9, Loss 98.16339111328125
[2023-12-04 13:00:28,899] Epoch 10, Loss 56.14153289794922
[2023-12-04 13:00:31,152] Epoch 11, Loss 47.614219665527344
[2023-12-04 13:00:32,866] Epoch 12, Loss 22.24188995361328
[2023-12-04 13:00:33,783] Epoch 13, Loss 16.656909942626953
[2023-12-04 13:00:34,242] Epoch 14, Loss 21.433364868164062
[2023-12-04 13:00:37,772] Epoch 15, Loss 85.10467529296875
[2023-12-04 13:00:38,353] Epoch 16, Loss 10.000800132751465
[2023-12-04 13:00:42,994] Epoch 17, Loss 55.43012619018555
[2023-12-04 13:00:43,441] Epoch 18, Loss 8.541559219360352
[2023-12-04 13:00:43,885] Epoch 19, Loss 8.456754684448242
[2023-12-04 13:00:44,554] Epoch 20, Loss 31.32775115966797
[2023-12-04 13:00:45,118] Epoch 21, Loss 58.94184875488281
[2023-12-04 13:00:45,551] Epoch 22, Loss 8.239707946777344
[2023-12-04 13:00:46,034] Epoch 23, Loss 12.711529731750488
[2023-12-04 13:00:47,081] Epoch 24, Loss 30.993175506591797
[2023-12-04 13:00:47,527] Epoch 25, Loss 7.883023262023926
[2023-12-04 13:00:48,297] Epoch 26, Loss 8.27939224243164
[2023-12-04 13:00:51,401] Epoch 27, Loss 31.764671325683594
[2023-12-04 13:00:54,708] Epoch 28, Loss 43.093719482421875
[2023-12-04 13:00:57,096] Epoch 29, Loss 29.200529098510742
[2023-12-04 13:00:58,426] Epoch 30, Loss 26.481136322021484
[2023-12-04 13:00:58,909] Epoch 31, Loss 7.190339088439941
[2023-12-04 13:00:59,389] Epoch 32, Loss 7.155013561248779
[2023-12-04 13:00:59,911] Epoch 33, Loss 7.68873405456543
[2023-12-04 13:01:06,184] Epoch 34, Loss 2.516083002090454
[2023-12-04 13:01:06,602] Epoch 35, Loss 18.265302658081055
[2023-12-04 13:01:07,083] Epoch 36, Loss 6.916953086853027
[2023-12-04 13:01:13,234] Epoch 37, Loss 21.06944465637207
[2023-12-04 13:01:14,224] Epoch 38, Loss 35.841529846191406
[2023-12-04 13:01:17,062] Epoch 39, Loss 102.60028839111328
[2023-12-04 13:01:18,975] Epoch 40, Loss 55.416015625
[2023-12-04 13:01:19,332] Epoch 41, Loss 6.552472114562988
[2023-12-04 13:01:19,911] Epoch 42, Loss 22.35782241821289
[2023-12-04 13:01:26,169] Epoch 43, Loss 2.0233259201049805
[2023-12-04 13:01:30,633] Epoch 44, Loss 94.7101821899414
[2023-12-04 13:01:35,477] Epoch 45, Loss 186.02220153808594
[2023-12-04 13:01:36,809] Epoch 46, Loss 27.89723014831543
[2023-12-04 13:01:39,946] Epoch 47, Loss 65.17325592041016
[2023-12-04 13:01:40,370] Epoch 48, Loss 6.650949001312256
[2023-12-04 13:01:43,184] Epoch 49, Loss 54.743507385253906
[2023-12-04 13:01:43,683] Epoch 50, Loss 11.294217109680176
[2023-12-04 13:03:07,985] ./models_dens/epoch_50.h5 is saved as the latest model
[2023-12-04 13:03:10,344] Epoch 51, Loss 82.6334228515625
[2023-12-04 13:03:11,506] Epoch 52, Loss 97.46429443359375
[2023-12-04 13:03:12,608] Epoch 53, Loss 17.49901580810547
[2023-12-04 13:03:13,913] Epoch 54, Loss 66.8121566772461
[2023-12-04 13:03:18,009] Epoch 55, Loss 62.513919830322266
[2023-12-04 13:03:21,112] Epoch 56, Loss 85.9652328491211
[2023-12-04 13:03:26,365] Epoch 57, Loss 8.338894844055176
[2023-12-04 13:03:28,875] Epoch 58, Loss 54.22075271606445
[2023-12-04 13:03:33,639] Epoch 59, Loss 99.00917053222656
[2023-12-04 13:03:34,967] Epoch 60, Loss 24.233457565307617
[2023-12-04 13:03:36,896] Epoch 61, Loss 37.01955032348633
[2023-12-04 13:03:38,018] Epoch 62, Loss 20.7674503326416
[2023-12-04 13:03:40,440] Epoch 63, Loss 20.455175399780273
[2023-12-04 13:03:41,391] Epoch 64, Loss 8.36479377746582
[2023-12-04 13:03:42,469] Epoch 65, Loss 16.478649139404297
[2023-12-04 13:03:43,450] Epoch 66, Loss 17.677045822143555
[2023-12-04 13:03:46,397] Epoch 67, Loss 70.63341522216797
[2023-12-04 13:03:47,813] Epoch 68, Loss 11.23373031616211
[2023-12-04 13:03:51,183] Epoch 69, Loss 90.20366668701172
[2023-12-04 13:03:57,488] Epoch 70, Loss 1.5793135166168213
[2023-12-04 13:03:58,985] Epoch 71, Loss 21.059654235839844
[2023-12-04 13:04:00,722] Epoch 72, Loss 33.19860076904297
[2023-12-04 13:04:02,256] Epoch 73, Loss 30.517349243164062
[2023-12-04 13:04:04,205] Epoch 74, Loss 37.71302032470703
[2023-12-04 13:04:09,901] Epoch 75, Loss 85.03797149658203
[2023-12-04 13:04:12,693] Epoch 76, Loss 97.86463928222656
[2023-12-04 13:04:14,647] Epoch 77, Loss 19.259706497192383
[2023-12-04 13:04:17,001] Epoch 78, Loss 49.65656280517578
[2023-12-04 13:04:18,632] Epoch 79, Loss 34.507808685302734
[2023-12-04 13:04:21,842] Epoch 80, Loss 54.71605682373047
[2023-12-04 13:04:23,830] Epoch 81, Loss 39.32632827758789
[2023-12-04 13:04:24,734] Epoch 82, Loss 21.338834762573242
[2023-12-04 13:04:26,963] Epoch 83, Loss 48.67020797729492
[2023-12-04 13:04:28,191] Epoch 84, Loss 63.187950134277344
[2023-12-04 13:04:29,794] Epoch 85, Loss 19.351947784423828
[2023-12-04 13:04:30,920] Epoch 86, Loss 15.056291580200195
[2023-12-04 13:04:33,147] Epoch 87, Loss 80.43931579589844
[2023-12-04 13:04:34,074] Epoch 88, Loss 30.565189361572266
[2023-12-04 13:04:34,845] Epoch 89, Loss 15.626029968261719
[2023-12-04 13:04:35,612] Epoch 90, Loss 10.796361923217773
[2023-12-04 13:04:36,571] Epoch 91, Loss 22.795263290405273
[2023-12-04 13:04:38,121] Epoch 92, Loss 72.6929931640625
[2023-12-04 13:04:39,623] Epoch 93, Loss 29.381160736083984
[2023-12-04 13:04:41,827] Epoch 94, Loss 104.30076599121094
[2023-12-04 13:04:42,937] Epoch 95, Loss 59.56110382080078
[2023-12-04 13:04:45,742] Epoch 96, Loss 147.89443969726562
[2023-12-04 13:04:48,321] Epoch 97, Loss 55.65889358520508
[2023-12-04 13:04:50,262] Epoch 98, Loss 44.432376861572266
[2023-12-04 13:04:54,893] Epoch 99, Loss 57.67716598510742
[2023-12-04 13:04:55,752] Epoch 100, Loss 25.4400577545166
[2023-12-04 13:06:18,426] ./models_dens/epoch_100.h5 is saved as the latest model
[2023-12-04 13:06:19,496] Epoch 101, Loss 24.238697052001953
[2023-12-04 13:06:19,955] Epoch 102, Loss 12.174195289611816
[2023-12-04 13:06:22,156] Epoch 103, Loss 49.10627365112305
[2023-12-04 13:06:22,522] Epoch 104, Loss 14.402026176452637
[2023-12-04 13:06:23,772] Epoch 105, Loss 113.56449127197266
[2023-12-04 13:06:25,440] Epoch 106, Loss 36.9437141418457
[2023-12-04 13:06:30,786] Epoch 107, Loss 164.4718017578125
[2023-12-04 13:06:31,756] Epoch 108, Loss 15.226104736328125
[2023-12-04 13:06:32,375] Epoch 109, Loss 14.118295669555664
[2023-12-04 13:06:33,090] Epoch 110, Loss 15.711907386779785
[2023-12-04 13:06:34,045] Epoch 111, Loss 16.242151260375977
[2023-12-04 13:06:34,866] Epoch 112, Loss 22.685832977294922
[2023-12-04 13:06:35,683] Epoch 113, Loss 22.24329948425293
[2023-12-04 13:06:38,742] Epoch 114, Loss 58.27777862548828
[2023-12-04 13:06:39,570] Epoch 115, Loss 15.832469940185547
[2023-12-04 13:06:40,708] Epoch 116, Loss 27.4740047454834
[2023-12-04 13:06:43,008] Epoch 117, Loss 52.574371337890625
[2023-12-04 13:06:44,896] Epoch 118, Loss 37.32556915283203
[2023-12-04 13:06:47,203] Epoch 119, Loss 54.29359436035156
[2023-12-04 13:06:48,034] Epoch 120, Loss 20.311098098754883
[2023-12-04 13:06:48,904] Epoch 121, Loss 15.609536170959473
[2023-12-04 13:06:50,424] Epoch 122, Loss 18.428043365478516
[2023-12-04 13:06:53,881] Epoch 123, Loss 139.88099670410156
[2023-12-04 13:06:56,447] Epoch 124, Loss 39.25965118408203
[2023-12-04 13:06:57,053] Epoch 125, Loss 8.421321868896484
[2023-12-04 13:07:00,641] Epoch 126, Loss 59.13993835449219
[2023-12-04 13:07:01,515] Epoch 127, Loss 12.451269149780273
[2023-12-04 13:07:02,477] Epoch 128, Loss 24.161470413208008
[2023-12-04 13:07:03,509] Epoch 129, Loss 13.201432228088379
[2023-12-04 13:07:05,045] Epoch 130, Loss 122.62472534179688
[2023-12-04 13:07:05,688] Epoch 131, Loss 9.961139678955078
[2023-12-04 13:07:11,047] Epoch 132, Loss 102.54379272460938
[2023-12-04 13:07:12,111] Epoch 133, Loss 10.949881553649902
[2023-12-04 13:07:12,648] Epoch 134, Loss 22.907543182373047
[2023-12-04 13:07:13,145] Epoch 135, Loss 20.64318084716797
[2023-12-04 13:07:14,832] Epoch 136, Loss 37.97002410888672
[2023-12-04 13:07:15,762] Epoch 137, Loss 41.82609558105469
[2023-12-04 13:07:17,398] Epoch 138, Loss 138.4108428955078
[2023-12-04 13:07:18,181] Epoch 139, Loss 11.899147987365723
[2023-12-04 13:07:19,100] Epoch 140, Loss 20.6387996673584
[2023-12-04 13:07:19,768] Epoch 141, Loss 21.847347259521484
[2023-12-04 13:07:20,252] Epoch 142, Loss 23.470247268676758
[2023-12-04 13:07:22,886] Epoch 143, Loss 78.52425384521484
[2023-12-04 13:07:24,360] Epoch 144, Loss 63.91841506958008
[2023-12-04 13:07:25,320] Epoch 145, Loss 11.843465805053711
[2023-12-04 13:07:26,227] Epoch 146, Loss 48.67876434326172
[2023-12-04 13:07:27,410] Epoch 147, Loss 29.002084732055664
[2023-12-04 13:07:28,615] Epoch 148, Loss 30.34357452392578
[2023-12-04 13:07:30,647] Epoch 149, Loss 43.87154006958008
[2023-12-04 13:07:34,494] Epoch 150, Loss 137.270263671875
[2023-12-04 13:08:44,908] ./models_dens/epoch_150.h5 is saved as the latest model
[2023-12-04 13:08:46,922] Epoch 151, Loss 32.28522491455078
[2023-12-04 13:08:47,664] Epoch 152, Loss 34.13109588623047
[2023-12-04 13:08:49,848] Epoch 153, Loss 100.23109436035156
[2023-12-04 13:08:50,770] Epoch 154, Loss 94.40862274169922
[2023-12-04 13:08:51,850] Epoch 155, Loss 31.8778076171875
[2023-12-04 13:08:54,886] Epoch 156, Loss 152.59812927246094
[2023-12-04 13:08:55,987] Epoch 157, Loss 21.068843841552734
[2023-12-04 13:08:56,498] Epoch 158, Loss 14.202199935913086
[2023-12-04 13:08:59,554] Epoch 159, Loss 200.84552001953125
[2023-12-04 13:09:00,128] Epoch 160, Loss 17.790346145629883
[2023-12-04 13:09:02,370] Epoch 161, Loss 46.028282165527344
[2023-12-04 13:09:03,268] Epoch 162, Loss 42.50407409667969
[2023-12-04 13:09:05,114] Epoch 163, Loss 121.58844757080078
[2023-12-04 13:09:07,498] Epoch 164, Loss 145.88882446289062
[2023-12-04 13:09:11,002] Epoch 165, Loss 129.0797119140625
[2023-12-04 13:09:12,032] Epoch 166, Loss 28.476459503173828
[2023-12-04 13:09:13,791] Epoch 167, Loss 31.803428649902344
[2023-12-04 13:09:15,287] Epoch 168, Loss 29.924423217773438
[2023-12-04 13:09:17,910] Epoch 169, Loss 49.525936126708984
[2023-12-04 13:09:19,175] Epoch 170, Loss 48.00242233276367
[2023-12-04 13:09:22,039] Epoch 171, Loss 51.14458084106445
[2023-12-04 13:09:22,288] Epoch 172, Loss 11.812538146972656
[2023-12-04 13:09:22,964] Epoch 173, Loss 14.796894073486328
[2023-12-04 13:09:24,839] Epoch 174, Loss 23.85264778137207
[2023-12-04 13:09:26,575] Epoch 175, Loss 30.129955291748047
[2023-12-04 13:09:30,191] Epoch 176, Loss 86.28753662109375
[2023-12-04 13:09:35,246] Epoch 177, Loss 159.26026916503906
[2023-12-04 13:09:37,138] Epoch 178, Loss 33.18410110473633
[2023-12-04 13:09:38,563] Epoch 179, Loss 37.190521240234375
[2023-12-04 13:09:39,129] Epoch 180, Loss 63.000579833984375
[2023-12-04 13:09:40,438] Epoch 181, Loss 66.91618347167969
[2023-12-04 13:09:42,748] Epoch 182, Loss 107.35353088378906
[2023-12-04 13:09:43,930] Epoch 183, Loss 20.737979888916016
[2023-12-04 13:09:44,472] Epoch 184, Loss 26.06879425048828
[2023-12-04 13:09:46,033] Epoch 185, Loss 40.77883529663086
[2023-12-04 13:09:47,055] Epoch 186, Loss 41.40031433105469
[2023-12-04 13:09:50,006] Epoch 187, Loss 146.1533203125
[2023-12-04 13:09:51,688] Epoch 188, Loss 34.192806243896484
[2023-12-04 13:09:52,782] Epoch 189, Loss 21.877975463867188
[2023-12-04 13:09:53,570] Epoch 190, Loss 125.35452270507812
[2023-12-04 13:09:54,494] Epoch 191, Loss 29.453763961791992
[2023-12-04 13:09:55,560] Epoch 192, Loss 67.98941040039062
[2023-12-04 13:09:59,396] Epoch 193, Loss 271.57513427734375
[2023-12-04 13:09:59,680] Epoch 194, Loss 16.282604217529297
[2023-12-04 13:10:02,949] Epoch 195, Loss 187.60653686523438
[2023-12-04 13:10:04,124] Epoch 196, Loss 28.77945327758789
[2023-12-04 13:10:05,198] Epoch 197, Loss 39.86528778076172
[2023-12-04 13:10:05,730] Epoch 198, Loss 8.683855056762695
[2023-12-04 13:10:06,715] Epoch 199, Loss 24.06548500061035
[2023-12-04 13:10:07,613] Epoch 200, Loss 27.025447845458984
[2023-12-04 13:12:15,455] ./models_dens/epoch_200.h5 is saved as the latest model
[2023-12-04 13:12:19,459] Epoch 201, Loss 133.94886779785156
[2023-12-04 13:12:21,737] Epoch 202, Loss 120.71452331542969
[2023-12-04 13:12:23,717] Epoch 203, Loss 63.329280853271484
[2023-12-04 13:12:25,533] Epoch 204, Loss 41.175174713134766
[2023-12-04 13:12:28,543] Epoch 205, Loss 73.31034851074219
[2023-12-04 13:12:32,086] Epoch 206, Loss 51.47904586791992
[2023-12-04 13:12:32,543] Epoch 207, Loss 8.682043075561523
[2023-12-04 13:12:33,600] Epoch 208, Loss 12.045135498046875
[2023-12-04 13:12:35,430] Epoch 209, Loss 40.75696563720703
[2023-12-04 13:12:39,026] Epoch 210, Loss 77.67483520507812
[2023-12-04 13:12:40,251] Epoch 211, Loss 18.595169067382812
[2023-12-04 13:12:44,195] Epoch 212, Loss 94.53759765625
[2023-12-04 13:12:47,000] Epoch 213, Loss 136.28213500976562
[2023-12-04 13:12:47,845] Epoch 214, Loss 58.51118087768555
[2023-12-04 13:12:51,876] Epoch 215, Loss 75.35380554199219
[2023-12-04 13:12:53,693] Epoch 216, Loss 47.45668029785156
[2023-12-04 13:12:55,107] Epoch 217, Loss 39.64231872558594
[2023-12-04 13:12:58,354] Epoch 218, Loss 148.08319091796875
[2023-12-04 13:13:01,072] Epoch 219, Loss 58.58481979370117
[2023-12-04 13:13:02,590] Epoch 220, Loss 88.55333709716797
[2023-12-04 13:13:03,297] Epoch 221, Loss 20.078487396240234
[2023-12-04 13:13:03,861] Epoch 222, Loss 9.488621711730957
[2023-12-04 13:13:04,768] Epoch 223, Loss 69.46992492675781
[2023-12-04 13:13:05,176] Epoch 224, Loss 20.57811737060547
[2023-12-04 13:13:05,707] Epoch 225, Loss 8.662171363830566
[2023-12-04 13:13:07,535] Epoch 226, Loss 35.545318603515625
[2023-12-04 13:13:08,709] Epoch 227, Loss 105.00460052490234
[2023-12-04 13:13:11,182] Epoch 228, Loss 96.52149963378906
[2023-12-04 13:13:14,462] Epoch 229, Loss 42.13395309448242
[2023-12-04 13:13:17,171] Epoch 230, Loss 38.29022979736328
[2023-12-04 13:13:18,059] Epoch 231, Loss 19.82682228088379
[2023-12-04 13:13:18,487] Epoch 232, Loss 14.548927307128906
[2023-12-04 13:13:19,376] Epoch 233, Loss 18.708345413208008
[2023-12-04 13:13:20,347] Epoch 234, Loss 27.015817642211914
[2023-12-04 13:13:24,592] Epoch 235, Loss 183.49649047851562
[2023-12-04 13:13:26,200] Epoch 236, Loss 68.59584045410156
[2023-12-04 13:13:27,455] Epoch 237, Loss 22.932842254638672
[2023-12-04 13:13:31,567] Epoch 238, Loss 71.93164825439453
[2023-12-04 13:13:35,225] Epoch 239, Loss 144.55325317382812
[2023-12-04 13:13:37,340] Epoch 240, Loss 33.16804122924805
[2023-12-04 13:13:37,997] Epoch 241, Loss 27.672548294067383
[2023-12-04 13:13:38,411] Epoch 242, Loss 9.513344764709473
[2023-12-04 13:13:40,697] Epoch 243, Loss 62.54220962524414
[2023-12-04 13:13:42,145] Epoch 244, Loss 84.19095611572266
[2023-12-04 13:13:43,648] Epoch 245, Loss 50.00629425048828
[2023-12-04 13:13:45,633] Epoch 246, Loss 41.222625732421875
[2023-12-04 13:13:46,855] Epoch 247, Loss 33.92137145996094
[2023-12-04 13:13:49,135] Epoch 248, Loss 79.84368896484375
[2023-12-04 13:13:49,760] Epoch 249, Loss 18.110973358154297
[2023-12-04 13:13:50,776] Epoch 250, Loss 22.89912986755371
[2023-12-04 13:16:14,684] ./models_dens/epoch_250.h5 is saved as the latest model
[2023-12-04 13:16:15,958] Epoch 251, Loss 11.368256568908691
[2023-12-04 13:16:16,939] Epoch 252, Loss 12.162819862365723
[2023-12-04 13:16:18,698] Epoch 253, Loss 49.672061920166016
[2023-12-04 13:16:21,257] Epoch 254, Loss 91.9648666381836
[2023-12-04 13:16:21,807] Epoch 255, Loss 57.13553237915039
[2023-12-04 13:16:25,841] Epoch 256, Loss 108.59491729736328
[2023-12-04 13:16:29,006] Epoch 257, Loss 77.3279037475586
[2023-12-04 13:16:30,755] Epoch 258, Loss 80.57299041748047
[2023-12-04 13:16:32,962] Epoch 259, Loss 85.31871795654297
[2023-12-04 13:16:33,761] Epoch 260, Loss 15.787674903869629
[2023-12-04 13:16:35,909] Epoch 261, Loss 39.89341354370117
[2023-12-04 13:16:38,627] Epoch 262, Loss 90.14326477050781
[2023-12-04 13:16:39,224] Epoch 263, Loss 23.458179473876953
[2023-12-04 13:16:45,367] Epoch 264, Loss 5.6147027015686035
[2023-12-04 13:16:49,703] Epoch 265, Loss 60.932838439941406
[2023-12-04 13:16:51,595] Epoch 266, Loss 25.530447006225586
[2023-12-04 13:16:52,686] Epoch 267, Loss 32.330177307128906
[2023-12-04 13:16:53,301] Epoch 268, Loss 25.049850463867188
[2023-12-04 13:16:54,062] Epoch 269, Loss 22.90523910522461
[2023-12-04 13:16:54,752] Epoch 270, Loss 28.75704002380371
[2023-12-04 13:16:57,417] Epoch 271, Loss 73.81151580810547
[2023-12-04 13:16:58,024] Epoch 272, Loss 26.266448974609375
[2023-12-04 13:16:59,040] Epoch 273, Loss 17.32386016845703
[2023-12-04 13:16:59,804] Epoch 274, Loss 28.150320053100586
[2023-12-04 13:17:00,259] Epoch 275, Loss 10.024412155151367
[2023-12-04 13:17:02,251] Epoch 276, Loss 25.398651123046875
[2023-12-04 13:17:06,308] Epoch 277, Loss 44.537620544433594
[2023-12-04 13:17:07,913] Epoch 278, Loss 30.72466278076172
[2023-12-04 13:17:10,543] Epoch 279, Loss 41.56251907348633
[2023-12-04 13:17:11,288] Epoch 280, Loss 28.065372467041016
[2023-12-04 13:17:12,171] Epoch 281, Loss 22.741313934326172
[2023-12-04 13:17:14,836] Epoch 282, Loss 51.416866302490234
[2023-12-04 13:17:16,294] Epoch 283, Loss 15.489128112792969
[2023-12-04 13:17:16,894] Epoch 284, Loss 29.047792434692383
[2023-12-04 13:17:22,865] Epoch 285, Loss 12.529666900634766
[2023-12-04 13:17:25,653] Epoch 286, Loss 73.12142181396484
[2023-12-04 13:17:26,363] Epoch 287, Loss 27.542814254760742
[2023-12-04 13:17:29,716] Epoch 288, Loss 59.18726348876953
[2023-12-04 13:17:30,125] Epoch 289, Loss 11.194429397583008
[2023-12-04 13:17:31,076] Epoch 290, Loss 32.94554138183594
[2023-12-04 13:17:35,576] Epoch 291, Loss 68.80589294433594
[2023-12-04 13:17:36,281] Epoch 292, Loss 10.19688892364502
[2023-12-04 13:17:37,699] Epoch 293, Loss 17.934724807739258
[2023-12-04 13:17:38,814] Epoch 294, Loss 31.783533096313477
[2023-12-04 13:17:41,021] Epoch 295, Loss 76.00016021728516
[2023-12-04 13:17:43,447] Epoch 296, Loss 39.56825256347656
[2023-12-04 13:17:43,939] Epoch 297, Loss 10.461431503295898
[2023-12-04 13:17:44,413] Epoch 298, Loss 10.730792999267578
[2023-12-04 13:17:44,966] Epoch 299, Loss 31.753450393676758
[2023-12-04 13:17:46,047] Epoch 300, Loss 28.008941650390625
[2023-12-04 13:23:08,918] ./models_dens/epoch_300.h5 is saved as the latest model
[2023-12-04 13:23:11,689] Epoch 301, Loss 65.10490417480469
[2023-12-04 13:23:13,023] Epoch 302, Loss 125.66130065917969
[2023-12-04 13:23:13,494] Epoch 303, Loss 12.082281112670898
[2023-12-04 13:23:14,266] Epoch 304, Loss 13.455954551696777
[2023-12-04 13:23:15,234] Epoch 305, Loss 18.823062896728516
[2023-12-04 13:23:15,938] Epoch 306, Loss 23.79782485961914
[2023-12-04 13:23:17,119] Epoch 307, Loss 35.95512771606445
[2023-12-04 13:23:17,846] Epoch 308, Loss 35.891876220703125
[2023-12-04 13:23:19,810] Epoch 309, Loss 40.748573303222656
[2023-12-04 13:23:20,133] Epoch 310, Loss 10.463024139404297
[2023-12-04 13:23:22,399] Epoch 311, Loss 133.14073181152344
[2023-12-04 13:23:24,536] Epoch 312, Loss 63.84549331665039
[2023-12-04 13:23:25,670] Epoch 313, Loss 48.140098571777344
[2023-12-04 13:23:26,310] Epoch 314, Loss 32.778446197509766
[2023-12-04 13:23:31,936] Epoch 315, Loss 23.386619567871094
[2023-12-04 13:23:32,522] Epoch 316, Loss 11.330101013183594
[2023-12-04 13:23:34,553] Epoch 317, Loss 123.29810333251953
[2023-12-04 13:23:35,511] Epoch 318, Loss 13.813430786132812
[2023-12-04 13:23:36,517] Epoch 319, Loss 16.575542449951172
[2023-12-04 13:23:40,154] Epoch 320, Loss 120.59972381591797
[2023-12-04 13:23:42,870] Epoch 321, Loss 61.82372283935547
[2023-12-04 13:23:43,797] Epoch 322, Loss 24.43366813659668
[2023-12-04 13:23:46,002] Epoch 323, Loss 41.49083709716797
[2023-12-04 13:23:47,688] Epoch 324, Loss 42.193519592285156
[2023-12-04 13:23:50,069] Epoch 325, Loss 41.69770812988281
[2023-12-04 13:23:51,732] Epoch 326, Loss 47.20231628417969
[2023-12-04 13:23:54,602] Epoch 327, Loss 90.77880096435547
[2023-12-04 13:23:57,274] Epoch 328, Loss 55.83540725708008
[2023-12-04 13:23:59,122] Epoch 329, Loss 32.70412826538086
[2023-12-04 13:24:00,570] Epoch 330, Loss 20.515832901000977
[2023-12-04 13:24:01,666] Epoch 331, Loss 35.275875091552734
[2023-12-04 13:24:02,214] Epoch 332, Loss 12.390547752380371
[2023-12-04 13:24:03,790] Epoch 333, Loss 41.64611053466797
[2023-12-04 13:24:05,104] Epoch 334, Loss 28.860767364501953
[2023-12-04 13:24:08,905] Epoch 335, Loss 59.09125518798828
[2023-12-04 13:24:10,432] Epoch 336, Loss 20.67104721069336
[2023-12-04 13:24:12,971] Epoch 337, Loss 109.28777313232422
[2023-12-04 13:24:16,053] Epoch 338, Loss 50.72592544555664
[2023-12-04 13:24:17,700] Epoch 339, Loss 43.170692443847656
[2023-12-04 13:24:19,006] Epoch 340, Loss 49.73136520385742
[2023-12-04 13:24:21,150] Epoch 341, Loss 94.24547576904297
[2023-12-04 13:24:23,866] Epoch 342, Loss 82.0964584350586
[2023-12-04 13:24:26,524] Epoch 343, Loss 109.86122131347656
[2023-12-04 13:24:29,232] Epoch 344, Loss 39.53346633911133
[2023-12-04 13:24:31,330] Epoch 345, Loss 92.77128601074219
[2023-12-04 13:24:32,023] Epoch 346, Loss 64.18135833740234
[2023-12-04 13:24:33,739] Epoch 347, Loss 28.844303131103516
[2023-12-04 13:24:36,949] Epoch 348, Loss 68.06648254394531
[2023-12-04 13:24:37,920] Epoch 349, Loss 18.096424102783203
[2023-12-04 13:24:38,917] Epoch 350, Loss 69.53836059570312
[2023-12-04 13:26:00,742] ./models_dens/epoch_350.h5 is saved as the latest model
[2023-12-04 13:26:02,709] Epoch 351, Loss 76.90428924560547
[2023-12-04 13:26:05,818] Epoch 352, Loss 74.33406829833984
[2023-12-04 13:26:07,302] Epoch 353, Loss 31.541481018066406
[2023-12-04 13:26:13,193] Epoch 354, Loss 21.138639450073242
[2023-12-04 13:26:16,520] Epoch 355, Loss 65.19717407226562
[2023-12-04 13:26:17,393] Epoch 356, Loss 29.185001373291016
[2023-12-04 13:26:18,528] Epoch 357, Loss 22.11566925048828
[2023-12-04 13:26:21,663] Epoch 358, Loss 99.48442840576172
[2023-12-04 13:26:22,733] Epoch 359, Loss 45.47958755493164
[2023-12-04 13:26:22,997] Epoch 360, Loss 10.762763023376465
[2023-12-04 13:26:24,266] Epoch 361, Loss 72.23876953125
[2023-12-04 13:26:28,677] Epoch 362, Loss 104.07054901123047
[2023-12-04 13:26:30,269] Epoch 363, Loss 58.153175354003906
[2023-12-04 13:26:32,181] Epoch 364, Loss 34.83493423461914
[2023-12-04 13:26:35,285] Epoch 365, Loss 67.31050109863281
[2023-12-04 13:26:36,130] Epoch 366, Loss 9.365531921386719
[2023-12-04 13:26:36,426] Epoch 367, Loss 5.689915657043457
[2023-12-04 13:26:37,711] Epoch 368, Loss 42.615150451660156
[2023-12-04 13:26:40,382] Epoch 369, Loss 35.091957092285156
[2023-12-04 13:26:42,481] Epoch 370, Loss 56.237449645996094
[2023-12-04 13:26:45,395] Epoch 371, Loss 76.44410705566406
[2023-12-04 13:26:47,996] Epoch 372, Loss 56.63001251220703
[2023-12-04 13:26:48,565] Epoch 373, Loss 9.879725456237793
[2023-12-04 13:26:50,637] Epoch 374, Loss 18.04987335205078
[2023-12-04 13:26:52,199] Epoch 375, Loss 52.86869430541992
[2023-12-04 13:26:53,094] Epoch 376, Loss 10.889245986938477
[2023-12-04 13:26:55,998] Epoch 377, Loss 73.70806884765625
[2023-12-04 13:26:56,741] Epoch 378, Loss 53.84914016723633
[2023-12-04 13:26:58,409] Epoch 379, Loss 33.91806411743164
[2023-12-04 13:26:59,759] Epoch 380, Loss 69.19284057617188
[2023-12-04 13:27:01,524] Epoch 381, Loss 91.40312194824219
[2023-12-04 13:27:05,711] Epoch 382, Loss 194.4839630126953
[2023-12-04 13:27:07,573] Epoch 383, Loss 29.16643524169922
[2023-12-04 13:27:08,330] Epoch 384, Loss 10.60856819152832
[2023-12-04 13:27:10,037] Epoch 385, Loss 41.08489227294922
[2023-12-04 13:27:14,279] Epoch 386, Loss 56.852882385253906
[2023-12-04 13:27:15,740] Epoch 387, Loss 93.08809661865234
[2023-12-04 13:27:18,458] Epoch 388, Loss 61.28266906738281
[2023-12-04 13:27:18,760] Epoch 389, Loss 25.953018188476562
[2023-12-04 13:27:19,433] Epoch 390, Loss 32.73889923095703
[2023-12-04 13:27:20,876] Epoch 391, Loss 40.91165542602539
[2023-12-04 13:27:21,646] Epoch 392, Loss 15.267707824707031
[2023-12-04 13:27:22,367] Epoch 393, Loss 24.785337448120117
[2023-12-04 13:27:25,068] Epoch 394, Loss 56.110599517822266
[2023-12-04 13:27:25,764] Epoch 395, Loss 13.941093444824219
[2023-12-04 13:27:31,024] Epoch 396, Loss 3.8325679302215576
[2023-12-04 13:27:33,257] Epoch 397, Loss 98.28501892089844
[2023-12-04 13:27:34,389] Epoch 398, Loss 19.152992248535156
[2023-12-04 13:27:38,484] Epoch 399, Loss 154.2779541015625
[2023-12-04 13:27:39,136] Epoch 400, Loss 13.40896987915039
[2023-12-04 13:30:17,357] ./models_dens/epoch_400.h5 is saved as the latest model
[2023-12-04 13:30:17,944] Epoch 401, Loss 21.360498428344727
[2023-12-04 13:30:20,031] Epoch 402, Loss 90.10169219970703
[2023-12-04 13:30:22,371] Epoch 403, Loss 55.4289436340332
[2023-12-04 13:30:23,629] Epoch 404, Loss 42.2476806640625
[2023-12-04 13:30:25,427] Epoch 405, Loss 32.668052673339844
[2023-12-04 13:30:25,810] Epoch 406, Loss 14.282925605773926
[2023-12-04 13:30:26,789] Epoch 407, Loss 36.70842742919922
[2023-12-04 13:30:28,925] Epoch 408, Loss 43.9084587097168
[2023-12-04 13:30:29,878] Epoch 409, Loss 65.67793273925781
[2023-12-04 13:30:31,623] Epoch 410, Loss 46.663272857666016
[2023-12-04 13:30:34,552] Epoch 411, Loss 60.85537338256836
[2023-12-04 13:30:37,273] Epoch 412, Loss 122.5182113647461
[2023-12-04 13:30:40,379] Epoch 413, Loss 60.31501007080078
[2023-12-04 13:30:40,823] Epoch 414, Loss 11.08470344543457
[2023-12-04 13:30:42,019] Epoch 415, Loss 18.151824951171875
[2023-12-04 13:30:43,238] Epoch 416, Loss 16.97849464416504
[2023-12-04 13:30:44,022] Epoch 417, Loss 17.01999855041504
[2023-12-04 13:30:46,310] Epoch 418, Loss 45.56769561767578
[2023-12-04 13:30:50,291] Epoch 419, Loss 119.94656372070312
[2023-12-04 13:30:50,752] Epoch 420, Loss 9.816509246826172
[2023-12-04 13:30:55,519] Epoch 421, Loss 80.5174331665039
[2023-12-04 13:30:57,608] Epoch 422, Loss 18.93359375
[2023-12-04 13:30:58,835] Epoch 423, Loss 27.18455696105957
[2023-12-04 13:31:05,418] Epoch 424, Loss 1.5870376825332642
[2023-12-04 13:31:06,463] Epoch 425, Loss 27.23862648010254
[2023-12-04 13:31:07,107] Epoch 426, Loss 36.614463806152344
[2023-12-04 13:31:10,334] Epoch 427, Loss 28.844587326049805
[2023-12-04 13:31:11,138] Epoch 428, Loss 51.18720245361328
[2023-12-04 13:31:15,823] Epoch 429, Loss 21.534709930419922
[2023-12-04 13:31:16,527] Epoch 430, Loss 10.647675514221191
[2023-12-04 13:31:17,976] Epoch 431, Loss 24.91900634765625
[2023-12-04 13:31:18,825] Epoch 432, Loss 9.877140045166016
[2023-12-04 13:31:21,047] Epoch 433, Loss 101.27606964111328
[2023-12-04 13:31:24,362] Epoch 434, Loss 83.24372100830078
[2023-12-04 13:31:25,653] Epoch 435, Loss 45.2308349609375
[2023-12-04 13:31:27,129] Epoch 436, Loss 50.35063171386719
[2023-12-04 13:31:28,846] Epoch 437, Loss 16.40073013305664
[2023-12-04 13:31:30,194] Epoch 438, Loss 82.53874206542969
[2023-12-04 13:31:30,895] Epoch 439, Loss 9.655023574829102
[2023-12-04 13:31:34,775] Epoch 440, Loss 101.54488372802734
[2023-12-04 13:31:36,105] Epoch 441, Loss 67.91764831542969
[2023-12-04 13:31:38,702] Epoch 442, Loss 35.564693450927734
[2023-12-04 13:31:39,082] Epoch 443, Loss 7.239929676055908
[2023-12-04 13:31:40,943] Epoch 444, Loss 23.073265075683594
[2023-12-04 13:31:43,201] Epoch 445, Loss 31.864816665649414
[2023-12-04 13:31:45,201] Epoch 446, Loss 80.86979675292969
[2023-12-04 13:31:46,954] Epoch 447, Loss 34.705543518066406
[2023-12-04 13:31:49,471] Epoch 448, Loss 85.60745239257812
[2023-12-04 13:31:52,407] Epoch 449, Loss 92.00211334228516
[2023-12-04 13:31:54,338] Epoch 450, Loss 81.58087921142578
[2023-12-04 13:33:23,810] ./models_dens/epoch_450.h5 is saved as the latest model
[2023-12-04 13:33:24,479] Epoch 451, Loss 20.104768753051758
[2023-12-04 13:33:25,873] Epoch 452, Loss 69.8483657836914
[2023-12-04 13:33:26,800] Epoch 453, Loss 27.258207321166992
[2023-12-04 13:33:27,277] Epoch 454, Loss 6.395677089691162
[2023-12-04 13:33:29,259] Epoch 455, Loss 63.73093795776367
[2023-12-04 13:33:30,388] Epoch 456, Loss 26.892711639404297
[2023-12-04 13:33:31,618] Epoch 457, Loss 44.605464935302734
[2023-12-04 13:33:36,824] Epoch 458, Loss 4.984033584594727
[2023-12-04 13:33:38,174] Epoch 459, Loss 68.34049224853516
[2023-12-04 13:33:39,851] Epoch 460, Loss 33.4373664855957
[2023-12-04 13:33:42,986] Epoch 461, Loss 94.79511260986328
[2023-12-04 13:33:47,135] Epoch 462, Loss 97.59357452392578
[2023-12-04 13:33:52,762] Epoch 463, Loss 23.7450008392334
[2023-12-04 13:33:53,715] Epoch 464, Loss 16.495685577392578
[2023-12-04 13:34:00,061] Epoch 465, Loss 1.1199129819869995
[2023-12-04 13:34:03,392] Epoch 466, Loss 187.60678100585938
[2023-12-04 13:34:04,443] Epoch 467, Loss 21.96718406677246
[2023-12-04 13:34:05,482] Epoch 468, Loss 29.74535369873047
[2023-12-04 13:34:07,848] Epoch 469, Loss 40.056549072265625
[2023-12-04 13:34:10,181] Epoch 470, Loss 35.19345474243164
[2023-12-04 13:34:11,746] Epoch 471, Loss 38.856605529785156
[2023-12-04 13:34:18,143] Epoch 472, Loss 1.7794604301452637
[2023-12-04 13:34:19,647] Epoch 473, Loss 34.24497604370117
[2023-12-04 13:34:21,381] Epoch 474, Loss 67.94290161132812
[2023-12-04 13:34:25,188] Epoch 475, Loss 71.86227416992188
[2023-12-04 13:34:26,987] Epoch 476, Loss 25.795207977294922
[2023-12-04 13:34:28,457] Epoch 477, Loss 50.79363250732422
[2023-12-04 13:34:30,422] Epoch 478, Loss 22.046674728393555
[2023-12-04 13:34:35,796] Epoch 479, Loss 1.649308681488037
[2023-12-04 13:34:37,834] Epoch 480, Loss 44.22874069213867
[2023-12-04 13:34:41,359] Epoch 481, Loss 220.24464416503906
[2023-12-04 13:34:43,544] Epoch 482, Loss 83.66963958740234
[2023-12-04 13:34:44,258] Epoch 483, Loss 10.564583778381348
[2023-12-04 13:34:44,973] Epoch 484, Loss 9.94979190826416
[2023-12-04 13:34:45,441] Epoch 485, Loss 6.321894645690918
[2023-12-04 13:34:48,665] Epoch 486, Loss 63.59390640258789
[2023-12-04 13:34:51,080] Epoch 487, Loss 106.9391098022461
[2023-12-04 13:34:53,197] Epoch 488, Loss 90.68356323242188
[2023-12-04 13:34:56,122] Epoch 489, Loss 46.42405700683594
[2023-12-04 13:34:57,980] Epoch 490, Loss 60.03863525390625
[2023-12-04 13:34:58,440] Epoch 491, Loss 6.30949592590332
[2023-12-04 13:34:59,496] Epoch 492, Loss 70.43299865722656
[2023-12-04 13:35:01,340] Epoch 493, Loss 60.59834671020508
[2023-12-04 13:35:06,565] Epoch 494, Loss 132.50982666015625
[2023-12-04 13:35:08,796] Epoch 495, Loss 54.70915603637695
[2023-12-04 13:35:10,682] Epoch 496, Loss 86.82626342773438
[2023-12-04 13:35:11,109] Epoch 497, Loss 28.39899253845215
[2023-12-04 13:35:12,428] Epoch 498, Loss 38.0682487487793
[2023-12-04 13:35:13,624] Epoch 499, Loss 24.153221130371094
[2023-12-04 13:35:14,330] Epoch 500, Loss 29.648561477661133
[2023-12-04 13:37:15,798] ./models_dens/epoch_500.h5 is saved as the latest model
[2023-12-05 13:04:51,444] Epoch 501, Loss 67.44650268554688, Lr: 0.01
[2023-12-05 13:04:52,869] Epoch 502, Loss 60.54198455810547, Lr: 0.01
[2023-12-05 13:04:55,106] Epoch 503, Loss 60.38840866088867, Lr: 0.01
[2023-12-05 13:04:56,077] Epoch 504, Loss 22.190767288208008, Lr: 0.01
[2023-12-05 13:04:57,209] Epoch 505, Loss 35.27717971801758, Lr: 0.01
[2023-12-05 13:04:59,630] Epoch 506, Loss 60.5163688659668, Lr: 0.01
[2023-12-05 13:05:02,832] Epoch 507, Loss 108.25010681152344, Lr: 0.01
[2023-12-05 13:05:04,649] Epoch 508, Loss 70.84877014160156, Lr: 0.01
[2023-12-05 13:05:05,461] Epoch 509, Loss 13.502387046813965, Lr: 0.01
[2023-12-05 13:05:06,051] Epoch 510, Loss 14.38035774230957, Lr: 0.01
[2023-12-05 13:05:07,832] Epoch 511, Loss 39.35901641845703, Lr: 0.01
[2023-12-05 13:05:08,613] Epoch 512, Loss 24.681703567504883, Lr: 0.01
[2023-12-05 13:05:11,964] Epoch 513, Loss 94.76190185546875, Lr: 0.01
[2023-12-05 13:05:13,382] Epoch 514, Loss 40.0258674621582, Lr: 0.01
[2023-12-05 13:05:17,126] Epoch 515, Loss 60.124359130859375, Lr: 0.01
[2023-12-05 13:05:19,442] Epoch 516, Loss 43.851959228515625, Lr: 0.01
[2023-12-05 13:05:25,370] Epoch 517, Loss 3.1175966262817383, Lr: 0.01
[2023-12-05 13:05:26,341] Epoch 518, Loss 20.83633041381836, Lr: 0.01
[2023-12-05 13:05:32,243] Epoch 519, Loss 5.227232933044434, Lr: 0.01
[2023-12-05 13:05:33,713] Epoch 520, Loss 26.169017791748047, Lr: 0.01
[2023-12-05 13:05:34,179] Epoch 521, Loss 8.526418685913086, Lr: 0.01
[2023-12-05 13:05:34,808] Epoch 522, Loss 24.646137237548828, Lr: 0.01
[2023-12-05 13:05:36,315] Epoch 523, Loss 35.99132537841797, Lr: 0.01
[2023-12-05 13:05:37,576] Epoch 524, Loss 30.38905906677246, Lr: 0.01
[2023-12-05 13:05:39,075] Epoch 525, Loss 31.13504409790039, Lr: 0.01
[2023-12-05 13:05:43,331] Epoch 526, Loss 62.19833755493164, Lr: 0.01
[2023-12-05 13:05:44,702] Epoch 527, Loss 36.018280029296875, Lr: 0.01
[2023-12-05 13:05:50,766] Epoch 528, Loss 5.564266204833984, Lr: 0.01
[2023-12-05 13:05:51,352] Epoch 529, Loss 10.861101150512695, Lr: 0.01
[2023-12-05 13:05:52,819] Epoch 530, Loss 32.852928161621094, Lr: 0.01
[2023-12-05 13:05:54,486] Epoch 531, Loss 39.606689453125, Lr: 0.00
[2023-12-05 13:05:54,873] Epoch 532, Loss 8.945520401000977, Lr: 0.00
[2023-12-05 13:06:00,469] Epoch 533, Loss 37.21086883544922, Lr: 0.00
[2023-12-05 13:06:01,639] Epoch 534, Loss 20.734804153442383, Lr: 0.00
[2023-12-05 13:06:06,158] Epoch 535, Loss 86.49182891845703, Lr: 0.00
[2023-12-05 13:06:07,868] Epoch 536, Loss 77.18170928955078, Lr: 0.00
[2023-12-05 13:06:09,282] Epoch 537, Loss 41.79240798950195, Lr: 0.00
[2023-12-05 13:06:12,034] Epoch 538, Loss 55.17646026611328, Lr: 0.00
[2023-12-05 13:06:12,685] Epoch 539, Loss 62.95514678955078, Lr: 0.00
[2023-12-05 13:06:15,769] Epoch 540, Loss 55.78694534301758, Lr: 0.00
[2023-12-05 13:06:17,543] Epoch 541, Loss 41.7623291015625, Lr: 0.00
[2023-12-05 13:06:18,117] Epoch 542, Loss 27.891305923461914, Lr: 0.00
[2023-12-05 13:06:18,973] Epoch 543, Loss 27.692899703979492, Lr: 0.00
[2023-12-05 13:06:20,784] Epoch 544, Loss 24.392248153686523, Lr: 0.00
[2023-12-05 13:06:21,580] Epoch 545, Loss 12.153982162475586, Lr: 0.00
[2023-12-05 13:06:22,597] Epoch 546, Loss 25.016292572021484, Lr: 0.00
[2023-12-05 13:06:23,407] Epoch 547, Loss 21.779747009277344, Lr: 0.00
[2023-12-05 13:06:26,201] Epoch 548, Loss 134.4742431640625, Lr: 0.00
[2023-12-05 13:06:30,320] Epoch 549, Loss 84.79817199707031, Lr: 0.00
[2023-12-05 13:06:30,917] Epoch 550, Loss 11.516616821289062, Lr: 0.00
[2023-12-05 13:08:00,179] ./models_dens/epoch_550.h5 is saved as the latest model
[2023-12-05 13:08:01,853] Epoch 551, Loss 33.654720306396484, Lr: 0.00
[2023-12-05 13:08:06,479] Epoch 552, Loss 167.80479431152344, Lr: 0.00
[2023-12-05 13:08:09,376] Epoch 553, Loss 72.38188934326172, Lr: 0.00
[2023-12-05 13:08:09,914] Epoch 554, Loss 12.905130386352539, Lr: 0.00
[2023-12-05 13:08:15,709] Epoch 555, Loss 7.201127052307129, Lr: 0.00
[2023-12-05 13:08:22,059] Epoch 556, Loss 9.63667106628418, Lr: 0.00
[2023-12-05 13:08:23,246] Epoch 557, Loss 27.37447738647461, Lr: 0.00
[2023-12-05 13:08:24,961] Epoch 558, Loss 23.261871337890625, Lr: 0.00
[2023-12-05 13:08:26,439] Epoch 559, Loss 28.02583885192871, Lr: 0.00
[2023-12-05 13:08:26,944] Epoch 560, Loss 11.933813095092773, Lr: 0.00
[2023-12-05 13:08:27,585] Epoch 561, Loss 10.888581275939941, Lr: 0.00
[2023-12-05 13:08:30,226] Epoch 562, Loss 49.60759353637695, Lr: 0.00
[2023-12-05 13:08:31,425] Epoch 563, Loss 23.09735679626465, Lr: 0.00
[2023-12-05 13:08:35,455] Epoch 564, Loss 154.61412048339844, Lr: 0.00
[2023-12-05 13:08:36,080] Epoch 565, Loss 13.063495635986328, Lr: 0.00
[2023-12-05 13:08:37,458] Epoch 566, Loss 27.806846618652344, Lr: 0.00
[2023-12-05 13:08:38,159] Epoch 567, Loss 23.883949279785156, Lr: 0.00
[2023-12-05 13:08:38,458] Epoch 568, Loss 10.672294616699219, Lr: 0.00
[2023-12-05 13:08:39,589] Epoch 569, Loss 36.34515380859375, Lr: 0.00
[2023-12-05 13:08:40,551] Epoch 570, Loss 12.010744094848633, Lr: 0.00
[2023-12-05 13:08:42,002] Epoch 571, Loss 36.1492919921875, Lr: 0.00
[2023-12-05 13:08:43,290] Epoch 572, Loss 32.29296875, Lr: 0.00
[2023-12-05 13:08:44,597] Epoch 573, Loss 39.84504318237305, Lr: 0.00
[2023-12-05 13:08:46,041] Epoch 574, Loss 17.439456939697266, Lr: 0.00
[2023-12-05 13:08:47,749] Epoch 575, Loss 17.214479446411133, Lr: 0.00
[2023-12-05 13:08:48,329] Epoch 576, Loss 11.383797645568848, Lr: 0.00
[2023-12-05 13:08:49,504] Epoch 577, Loss 45.14778137207031, Lr: 0.00
[2023-12-05 13:08:49,940] Epoch 578, Loss 9.221221923828125, Lr: 0.00
[2023-12-05 13:08:52,647] Epoch 579, Loss 84.06066131591797, Lr: 0.00
[2023-12-05 13:08:55,656] Epoch 580, Loss 64.08272552490234, Lr: 0.00
[2023-12-05 13:08:57,539] Epoch 581, Loss 43.13810729980469, Lr: 0.00
[2023-12-05 13:08:59,889] Epoch 582, Loss 66.97003936767578, Lr: 0.00
[2023-12-05 13:09:01,125] Epoch 583, Loss 31.38298797607422, Lr: 0.00
[2023-12-05 13:09:01,917] Epoch 584, Loss 20.91514015197754, Lr: 0.00
[2023-12-05 13:09:03,892] Epoch 585, Loss 54.16672134399414, Lr: 0.00
[2023-12-05 13:09:07,985] Epoch 586, Loss 65.19602966308594, Lr: 0.00
[2023-12-05 13:09:09,483] Epoch 587, Loss 59.80681610107422, Lr: 0.00
[2023-12-05 13:09:10,232] Epoch 588, Loss 20.73067855834961, Lr: 0.00
[2023-12-05 13:09:11,255] Epoch 589, Loss 12.508469581604004, Lr: 0.00
[2023-12-05 13:09:12,217] Epoch 590, Loss 12.695738792419434, Lr: 0.00
[2023-12-05 13:09:13,214] Epoch 591, Loss 60.030662536621094, Lr: 0.00
[2023-12-05 13:09:15,430] Epoch 592, Loss 40.14716339111328, Lr: 0.00
[2023-12-05 13:09:16,177] Epoch 593, Loss 25.061420440673828, Lr: 0.00
[2023-12-05 13:09:16,765] Epoch 594, Loss 57.4950065612793, Lr: 0.00
[2023-12-05 13:09:19,980] Epoch 595, Loss 74.43546295166016, Lr: 0.00
[2023-12-05 13:09:21,764] Epoch 596, Loss 31.309484481811523, Lr: 0.00
[2023-12-05 13:09:22,334] Epoch 597, Loss 10.747818946838379, Lr: 0.00
[2023-12-05 13:09:24,487] Epoch 598, Loss 48.65422058105469, Lr: 0.00
[2023-12-05 13:09:24,890] Epoch 599, Loss 13.879228591918945, Lr: 0.00
[2023-12-05 13:09:30,844] Epoch 600, Loss 76.48377990722656, Lr: 0.00
[2023-12-05 13:11:11,508] ./models_dens/epoch_600.h5 is saved as the latest model
[2023-12-05 13:11:13,453] Epoch 601, Loss 82.62406158447266, Lr: 0.00
[2023-12-05 13:11:15,271] Epoch 602, Loss 35.03839111328125, Lr: 0.00
[2023-12-05 13:11:17,512] Epoch 603, Loss 34.88313674926758, Lr: 0.00
[2023-12-05 13:11:44,759] Epoch 601, Loss 11.184185981750488, Lr: 0.01000000
[2023-12-05 13:11:46,487] Epoch 602, Loss 17.58993911743164, Lr: 0.00983333
[2023-12-05 13:11:46,940] Epoch 603, Loss 19.526561737060547, Lr: 0.00966667
[2023-12-05 13:11:47,870] Epoch 604, Loss 10.003473281860352, Lr: 0.00950000
[2023-12-05 13:11:50,086] Epoch 605, Loss 87.05059814453125, Lr: 0.00933333
[2023-12-05 13:11:50,453] Epoch 606, Loss 40.22956848144531, Lr: 0.00916667
[2023-12-05 13:11:50,841] Epoch 607, Loss 7.135446548461914, Lr: 0.00900000
[2023-12-05 13:11:52,325] Epoch 608, Loss 50.96409225463867, Lr: 0.00883333
[2023-12-05 13:11:54,092] Epoch 609, Loss 88.16004180908203, Lr: 0.00866667
[2023-12-05 13:11:55,572] Epoch 610, Loss 32.63458251953125, Lr: 0.00850000
[2023-12-05 13:11:57,423] Epoch 611, Loss 21.128355026245117, Lr: 0.00833333
[2023-12-05 13:11:59,423] Epoch 612, Loss 49.86034393310547, Lr: 0.00816667
[2023-12-05 13:12:00,994] Epoch 613, Loss 53.855262756347656, Lr: 0.00800000
[2023-12-05 13:12:02,238] Epoch 614, Loss 28.961681365966797, Lr: 0.00783333
[2023-12-05 13:12:03,788] Epoch 615, Loss 32.16436767578125, Lr: 0.00766667
[2023-12-05 13:12:05,523] Epoch 616, Loss 46.910499572753906, Lr: 0.00750000
[2023-12-05 13:12:08,336] Epoch 617, Loss 56.480857849121094, Lr: 0.00733333
[2023-12-05 13:12:09,685] Epoch 618, Loss 36.1305046081543, Lr: 0.00716667
[2023-12-05 13:12:11,959] Epoch 619, Loss 35.730525970458984, Lr: 0.00700000
[2023-12-05 13:12:16,007] Epoch 620, Loss 56.37822723388672, Lr: 0.00683333
[2023-12-05 13:12:17,995] Epoch 621, Loss 54.160003662109375, Lr: 0.00666667
[2023-12-05 13:12:18,467] Epoch 622, Loss 23.751476287841797, Lr: 0.00650000
[2023-12-05 13:12:20,276] Epoch 623, Loss 77.94951629638672, Lr: 0.00633333
[2023-12-05 13:12:22,637] Epoch 624, Loss 182.67442321777344, Lr: 0.00616667
[2023-12-05 13:12:23,685] Epoch 625, Loss 28.069656372070312, Lr: 0.00600000
[2023-12-05 13:12:24,442] Epoch 626, Loss 100.21097564697266, Lr: 0.00583333
[2023-12-05 13:12:25,071] Epoch 627, Loss 63.897216796875, Lr: 0.00566667
[2023-12-05 13:12:26,889] Epoch 628, Loss 38.174564361572266, Lr: 0.00550000
[2023-12-05 13:12:29,862] Epoch 629, Loss 45.045223236083984, Lr: 0.00533333
[2023-12-05 13:12:30,552] Epoch 630, Loss 38.2642822265625, Lr: 0.00516667
[2023-12-05 13:12:31,585] Epoch 631, Loss 34.855018615722656, Lr: 0.00500000
[2023-12-05 13:12:32,710] Epoch 632, Loss 16.030040740966797, Lr: 0.00500000
[2023-12-05 13:12:36,074] Epoch 633, Loss 119.35939025878906, Lr: 0.00500000
[2023-12-05 13:12:36,654] Epoch 634, Loss 26.99048614501953, Lr: 0.00500000
[2023-12-05 13:12:38,227] Epoch 635, Loss 35.409446716308594, Lr: 0.00500000
[2023-12-05 13:12:40,326] Epoch 636, Loss 58.94086837768555, Lr: 0.00500000
[2023-12-05 13:12:41,997] Epoch 637, Loss 69.63175964355469, Lr: 0.00500000
[2023-12-05 13:12:44,447] Epoch 638, Loss 97.08304595947266, Lr: 0.00500000
[2023-12-05 13:12:45,477] Epoch 639, Loss 27.878070831298828, Lr: 0.00500000
[2023-12-05 13:12:48,477] Epoch 640, Loss 198.79177856445312, Lr: 0.00500000
[2023-12-05 13:12:51,281] Epoch 641, Loss 163.60018920898438, Lr: 0.00500000
[2023-12-05 13:12:53,050] Epoch 642, Loss 63.906883239746094, Lr: 0.00500000
[2023-12-05 13:12:54,537] Epoch 643, Loss 46.6641960144043, Lr: 0.00500000
[2023-12-05 13:12:57,617] Epoch 644, Loss 166.3988800048828, Lr: 0.00500000
[2023-12-05 13:13:03,827] Epoch 645, Loss 1.7039717435836792, Lr: 0.00500000
[2023-12-05 13:13:05,376] Epoch 646, Loss 49.88731384277344, Lr: 0.00500000
[2023-12-05 13:13:06,752] Epoch 647, Loss 38.82187271118164, Lr: 0.00500000
[2023-12-05 13:13:09,680] Epoch 648, Loss 60.25598907470703, Lr: 0.00500000
[2023-12-05 13:13:10,784] Epoch 649, Loss 16.535472869873047, Lr: 0.00500000
[2023-12-05 13:13:12,408] Epoch 650, Loss 32.876869201660156, Lr: 0.00500000
[2023-12-05 13:14:58,564] ./models_dens/epoch_650.h5 is saved as the latest model
[2023-12-05 13:14:58,991] Epoch 651, Loss 25.311859130859375, Lr: 0.00500000
[2023-12-05 13:15:04,960] Epoch 652, Loss 5.018637657165527, Lr: 0.00500000
[2023-12-05 13:15:06,942] Epoch 653, Loss 138.20506286621094, Lr: 0.00500000
[2023-12-05 13:15:09,016] Epoch 654, Loss 51.28495407104492, Lr: 0.00500000
[2023-12-05 13:15:14,022] Epoch 655, Loss 10.136041641235352, Lr: 0.00500000
[2023-12-05 13:15:18,252] Epoch 656, Loss 146.9326171875, Lr: 0.00500000
[2023-12-05 13:15:19,524] Epoch 657, Loss 69.86766052246094, Lr: 0.00500000
[2023-12-05 13:15:20,806] Epoch 658, Loss 39.808658599853516, Lr: 0.00500000
[2023-12-05 13:15:21,400] Epoch 659, Loss 22.837478637695312, Lr: 0.00500000
[2023-12-05 13:15:22,841] Epoch 660, Loss 43.41964340209961, Lr: 0.00500000
[2023-12-05 13:15:24,544] Epoch 661, Loss 18.125240325927734, Lr: 0.00500000
[2023-12-05 13:15:25,158] Epoch 662, Loss 33.24671173095703, Lr: 0.00500000
[2023-12-05 13:15:27,000] Epoch 663, Loss 75.39691162109375, Lr: 0.00500000
[2023-12-05 13:15:29,140] Epoch 664, Loss 96.61442565917969, Lr: 0.00500000
[2023-12-05 13:15:29,627] Epoch 665, Loss 29.482830047607422, Lr: 0.00500000
[2023-12-05 13:15:30,471] Epoch 666, Loss 42.46373748779297, Lr: 0.00500000
[2023-12-05 13:15:32,303] Epoch 667, Loss 27.361370086669922, Lr: 0.00500000
[2023-12-05 13:15:33,358] Epoch 668, Loss 11.134224891662598, Lr: 0.00500000
[2023-12-05 13:15:34,237] Epoch 669, Loss 32.76799392700195, Lr: 0.00500000
[2023-12-05 13:15:36,784] Epoch 670, Loss 31.26860809326172, Lr: 0.00500000
[2023-12-05 13:15:37,833] Epoch 671, Loss 40.7362060546875, Lr: 0.00500000
[2023-12-05 13:15:39,660] Epoch 672, Loss 34.65410614013672, Lr: 0.00500000
[2023-12-05 13:15:41,651] Epoch 673, Loss 171.23309326171875, Lr: 0.00500000
[2023-12-05 13:15:42,146] Epoch 674, Loss 29.38852310180664, Lr: 0.00500000
[2023-12-05 13:15:42,978] Epoch 675, Loss 25.685808181762695, Lr: 0.00500000
[2023-12-05 13:15:44,694] Epoch 676, Loss 69.25706481933594, Lr: 0.00500000
[2023-12-05 13:15:46,608] Epoch 677, Loss 27.614032745361328, Lr: 0.00500000
[2023-12-05 13:15:49,265] Epoch 678, Loss 62.677330017089844, Lr: 0.00500000
[2023-12-05 13:15:52,950] Epoch 679, Loss 209.0625457763672, Lr: 0.00500000
[2023-12-05 13:15:54,967] Epoch 680, Loss 79.2053451538086, Lr: 0.00500000
[2023-12-05 13:15:56,167] Epoch 681, Loss 37.38422775268555, Lr: 0.00500000
[2023-12-05 13:15:59,760] Epoch 682, Loss 160.68096923828125, Lr: 0.00500000
[2023-12-05 13:16:01,399] Epoch 683, Loss 42.40028381347656, Lr: 0.00500000
[2023-12-05 13:16:03,146] Epoch 684, Loss 138.6168212890625, Lr: 0.00500000
[2023-12-05 13:16:04,500] Epoch 685, Loss 38.44818878173828, Lr: 0.00500000
[2023-12-05 13:16:05,761] Epoch 686, Loss 44.75361251831055, Lr: 0.00500000
[2023-12-05 13:16:07,832] Epoch 687, Loss 77.18844604492188, Lr: 0.00500000
[2023-12-05 13:16:10,851] Epoch 688, Loss 167.10743713378906, Lr: 0.00500000
[2023-12-05 13:16:13,272] Epoch 689, Loss 56.14789962768555, Lr: 0.00500000
[2023-12-05 13:16:14,529] Epoch 690, Loss 73.7553482055664, Lr: 0.00500000
[2023-12-05 13:16:14,896] Epoch 691, Loss 8.001269340515137, Lr: 0.00500000
[2023-12-05 13:16:18,303] Epoch 692, Loss 56.80760955810547, Lr: 0.00500000
[2023-12-05 13:16:21,052] Epoch 693, Loss 48.62611770629883, Lr: 0.00500000
[2023-12-05 13:16:22,713] Epoch 694, Loss 30.104703903198242, Lr: 0.00500000
[2023-12-05 13:16:24,283] Epoch 695, Loss 63.558372497558594, Lr: 0.00500000
[2023-12-05 13:16:25,097] Epoch 696, Loss 38.158809661865234, Lr: 0.00500000
[2023-12-05 13:16:28,228] Epoch 697, Loss 135.86436462402344, Lr: 0.00500000
[2023-12-05 13:16:31,041] Epoch 698, Loss 78.86406707763672, Lr: 0.00500000
[2023-12-05 13:16:31,455] Epoch 699, Loss 27.46280288696289, Lr: 0.00500000
[2023-12-05 13:16:32,316] Epoch 700, Loss 22.936588287353516, Lr: 0.00500000
[2023-12-05 13:18:09,712] ./models_dens/epoch_700.h5 is saved as the latest model
[2023-12-05 13:18:10,234] Epoch 701, Loss 9.076623916625977, Lr: 0.00500000
[2023-12-05 13:18:15,453] Epoch 702, Loss 4.272424221038818, Lr: 0.00500000
[2023-12-05 13:18:21,138] Epoch 703, Loss 4.458115577697754, Lr: 0.00500000
[2023-12-05 13:18:24,825] Epoch 704, Loss 56.591094970703125, Lr: 0.00500000
[2023-12-05 13:18:25,846] Epoch 705, Loss 31.120328903198242, Lr: 0.00500000
[2023-12-05 13:18:28,288] Epoch 706, Loss 105.467529296875, Lr: 0.00500000
[2023-12-05 13:18:29,329] Epoch 707, Loss 42.55119705200195, Lr: 0.00500000
[2023-12-05 13:18:30,051] Epoch 708, Loss 30.464397430419922, Lr: 0.00500000
[2023-12-05 13:18:30,475] Epoch 709, Loss 11.013319969177246, Lr: 0.00500000
[2023-12-05 13:18:30,876] Epoch 710, Loss 29.624038696289062, Lr: 0.00500000
[2023-12-05 13:18:32,493] Epoch 711, Loss 53.42143249511719, Lr: 0.00500000
[2023-12-05 13:18:38,381] Epoch 712, Loss 3.650571346282959, Lr: 0.00500000
[2023-12-05 13:18:39,345] Epoch 713, Loss 29.499706268310547, Lr: 0.00500000
[2023-12-05 13:18:39,879] Epoch 714, Loss 7.639556407928467, Lr: 0.00500000
[2023-12-05 13:18:42,628] Epoch 715, Loss 53.41342544555664, Lr: 0.00500000
[2023-12-05 13:18:43,604] Epoch 716, Loss 15.63440227508545, Lr: 0.00500000
[2023-12-05 13:18:48,665] Epoch 717, Loss 74.56481170654297, Lr: 0.00500000
[2023-12-05 13:18:52,273] Epoch 718, Loss 131.4731903076172, Lr: 0.00500000
[2023-12-05 13:18:55,047] Epoch 719, Loss 146.97683715820312, Lr: 0.00500000
[2023-12-05 13:18:56,829] Epoch 720, Loss 30.929954528808594, Lr: 0.00500000
[2023-12-05 13:18:57,391] Epoch 721, Loss 19.85890007019043, Lr: 0.00500000
[2023-12-05 13:19:02,599] Epoch 722, Loss 160.7814483642578, Lr: 0.00500000
[2023-12-05 13:19:08,348] Epoch 723, Loss 42.50384521484375, Lr: 0.00500000
[2023-12-05 13:19:08,815] Epoch 724, Loss 6.803895473480225, Lr: 0.00500000
[2023-12-05 13:19:11,619] Epoch 725, Loss 54.30239486694336, Lr: 0.00500000
[2023-12-05 13:19:13,157] Epoch 726, Loss 32.997501373291016, Lr: 0.00500000
[2023-12-05 13:19:15,033] Epoch 727, Loss 93.2596206665039, Lr: 0.00500000
[2023-12-05 13:19:15,666] Epoch 728, Loss 8.299394607543945, Lr: 0.00500000
[2023-12-05 13:19:16,606] Epoch 729, Loss 23.3271484375, Lr: 0.00500000
[2023-12-05 13:19:17,357] Epoch 730, Loss 17.960172653198242, Lr: 0.00500000
[2023-12-05 13:19:20,799] Epoch 731, Loss 35.03751754760742, Lr: 0.00500000
[2023-12-05 13:19:21,808] Epoch 732, Loss 24.521696090698242, Lr: 0.00500000
[2023-12-05 13:19:24,480] Epoch 733, Loss 31.237279891967773, Lr: 0.00500000
[2023-12-05 13:19:25,434] Epoch 734, Loss 38.695396423339844, Lr: 0.00500000
[2023-12-05 13:19:26,013] Epoch 735, Loss 7.24268913269043, Lr: 0.00500000
[2023-12-05 13:19:26,490] Epoch 736, Loss 5.836021900177002, Lr: 0.00500000
[2023-12-05 13:19:27,749] Epoch 737, Loss 9.638084411621094, Lr: 0.00500000
[2023-12-05 13:19:29,685] Epoch 738, Loss 17.710838317871094, Lr: 0.00500000
[2023-12-05 13:19:30,389] Epoch 739, Loss 6.852753639221191, Lr: 0.00500000
[2023-12-05 13:19:31,334] Epoch 740, Loss 48.836181640625, Lr: 0.00500000
[2023-12-05 13:19:32,919] Epoch 741, Loss 42.802978515625, Lr: 0.00500000
[2023-12-05 13:19:34,438] Epoch 742, Loss 10.921157836914062, Lr: 0.00500000
[2023-12-05 13:19:40,364] Epoch 743, Loss 0.9191935658454895, Lr: 0.00500000
[2023-12-05 13:19:43,180] Epoch 744, Loss 48.41676330566406, Lr: 0.00500000
[2023-12-05 13:19:44,512] Epoch 745, Loss 11.09343433380127, Lr: 0.00500000
[2023-12-05 13:19:44,856] Epoch 746, Loss 6.996556758880615, Lr: 0.00500000
[2023-12-05 13:19:47,442] Epoch 747, Loss 179.70445251464844, Lr: 0.00500000
[2023-12-05 13:19:47,902] Epoch 748, Loss 6.516794204711914, Lr: 0.00500000
[2023-12-05 13:19:48,799] Epoch 749, Loss 10.480705261230469, Lr: 0.00500000
[2023-12-05 13:19:49,835] Epoch 750, Loss 29.48979377746582, Lr: 0.00500000
[2023-12-05 13:21:31,441] ./models_dens/epoch_750.h5 is saved as the latest model
[2023-12-05 13:21:32,177] Epoch 751, Loss 8.624820709228516, Lr: 0.00500000
[2023-12-05 13:21:35,807] Epoch 752, Loss 73.67373657226562, Lr: 0.00500000
[2023-12-05 13:21:36,607] Epoch 753, Loss 9.313728332519531, Lr: 0.00500000
[2023-12-05 13:21:37,618] Epoch 754, Loss 47.649330139160156, Lr: 0.00500000
[2023-12-05 13:21:39,358] Epoch 755, Loss 48.33895492553711, Lr: 0.00500000
[2023-12-05 13:21:40,095] Epoch 756, Loss 55.77119064331055, Lr: 0.00500000
[2023-12-05 13:21:40,632] Epoch 757, Loss 8.858122825622559, Lr: 0.00500000
[2023-12-05 13:21:42,083] Epoch 758, Loss 41.92512130737305, Lr: 0.00500000
[2023-12-05 13:21:42,687] Epoch 759, Loss 18.308420181274414, Lr: 0.00500000
[2023-12-05 13:21:45,695] Epoch 760, Loss 127.9159164428711, Lr: 0.00500000
[2023-12-05 13:21:47,151] Epoch 761, Loss 35.15184020996094, Lr: 0.00500000
[2023-12-05 13:21:53,106] Epoch 762, Loss 5.768340587615967, Lr: 0.00500000
[2023-12-05 13:21:55,092] Epoch 763, Loss 35.2939338684082, Lr: 0.00500000
[2023-12-05 13:21:55,763] Epoch 764, Loss 9.101968765258789, Lr: 0.00500000
[2023-12-05 13:21:56,703] Epoch 765, Loss 27.70859718322754, Lr: 0.00500000
[2023-12-05 13:21:57,123] Epoch 766, Loss 20.189306259155273, Lr: 0.00500000
[2023-12-05 13:21:59,444] Epoch 767, Loss 78.68722534179688, Lr: 0.00500000
[2023-12-05 13:22:01,072] Epoch 768, Loss 14.058550834655762, Lr: 0.00500000
[2023-12-05 13:22:03,906] Epoch 769, Loss 59.783512115478516, Lr: 0.00500000
[2023-12-05 13:22:05,178] Epoch 770, Loss 22.348312377929688, Lr: 0.00500000
[2023-12-05 13:22:06,531] Epoch 771, Loss 69.87483215332031, Lr: 0.00500000
[2023-12-05 13:22:09,240] Epoch 772, Loss 117.05628967285156, Lr: 0.00500000
[2023-12-05 13:22:09,793] Epoch 773, Loss 7.1672797203063965, Lr: 0.00500000
[2023-12-05 13:22:12,559] Epoch 774, Loss 74.76351165771484, Lr: 0.00500000
[2023-12-05 13:22:15,191] Epoch 775, Loss 38.19637680053711, Lr: 0.00500000
[2023-12-05 13:22:16,289] Epoch 776, Loss 31.094573974609375, Lr: 0.00500000
[2023-12-05 13:22:18,989] Epoch 777, Loss 68.09652709960938, Lr: 0.00500000
[2023-12-05 13:22:22,597] Epoch 778, Loss 111.33399200439453, Lr: 0.00500000
[2023-12-05 13:22:24,433] Epoch 779, Loss 56.33453369140625, Lr: 0.00500000
[2023-12-05 13:22:25,817] Epoch 780, Loss 39.106597900390625, Lr: 0.00500000
[2023-12-05 13:22:27,769] Epoch 781, Loss 44.62908172607422, Lr: 0.00500000
[2023-12-05 13:22:33,344] Epoch 782, Loss 24.169795989990234, Lr: 0.00500000
[2023-12-05 13:22:37,769] Epoch 783, Loss 66.2412109375, Lr: 0.00500000
[2023-12-05 13:22:41,441] Epoch 784, Loss 120.43809509277344, Lr: 0.00500000
[2023-12-05 13:22:44,594] Epoch 785, Loss 43.86689758300781, Lr: 0.00500000
[2023-12-05 13:22:49,888] Epoch 786, Loss 3.7791059017181396, Lr: 0.00500000
[2023-12-05 13:22:52,378] Epoch 787, Loss 41.16996383666992, Lr: 0.00500000
[2023-12-05 13:22:54,748] Epoch 788, Loss 34.44921112060547, Lr: 0.00500000
[2023-12-05 13:22:55,307] Epoch 789, Loss 30.922210693359375, Lr: 0.00500000
[2023-12-05 13:22:55,887] Epoch 790, Loss 31.152565002441406, Lr: 0.00500000
[2023-12-05 13:22:59,012] Epoch 791, Loss 62.35279846191406, Lr: 0.00500000
[2023-12-05 13:23:01,315] Epoch 792, Loss 70.34689331054688, Lr: 0.00500000
[2023-12-05 13:23:01,967] Epoch 793, Loss 18.6828556060791, Lr: 0.00500000
[2023-12-05 13:23:02,497] Epoch 794, Loss 61.46706008911133, Lr: 0.00500000
[2023-12-05 13:23:07,757] Epoch 795, Loss 146.9782257080078, Lr: 0.00500000
[2023-12-05 13:23:13,184] Epoch 796, Loss 9.76606559753418, Lr: 0.00500000
[2023-12-05 13:23:13,757] Epoch 797, Loss 34.50764083862305, Lr: 0.00500000
[2023-12-05 13:23:15,873] Epoch 798, Loss 72.34906005859375, Lr: 0.00500000
[2023-12-05 13:23:16,179] Epoch 799, Loss 17.577260971069336, Lr: 0.00500000
[2023-12-05 13:23:18,486] Epoch 800, Loss 79.86425018310547, Lr: 0.00500000
[2023-12-05 13:25:04,096] ./models_dens/epoch_800.h5 is saved as the latest model
[2023-12-05 13:25:05,285] Epoch 801, Loss 30.110782623291016, Lr: 0.00500000
[2023-12-05 13:25:07,010] Epoch 802, Loss 131.88455200195312, Lr: 0.00500000
[2023-12-05 13:25:10,106] Epoch 803, Loss 145.4324493408203, Lr: 0.00500000
[2023-12-05 13:25:10,574] Epoch 804, Loss 24.389711380004883, Lr: 0.00500000
[2023-12-05 13:25:11,581] Epoch 805, Loss 89.01172637939453, Lr: 0.00500000
[2023-12-05 13:25:13,187] Epoch 806, Loss 41.00547790527344, Lr: 0.00500000
[2023-12-05 13:25:14,517] Epoch 807, Loss 37.11930465698242, Lr: 0.00500000
[2023-12-05 13:25:17,731] Epoch 808, Loss 39.492591857910156, Lr: 0.00500000
[2023-12-05 13:25:18,436] Epoch 809, Loss 23.709199905395508, Lr: 0.00500000
[2023-12-05 13:25:20,601] Epoch 810, Loss 50.206695556640625, Lr: 0.00500000
[2023-12-05 13:25:22,018] Epoch 811, Loss 227.63877868652344, Lr: 0.00500000
[2023-12-05 13:25:23,116] Epoch 812, Loss 32.22475051879883, Lr: 0.00500000
[2023-12-05 13:25:24,533] Epoch 813, Loss 48.82495880126953, Lr: 0.00500000
[2023-12-05 13:25:26,801] Epoch 814, Loss 139.2565155029297, Lr: 0.00500000
[2023-12-05 13:25:28,329] Epoch 815, Loss 81.2450942993164, Lr: 0.00500000
[2023-12-05 13:25:31,163] Epoch 816, Loss 69.27714538574219, Lr: 0.00500000
[2023-12-05 13:25:32,560] Epoch 817, Loss 30.935169219970703, Lr: 0.00500000
[2023-12-05 13:25:35,223] Epoch 818, Loss 127.03724670410156, Lr: 0.00500000
[2023-12-05 13:25:36,698] Epoch 819, Loss 21.85846519470215, Lr: 0.00500000
[2023-12-05 13:25:37,555] Epoch 820, Loss 33.39924240112305, Lr: 0.00500000
[2023-12-05 13:25:39,955] Epoch 821, Loss 63.52752685546875, Lr: 0.00500000
[2023-12-05 13:25:41,815] Epoch 822, Loss 46.53001022338867, Lr: 0.00500000
[2023-12-05 13:25:44,245] Epoch 823, Loss 59.304443359375, Lr: 0.00500000
[2023-12-05 13:25:45,512] Epoch 824, Loss 42.382476806640625, Lr: 0.00500000
[2023-12-05 13:25:48,483] Epoch 825, Loss 116.99518585205078, Lr: 0.00500000
[2023-12-05 13:25:49,931] Epoch 826, Loss 37.41826629638672, Lr: 0.00500000
[2023-12-05 13:25:50,566] Epoch 827, Loss 26.42800521850586, Lr: 0.00500000
[2023-12-05 13:25:51,228] Epoch 828, Loss 71.45873260498047, Lr: 0.00500000
[2023-12-05 13:25:52,411] Epoch 829, Loss 30.26275062561035, Lr: 0.00500000
[2023-12-05 13:25:53,013] Epoch 830, Loss 11.831304550170898, Lr: 0.00500000
[2023-12-05 13:25:53,977] Epoch 831, Loss 14.649734497070312, Lr: 0.00500000
[2023-12-05 13:25:56,729] Epoch 832, Loss 52.92548370361328, Lr: 0.00500000
[2023-12-05 13:25:59,000] Epoch 833, Loss 104.13240051269531, Lr: 0.00500000
[2023-12-05 13:26:00,009] Epoch 834, Loss 24.986936569213867, Lr: 0.00500000
[2023-12-05 13:26:01,912] Epoch 835, Loss 69.21260070800781, Lr: 0.00500000
[2023-12-05 13:26:02,474] Epoch 836, Loss 10.590656280517578, Lr: 0.00500000
[2023-12-05 13:26:05,367] Epoch 837, Loss 115.2071304321289, Lr: 0.00500000
[2023-12-05 13:26:06,966] Epoch 838, Loss 72.9787826538086, Lr: 0.00500000
[2023-12-05 13:26:08,569] Epoch 839, Loss 28.71044921875, Lr: 0.00500000
[2023-12-05 13:26:09,950] Epoch 840, Loss 16.75022315979004, Lr: 0.00500000
[2023-12-05 13:26:11,702] Epoch 841, Loss 38.165706634521484, Lr: 0.00500000
[2023-12-05 13:26:12,099] Epoch 842, Loss 16.207338333129883, Lr: 0.00500000
[2023-12-05 13:26:13,107] Epoch 843, Loss 12.538244247436523, Lr: 0.00500000
[2023-12-05 13:26:14,236] Epoch 844, Loss 33.616912841796875, Lr: 0.00500000
[2023-12-05 13:26:16,432] Epoch 845, Loss 73.11494445800781, Lr: 0.00500000
[2023-12-05 13:26:18,354] Epoch 846, Loss 20.338891983032227, Lr: 0.00500000
[2023-12-05 13:26:18,893] Epoch 847, Loss 9.343063354492188, Lr: 0.00500000
[2023-12-05 13:26:22,022] Epoch 848, Loss 60.15398406982422, Lr: 0.00500000
[2023-12-05 13:26:22,884] Epoch 849, Loss 58.93162155151367, Lr: 0.00500000
[2023-12-05 13:26:26,819] Epoch 850, Loss 65.0775146484375, Lr: 0.00500000
[2023-12-05 13:28:07,873] ./models_dens/epoch_850.h5 is saved as the latest model
[2023-12-05 13:28:08,544] Epoch 851, Loss 8.763649940490723, Lr: 0.00500000
[2023-12-05 13:28:10,966] Epoch 852, Loss 88.863525390625, Lr: 0.00500000
[2023-12-05 13:28:12,687] Epoch 853, Loss 51.42987823486328, Lr: 0.00500000
[2023-12-05 13:28:15,001] Epoch 854, Loss 22.63371467590332, Lr: 0.00500000
[2023-12-05 13:28:16,591] Epoch 855, Loss 18.607627868652344, Lr: 0.00500000
[2023-12-05 13:28:17,307] Epoch 856, Loss 13.44890308380127, Lr: 0.00500000
[2023-12-05 13:28:22,790] Epoch 857, Loss 19.456165313720703, Lr: 0.00500000
[2023-12-05 13:28:23,789] Epoch 858, Loss 33.41253662109375, Lr: 0.00500000
[2023-12-05 13:28:24,300] Epoch 859, Loss 12.289566040039062, Lr: 0.00500000
[2023-12-05 13:28:25,974] Epoch 860, Loss 81.0428695678711, Lr: 0.00500000
[2023-12-05 13:28:27,321] Epoch 861, Loss 21.972074508666992, Lr: 0.00500000
[2023-12-05 13:28:28,697] Epoch 862, Loss 22.08321762084961, Lr: 0.00500000
[2023-12-05 13:28:31,266] Epoch 863, Loss 105.22504425048828, Lr: 0.00500000
[2023-12-05 13:28:33,828] Epoch 864, Loss 56.14719009399414, Lr: 0.00500000
[2023-12-05 13:28:36,196] Epoch 865, Loss 77.78374481201172, Lr: 0.00500000
[2023-12-05 13:28:38,145] Epoch 866, Loss 40.14567947387695, Lr: 0.00500000
[2023-12-05 13:28:41,622] Epoch 867, Loss 52.57248306274414, Lr: 0.00500000
[2023-12-05 13:28:42,692] Epoch 868, Loss 37.85835647583008, Lr: 0.00500000
[2023-12-05 13:28:44,310] Epoch 869, Loss 30.01710319519043, Lr: 0.00500000
[2023-12-05 13:28:46,876] Epoch 870, Loss 59.55951690673828, Lr: 0.00500000
[2023-12-05 13:28:48,564] Epoch 871, Loss 39.950782775878906, Lr: 0.00500000
[2023-12-05 13:28:49,668] Epoch 872, Loss 73.10200500488281, Lr: 0.00500000
[2023-12-05 13:28:51,006] Epoch 873, Loss 16.413740158081055, Lr: 0.00500000
[2023-12-05 13:28:53,469] Epoch 874, Loss 89.03108978271484, Lr: 0.00500000
[2023-12-05 13:28:55,329] Epoch 875, Loss 16.91594886779785, Lr: 0.00500000
[2023-12-05 13:28:56,575] Epoch 876, Loss 31.413349151611328, Lr: 0.00500000
[2023-12-05 13:28:57,001] Epoch 877, Loss 10.864012718200684, Lr: 0.00500000
[2023-12-05 13:28:57,473] Epoch 878, Loss 15.662050247192383, Lr: 0.00500000
[2023-12-05 13:28:59,278] Epoch 879, Loss 38.364933013916016, Lr: 0.00500000
[2023-12-05 13:28:59,706] Epoch 880, Loss 12.265865325927734, Lr: 0.00500000
[2023-12-05 13:29:02,710] Epoch 881, Loss 58.08829116821289, Lr: 0.00500000
[2023-12-05 13:29:04,333] Epoch 882, Loss 24.038469314575195, Lr: 0.00500000
[2023-12-05 13:29:07,233] Epoch 883, Loss 20.089845657348633, Lr: 0.00500000
[2023-12-05 13:29:09,482] Epoch 884, Loss 141.54083251953125, Lr: 0.00500000
[2023-12-05 13:29:10,945] Epoch 885, Loss 42.53628921508789, Lr: 0.00500000
[2023-12-05 13:29:13,004] Epoch 886, Loss 36.64952087402344, Lr: 0.00500000
[2023-12-05 13:29:16,517] Epoch 887, Loss 59.977291107177734, Lr: 0.00500000
[2023-12-05 13:29:20,276] Epoch 888, Loss 123.75504302978516, Lr: 0.00500000
[2023-12-05 13:29:20,948] Epoch 889, Loss 11.181180953979492, Lr: 0.00500000
[2023-12-05 13:29:22,490] Epoch 890, Loss 37.58578872680664, Lr: 0.00500000
[2023-12-05 13:29:28,204] Epoch 891, Loss 18.969736099243164, Lr: 0.00500000
[2023-12-05 13:29:30,673] Epoch 892, Loss 39.981292724609375, Lr: 0.00500000
[2023-12-05 13:29:33,391] Epoch 893, Loss 53.54264450073242, Lr: 0.00500000
[2023-12-05 13:29:35,476] Epoch 894, Loss 47.612342834472656, Lr: 0.00500000
[2023-12-05 13:29:39,148] Epoch 895, Loss 52.82307052612305, Lr: 0.00500000
[2023-12-05 13:29:41,577] Epoch 896, Loss 85.61109924316406, Lr: 0.00500000
[2023-12-05 13:29:45,200] Epoch 897, Loss 63.17220687866211, Lr: 0.00500000
[2023-12-05 13:29:46,274] Epoch 898, Loss 60.700626373291016, Lr: 0.00500000
[2023-12-05 13:29:47,983] Epoch 899, Loss 29.769287109375, Lr: 0.00500000
[2023-12-05 13:29:54,093] Epoch 900, Loss 3.661303997039795, Lr: 0.00500000
[2023-12-05 13:31:58,161] ./models_dens/epoch_900.h5 is saved as the latest model
[2023-12-05 13:32:01,050] Epoch 901, Loss 86.85786437988281, Lr: 0.00500000
[2023-12-05 13:32:01,992] Epoch 902, Loss 12.595247268676758, Lr: 0.00500000
[2023-12-05 13:32:04,902] Epoch 903, Loss 37.04141616821289, Lr: 0.00500000
[2023-12-05 13:32:06,240] Epoch 904, Loss 18.865081787109375, Lr: 0.00500000
[2023-12-05 13:32:12,180] Epoch 905, Loss 3.501842737197876, Lr: 0.00500000
[2023-12-05 13:32:13,925] Epoch 906, Loss 93.70188903808594, Lr: 0.00500000
[2023-12-05 13:32:15,057] Epoch 907, Loss 17.57828140258789, Lr: 0.00500000
[2023-12-05 13:32:15,471] Epoch 908, Loss 8.528666496276855, Lr: 0.00500000
[2023-12-05 13:32:15,878] Epoch 909, Loss 7.905675411224365, Lr: 0.00500000
[2023-12-05 13:32:17,813] Epoch 910, Loss 34.04349899291992, Lr: 0.00500000
[2023-12-05 13:32:20,457] Epoch 911, Loss 55.02082061767578, Lr: 0.00500000
[2023-12-05 13:32:22,580] Epoch 912, Loss 43.722042083740234, Lr: 0.00500000
[2023-12-05 13:32:23,749] Epoch 913, Loss 16.210697174072266, Lr: 0.00500000
[2023-12-05 13:32:24,682] Epoch 914, Loss 11.735079765319824, Lr: 0.00500000
[2023-12-05 13:32:26,435] Epoch 915, Loss 35.51607894897461, Lr: 0.00500000
[2023-12-05 13:32:31,974] Epoch 916, Loss 63.7098503112793, Lr: 0.00500000
[2023-12-05 13:32:35,574] Epoch 917, Loss 39.35912322998047, Lr: 0.00500000
[2023-12-05 13:32:37,567] Epoch 918, Loss 35.029048919677734, Lr: 0.00500000
[2023-12-05 13:32:39,785] Epoch 919, Loss 46.531002044677734, Lr: 0.00500000
[2023-12-05 13:32:46,085] Epoch 920, Loss 6.867573261260986, Lr: 0.00500000
[2023-12-05 13:32:52,424] Epoch 921, Loss 1.6089400053024292, Lr: 0.00500000
[2023-12-05 13:32:53,468] Epoch 922, Loss 16.855268478393555, Lr: 0.00500000
[2023-12-05 13:32:55,291] Epoch 923, Loss 27.42538070678711, Lr: 0.00500000
[2023-12-05 13:33:00,144] Epoch 924, Loss 144.55776977539062, Lr: 0.00500000
[2023-12-05 13:33:05,533] Epoch 925, Loss 109.4655990600586, Lr: 0.00500000
[2023-12-05 13:33:07,679] Epoch 926, Loss 87.37149047851562, Lr: 0.00500000
[2023-12-05 13:33:08,235] Epoch 927, Loss 11.508676528930664, Lr: 0.00500000
[2023-12-05 13:33:09,651] Epoch 928, Loss 18.61676025390625, Lr: 0.00500000
[2023-12-05 13:33:12,343] Epoch 929, Loss 46.921897888183594, Lr: 0.00500000
[2023-12-05 13:33:13,756] Epoch 930, Loss 40.688446044921875, Lr: 0.00500000
[2023-12-05 13:33:15,252] Epoch 931, Loss 79.18822479248047, Lr: 0.00500000
[2023-12-05 13:33:16,487] Epoch 932, Loss 88.5882568359375, Lr: 0.00500000
[2023-12-05 13:33:18,076] Epoch 933, Loss 78.73818969726562, Lr: 0.00500000
[2023-12-05 13:33:22,356] Epoch 934, Loss 82.4640884399414, Lr: 0.00500000
[2023-12-05 13:33:24,547] Epoch 935, Loss 30.89914894104004, Lr: 0.00500000
[2023-12-05 13:33:26,881] Epoch 936, Loss 71.33525085449219, Lr: 0.00500000
[2023-12-05 13:33:29,175] Epoch 937, Loss 48.11838912963867, Lr: 0.00500000
[2023-12-05 13:33:35,432] Epoch 938, Loss 28.034812927246094, Lr: 0.00500000
[2023-12-05 13:33:39,528] Epoch 939, Loss 152.2735137939453, Lr: 0.00500000
[2023-12-05 13:33:41,808] Epoch 940, Loss 138.8042449951172, Lr: 0.00500000
[2023-12-05 13:33:44,940] Epoch 941, Loss 53.26145935058594, Lr: 0.00500000
[2023-12-05 13:33:45,474] Epoch 942, Loss 10.545196533203125, Lr: 0.00500000
[2023-12-05 13:33:46,111] Epoch 943, Loss 21.113967895507812, Lr: 0.00500000
[2023-12-05 13:33:47,200] Epoch 944, Loss 11.747879028320312, Lr: 0.00500000
[2023-12-05 13:33:49,230] Epoch 945, Loss 91.07756042480469, Lr: 0.00500000
[2023-12-05 13:33:52,714] Epoch 946, Loss 39.635154724121094, Lr: 0.00500000
[2023-12-05 13:33:56,513] Epoch 947, Loss 112.22685241699219, Lr: 0.00500000
[2023-12-05 13:33:57,085] Epoch 948, Loss 12.92319393157959, Lr: 0.00500000
[2023-12-05 13:34:00,160] Epoch 949, Loss 74.51166534423828, Lr: 0.00500000
[2023-12-05 13:34:02,025] Epoch 950, Loss 49.39708709716797, Lr: 0.00500000
[2023-12-05 13:36:06,904] ./models_dens/epoch_950.h5 is saved as the latest model
[2023-12-05 13:36:13,335] Epoch 951, Loss 5.815392017364502, Lr: 0.00500000
[2023-12-05 13:36:14,987] Epoch 952, Loss 27.763904571533203, Lr: 0.00500000
[2023-12-05 13:36:18,622] Epoch 953, Loss 88.61520385742188, Lr: 0.00500000
[2023-12-05 13:36:19,916] Epoch 954, Loss 26.67675018310547, Lr: 0.00500000
[2023-12-05 13:36:21,213] Epoch 955, Loss 24.3581600189209, Lr: 0.00500000
[2023-12-05 13:36:21,738] Epoch 956, Loss 8.84548568725586, Lr: 0.00500000
[2023-12-05 13:36:23,910] Epoch 957, Loss 33.6494140625, Lr: 0.00500000
[2023-12-05 13:36:28,091] Epoch 958, Loss 70.15445709228516, Lr: 0.00500000
[2023-12-05 13:36:28,555] Epoch 959, Loss 9.430006980895996, Lr: 0.00500000
[2023-12-05 13:36:29,037] Epoch 960, Loss 9.022904396057129, Lr: 0.00500000
[2023-12-05 13:36:29,983] Epoch 961, Loss 16.07404327392578, Lr: 0.00500000
[2023-12-05 13:36:35,880] Epoch 962, Loss 23.540300369262695, Lr: 0.00500000
[2023-12-05 13:36:36,680] Epoch 963, Loss 55.571895599365234, Lr: 0.00500000
[2023-12-05 13:36:42,797] Epoch 964, Loss 24.166213989257812, Lr: 0.00500000
[2023-12-05 13:36:45,097] Epoch 965, Loss 84.73882293701172, Lr: 0.00500000
[2023-12-05 13:36:46,988] Epoch 966, Loss 32.81863784790039, Lr: 0.00500000
[2023-12-05 13:36:48,481] Epoch 967, Loss 44.01001739501953, Lr: 0.00500000
[2023-12-05 13:36:52,075] Epoch 968, Loss 53.25046920776367, Lr: 0.00500000
[2023-12-05 13:36:53,348] Epoch 969, Loss 23.652477264404297, Lr: 0.00500000
[2023-12-05 13:36:56,285] Epoch 970, Loss 51.519737243652344, Lr: 0.00500000
[2023-12-05 13:36:57,630] Epoch 971, Loss 68.70260620117188, Lr: 0.00500000
[2023-12-05 13:36:59,345] Epoch 972, Loss 14.753578186035156, Lr: 0.00500000
[2023-12-05 13:37:02,754] Epoch 973, Loss 104.10014343261719, Lr: 0.00500000
[2023-12-05 13:37:08,169] Epoch 974, Loss 73.5218734741211, Lr: 0.00500000
[2023-12-05 13:37:09,764] Epoch 975, Loss 25.785812377929688, Lr: 0.00500000
[2023-12-05 13:37:12,007] Epoch 976, Loss 34.14812469482422, Lr: 0.00500000
[2023-12-05 13:37:12,790] Epoch 977, Loss 20.833009719848633, Lr: 0.00500000
[2023-12-05 13:37:13,767] Epoch 978, Loss 8.732219696044922, Lr: 0.00500000
[2023-12-05 13:37:19,643] Epoch 979, Loss 55.983421325683594, Lr: 0.00500000
[2023-12-05 13:37:20,672] Epoch 980, Loss 8.3827543258667, Lr: 0.00500000
[2023-12-05 13:37:21,539] Epoch 981, Loss 22.484596252441406, Lr: 0.00500000
[2023-12-05 13:37:22,433] Epoch 982, Loss 22.706787109375, Lr: 0.00500000
[2023-12-05 13:37:24,147] Epoch 983, Loss 50.77680969238281, Lr: 0.00500000
[2023-12-05 13:37:27,725] Epoch 984, Loss 55.23308181762695, Lr: 0.00500000
[2023-12-05 13:37:29,393] Epoch 985, Loss 43.823951721191406, Lr: 0.00500000
[2023-12-05 13:37:30,156] Epoch 986, Loss 20.1684513092041, Lr: 0.00500000
[2023-12-05 13:37:34,196] Epoch 987, Loss 62.57942199707031, Lr: 0.00500000
[2023-12-05 13:37:34,954] Epoch 988, Loss 13.29767894744873, Lr: 0.00500000
[2023-12-05 13:37:40,579] Epoch 989, Loss 6.73194694519043, Lr: 0.00500000
[2023-12-05 13:37:41,600] Epoch 990, Loss 25.96318244934082, Lr: 0.00500000
[2023-12-05 13:37:44,359] Epoch 991, Loss 65.65238952636719, Lr: 0.00500000
[2023-12-05 13:37:47,675] Epoch 992, Loss 30.234905242919922, Lr: 0.00500000
[2023-12-05 13:37:51,053] Epoch 993, Loss 126.83847045898438, Lr: 0.00500000
[2023-12-05 13:37:51,924] Epoch 994, Loss 27.471576690673828, Lr: 0.00500000
[2023-12-05 13:37:55,167] Epoch 995, Loss 113.27147674560547, Lr: 0.00500000
[2023-12-05 13:37:58,246] Epoch 996, Loss 82.91981506347656, Lr: 0.00500000
[2023-12-05 13:37:59,916] Epoch 997, Loss 110.8952865600586, Lr: 0.00500000
[2023-12-05 13:38:03,973] Epoch 998, Loss 72.12640380859375, Lr: 0.00500000
[2023-12-05 13:38:04,294] Epoch 999, Loss 17.8143310546875, Lr: 0.00500000
[2023-12-05 13:38:06,325] Epoch 1000, Loss 53.40571594238281, Lr: 0.00500000
[2023-12-05 13:40:02,746] ./models_dens/epoch_1000.h5 is saved as the latest model
