[2023-12-05 14:24:48,275] Filepath does not exist: ./models_dens2/best.h5
[2023-12-05 14:24:48,275] Initializing new model
[2023-12-05 14:24:49,582] Epoch 1, Loss 54.6898078918457, Lr: 0.01000000
[2023-12-05 14:24:50,736] Epoch 2, Loss 46.314125061035156, Lr: 0.00970000
[2023-12-05 14:24:53,027] Epoch 3, Loss 160.53721618652344, Lr: 0.00940000
[2023-12-05 14:24:55,953] Epoch 4, Loss 54.82502746582031, Lr: 0.00910000
[2023-12-05 14:24:59,340] Epoch 5, Loss 118.73091888427734, Lr: 0.00880000
[2023-12-05 14:25:00,792] Epoch 6, Loss 84.9447250366211, Lr: 0.00850000
[2023-12-05 14:25:02,188] Epoch 7, Loss 31.77236557006836, Lr: 0.00820000
[2023-12-05 14:25:03,118] Epoch 8, Loss 112.734375, Lr: 0.00790000
[2023-12-05 14:25:06,655] Epoch 9, Loss 57.42820358276367, Lr: 0.00760000
[2023-12-05 14:25:07,961] Epoch 10, Loss 76.79070281982422, Lr: 0.00730000
[2023-12-05 14:25:10,980] Epoch 11, Loss 120.22532653808594, Lr: 0.00700000
[2023-12-05 14:25:12,882] Epoch 12, Loss 45.982181549072266, Lr: 0.00670000
[2023-12-05 14:25:14,414] Epoch 13, Loss 44.70851135253906, Lr: 0.00640000
[2023-12-05 14:25:15,756] Epoch 14, Loss 41.42219924926758, Lr: 0.00610000
[2023-12-05 14:25:16,048] Epoch 15, Loss 13.814723014831543, Lr: 0.00580000
[2023-12-05 14:25:16,294] Epoch 16, Loss 13.436044692993164, Lr: 0.00550000
[2023-12-05 14:25:17,103] Epoch 17, Loss 17.349565505981445, Lr: 0.00520000
[2023-12-05 14:25:20,049] Epoch 18, Loss 47.03813552856445, Lr: 0.00490000
[2023-12-05 14:25:21,276] Epoch 19, Loss 40.857666015625, Lr: 0.00460000
[2023-12-05 14:25:23,845] Epoch 20, Loss 189.1075439453125, Lr: 0.00430000
[2023-12-05 14:25:25,127] Epoch 21, Loss 42.225460052490234, Lr: 0.00400000
[2023-12-05 14:25:25,782] Epoch 22, Loss 11.37714958190918, Lr: 0.00370000
[2023-12-05 14:25:26,414] Epoch 23, Loss 28.215377807617188, Lr: 0.00340000
[2023-12-05 14:25:30,192] Epoch 24, Loss 50.241302490234375, Lr: 0.00310000
[2023-12-05 14:25:31,686] Epoch 25, Loss 51.0172119140625, Lr: 0.00280000
[2023-12-05 14:25:32,064] Epoch 26, Loss 22.691146850585938, Lr: 0.00250000
[2023-12-05 14:25:33,326] Epoch 27, Loss 32.14684295654297, Lr: 0.00220000
[2023-12-05 14:25:33,805] Epoch 28, Loss 28.35913848876953, Lr: 0.00190000
[2023-12-05 14:25:35,241] Epoch 29, Loss 33.16096496582031, Lr: 0.00160000
[2023-12-05 14:25:37,046] Epoch 30, Loss 25.785755157470703, Lr: 0.00130000
[2023-12-05 14:25:37,852] Epoch 31, Loss 63.16383361816406, Lr: 0.00100000
[2023-12-05 14:25:38,772] Epoch 32, Loss 23.409765243530273, Lr: 0.00100000
[2023-12-05 14:25:40,858] Epoch 33, Loss 119.19422149658203, Lr: 0.00100000
[2023-12-05 14:25:42,004] Epoch 34, Loss 18.536046981811523, Lr: 0.00100000
[2023-12-05 14:25:44,964] Epoch 35, Loss 44.26698303222656, Lr: 0.00100000
[2023-12-05 14:25:46,543] Epoch 36, Loss 28.675472259521484, Lr: 0.00100000
[2023-12-05 14:25:47,060] Epoch 37, Loss 16.609291076660156, Lr: 0.00100000
[2023-12-05 14:25:47,448] Epoch 38, Loss 22.430978775024414, Lr: 0.00100000
[2023-12-05 14:25:49,727] Epoch 39, Loss 41.44334411621094, Lr: 0.00100000
[2023-12-05 14:25:51,036] Epoch 40, Loss 34.40253448486328, Lr: 0.00100000
[2023-12-05 14:25:54,467] Epoch 41, Loss 101.13443756103516, Lr: 0.00100000
[2023-12-05 14:25:55,376] Epoch 42, Loss 26.702762603759766, Lr: 0.00100000
[2023-12-05 14:25:56,033] Epoch 43, Loss 22.70221710205078, Lr: 0.00100000
[2023-12-05 14:25:57,458] Epoch 44, Loss 46.867652893066406, Lr: 0.00100000
[2023-12-05 14:25:58,973] Epoch 45, Loss 31.812000274658203, Lr: 0.00100000
[2023-12-05 14:26:00,172] Epoch 46, Loss 36.777950286865234, Lr: 0.00100000
[2023-12-05 14:26:03,937] Epoch 47, Loss 119.73771667480469, Lr: 0.00100000
[2023-12-05 14:26:09,288] Epoch 48, Loss 3.507593870162964, Lr: 0.00100000
[2023-12-05 14:26:10,980] Epoch 49, Loss 43.770145416259766, Lr: 0.00100000
[2023-12-05 14:26:12,033] Epoch 50, Loss 16.703676223754883, Lr: 0.00100000
[2023-12-05 14:26:12,808] Epoch 51, Loss 14.780908584594727, Lr: 0.00100000
[2023-12-05 14:26:14,619] Epoch 52, Loss 51.980770111083984, Lr: 0.00100000
[2023-12-05 14:26:17,169] Epoch 53, Loss 49.06056594848633, Lr: 0.00100000
[2023-12-05 14:26:20,166] Epoch 54, Loss 124.8580551147461, Lr: 0.00100000
[2023-12-05 14:26:22,219] Epoch 55, Loss 86.09337615966797, Lr: 0.00100000
[2023-12-05 14:26:24,725] Epoch 56, Loss 132.98951721191406, Lr: 0.00100000
[2023-12-05 14:26:25,145] Epoch 57, Loss 12.971148490905762, Lr: 0.00100000
[2023-12-05 14:26:25,689] Epoch 58, Loss 17.21800422668457, Lr: 0.00100000
[2023-12-05 14:26:28,652] Epoch 59, Loss 80.78638458251953, Lr: 0.00100000
[2023-12-05 14:26:29,627] Epoch 60, Loss 43.24475860595703, Lr: 0.00100000
[2023-12-05 14:26:32,595] Epoch 61, Loss 103.97492218017578, Lr: 0.00100000
[2023-12-05 14:26:33,577] Epoch 62, Loss 26.201213836669922, Lr: 0.00100000
[2023-12-05 14:26:34,533] Epoch 63, Loss 26.51618194580078, Lr: 0.00100000
[2023-12-05 14:26:35,262] Epoch 64, Loss 23.685768127441406, Lr: 0.00100000
[2023-12-05 14:26:37,070] Epoch 65, Loss 52.0957145690918, Lr: 0.00100000
[2023-12-05 14:26:39,430] Epoch 66, Loss 47.811302185058594, Lr: 0.00100000
[2023-12-05 14:26:41,564] Epoch 67, Loss 30.899211883544922, Lr: 0.00100000
[2023-12-05 14:26:45,067] Epoch 68, Loss 62.59252166748047, Lr: 0.00100000
[2023-12-05 14:26:46,556] Epoch 69, Loss 77.19689178466797, Lr: 0.00100000
[2023-12-05 14:26:48,227] Epoch 70, Loss 63.389312744140625, Lr: 0.00100000
[2023-12-05 14:26:52,772] Epoch 71, Loss 133.22012329101562, Lr: 0.00100000
[2023-12-05 14:26:55,930] Epoch 72, Loss 55.58870315551758, Lr: 0.00100000
[2023-12-05 14:26:56,916] Epoch 73, Loss 30.174564361572266, Lr: 0.00100000
[2023-12-05 14:26:58,039] Epoch 74, Loss 25.54180145263672, Lr: 0.00100000
[2023-12-05 14:27:00,425] Epoch 75, Loss 126.17838287353516, Lr: 0.00100000
[2023-12-05 14:27:01,836] Epoch 76, Loss 43.53133773803711, Lr: 0.00100000
[2023-12-05 14:27:03,943] Epoch 77, Loss 31.46666717529297, Lr: 0.00100000
[2023-12-05 14:27:05,911] Epoch 78, Loss 47.045841217041016, Lr: 0.00100000
[2023-12-05 14:27:06,831] Epoch 79, Loss 35.95753479003906, Lr: 0.00100000
[2023-12-05 14:27:09,332] Epoch 80, Loss 32.552978515625, Lr: 0.00100000
[2023-12-05 14:27:11,219] Epoch 81, Loss 36.83384323120117, Lr: 0.00100000
[2023-12-05 14:27:12,718] Epoch 82, Loss 36.47677230834961, Lr: 0.00100000
[2023-12-05 14:27:17,508] Epoch 83, Loss 21.7362060546875, Lr: 0.00100000
[2023-12-05 14:27:19,752] Epoch 84, Loss 31.285751342773438, Lr: 0.00100000
[2023-12-05 14:27:21,279] Epoch 85, Loss 46.97262191772461, Lr: 0.00100000
[2023-12-05 14:27:24,228] Epoch 86, Loss 113.55748748779297, Lr: 0.00100000
[2023-12-05 14:27:24,564] Epoch 87, Loss 11.461663246154785, Lr: 0.00100000
[2023-12-05 14:27:29,540] Epoch 88, Loss 44.625492095947266, Lr: 0.00100000
[2023-12-05 14:27:30,013] Epoch 89, Loss 10.891366958618164, Lr: 0.00100000
[2023-12-05 14:27:33,297] Epoch 90, Loss 85.112548828125, Lr: 0.00100000
[2023-12-05 14:27:34,441] Epoch 91, Loss 31.78753089904785, Lr: 0.00100000
[2023-12-05 14:27:37,384] Epoch 92, Loss 151.83644104003906, Lr: 0.00100000
[2023-12-05 14:27:38,310] Epoch 93, Loss 36.147708892822266, Lr: 0.00100000
[2023-12-05 14:27:41,090] Epoch 94, Loss 90.63946533203125, Lr: 0.00100000
[2023-12-05 14:27:45,884] Epoch 95, Loss 144.20217895507812, Lr: 0.00100000
[2023-12-05 14:27:48,256] Epoch 96, Loss 46.358028411865234, Lr: 0.00100000
[2023-12-05 14:27:49,446] Epoch 97, Loss 21.67915153503418, Lr: 0.00100000
[2023-12-05 14:27:50,595] Epoch 98, Loss 67.29054260253906, Lr: 0.00100000
[2023-12-05 14:27:52,596] Epoch 99, Loss 95.03900146484375, Lr: 0.00100000
[2023-12-05 14:27:54,247] Epoch 100, Loss 34.79469299316406, Lr: 0.00100000
[2023-12-05 14:27:59,589] Epoch 101, Loss 6.0994110107421875, Lr: 0.00100000
[2023-12-05 14:28:00,951] Epoch 102, Loss 19.485107421875, Lr: 0.00100000
[2023-12-05 14:28:04,007] Epoch 103, Loss 58.865089416503906, Lr: 0.00100000
[2023-12-05 14:28:05,524] Epoch 104, Loss 38.10546875, Lr: 0.00100000
[2023-12-05 14:28:07,210] Epoch 105, Loss 41.920040130615234, Lr: 0.00100000
[2023-12-05 14:28:11,182] Epoch 106, Loss 95.95630645751953, Lr: 0.00100000
[2023-12-05 14:28:13,956] Epoch 107, Loss 62.911163330078125, Lr: 0.00100000
[2023-12-05 14:28:14,508] Epoch 108, Loss 12.380365371704102, Lr: 0.00100000
[2023-12-05 14:28:15,417] Epoch 109, Loss 16.638545989990234, Lr: 0.00100000
[2023-12-05 14:28:15,876] Epoch 110, Loss 12.867100715637207, Lr: 0.00100000
[2023-12-05 14:28:17,991] Epoch 111, Loss 26.505250930786133, Lr: 0.00100000
[2023-12-05 14:28:21,875] Epoch 112, Loss 105.90198516845703, Lr: 0.00100000
[2023-12-05 14:28:22,302] Epoch 113, Loss 12.620328903198242, Lr: 0.00100000
[2023-12-05 14:28:23,666] Epoch 114, Loss 35.81852722167969, Lr: 0.00100000
[2023-12-05 14:28:24,679] Epoch 115, Loss 23.886547088623047, Lr: 0.00100000
[2023-12-05 14:28:26,133] Epoch 116, Loss 30.373668670654297, Lr: 0.00100000
[2023-12-05 14:28:28,569] Epoch 117, Loss 31.329666137695312, Lr: 0.00100000
[2023-12-05 14:28:31,350] Epoch 118, Loss 191.00518798828125, Lr: 0.00100000
[2023-12-05 14:28:33,500] Epoch 119, Loss 31.761730194091797, Lr: 0.00100000
[2023-12-05 14:28:35,382] Epoch 120, Loss 44.39701843261719, Lr: 0.00100000
[2023-12-05 14:28:38,506] Epoch 121, Loss 119.65437316894531, Lr: 0.00100000
[2023-12-05 14:28:39,044] Epoch 122, Loss 30.4768123626709, Lr: 0.00100000
[2023-12-05 14:28:41,518] Epoch 123, Loss 180.9844970703125, Lr: 0.00100000
[2023-12-05 14:28:43,799] Epoch 124, Loss 53.88070297241211, Lr: 0.00100000
[2023-12-05 14:28:46,329] Epoch 125, Loss 136.66836547851562, Lr: 0.00100000
[2023-12-05 14:28:48,208] Epoch 126, Loss 98.98831939697266, Lr: 0.00100000
[2023-12-05 14:28:49,268] Epoch 127, Loss 33.834957122802734, Lr: 0.00100000
[2023-12-05 14:28:51,437] Epoch 128, Loss 59.82193374633789, Lr: 0.00100000
[2023-12-05 14:28:52,120] Epoch 129, Loss 23.075429916381836, Lr: 0.00100000
[2023-12-05 14:28:55,525] Epoch 130, Loss 57.65924072265625, Lr: 0.00100000
[2023-12-05 14:28:57,201] Epoch 131, Loss 40.248409271240234, Lr: 0.00100000
[2023-12-05 14:28:59,226] Epoch 132, Loss 126.31932067871094, Lr: 0.00100000
[2023-12-05 14:29:01,266] Epoch 133, Loss 74.4697036743164, Lr: 0.00100000
[2023-12-05 14:29:02,998] Epoch 134, Loss 40.12389373779297, Lr: 0.00100000
[2023-12-05 14:29:04,953] Epoch 135, Loss 86.39541625976562, Lr: 0.00100000
[2023-12-05 14:29:06,942] Epoch 136, Loss 44.30783462524414, Lr: 0.00100000
[2023-12-05 14:29:10,043] Epoch 137, Loss 212.43292236328125, Lr: 0.00100000
[2023-12-05 14:29:11,860] Epoch 138, Loss 36.27775573730469, Lr: 0.00100000
[2023-12-05 14:29:12,566] Epoch 139, Loss 19.091663360595703, Lr: 0.00100000
[2023-12-05 14:29:13,523] Epoch 140, Loss 34.57670593261719, Lr: 0.00100000
[2023-12-05 14:29:17,163] Epoch 141, Loss 124.26526641845703, Lr: 0.00100000
[2023-12-05 14:29:18,415] Epoch 142, Loss 37.34975814819336, Lr: 0.00100000
[2023-12-05 14:29:21,108] Epoch 143, Loss 97.16677856445312, Lr: 0.00100000
[2023-12-05 14:29:22,178] Epoch 144, Loss 25.43827247619629, Lr: 0.00100000
[2023-12-05 14:29:24,722] Epoch 145, Loss 38.09857940673828, Lr: 0.00100000
[2023-12-05 14:29:25,933] Epoch 146, Loss 35.643043518066406, Lr: 0.00100000
[2023-12-05 14:29:28,389] Epoch 147, Loss 113.16903686523438, Lr: 0.00100000
[2023-12-05 14:29:33,971] Epoch 148, Loss 19.236648559570312, Lr: 0.00100000
[2023-12-05 14:29:35,529] Epoch 149, Loss 27.6087589263916, Lr: 0.00100000
[2023-12-05 14:29:38,595] Epoch 150, Loss 100.18313598632812, Lr: 0.00100000
[2023-12-05 14:29:40,762] Epoch 151, Loss 34.47393035888672, Lr: 0.00100000
[2023-12-05 14:29:41,515] Epoch 152, Loss 25.322647094726562, Lr: 0.00100000
[2023-12-05 14:29:42,617] Epoch 153, Loss 27.353492736816406, Lr: 0.00100000
[2023-12-05 14:29:44,897] Epoch 154, Loss 95.89077758789062, Lr: 0.00100000
[2023-12-05 14:29:46,037] Epoch 155, Loss 26.650314331054688, Lr: 0.00100000
[2023-12-05 14:29:47,720] Epoch 156, Loss 23.497722625732422, Lr: 0.00100000
[2023-12-05 14:29:51,114] Epoch 157, Loss 86.5181884765625, Lr: 0.00100000
[2023-12-05 14:29:53,242] Epoch 158, Loss 33.542205810546875, Lr: 0.00100000
[2023-12-05 14:29:55,113] Epoch 159, Loss 57.162662506103516, Lr: 0.00100000
[2023-12-05 14:29:56,542] Epoch 160, Loss 72.70162963867188, Lr: 0.00100000
[2023-12-05 14:30:01,745] Epoch 161, Loss 56.439788818359375, Lr: 0.00100000
[2023-12-05 14:30:02,804] Epoch 162, Loss 19.589920043945312, Lr: 0.00100000
[2023-12-05 14:30:06,101] Epoch 163, Loss 78.70027160644531, Lr: 0.00100000
[2023-12-05 14:30:07,348] Epoch 164, Loss 14.889535903930664, Lr: 0.00100000
[2023-12-05 14:30:09,349] Epoch 165, Loss 37.95630645751953, Lr: 0.00100000
[2023-12-05 14:30:10,026] Epoch 166, Loss 22.498254776000977, Lr: 0.00100000
[2023-12-05 14:30:10,615] Epoch 167, Loss 21.200170516967773, Lr: 0.00100000
[2023-12-05 14:30:13,552] Epoch 168, Loss 198.15823364257812, Lr: 0.00100000
[2023-12-05 14:30:14,277] Epoch 169, Loss 67.331298828125, Lr: 0.00100000
[2023-12-05 14:30:14,796] Epoch 170, Loss 8.684972763061523, Lr: 0.00100000
[2023-12-05 14:30:16,424] Epoch 171, Loss 78.49243927001953, Lr: 0.00100000
[2023-12-05 14:30:17,194] Epoch 172, Loss 14.822661399841309, Lr: 0.00100000
[2023-12-05 14:30:19,094] Epoch 173, Loss 38.45417022705078, Lr: 0.00100000
[2023-12-05 14:30:25,648] Epoch 174, Loss 0.09372003376483917, Lr: 0.00100000
[2023-12-05 14:30:31,676] Epoch 175, Loss 4.814316749572754, Lr: 0.00100000
[2023-12-05 14:30:32,950] Epoch 176, Loss 16.39190673828125, Lr: 0.00100000
[2023-12-05 14:30:34,466] Epoch 177, Loss 39.4437255859375, Lr: 0.00100000
[2023-12-05 14:30:36,589] Epoch 178, Loss 39.71881103515625, Lr: 0.00100000
[2023-12-05 14:30:37,833] Epoch 179, Loss 14.977892875671387, Lr: 0.00100000
[2023-12-05 14:30:41,677] Epoch 180, Loss 244.1483154296875, Lr: 0.00100000
[2023-12-05 14:30:42,942] Epoch 181, Loss 36.35276412963867, Lr: 0.00100000
[2023-12-05 14:30:44,265] Epoch 182, Loss 32.98823165893555, Lr: 0.00100000
[2023-12-05 14:30:46,485] Epoch 183, Loss 48.55047607421875, Lr: 0.00100000
[2023-12-05 14:30:52,328] Epoch 184, Loss 4.96776819229126, Lr: 0.00100000
[2023-12-05 14:30:58,843] Epoch 185, Loss 1.047100305557251, Lr: 0.00100000
[2023-12-05 14:30:59,737] Epoch 186, Loss 13.926950454711914, Lr: 0.00100000
[2023-12-05 14:31:01,299] Epoch 187, Loss 15.283735275268555, Lr: 0.00100000
[2023-12-05 14:31:05,973] Epoch 188, Loss 79.61561584472656, Lr: 0.00100000
[2023-12-05 14:31:06,868] Epoch 189, Loss 12.338544845581055, Lr: 0.00100000
[2023-12-05 14:31:11,343] Epoch 190, Loss 64.07938385009766, Lr: 0.00100000
[2023-12-05 14:31:13,203] Epoch 191, Loss 19.277759552001953, Lr: 0.00100000
[2023-12-05 14:31:15,734] Epoch 192, Loss 21.333003997802734, Lr: 0.00100000
[2023-12-05 14:31:16,358] Epoch 193, Loss 20.3283634185791, Lr: 0.00100000
[2023-12-05 14:31:17,980] Epoch 194, Loss 20.674720764160156, Lr: 0.00100000
[2023-12-05 14:31:19,332] Epoch 195, Loss 24.391742706298828, Lr: 0.00100000
[2023-12-05 14:31:20,614] Epoch 196, Loss 13.792993545532227, Lr: 0.00100000
[2023-12-05 14:31:26,906] Epoch 197, Loss 3.193206310272217, Lr: 0.00100000
[2023-12-05 14:31:27,860] Epoch 198, Loss 23.209747314453125, Lr: 0.00100000
[2023-12-05 14:31:31,629] Epoch 199, Loss 220.06838989257812, Lr: 0.00100000
[2023-12-05 14:31:32,477] Epoch 200, Loss 11.50752067565918, Lr: 0.00100000
[2023-12-05 14:31:34,276] Epoch 201, Loss 44.61688995361328, Lr: 0.00100000
[2023-12-05 14:31:35,691] Epoch 202, Loss 27.122098922729492, Lr: 0.00100000
[2023-12-05 14:31:36,442] Epoch 203, Loss 19.088655471801758, Lr: 0.00100000
[2023-12-05 14:31:38,143] Epoch 204, Loss 70.64071655273438, Lr: 0.00100000
[2023-12-05 14:31:42,621] Epoch 205, Loss 85.65647888183594, Lr: 0.00100000
[2023-12-05 14:31:43,187] Epoch 206, Loss 22.157665252685547, Lr: 0.00100000
[2023-12-05 14:31:44,478] Epoch 207, Loss 13.312074661254883, Lr: 0.00100000
[2023-12-05 14:31:46,088] Epoch 208, Loss 16.70598030090332, Lr: 0.00100000
[2023-12-05 14:31:46,836] Epoch 209, Loss 21.611082077026367, Lr: 0.00100000
[2023-12-05 14:31:48,602] Epoch 210, Loss 23.58304214477539, Lr: 0.00100000
[2023-12-05 14:31:53,038] Epoch 211, Loss 42.40498352050781, Lr: 0.00100000
[2023-12-05 14:31:54,892] Epoch 212, Loss 43.06825256347656, Lr: 0.00100000
[2023-12-05 14:31:56,455] Epoch 213, Loss 14.847480773925781, Lr: 0.00100000
[2023-12-05 14:31:57,399] Epoch 214, Loss 12.859663009643555, Lr: 0.00100000
[2023-12-05 14:31:58,092] Epoch 215, Loss 29.433162689208984, Lr: 0.00100000
[2023-12-05 14:31:58,669] Epoch 216, Loss 9.039880752563477, Lr: 0.00100000
[2023-12-05 14:32:00,974] Epoch 217, Loss 37.492576599121094, Lr: 0.00100000
[2023-12-05 14:32:01,795] Epoch 218, Loss 22.135164260864258, Lr: 0.00100000
[2023-12-05 14:32:07,441] Epoch 219, Loss 27.191659927368164, Lr: 0.00100000
[2023-12-05 14:32:13,485] Epoch 220, Loss 0.07964882254600525, Lr: 0.00100000
[2023-12-05 14:32:14,582] Epoch 221, Loss 27.113401412963867, Lr: 0.00100000
[2023-12-05 14:32:15,343] Epoch 222, Loss 9.755374908447266, Lr: 0.00100000
[2023-12-05 14:32:18,737] Epoch 223, Loss 133.06300354003906, Lr: 0.00100000
[2023-12-05 14:32:19,625] Epoch 224, Loss 11.107738494873047, Lr: 0.00100000
[2023-12-05 14:32:22,047] Epoch 225, Loss 46.39320755004883, Lr: 0.00100000
[2023-12-05 14:32:22,417] Epoch 226, Loss 8.505922317504883, Lr: 0.00100000
[2023-12-05 14:32:22,915] Epoch 227, Loss 21.63162612915039, Lr: 0.00100000
[2023-12-05 14:32:24,811] Epoch 228, Loss 47.165985107421875, Lr: 0.00100000
[2023-12-05 14:32:25,524] Epoch 229, Loss 21.29000473022461, Lr: 0.00100000
[2023-12-05 14:32:27,547] Epoch 230, Loss 32.39094924926758, Lr: 0.00100000
[2023-12-05 14:32:29,452] Epoch 231, Loss 33.93004608154297, Lr: 0.00100000
[2023-12-05 14:32:32,025] Epoch 232, Loss 59.66756057739258, Lr: 0.00100000
[2023-12-05 14:32:32,933] Epoch 233, Loss 60.79637908935547, Lr: 0.00100000
[2023-12-05 14:32:35,305] Epoch 234, Loss 37.10881042480469, Lr: 0.00100000
[2023-12-05 14:32:36,409] Epoch 235, Loss 83.00982666015625, Lr: 0.00100000
[2023-12-05 14:32:36,981] Epoch 236, Loss 9.004298210144043, Lr: 0.00100000
[2023-12-05 14:32:37,552] Epoch 237, Loss 9.890317916870117, Lr: 0.00100000
[2023-12-05 14:32:38,184] Epoch 238, Loss 10.537684440612793, Lr: 0.00100000
[2023-12-05 14:32:39,497] Epoch 239, Loss 16.833080291748047, Lr: 0.00100000
[2023-12-05 14:32:41,184] Epoch 240, Loss 27.088592529296875, Lr: 0.00100000
[2023-12-05 14:32:41,672] Epoch 241, Loss 10.531143188476562, Lr: 0.00100000
[2023-12-05 14:32:43,256] Epoch 242, Loss 14.77982234954834, Lr: 0.00100000
[2023-12-05 14:32:43,849] Epoch 243, Loss 8.868974685668945, Lr: 0.00100000
[2023-12-05 14:32:46,627] Epoch 244, Loss 96.376708984375, Lr: 0.00100000
[2023-12-05 14:32:47,416] Epoch 245, Loss 23.587017059326172, Lr: 0.00100000
[2023-12-05 14:32:52,109] Epoch 246, Loss 35.258827209472656, Lr: 0.00100000
[2023-12-05 14:32:53,069] Epoch 247, Loss 28.945173263549805, Lr: 0.00100000
[2023-12-05 14:32:53,857] Epoch 248, Loss 10.453466415405273, Lr: 0.00100000
[2023-12-05 14:32:55,279] Epoch 249, Loss 29.76862335205078, Lr: 0.00100000
[2023-12-05 14:32:56,438] Epoch 250, Loss 24.262805938720703, Lr: 0.00100000
[2023-12-05 14:34:43,692] ./models_dens2/epoch_250.h5 is saved as the latest model
[2023-12-05 14:34:45,098] Epoch 251, Loss 38.13164138793945, Lr: 0.00100000
[2023-12-05 14:34:49,802] Epoch 252, Loss 119.1340103149414, Lr: 0.00100000
[2023-12-05 14:34:52,022] Epoch 253, Loss 57.34164810180664, Lr: 0.00100000
[2023-12-05 14:34:54,425] Epoch 254, Loss 36.568809509277344, Lr: 0.00100000
[2023-12-05 14:34:55,694] Epoch 255, Loss 32.34843444824219, Lr: 0.00100000
[2023-12-05 14:34:59,193] Epoch 256, Loss 141.13131713867188, Lr: 0.00100000
[2023-12-05 14:35:01,252] Epoch 257, Loss 92.41576385498047, Lr: 0.00100000
[2023-12-05 14:35:04,339] Epoch 258, Loss 88.00984191894531, Lr: 0.00100000
[2023-12-05 14:35:05,397] Epoch 259, Loss 23.904312133789062, Lr: 0.00100000
[2023-12-05 14:35:07,398] Epoch 260, Loss 82.44499206542969, Lr: 0.00100000
[2023-12-05 14:35:12,446] Epoch 261, Loss 4.46231746673584, Lr: 0.00100000
[2023-12-05 14:35:16,042] Epoch 262, Loss 102.40055847167969, Lr: 0.00100000
[2023-12-05 14:35:21,847] Epoch 263, Loss 7.755025386810303, Lr: 0.00100000
[2023-12-05 14:35:26,939] Epoch 264, Loss 4.590468883514404, Lr: 0.00100000
[2023-12-05 14:35:27,565] Epoch 265, Loss 11.511585235595703, Lr: 0.00100000
[2023-12-05 14:35:28,124] Epoch 266, Loss 10.492899894714355, Lr: 0.00100000
[2023-12-05 14:35:31,151] Epoch 267, Loss 125.95038604736328, Lr: 0.00100000
[2023-12-05 14:35:31,915] Epoch 268, Loss 24.89104652404785, Lr: 0.00100000
[2023-12-05 14:35:37,244] Epoch 269, Loss 4.789332389831543, Lr: 0.00100000
[2023-12-05 14:35:37,865] Epoch 270, Loss 12.758082389831543, Lr: 0.00100000
[2023-12-05 14:35:39,061] Epoch 271, Loss 27.45503044128418, Lr: 0.00100000
[2023-12-05 14:35:44,752] Epoch 272, Loss 3.991657018661499, Lr: 0.00100000
[2023-12-05 14:35:45,460] Epoch 273, Loss 20.111356735229492, Lr: 0.00100000
[2023-12-05 14:35:46,551] Epoch 274, Loss 61.46807861328125, Lr: 0.00100000
[2023-12-05 14:35:47,687] Epoch 275, Loss 27.695436477661133, Lr: 0.00100000
[2023-12-05 14:35:50,046] Epoch 276, Loss 25.942726135253906, Lr: 0.00100000
[2023-12-05 14:35:50,880] Epoch 277, Loss 25.782039642333984, Lr: 0.00100000
[2023-12-05 14:35:51,486] Epoch 278, Loss 14.90693187713623, Lr: 0.00100000
[2023-12-05 14:35:55,244] Epoch 279, Loss 153.942138671875, Lr: 0.00100000
[2023-12-05 14:35:58,514] Epoch 280, Loss 110.75760650634766, Lr: 0.00100000
[2023-12-05 14:36:01,111] Epoch 281, Loss 60.80877685546875, Lr: 0.00100000
[2023-12-05 14:36:05,381] Epoch 282, Loss 67.3817138671875, Lr: 0.00100000
[2023-12-05 14:36:07,215] Epoch 283, Loss 46.58795928955078, Lr: 0.00100000
[2023-12-05 14:36:10,086] Epoch 284, Loss 134.82139587402344, Lr: 0.00100000
[2023-12-05 14:36:11,849] Epoch 285, Loss 31.272136688232422, Lr: 0.00100000
[2023-12-05 14:36:14,023] Epoch 286, Loss 42.99052810668945, Lr: 0.00100000
[2023-12-05 14:36:17,363] Epoch 287, Loss 93.3006362915039, Lr: 0.00100000
[2023-12-05 14:36:19,357] Epoch 288, Loss 39.55318069458008, Lr: 0.00100000
[2023-12-05 14:36:21,128] Epoch 289, Loss 48.09715270996094, Lr: 0.00100000
[2023-12-05 14:36:21,708] Epoch 290, Loss 12.252861976623535, Lr: 0.00100000
[2023-12-05 14:36:27,045] Epoch 291, Loss 24.49435806274414, Lr: 0.00100000
[2023-12-05 14:36:28,007] Epoch 292, Loss 61.11942672729492, Lr: 0.00100000
[2023-12-05 14:36:28,629] Epoch 293, Loss 9.299960136413574, Lr: 0.00100000
[2023-12-05 14:36:29,679] Epoch 294, Loss 63.74886703491211, Lr: 0.00100000
[2023-12-05 14:36:30,790] Epoch 295, Loss 36.10346603393555, Lr: 0.00100000
[2023-12-05 14:36:33,930] Epoch 296, Loss 94.96170806884766, Lr: 0.00100000
[2023-12-05 14:36:34,799] Epoch 297, Loss 19.1346378326416, Lr: 0.00100000
[2023-12-05 14:36:35,898] Epoch 298, Loss 12.223886489868164, Lr: 0.00100000
[2023-12-05 14:36:40,263] Epoch 299, Loss 83.67993927001953, Lr: 0.00100000
[2023-12-05 14:36:41,510] Epoch 300, Loss 37.84577560424805, Lr: 0.00100000
[2023-12-05 14:36:42,137] Epoch 301, Loss 29.31731414794922, Lr: 0.00100000
[2023-12-05 14:36:45,658] Epoch 302, Loss 74.79903411865234, Lr: 0.00100000
[2023-12-05 14:36:47,366] Epoch 303, Loss 33.7976188659668, Lr: 0.00100000
[2023-12-05 14:36:49,091] Epoch 304, Loss 92.08150482177734, Lr: 0.00100000
[2023-12-05 14:36:50,680] Epoch 305, Loss 36.89921951293945, Lr: 0.00100000
[2023-12-05 14:36:51,771] Epoch 306, Loss 20.543289184570312, Lr: 0.00100000
[2023-12-05 14:36:52,873] Epoch 307, Loss 17.462379455566406, Lr: 0.00100000
[2023-12-05 14:36:54,600] Epoch 308, Loss 22.517595291137695, Lr: 0.00100000
[2023-12-05 14:36:56,167] Epoch 309, Loss 15.203977584838867, Lr: 0.00100000
[2023-12-05 14:36:57,564] Epoch 310, Loss 38.892845153808594, Lr: 0.00100000
[2023-12-05 14:36:58,995] Epoch 311, Loss 76.38768005371094, Lr: 0.00100000
[2023-12-05 14:37:00,949] Epoch 312, Loss 128.1168212890625, Lr: 0.00100000
[2023-12-05 14:37:01,611] Epoch 313, Loss 10.442935943603516, Lr: 0.00100000
[2023-12-05 14:37:02,688] Epoch 314, Loss 28.063827514648438, Lr: 0.00100000
[2023-12-05 14:37:03,875] Epoch 315, Loss 58.869544982910156, Lr: 0.00100000
[2023-12-05 14:37:05,047] Epoch 316, Loss 20.892118453979492, Lr: 0.00100000
[2023-12-05 14:37:09,724] Epoch 317, Loss 71.54742431640625, Lr: 0.00100000
[2023-12-05 14:37:11,221] Epoch 318, Loss 30.970890045166016, Lr: 0.00100000
[2023-12-05 14:37:12,184] Epoch 319, Loss 18.549945831298828, Lr: 0.00100000
[2023-12-05 14:37:14,652] Epoch 320, Loss 48.18671798706055, Lr: 0.00100000
[2023-12-05 14:37:16,991] Epoch 321, Loss 87.90633392333984, Lr: 0.00100000
[2023-12-05 14:37:19,416] Epoch 322, Loss 132.80458068847656, Lr: 0.00100000
[2023-12-05 14:37:21,496] Epoch 323, Loss 50.078826904296875, Lr: 0.00100000
[2023-12-05 14:37:22,855] Epoch 324, Loss 17.90645980834961, Lr: 0.00100000
[2023-12-05 14:37:24,634] Epoch 325, Loss 85.36309051513672, Lr: 0.00100000
[2023-12-05 14:37:29,711] Epoch 326, Loss 20.705718994140625, Lr: 0.00100000
[2023-12-05 14:37:31,806] Epoch 327, Loss 43.47792053222656, Lr: 0.00100000
[2023-12-05 14:37:35,589] Epoch 328, Loss 74.87630462646484, Lr: 0.00100000
[2023-12-05 14:37:37,729] Epoch 329, Loss 38.237457275390625, Lr: 0.00100000
[2023-12-05 14:37:39,526] Epoch 330, Loss 128.99217224121094, Lr: 0.00100000
[2023-12-05 14:37:45,335] Epoch 331, Loss 3.3293864727020264, Lr: 0.00100000
[2023-12-05 14:37:46,349] Epoch 332, Loss 39.17782974243164, Lr: 0.00100000
[2023-12-05 14:37:48,326] Epoch 333, Loss 88.04202270507812, Lr: 0.00100000
[2023-12-05 14:37:50,122] Epoch 334, Loss 85.77079010009766, Lr: 0.00100000
[2023-12-05 14:37:51,814] Epoch 335, Loss 25.385910034179688, Lr: 0.00100000
[2023-12-05 14:37:53,195] Epoch 336, Loss 25.84621810913086, Lr: 0.00100000
[2023-12-05 14:37:58,157] Epoch 337, Loss 89.87761688232422, Lr: 0.00100000
[2023-12-05 14:38:00,961] Epoch 338, Loss 58.00225067138672, Lr: 0.00100000
[2023-12-05 14:38:02,120] Epoch 339, Loss 29.650463104248047, Lr: 0.00100000
[2023-12-05 14:38:02,861] Epoch 340, Loss 34.646873474121094, Lr: 0.00100000
[2023-12-05 14:38:04,237] Epoch 341, Loss 48.12288284301758, Lr: 0.00100000
[2023-12-05 14:38:06,187] Epoch 342, Loss 27.987411499023438, Lr: 0.00100000
[2023-12-05 14:38:08,165] Epoch 343, Loss 72.32707214355469, Lr: 0.00100000
[2023-12-05 14:38:09,191] Epoch 344, Loss 14.738794326782227, Lr: 0.00100000
[2023-12-05 14:38:10,396] Epoch 345, Loss 16.07655906677246, Lr: 0.00100000
[2023-12-05 14:38:13,774] Epoch 346, Loss 48.49186706542969, Lr: 0.00100000
[2023-12-05 14:38:15,196] Epoch 347, Loss 68.92566680908203, Lr: 0.00100000
[2023-12-05 14:38:20,481] Epoch 348, Loss 39.26866149902344, Lr: 0.00100000
[2023-12-05 14:38:22,043] Epoch 349, Loss 46.01133728027344, Lr: 0.00100000
[2023-12-05 14:38:22,673] Epoch 350, Loss 12.630830764770508, Lr: 0.00100000
[2023-12-05 14:38:24,649] Epoch 351, Loss 22.688323974609375, Lr: 0.00100000
[2023-12-05 14:38:25,279] Epoch 352, Loss 15.607239723205566, Lr: 0.00100000
[2023-12-05 14:38:27,238] Epoch 353, Loss 95.88499450683594, Lr: 0.00100000
[2023-12-05 14:38:32,910] Epoch 354, Loss 1.9231867790222168, Lr: 0.00100000
[2023-12-05 14:38:34,252] Epoch 355, Loss 30.77836799621582, Lr: 0.00100000
[2023-12-05 14:38:35,964] Epoch 356, Loss 39.54359817504883, Lr: 0.00100000
[2023-12-05 14:38:39,908] Epoch 357, Loss 59.43065643310547, Lr: 0.00100000
[2023-12-05 14:38:41,197] Epoch 358, Loss 39.948978424072266, Lr: 0.00100000
[2023-12-05 14:38:43,270] Epoch 359, Loss 41.727272033691406, Lr: 0.00100000
[2023-12-05 14:38:43,938] Epoch 360, Loss 16.1053524017334, Lr: 0.00100000
[2023-12-05 14:38:45,028] Epoch 361, Loss 39.87699508666992, Lr: 0.00100000
[2023-12-05 14:38:47,042] Epoch 362, Loss 40.34905242919922, Lr: 0.00100000
[2023-12-05 14:38:47,859] Epoch 363, Loss 17.68667984008789, Lr: 0.00100000
[2023-12-05 14:38:49,150] Epoch 364, Loss 31.850229263305664, Lr: 0.00100000
[2023-12-05 14:38:52,378] Epoch 365, Loss 41.78856658935547, Lr: 0.00100000
[2023-12-05 14:38:54,100] Epoch 366, Loss 52.441253662109375, Lr: 0.00100000
[2023-12-05 14:38:55,168] Epoch 367, Loss 20.021682739257812, Lr: 0.00100000
[2023-12-05 14:38:55,873] Epoch 368, Loss 14.157127380371094, Lr: 0.00100000
[2023-12-05 14:38:56,875] Epoch 369, Loss 62.21753692626953, Lr: 0.00100000
[2023-12-05 14:38:58,294] Epoch 370, Loss 74.87203979492188, Lr: 0.00100000
[2023-12-05 14:39:01,626] Epoch 371, Loss 60.9915771484375, Lr: 0.00100000
[2023-12-05 14:39:02,617] Epoch 372, Loss 18.13718032836914, Lr: 0.00100000
[2023-12-05 14:39:02,888] Epoch 373, Loss 11.259780883789062, Lr: 0.00100000
[2023-12-05 14:39:04,081] Epoch 374, Loss 16.923095703125, Lr: 0.00100000
[2023-12-05 14:39:05,894] Epoch 375, Loss 38.72751998901367, Lr: 0.00100000
[2023-12-05 14:39:06,619] Epoch 376, Loss 20.966726303100586, Lr: 0.00100000
[2023-12-05 14:39:08,844] Epoch 377, Loss 47.227783203125, Lr: 0.00100000
[2023-12-05 14:39:10,938] Epoch 378, Loss 45.10160827636719, Lr: 0.00100000
[2023-12-05 14:39:12,161] Epoch 379, Loss 21.160057067871094, Lr: 0.00100000
[2023-12-05 14:39:14,286] Epoch 380, Loss 79.16081237792969, Lr: 0.00100000
[2023-12-05 14:39:16,726] Epoch 381, Loss 131.62167358398438, Lr: 0.00100000
[2023-12-05 14:39:17,475] Epoch 382, Loss 18.198223114013672, Lr: 0.00100000
[2023-12-05 14:39:21,126] Epoch 383, Loss 112.70408630371094, Lr: 0.00100000
[2023-12-05 14:39:22,654] Epoch 384, Loss 71.98760223388672, Lr: 0.00100000
[2023-12-05 14:39:25,388] Epoch 385, Loss 68.45455932617188, Lr: 0.00100000
[2023-12-05 14:39:26,700] Epoch 386, Loss 24.901227951049805, Lr: 0.00100000
[2023-12-05 14:39:28,415] Epoch 387, Loss 37.31387710571289, Lr: 0.00100000
[2023-12-05 14:39:30,266] Epoch 388, Loss 20.596458435058594, Lr: 0.00100000
[2023-12-05 14:39:33,761] Epoch 389, Loss 145.64956665039062, Lr: 0.00100000
[2023-12-05 14:39:34,950] Epoch 390, Loss 21.083316802978516, Lr: 0.00100000
[2023-12-05 14:39:36,091] Epoch 391, Loss 28.737247467041016, Lr: 0.00100000
[2023-12-05 14:39:37,088] Epoch 392, Loss 18.35761070251465, Lr: 0.00100000
[2023-12-05 14:39:42,319] Epoch 393, Loss 1.6495518684387207, Lr: 0.00100000
[2023-12-05 14:39:42,887] Epoch 394, Loss 23.93040657043457, Lr: 0.00100000
[2023-12-05 14:39:43,349] Epoch 395, Loss 9.468341827392578, Lr: 0.00100000
[2023-12-05 14:39:43,939] Epoch 396, Loss 25.618268966674805, Lr: 0.00100000
[2023-12-05 14:39:46,261] Epoch 397, Loss 75.98478698730469, Lr: 0.00100000
[2023-12-05 14:39:48,127] Epoch 398, Loss 49.533058166503906, Lr: 0.00100000
[2023-12-05 14:39:49,585] Epoch 399, Loss 28.582504272460938, Lr: 0.00100000
[2023-12-05 14:39:50,143] Epoch 400, Loss 23.735382080078125, Lr: 0.00100000
[2023-12-05 14:39:50,878] Epoch 401, Loss 64.99659729003906, Lr: 0.00100000
[2023-12-05 14:39:54,673] Epoch 402, Loss 242.91139221191406, Lr: 0.00100000
[2023-12-05 14:39:59,842] Epoch 403, Loss 6.30496072769165, Lr: 0.00100000
[2023-12-05 14:40:03,030] Epoch 404, Loss 66.61946868896484, Lr: 0.00100000
[2023-12-05 14:40:06,876] Epoch 405, Loss 62.9861946105957, Lr: 0.00100000
[2023-12-05 14:40:07,587] Epoch 406, Loss 60.8717041015625, Lr: 0.00100000
[2023-12-05 14:40:08,448] Epoch 407, Loss 61.74845504760742, Lr: 0.00100000
[2023-12-05 14:40:10,664] Epoch 408, Loss 80.14126586914062, Lr: 0.00100000
[2023-12-05 14:40:12,587] Epoch 409, Loss 59.33223342895508, Lr: 0.00100000
[2023-12-05 14:40:13,095] Epoch 410, Loss 8.858214378356934, Lr: 0.00100000
[2023-12-05 14:40:17,498] Epoch 411, Loss 47.94826126098633, Lr: 0.00100000
[2023-12-05 14:40:17,866] Epoch 412, Loss 11.236127853393555, Lr: 0.00100000
[2023-12-05 14:40:19,008] Epoch 413, Loss 28.757293701171875, Lr: 0.00100000
[2023-12-05 14:40:22,207] Epoch 414, Loss 43.866554260253906, Lr: 0.00100000
[2023-12-05 14:40:23,847] Epoch 415, Loss 76.17668914794922, Lr: 0.00100000
[2023-12-05 14:40:25,424] Epoch 416, Loss 35.83306884765625, Lr: 0.00100000
[2023-12-05 14:40:25,786] Epoch 417, Loss 11.054336547851562, Lr: 0.00100000
[2023-12-05 14:40:26,227] Epoch 418, Loss 12.860872268676758, Lr: 0.00100000
[2023-12-05 14:40:26,680] Epoch 419, Loss 7.40360689163208, Lr: 0.00100000
[2023-12-05 14:40:27,284] Epoch 420, Loss 23.841976165771484, Lr: 0.00100000
[2023-12-05 14:40:28,781] Epoch 421, Loss 46.161224365234375, Lr: 0.00100000
[2023-12-05 14:40:30,203] Epoch 422, Loss 28.618539810180664, Lr: 0.00100000
[2023-12-05 14:40:31,732] Epoch 423, Loss 38.710357666015625, Lr: 0.00100000
[2023-12-05 14:40:33,621] Epoch 424, Loss 78.93643188476562, Lr: 0.00100000
[2023-12-05 14:40:33,847] Epoch 425, Loss 10.992841720581055, Lr: 0.00100000
[2023-12-05 14:40:34,267] Epoch 426, Loss 20.72382164001465, Lr: 0.00100000
[2023-12-05 14:40:35,312] Epoch 427, Loss 18.534990310668945, Lr: 0.00100000
[2023-12-05 14:40:36,905] Epoch 428, Loss 46.95545959472656, Lr: 0.00100000
[2023-12-05 14:40:37,823] Epoch 429, Loss 9.920635223388672, Lr: 0.00100000
[2023-12-05 14:40:39,962] Epoch 430, Loss 74.91287994384766, Lr: 0.00100000
[2023-12-05 14:40:45,522] Epoch 431, Loss 5.420095443725586, Lr: 0.00100000
[2023-12-05 14:40:47,213] Epoch 432, Loss 110.8595199584961, Lr: 0.00100000
[2023-12-05 14:40:48,240] Epoch 433, Loss 16.324138641357422, Lr: 0.00100000
[2023-12-05 14:40:49,032] Epoch 434, Loss 30.39167594909668, Lr: 0.00100000
[2023-12-05 14:40:54,397] Epoch 435, Loss 5.321171283721924, Lr: 0.00100000
[2023-12-05 14:40:56,562] Epoch 436, Loss 23.776763916015625, Lr: 0.00100000
[2023-12-05 14:40:57,013] Epoch 437, Loss 21.166810989379883, Lr: 0.00100000
[2023-12-05 14:40:59,115] Epoch 438, Loss 91.78691864013672, Lr: 0.00100000
[2023-12-05 14:41:01,532] Epoch 439, Loss 37.35523223876953, Lr: 0.00100000
[2023-12-05 14:41:07,580] Epoch 440, Loss 3.418797492980957, Lr: 0.00100000
[2023-12-05 14:41:11,996] Epoch 441, Loss 178.75045776367188, Lr: 0.00100000
[2023-12-05 14:41:15,722] Epoch 442, Loss 56.509159088134766, Lr: 0.00100000
[2023-12-05 14:41:17,406] Epoch 443, Loss 36.326683044433594, Lr: 0.00100000
[2023-12-05 14:41:18,004] Epoch 444, Loss 14.067852973937988, Lr: 0.00100000
[2023-12-05 14:41:18,872] Epoch 445, Loss 16.550334930419922, Lr: 0.00100000
[2023-12-05 14:41:24,196] Epoch 446, Loss 23.793109893798828, Lr: 0.00100000
[2023-12-05 14:41:26,128] Epoch 447, Loss 15.516054153442383, Lr: 0.00100000
[2023-12-05 14:41:28,316] Epoch 448, Loss 39.84063720703125, Lr: 0.00100000
[2023-12-05 14:41:28,960] Epoch 449, Loss 19.504209518432617, Lr: 0.00100000
[2023-12-05 14:41:31,154] Epoch 450, Loss 26.509798049926758, Lr: 0.00100000
[2023-12-05 14:41:31,827] Epoch 451, Loss 19.391939163208008, Lr: 0.00100000
[2023-12-05 14:41:32,977] Epoch 452, Loss 66.22842407226562, Lr: 0.00100000
[2023-12-05 14:41:38,086] Epoch 453, Loss 3.1049609184265137, Lr: 0.00100000
[2023-12-05 14:41:39,208] Epoch 454, Loss 22.480857849121094, Lr: 0.00100000
[2023-12-05 14:41:40,833] Epoch 455, Loss 33.749488830566406, Lr: 0.00100000
[2023-12-05 14:41:43,885] Epoch 456, Loss 105.08448791503906, Lr: 0.00100000
[2023-12-05 14:41:46,041] Epoch 457, Loss 115.30342864990234, Lr: 0.00100000
[2023-12-05 14:41:46,622] Epoch 458, Loss 15.561017990112305, Lr: 0.00100000
[2023-12-05 14:41:48,922] Epoch 459, Loss 85.97820281982422, Lr: 0.00100000
[2023-12-05 14:41:50,276] Epoch 460, Loss 26.030513763427734, Lr: 0.00100000
[2023-12-05 14:41:53,252] Epoch 461, Loss 67.68689727783203, Lr: 0.00100000
[2023-12-05 14:41:55,482] Epoch 462, Loss 47.135162353515625, Lr: 0.00100000
[2023-12-05 14:41:56,422] Epoch 463, Loss 26.298542022705078, Lr: 0.00100000
[2023-12-05 14:41:57,920] Epoch 464, Loss 19.931255340576172, Lr: 0.00100000
[2023-12-05 14:41:58,806] Epoch 465, Loss 15.576086044311523, Lr: 0.00100000
[2023-12-05 14:42:00,057] Epoch 466, Loss 26.152557373046875, Lr: 0.00100000
[2023-12-05 14:42:01,415] Epoch 467, Loss 28.282833099365234, Lr: 0.00100000
[2023-12-05 14:42:02,366] Epoch 468, Loss 29.740346908569336, Lr: 0.00100000
[2023-12-05 14:42:03,520] Epoch 469, Loss 20.100189208984375, Lr: 0.00100000
[2023-12-05 14:42:05,471] Epoch 470, Loss 37.09828186035156, Lr: 0.00100000
[2023-12-05 14:42:06,716] Epoch 471, Loss 23.477916717529297, Lr: 0.00100000
[2023-12-05 14:42:07,378] Epoch 472, Loss 15.55069351196289, Lr: 0.00100000
[2023-12-05 14:42:11,085] Epoch 473, Loss 41.849430084228516, Lr: 0.00100000
[2023-12-05 14:42:16,372] Epoch 474, Loss 6.719141006469727, Lr: 0.00100000
[2023-12-05 14:42:17,306] Epoch 475, Loss 44.000308990478516, Lr: 0.00100000
[2023-12-05 14:42:18,176] Epoch 476, Loss 59.56181335449219, Lr: 0.00100000
[2023-12-05 14:42:21,019] Epoch 477, Loss 63.479339599609375, Lr: 0.00100000
[2023-12-05 14:42:23,113] Epoch 478, Loss 38.58525848388672, Lr: 0.00100000
[2023-12-05 14:42:23,671] Epoch 479, Loss 25.49468994140625, Lr: 0.00100000
[2023-12-05 14:42:24,850] Epoch 480, Loss 30.14067268371582, Lr: 0.00100000
[2023-12-05 14:42:26,186] Epoch 481, Loss 18.160709381103516, Lr: 0.00100000
[2023-12-05 14:42:29,379] Epoch 482, Loss 64.23763275146484, Lr: 0.00100000
[2023-12-05 14:42:30,881] Epoch 483, Loss 24.910852432250977, Lr: 0.00100000
[2023-12-05 14:42:32,192] Epoch 484, Loss 27.055564880371094, Lr: 0.00100000
[2023-12-05 14:42:33,257] Epoch 485, Loss 18.696491241455078, Lr: 0.00100000
[2023-12-05 14:42:34,300] Epoch 486, Loss 71.2671127319336, Lr: 0.00100000
[2023-12-05 14:42:35,509] Epoch 487, Loss 25.132383346557617, Lr: 0.00100000
[2023-12-05 14:42:38,163] Epoch 488, Loss 80.45933532714844, Lr: 0.00100000
[2023-12-05 14:42:39,987] Epoch 489, Loss 129.6118927001953, Lr: 0.00100000
[2023-12-05 14:42:44,911] Epoch 490, Loss 4.087961196899414, Lr: 0.00100000
[2023-12-05 14:42:45,604] Epoch 491, Loss 19.84870147705078, Lr: 0.00100000
[2023-12-05 14:42:47,411] Epoch 492, Loss 48.97774887084961, Lr: 0.00100000
[2023-12-05 14:42:48,617] Epoch 493, Loss 30.441753387451172, Lr: 0.00100000
[2023-12-05 14:42:52,309] Epoch 494, Loss 134.1614227294922, Lr: 0.00100000
[2023-12-05 14:42:53,936] Epoch 495, Loss 64.0606918334961, Lr: 0.00100000
[2023-12-05 14:42:55,165] Epoch 496, Loss 22.57392120361328, Lr: 0.00100000
[2023-12-05 14:42:57,685] Epoch 497, Loss 70.2592544555664, Lr: 0.00100000
[2023-12-05 14:42:58,382] Epoch 498, Loss 18.303943634033203, Lr: 0.00100000
[2023-12-05 14:42:59,138] Epoch 499, Loss 64.32828521728516, Lr: 0.00100000
[2023-12-05 14:42:59,832] Epoch 500, Loss 11.532805442810059, Lr: 0.00100000
[2023-12-05 14:44:39,147] ./models_dens2/epoch_500.h5 is saved as the latest model
[2023-12-05 14:44:45,456] Epoch 501, Loss 1.7259821891784668, Lr: 0.00100000
[2023-12-05 14:44:46,302] Epoch 502, Loss 17.939510345458984, Lr: 0.00100000
[2023-12-05 14:44:47,401] Epoch 503, Loss 13.473806381225586, Lr: 0.00100000
[2023-12-05 14:44:49,432] Epoch 504, Loss 83.47798156738281, Lr: 0.00100000
[2023-12-05 14:44:55,093] Epoch 505, Loss 6.405461311340332, Lr: 0.00100000
[2023-12-05 14:44:57,755] Epoch 506, Loss 59.377567291259766, Lr: 0.00100000
[2023-12-05 14:44:59,920] Epoch 507, Loss 51.02677917480469, Lr: 0.00100000
[2023-12-05 14:45:01,659] Epoch 508, Loss 74.75566101074219, Lr: 0.00100000
[2023-12-05 14:45:04,149] Epoch 509, Loss 94.18085479736328, Lr: 0.00100000
[2023-12-05 14:45:06,818] Epoch 510, Loss 60.387142181396484, Lr: 0.00100000
[2023-12-05 14:45:07,440] Epoch 511, Loss 28.628664016723633, Lr: 0.00100000
[2023-12-05 14:45:12,444] Epoch 512, Loss 6.687760829925537, Lr: 0.00100000
[2023-12-05 14:45:13,715] Epoch 513, Loss 35.864967346191406, Lr: 0.00100000
[2023-12-05 14:45:15,138] Epoch 514, Loss 66.48577117919922, Lr: 0.00100000
[2023-12-05 14:45:21,360] Epoch 515, Loss 2.6947760581970215, Lr: 0.00100000
[2023-12-05 14:45:24,048] Epoch 516, Loss 37.67490768432617, Lr: 0.00100000
[2023-12-05 14:45:29,576] Epoch 517, Loss 5.263435363769531, Lr: 0.00100000
[2023-12-05 14:45:32,118] Epoch 518, Loss 91.76979064941406, Lr: 0.00100000
[2023-12-05 14:45:35,549] Epoch 519, Loss 47.10961151123047, Lr: 0.00100000
[2023-12-05 14:45:36,412] Epoch 520, Loss 14.135126113891602, Lr: 0.00100000
[2023-12-05 14:45:37,373] Epoch 521, Loss 39.63975524902344, Lr: 0.00100000
[2023-12-05 14:45:38,631] Epoch 522, Loss 17.899227142333984, Lr: 0.00100000
[2023-12-05 14:45:39,492] Epoch 523, Loss 60.35226821899414, Lr: 0.00100000
[2023-12-05 14:45:39,860] Epoch 524, Loss 5.621720790863037, Lr: 0.00100000
[2023-12-05 14:45:41,347] Epoch 525, Loss 80.2472152709961, Lr: 0.00100000
[2023-12-05 14:45:42,446] Epoch 526, Loss 14.474226951599121, Lr: 0.00100000
[2023-12-05 14:45:43,305] Epoch 527, Loss 12.999700546264648, Lr: 0.00100000
[2023-12-05 14:45:45,325] Epoch 528, Loss 30.156526565551758, Lr: 0.00100000
[2023-12-05 14:45:46,489] Epoch 529, Loss 19.116525650024414, Lr: 0.00100000
[2023-12-05 14:45:47,402] Epoch 530, Loss 17.885175704956055, Lr: 0.00100000
[2023-12-05 14:45:49,444] Epoch 531, Loss 32.63349533081055, Lr: 0.00100000
[2023-12-05 14:45:50,197] Epoch 532, Loss 15.920858383178711, Lr: 0.00100000
[2023-12-05 14:45:51,912] Epoch 533, Loss 70.83292388916016, Lr: 0.00100000
[2023-12-05 14:45:52,345] Epoch 534, Loss 9.662956237792969, Lr: 0.00100000
[2023-12-05 14:45:53,662] Epoch 535, Loss 30.414226531982422, Lr: 0.00100000
[2023-12-05 14:45:56,458] Epoch 536, Loss 56.84639358520508, Lr: 0.00100000
[2023-12-05 14:45:56,898] Epoch 537, Loss 6.908031463623047, Lr: 0.00100000
[2023-12-05 14:46:02,314] Epoch 538, Loss 20.4437198638916, Lr: 0.00100000
[2023-12-05 14:46:04,155] Epoch 539, Loss 75.86659240722656, Lr: 0.00100000
[2023-12-05 14:46:05,426] Epoch 540, Loss 24.248287200927734, Lr: 0.00100000
[2023-12-05 14:46:08,574] Epoch 541, Loss 53.97682189941406, Lr: 0.00100000
[2023-12-05 14:46:11,109] Epoch 542, Loss 43.578033447265625, Lr: 0.00100000
[2023-12-05 14:46:13,283] Epoch 543, Loss 92.46996307373047, Lr: 0.00100000
[2023-12-05 14:46:15,008] Epoch 544, Loss 32.289249420166016, Lr: 0.00100000
[2023-12-05 14:46:15,650] Epoch 545, Loss 8.144282341003418, Lr: 0.00100000
[2023-12-05 14:46:17,436] Epoch 546, Loss 41.842552185058594, Lr: 0.00100000
[2023-12-05 14:46:21,907] Epoch 547, Loss 36.83692932128906, Lr: 0.00100000
[2023-12-05 14:46:22,666] Epoch 548, Loss 25.394426345825195, Lr: 0.00100000
[2023-12-05 14:46:24,411] Epoch 549, Loss 39.160362243652344, Lr: 0.00100000
[2023-12-05 14:46:25,875] Epoch 550, Loss 16.97327995300293, Lr: 0.00100000
[2023-12-05 14:46:28,040] Epoch 551, Loss 30.086448669433594, Lr: 0.00100000
[2023-12-05 14:46:29,732] Epoch 552, Loss 63.897464752197266, Lr: 0.00100000
[2023-12-05 14:46:32,191] Epoch 553, Loss 95.5546875, Lr: 0.00100000
[2023-12-05 14:46:33,115] Epoch 554, Loss 29.466747283935547, Lr: 0.00100000
[2023-12-05 14:46:34,779] Epoch 555, Loss 28.93581199645996, Lr: 0.00100000
[2023-12-05 14:46:36,287] Epoch 556, Loss 30.37995147705078, Lr: 0.00100000
[2023-12-05 14:46:38,201] Epoch 557, Loss 33.04917907714844, Lr: 0.00100000
[2023-12-05 14:46:40,573] Epoch 558, Loss 52.30611038208008, Lr: 0.00100000
[2023-12-05 14:46:42,942] Epoch 559, Loss 72.61045837402344, Lr: 0.00100000
[2023-12-05 14:46:44,564] Epoch 560, Loss 87.33672332763672, Lr: 0.00100000
[2023-12-05 14:46:45,604] Epoch 561, Loss 28.790632247924805, Lr: 0.00100000
[2023-12-05 14:46:45,967] Epoch 562, Loss 9.636016845703125, Lr: 0.00100000
[2023-12-05 14:46:48,662] Epoch 563, Loss 32.46236038208008, Lr: 0.00100000
[2023-12-05 14:46:51,483] Epoch 564, Loss 107.29177856445312, Lr: 0.00100000
[2023-12-05 14:46:51,913] Epoch 565, Loss 6.904412746429443, Lr: 0.00100000
[2023-12-05 14:46:54,223] Epoch 566, Loss 99.87812042236328, Lr: 0.00100000
[2023-12-05 14:46:54,560] Epoch 567, Loss 9.268651008605957, Lr: 0.00100000
[2023-12-05 14:46:55,245] Epoch 568, Loss 20.962230682373047, Lr: 0.00100000
[2023-12-05 14:46:58,266] Epoch 569, Loss 51.862037658691406, Lr: 0.00100000
[2023-12-05 14:47:00,103] Epoch 570, Loss 92.52877044677734, Lr: 0.00100000
[2023-12-05 14:47:00,801] Epoch 571, Loss 12.082179069519043, Lr: 0.00100000
[2023-12-05 14:47:02,496] Epoch 572, Loss 70.6230239868164, Lr: 0.00100000
[2023-12-05 14:47:04,185] Epoch 573, Loss 44.736629486083984, Lr: 0.00100000
[2023-12-05 14:47:05,273] Epoch 574, Loss 40.20348358154297, Lr: 0.00100000
[2023-12-05 14:47:06,107] Epoch 575, Loss 10.596806526184082, Lr: 0.00100000
[2023-12-05 14:47:07,340] Epoch 576, Loss 67.78741455078125, Lr: 0.00100000
[2023-12-05 14:47:09,519] Epoch 577, Loss 30.94775390625, Lr: 0.00100000
[2023-12-05 14:47:11,289] Epoch 578, Loss 44.25093460083008, Lr: 0.00100000
[2023-12-05 14:47:15,286] Epoch 579, Loss 159.66127014160156, Lr: 0.00100000
[2023-12-05 14:47:16,466] Epoch 580, Loss 27.399742126464844, Lr: 0.00100000
[2023-12-05 14:47:17,505] Epoch 581, Loss 31.21666145324707, Lr: 0.00100000
[2023-12-05 14:47:19,855] Epoch 582, Loss 31.436161041259766, Lr: 0.00100000
[2023-12-05 14:47:20,760] Epoch 583, Loss 11.914043426513672, Lr: 0.00100000
[2023-12-05 14:47:21,446] Epoch 584, Loss 13.478265762329102, Lr: 0.00100000
[2023-12-05 14:47:22,077] Epoch 585, Loss 11.904398918151855, Lr: 0.00100000
[2023-12-05 14:47:23,327] Epoch 586, Loss 18.719533920288086, Lr: 0.00100000
[2023-12-05 14:47:24,842] Epoch 587, Loss 32.569435119628906, Lr: 0.00100000
[2023-12-05 14:47:28,130] Epoch 588, Loss 149.14047241210938, Lr: 0.00100000
[2023-12-05 14:47:29,187] Epoch 589, Loss 67.439208984375, Lr: 0.00100000
[2023-12-05 14:47:33,450] Epoch 590, Loss 65.25263977050781, Lr: 0.00100000
[2023-12-05 14:47:36,821] Epoch 591, Loss 145.96820068359375, Lr: 0.00100000
[2023-12-05 14:47:38,326] Epoch 592, Loss 72.4722900390625, Lr: 0.00100000
[2023-12-05 14:47:39,423] Epoch 593, Loss 12.20067024230957, Lr: 0.00100000
[2023-12-05 14:47:41,094] Epoch 594, Loss 46.36347961425781, Lr: 0.00100000
[2023-12-05 14:47:43,192] Epoch 595, Loss 50.0494384765625, Lr: 0.00100000
[2023-12-05 14:47:44,900] Epoch 596, Loss 21.926822662353516, Lr: 0.00100000
[2023-12-05 14:47:45,664] Epoch 597, Loss 30.672903060913086, Lr: 0.00100000
[2023-12-05 14:47:47,258] Epoch 598, Loss 41.12083053588867, Lr: 0.00100000
[2023-12-05 14:47:48,205] Epoch 599, Loss 8.872990608215332, Lr: 0.00100000
[2023-12-05 14:47:49,553] Epoch 600, Loss 39.373104095458984, Lr: 0.00100000
[2023-12-05 14:47:51,244] Epoch 601, Loss 95.55162048339844, Lr: 0.00100000
[2023-12-05 14:47:54,595] Epoch 602, Loss 147.3371124267578, Lr: 0.00100000
[2023-12-05 14:47:55,641] Epoch 603, Loss 25.94133186340332, Lr: 0.00100000
[2023-12-05 14:48:01,025] Epoch 604, Loss 21.12714385986328, Lr: 0.00100000
[2023-12-05 14:48:06,710] Epoch 605, Loss 2.9739415645599365, Lr: 0.00100000
[2023-12-05 14:48:08,262] Epoch 606, Loss 32.20458984375, Lr: 0.00100000
[2023-12-05 14:48:10,455] Epoch 607, Loss 76.98020935058594, Lr: 0.00100000
[2023-12-05 14:48:11,803] Epoch 608, Loss 18.184410095214844, Lr: 0.00100000
[2023-12-05 14:48:12,193] Epoch 609, Loss 8.759142875671387, Lr: 0.00100000
[2023-12-05 14:48:13,032] Epoch 610, Loss 21.493005752563477, Lr: 0.00100000
[2023-12-05 14:48:14,343] Epoch 611, Loss 29.642581939697266, Lr: 0.00100000
[2023-12-05 14:48:14,829] Epoch 612, Loss 18.985578536987305, Lr: 0.00100000
[2023-12-05 14:48:17,287] Epoch 613, Loss 58.438941955566406, Lr: 0.00100000
[2023-12-05 14:48:19,510] Epoch 614, Loss 44.50225067138672, Lr: 0.00100000
[2023-12-05 14:48:21,157] Epoch 615, Loss 21.226581573486328, Lr: 0.00100000
[2023-12-05 14:48:22,886] Epoch 616, Loss 18.048486709594727, Lr: 0.00100000
[2023-12-05 14:48:24,698] Epoch 617, Loss 17.7194766998291, Lr: 0.00100000
[2023-12-05 14:48:26,151] Epoch 618, Loss 15.522193908691406, Lr: 0.00100000
[2023-12-05 14:48:28,048] Epoch 619, Loss 43.28092956542969, Lr: 0.00100000
[2023-12-05 14:48:29,362] Epoch 620, Loss 76.72367095947266, Lr: 0.00100000
[2023-12-05 14:48:32,563] Epoch 621, Loss 136.9411163330078, Lr: 0.00100000
[2023-12-05 14:48:34,044] Epoch 622, Loss 25.61886978149414, Lr: 0.00100000
[2023-12-05 14:48:37,744] Epoch 623, Loss 139.78305053710938, Lr: 0.00100000
[2023-12-05 14:48:39,541] Epoch 624, Loss 33.60023498535156, Lr: 0.00100000
[2023-12-05 14:48:41,640] Epoch 625, Loss 83.65057373046875, Lr: 0.00100000
[2023-12-05 14:48:44,061] Epoch 626, Loss 45.722068786621094, Lr: 0.00100000
[2023-12-05 14:48:49,840] Epoch 627, Loss 3.0978963375091553, Lr: 0.00100000
[2023-12-05 14:48:55,829] Epoch 628, Loss 38.27171325683594, Lr: 0.00100000
[2023-12-05 14:48:57,388] Epoch 629, Loss 70.4201889038086, Lr: 0.00100000
[2023-12-05 14:48:58,901] Epoch 630, Loss 22.776657104492188, Lr: 0.00100000
[2023-12-05 14:49:00,590] Epoch 631, Loss 74.26667022705078, Lr: 0.00100000
[2023-12-05 14:49:03,364] Epoch 632, Loss 85.66967010498047, Lr: 0.00100000
[2023-12-05 14:49:05,793] Epoch 633, Loss 42.47919464111328, Lr: 0.00100000
[2023-12-05 14:49:08,107] Epoch 634, Loss 43.65083694458008, Lr: 0.00100000
[2023-12-05 14:49:08,758] Epoch 635, Loss 9.281146049499512, Lr: 0.00100000
[2023-12-05 14:49:09,327] Epoch 636, Loss 12.490726470947266, Lr: 0.00100000
[2023-12-05 14:49:11,288] Epoch 637, Loss 31.798309326171875, Lr: 0.00100000
[2023-12-05 14:49:11,889] Epoch 638, Loss 10.989951133728027, Lr: 0.00100000
[2023-12-05 14:49:15,530] Epoch 639, Loss 98.812744140625, Lr: 0.00100000
[2023-12-05 14:49:20,400] Epoch 640, Loss 54.887760162353516, Lr: 0.00100000
[2023-12-05 14:49:24,834] Epoch 641, Loss 122.55178833007812, Lr: 0.00100000
[2023-12-05 14:49:26,134] Epoch 642, Loss 43.8804931640625, Lr: 0.00100000
[2023-12-05 14:49:28,872] Epoch 643, Loss 123.88386535644531, Lr: 0.00100000
[2023-12-05 14:49:31,206] Epoch 644, Loss 36.00448989868164, Lr: 0.00100000
[2023-12-05 14:49:32,081] Epoch 645, Loss 28.60150146484375, Lr: 0.00100000
[2023-12-05 14:49:33,754] Epoch 646, Loss 43.059165954589844, Lr: 0.00100000
[2023-12-05 14:49:34,382] Epoch 647, Loss 9.819425582885742, Lr: 0.00100000
[2023-12-05 14:49:37,438] Epoch 648, Loss 43.792823791503906, Lr: 0.00100000
[2023-12-05 14:49:38,212] Epoch 649, Loss 17.103683471679688, Lr: 0.00100000
[2023-12-05 14:49:39,520] Epoch 650, Loss 20.16388511657715, Lr: 0.00100000
[2023-12-05 14:49:40,610] Epoch 651, Loss 45.93107986450195, Lr: 0.00100000
[2023-12-05 14:49:41,703] Epoch 652, Loss 23.60554313659668, Lr: 0.00100000
[2023-12-05 14:49:43,360] Epoch 653, Loss 93.79338073730469, Lr: 0.00100000
[2023-12-05 14:49:46,080] Epoch 654, Loss 53.86294174194336, Lr: 0.00100000
[2023-12-05 14:49:47,066] Epoch 655, Loss 78.88446044921875, Lr: 0.00100000
[2023-12-05 14:49:48,500] Epoch 656, Loss 26.848665237426758, Lr: 0.00100000
[2023-12-05 14:49:50,266] Epoch 657, Loss 41.9846305847168, Lr: 0.00100000
[2023-12-05 14:49:52,163] Epoch 658, Loss 49.96548843383789, Lr: 0.00100000
[2023-12-05 14:49:54,411] Epoch 659, Loss 48.154945373535156, Lr: 0.00100000
[2023-12-05 14:49:56,736] Epoch 660, Loss 89.04531860351562, Lr: 0.00100000
[2023-12-05 14:49:58,886] Epoch 661, Loss 64.84280395507812, Lr: 0.00100000
[2023-12-05 14:50:04,122] Epoch 662, Loss 39.025733947753906, Lr: 0.00100000
[2023-12-05 14:50:07,277] Epoch 663, Loss 125.81073760986328, Lr: 0.00100000
[2023-12-05 14:50:08,693] Epoch 664, Loss 16.490093231201172, Lr: 0.00100000
[2023-12-05 14:50:10,398] Epoch 665, Loss 41.216426849365234, Lr: 0.00100000
[2023-12-05 14:50:11,050] Epoch 666, Loss 33.896385192871094, Lr: 0.00100000
[2023-12-05 14:50:14,043] Epoch 667, Loss 42.71387481689453, Lr: 0.00100000
[2023-12-05 14:50:16,705] Epoch 668, Loss 39.68808364868164, Lr: 0.00100000
[2023-12-05 14:50:18,407] Epoch 669, Loss 26.726425170898438, Lr: 0.00100000
[2023-12-05 14:50:19,640] Epoch 670, Loss 14.774169921875, Lr: 0.00100000
[2023-12-05 14:50:22,708] Epoch 671, Loss 132.9293670654297, Lr: 0.00100000
[2023-12-05 14:50:25,003] Epoch 672, Loss 78.16729736328125, Lr: 0.00100000
[2023-12-05 14:50:29,561] Epoch 673, Loss 217.11474609375, Lr: 0.00100000
[2023-12-05 14:50:31,257] Epoch 674, Loss 93.11128234863281, Lr: 0.00100000
[2023-12-05 14:50:32,033] Epoch 675, Loss 11.144533157348633, Lr: 0.00100000
[2023-12-05 14:50:34,313] Epoch 676, Loss 89.57827758789062, Lr: 0.00100000
[2023-12-05 14:50:35,665] Epoch 677, Loss 29.929746627807617, Lr: 0.00100000
[2023-12-05 14:50:36,944] Epoch 678, Loss 87.39618682861328, Lr: 0.00100000
[2023-12-05 14:50:38,487] Epoch 679, Loss 77.18389892578125, Lr: 0.00100000
[2023-12-05 14:50:41,280] Epoch 680, Loss 34.020931243896484, Lr: 0.00100000
[2023-12-05 14:50:43,539] Epoch 681, Loss 53.056053161621094, Lr: 0.00100000
[2023-12-05 14:50:44,612] Epoch 682, Loss 12.330321311950684, Lr: 0.00100000
[2023-12-05 14:50:48,925] Epoch 683, Loss 71.8994140625, Lr: 0.00100000
[2023-12-05 14:50:54,267] Epoch 684, Loss 30.757448196411133, Lr: 0.00100000
[2023-12-05 14:50:54,775] Epoch 685, Loss 10.684718132019043, Lr: 0.00100000
[2023-12-05 14:50:56,775] Epoch 686, Loss 22.05483627319336, Lr: 0.00100000
[2023-12-05 14:50:58,663] Epoch 687, Loss 28.309133529663086, Lr: 0.00100000
[2023-12-05 14:51:00,734] Epoch 688, Loss 43.00252914428711, Lr: 0.00100000
[2023-12-05 14:51:02,386] Epoch 689, Loss 41.03046417236328, Lr: 0.00100000
[2023-12-05 14:51:05,434] Epoch 690, Loss 94.1377944946289, Lr: 0.00100000
[2023-12-05 14:51:06,679] Epoch 691, Loss 37.46595764160156, Lr: 0.00100000
[2023-12-05 14:51:07,155] Epoch 692, Loss 8.15296745300293, Lr: 0.00100000
[2023-12-05 14:51:10,174] Epoch 693, Loss 108.82523345947266, Lr: 0.00100000
[2023-12-05 14:51:11,784] Epoch 694, Loss 33.794864654541016, Lr: 0.00100000
[2023-12-05 14:51:13,123] Epoch 695, Loss 18.0184326171875, Lr: 0.00100000
[2023-12-05 14:51:15,549] Epoch 696, Loss 66.49713897705078, Lr: 0.00100000
[2023-12-05 14:51:21,188] Epoch 697, Loss 35.63481140136719, Lr: 0.00100000
[2023-12-05 14:51:24,310] Epoch 698, Loss 109.36280822753906, Lr: 0.00100000
[2023-12-05 14:51:27,545] Epoch 699, Loss 119.65214538574219, Lr: 0.00100000
[2023-12-05 14:51:29,944] Epoch 700, Loss 42.37525177001953, Lr: 0.00100000
[2023-12-05 14:51:32,578] Epoch 701, Loss 36.13673400878906, Lr: 0.00100000
[2023-12-05 14:51:33,936] Epoch 702, Loss 22.1748104095459, Lr: 0.00100000
[2023-12-05 14:51:34,795] Epoch 703, Loss 28.704313278198242, Lr: 0.00100000
[2023-12-05 14:51:36,472] Epoch 704, Loss 31.366456985473633, Lr: 0.00100000
[2023-12-05 14:51:40,056] Epoch 705, Loss 47.08150863647461, Lr: 0.00100000
[2023-12-05 14:51:41,125] Epoch 706, Loss 36.12175369262695, Lr: 0.00100000
[2023-12-05 14:51:42,143] Epoch 707, Loss 16.124311447143555, Lr: 0.00100000
[2023-12-05 14:51:43,337] Epoch 708, Loss 22.866195678710938, Lr: 0.00100000
[2023-12-05 14:51:44,551] Epoch 709, Loss 31.26667594909668, Lr: 0.00100000
[2023-12-05 14:51:48,848] Epoch 710, Loss 109.14069366455078, Lr: 0.00100000
[2023-12-05 14:51:50,605] Epoch 711, Loss 40.8001708984375, Lr: 0.00100000
[2023-12-05 14:51:52,242] Epoch 712, Loss 37.48877716064453, Lr: 0.00100000
[2023-12-05 14:51:53,277] Epoch 713, Loss 11.776321411132812, Lr: 0.00100000
[2023-12-05 14:51:54,907] Epoch 714, Loss 25.26442527770996, Lr: 0.00100000
[2023-12-05 14:52:00,666] Epoch 715, Loss 2.811978816986084, Lr: 0.00100000
[2023-12-05 14:52:01,976] Epoch 716, Loss 28.988189697265625, Lr: 0.00100000
[2023-12-05 14:52:03,804] Epoch 717, Loss 77.28234100341797, Lr: 0.00100000
[2023-12-05 14:52:04,389] Epoch 718, Loss 9.897165298461914, Lr: 0.00100000
[2023-12-05 14:52:05,129] Epoch 719, Loss 26.247316360473633, Lr: 0.00100000
[2023-12-05 14:52:06,784] Epoch 720, Loss 38.564453125, Lr: 0.00100000
[2023-12-05 14:52:07,879] Epoch 721, Loss 17.182680130004883, Lr: 0.00100000
[2023-12-05 14:52:13,457] Epoch 722, Loss 6.667030334472656, Lr: 0.00100000
[2023-12-05 14:52:14,917] Epoch 723, Loss 33.0740966796875, Lr: 0.00100000
[2023-12-05 14:52:15,663] Epoch 724, Loss 14.043328285217285, Lr: 0.00100000
[2023-12-05 14:52:16,697] Epoch 725, Loss 42.58568572998047, Lr: 0.00100000
[2023-12-05 14:52:18,986] Epoch 726, Loss 42.07725524902344, Lr: 0.00100000
[2023-12-05 14:52:19,456] Epoch 727, Loss 8.361259460449219, Lr: 0.00100000
[2023-12-05 14:52:24,535] Epoch 728, Loss 1.7003029584884644, Lr: 0.00100000
[2023-12-05 14:52:25,218] Epoch 729, Loss 37.072166442871094, Lr: 0.00100000
[2023-12-05 14:52:25,938] Epoch 730, Loss 18.83343505859375, Lr: 0.00100000
[2023-12-05 14:52:32,118] Epoch 731, Loss 3.74130916595459, Lr: 0.00100000
[2023-12-05 14:52:32,782] Epoch 732, Loss 10.676053047180176, Lr: 0.00100000
[2023-12-05 14:52:38,296] Epoch 733, Loss 37.19710922241211, Lr: 0.00100000
[2023-12-05 14:52:38,766] Epoch 734, Loss 8.737053871154785, Lr: 0.00100000
[2023-12-05 14:52:39,491] Epoch 735, Loss 21.51466178894043, Lr: 0.00100000
[2023-12-05 14:52:40,260] Epoch 736, Loss 17.980701446533203, Lr: 0.00100000
[2023-12-05 14:52:45,367] Epoch 737, Loss 108.21941375732422, Lr: 0.00100000
[2023-12-05 14:52:48,794] Epoch 738, Loss 111.03817749023438, Lr: 0.00100000
[2023-12-05 14:52:51,547] Epoch 739, Loss 41.450775146484375, Lr: 0.00100000
[2023-12-05 14:52:53,346] Epoch 740, Loss 20.133197784423828, Lr: 0.00100000
[2023-12-05 14:52:54,842] Epoch 741, Loss 69.42326354980469, Lr: 0.00100000
[2023-12-05 14:52:57,208] Epoch 742, Loss 93.46906280517578, Lr: 0.00100000
[2023-12-05 14:53:03,216] Epoch 743, Loss 3.3686885833740234, Lr: 0.00100000
[2023-12-05 14:53:06,901] Epoch 744, Loss 89.26922607421875, Lr: 0.00100000
[2023-12-05 14:53:09,131] Epoch 745, Loss 36.08972930908203, Lr: 0.00100000
[2023-12-05 14:53:12,893] Epoch 746, Loss 38.83434295654297, Lr: 0.00100000
[2023-12-05 14:53:13,371] Epoch 747, Loss 6.784737586975098, Lr: 0.00100000
[2023-12-05 14:53:14,734] Epoch 748, Loss 38.09769821166992, Lr: 0.00100000
[2023-12-05 14:53:17,101] Epoch 749, Loss 53.190696716308594, Lr: 0.00100000
[2023-12-05 14:53:17,542] Epoch 750, Loss 6.6841278076171875, Lr: 0.00100000
[2023-12-05 14:55:13,633] ./models_dens2/epoch_750.h5 is saved as the latest model
[2023-12-05 14:55:15,198] Epoch 751, Loss 37.32875061035156, Lr: 0.00100000
[2023-12-05 14:55:15,672] Epoch 752, Loss 6.62386417388916, Lr: 0.00100000
[2023-12-05 14:55:17,750] Epoch 753, Loss 16.468759536743164, Lr: 0.00100000
[2023-12-05 14:55:19,917] Epoch 754, Loss 47.146060943603516, Lr: 0.00100000
[2023-12-05 14:55:23,220] Epoch 755, Loss 38.271392822265625, Lr: 0.00100000
[2023-12-05 14:55:23,626] Epoch 756, Loss 6.652075290679932, Lr: 0.00100000
[2023-12-05 14:55:26,373] Epoch 757, Loss 49.220821380615234, Lr: 0.00100000
[2023-12-05 14:55:32,620] Epoch 758, Loss 17.568429946899414, Lr: 0.00100000
[2023-12-05 14:55:35,263] Epoch 759, Loss 60.368675231933594, Lr: 0.00100000
[2023-12-05 14:55:37,033] Epoch 760, Loss 44.840301513671875, Lr: 0.00100000
[2023-12-05 14:55:37,535] Epoch 761, Loss 15.263864517211914, Lr: 0.00100000
[2023-12-05 14:55:38,300] Epoch 762, Loss 8.65941047668457, Lr: 0.00100000
[2023-12-05 14:55:38,782] Epoch 763, Loss 7.902685165405273, Lr: 0.00100000
[2023-12-05 14:55:39,211] Epoch 764, Loss 6.699124336242676, Lr: 0.00100000
[2023-12-05 14:55:45,104] Epoch 765, Loss 22.36837387084961, Lr: 0.00100000
[2023-12-05 14:55:51,427] Epoch 766, Loss 2.5204946994781494, Lr: 0.00100000
[2023-12-05 14:55:52,427] Epoch 767, Loss 60.23307800292969, Lr: 0.00100000
[2023-12-05 14:55:54,198] Epoch 768, Loss 25.57587242126465, Lr: 0.00100000
[2023-12-05 14:55:57,276] Epoch 769, Loss 95.23173522949219, Lr: 0.00100000
[2023-12-05 14:55:57,703] Epoch 770, Loss 7.0657639503479, Lr: 0.00100000
[2023-12-05 14:55:58,632] Epoch 771, Loss 18.820159912109375, Lr: 0.00100000
[2023-12-05 14:56:02,088] Epoch 772, Loss 55.14244079589844, Lr: 0.00100000
[2023-12-05 14:56:04,067] Epoch 773, Loss 40.082176208496094, Lr: 0.00100000
[2023-12-05 14:56:06,824] Epoch 774, Loss 53.10689163208008, Lr: 0.00100000
[2023-12-05 14:56:09,715] Epoch 775, Loss 40.74943923950195, Lr: 0.00100000
[2023-12-05 14:56:11,768] Epoch 776, Loss 67.88349151611328, Lr: 0.00100000
[2023-12-05 14:56:12,278] Epoch 777, Loss 9.698670387268066, Lr: 0.00100000
[2023-12-05 14:56:15,987] Epoch 778, Loss 106.55152893066406, Lr: 0.00100000
[2023-12-05 14:56:22,224] Epoch 779, Loss 3.4435324668884277, Lr: 0.00100000
[2023-12-05 14:56:24,207] Epoch 780, Loss 32.55562210083008, Lr: 0.00100000
[2023-12-05 14:56:25,524] Epoch 781, Loss 39.10667419433594, Lr: 0.00100000
[2023-12-05 14:56:30,623] Epoch 782, Loss 65.88507843017578, Lr: 0.00100000
[2023-12-05 14:56:32,576] Epoch 783, Loss 45.896026611328125, Lr: 0.00100000
[2023-12-05 14:56:36,093] Epoch 784, Loss 64.76176452636719, Lr: 0.00100000
[2023-12-05 14:56:38,989] Epoch 785, Loss 45.890960693359375, Lr: 0.00100000
[2023-12-05 14:56:41,414] Epoch 786, Loss 76.61714172363281, Lr: 0.00100000
[2023-12-05 14:56:42,302] Epoch 787, Loss 18.961416244506836, Lr: 0.00100000
[2023-12-05 14:56:42,760] Epoch 788, Loss 8.273158073425293, Lr: 0.00100000
[2023-12-05 14:56:44,977] Epoch 789, Loss 81.17228698730469, Lr: 0.00100000
[2023-12-05 14:56:46,213] Epoch 790, Loss 16.9398136138916, Lr: 0.00100000
[2023-12-05 14:56:49,616] Epoch 791, Loss 63.334625244140625, Lr: 0.00100000
[2023-12-05 14:56:51,234] Epoch 792, Loss 47.080162048339844, Lr: 0.00100000
[2023-12-05 14:56:52,808] Epoch 793, Loss 66.4404525756836, Lr: 0.00100000
[2023-12-05 14:56:55,382] Epoch 794, Loss 94.81037139892578, Lr: 0.00100000
[2023-12-05 14:56:56,176] Epoch 795, Loss 12.243090629577637, Lr: 0.00100000
[2023-12-05 14:56:57,269] Epoch 796, Loss 11.961843490600586, Lr: 0.00100000
[2023-12-05 14:56:57,685] Epoch 797, Loss 7.091606140136719, Lr: 0.00100000
[2023-12-05 14:56:58,980] Epoch 798, Loss 69.17892456054688, Lr: 0.00100000
[2023-12-05 14:57:01,598] Epoch 799, Loss 78.93583679199219, Lr: 0.00100000
[2023-12-05 14:57:08,511] Epoch 800, Loss 3.2672133445739746, Lr: 0.00100000
[2023-12-05 14:57:11,541] Epoch 801, Loss 51.2711067199707, Lr: 0.00100000
[2023-12-05 14:57:13,666] Epoch 802, Loss 164.2003173828125, Lr: 0.00100000
[2023-12-05 14:57:15,167] Epoch 803, Loss 75.87301635742188, Lr: 0.00100000
[2023-12-05 14:57:19,444] Epoch 804, Loss 58.87332534790039, Lr: 0.00100000
[2023-12-05 14:57:20,466] Epoch 805, Loss 65.39765930175781, Lr: 0.00100000
[2023-12-05 14:57:26,581] Epoch 806, Loss 1.9866390228271484, Lr: 0.00100000
[2023-12-05 14:57:27,623] Epoch 807, Loss 11.225240707397461, Lr: 0.00100000
[2023-12-05 14:57:29,004] Epoch 808, Loss 43.63324737548828, Lr: 0.00100000
[2023-12-05 14:57:29,925] Epoch 809, Loss 10.037704467773438, Lr: 0.00100000
[2023-12-05 14:57:33,266] Epoch 810, Loss 109.41725158691406, Lr: 0.00100000
[2023-12-05 14:57:34,467] Epoch 811, Loss 12.041428565979004, Lr: 0.00100000
[2023-12-05 14:57:35,349] Epoch 812, Loss 32.27519989013672, Lr: 0.00100000
[2023-12-05 14:57:36,174] Epoch 813, Loss 10.131786346435547, Lr: 0.00100000
[2023-12-05 14:57:37,123] Epoch 814, Loss 10.004539489746094, Lr: 0.00100000
[2023-12-05 14:57:39,024] Epoch 815, Loss 46.00276184082031, Lr: 0.00100000
[2023-12-05 14:57:40,152] Epoch 816, Loss 21.854686737060547, Lr: 0.00100000
[2023-12-05 14:57:40,558] Epoch 817, Loss 6.99408483505249, Lr: 0.00100000
[2023-12-05 14:57:40,988] Epoch 818, Loss 6.666509628295898, Lr: 0.00100000
[2023-12-05 14:57:41,934] Epoch 819, Loss 22.181758880615234, Lr: 0.00100000
[2023-12-05 14:57:45,663] Epoch 820, Loss 105.6589126586914, Lr: 0.00100000
[2023-12-05 14:57:46,217] Epoch 821, Loss 8.85806655883789, Lr: 0.00100000
[2023-12-05 14:57:50,572] Epoch 822, Loss 39.71834945678711, Lr: 0.00100000
[2023-12-05 14:57:51,029] Epoch 823, Loss 7.582425594329834, Lr: 0.00100000
[2023-12-05 14:57:51,435] Epoch 824, Loss 7.033877849578857, Lr: 0.00100000
[2023-12-05 14:57:52,868] Epoch 825, Loss 15.510507583618164, Lr: 0.00100000
[2023-12-05 14:57:54,736] Epoch 826, Loss 72.53284454345703, Lr: 0.00100000
[2023-12-05 14:57:57,767] Epoch 827, Loss 38.43032455444336, Lr: 0.00100000
[2023-12-05 14:58:04,028] Epoch 828, Loss 3.8248355388641357, Lr: 0.00100000
[2023-12-05 14:58:07,928] Epoch 829, Loss 93.63740539550781, Lr: 0.00100000
[2023-12-05 14:58:09,379] Epoch 830, Loss 25.98402976989746, Lr: 0.00100000
[2023-12-05 14:58:09,946] Epoch 831, Loss 15.890434265136719, Lr: 0.00100000
[2023-12-05 14:58:11,689] Epoch 832, Loss 66.91046905517578, Lr: 0.00100000
[2023-12-05 14:58:13,156] Epoch 833, Loss 43.067413330078125, Lr: 0.00100000
[2023-12-05 14:58:14,912] Epoch 834, Loss 70.74510955810547, Lr: 0.00100000
[2023-12-05 14:58:21,025] Epoch 835, Loss 1.2506325244903564, Lr: 0.00100000
[2023-12-05 14:58:21,676] Epoch 836, Loss 18.03499412536621, Lr: 0.00100000
[2023-12-05 14:58:22,925] Epoch 837, Loss 25.119813919067383, Lr: 0.00100000
[2023-12-05 14:58:24,089] Epoch 838, Loss 60.58213424682617, Lr: 0.00100000
[2023-12-05 14:58:26,239] Epoch 839, Loss 82.8941650390625, Lr: 0.00100000
[2023-12-05 14:58:28,621] Epoch 840, Loss 35.24170684814453, Lr: 0.00100000
[2023-12-05 14:58:31,195] Epoch 841, Loss 37.44976806640625, Lr: 0.00100000
[2023-12-05 14:58:31,952] Epoch 842, Loss 66.8169937133789, Lr: 0.00100000
[2023-12-05 14:58:34,259] Epoch 843, Loss 26.42333221435547, Lr: 0.00100000
[2023-12-05 14:58:36,143] Epoch 844, Loss 79.02702331542969, Lr: 0.00100000
[2023-12-05 14:58:36,973] Epoch 845, Loss 22.623180389404297, Lr: 0.00100000
[2023-12-05 14:58:37,468] Epoch 846, Loss 13.499970436096191, Lr: 0.00100000
[2023-12-05 14:58:39,398] Epoch 847, Loss 35.82244873046875, Lr: 0.00100000
[2023-12-05 14:58:40,742] Epoch 848, Loss 36.0391845703125, Lr: 0.00100000
[2023-12-05 14:58:42,068] Epoch 849, Loss 32.34833908081055, Lr: 0.00100000
[2023-12-05 14:58:42,709] Epoch 850, Loss 12.22943115234375, Lr: 0.00100000
[2023-12-05 14:58:43,379] Epoch 851, Loss 61.32221984863281, Lr: 0.00100000
[2023-12-05 14:58:43,873] Epoch 852, Loss 9.296736717224121, Lr: 0.00100000
[2023-12-05 14:58:45,358] Epoch 853, Loss 29.098102569580078, Lr: 0.00100000
[2023-12-05 14:58:46,011] Epoch 854, Loss 19.94987678527832, Lr: 0.00100000
[2023-12-05 14:58:47,946] Epoch 855, Loss 36.118648529052734, Lr: 0.00100000
[2023-12-05 14:58:52,278] Epoch 856, Loss 64.31964874267578, Lr: 0.00100000
[2023-12-05 14:58:53,825] Epoch 857, Loss 43.508663177490234, Lr: 0.00100000
[2023-12-05 14:58:56,038] Epoch 858, Loss 37.9852294921875, Lr: 0.00100000
[2023-12-05 14:58:58,041] Epoch 859, Loss 51.087860107421875, Lr: 0.00100000
[2023-12-05 14:59:00,115] Epoch 860, Loss 24.522403717041016, Lr: 0.00100000
[2023-12-05 14:59:03,232] Epoch 861, Loss 110.09471130371094, Lr: 0.00100000
[2023-12-05 14:59:04,649] Epoch 862, Loss 36.44491195678711, Lr: 0.00100000
[2023-12-05 14:59:05,503] Epoch 863, Loss 22.68678092956543, Lr: 0.00100000
[2023-12-05 14:59:06,535] Epoch 864, Loss 12.871650695800781, Lr: 0.00100000
[2023-12-05 14:59:11,892] Epoch 865, Loss 169.5878143310547, Lr: 0.00100000
[2023-12-05 14:59:16,567] Epoch 866, Loss 119.31661987304688, Lr: 0.00100000
[2023-12-05 14:59:18,024] Epoch 867, Loss 36.98894119262695, Lr: 0.00100000
[2023-12-05 14:59:20,930] Epoch 868, Loss 100.33907318115234, Lr: 0.00100000
[2023-12-05 14:59:22,377] Epoch 869, Loss 31.03938102722168, Lr: 0.00100000
[2023-12-05 14:59:23,295] Epoch 870, Loss 13.93250560760498, Lr: 0.00100000
[2023-12-05 14:59:25,546] Epoch 871, Loss 83.45429992675781, Lr: 0.00100000
[2023-12-05 14:59:31,310] Epoch 872, Loss 20.362699508666992, Lr: 0.00100000
[2023-12-05 14:59:32,459] Epoch 873, Loss 16.81683349609375, Lr: 0.00100000
[2023-12-05 14:59:34,901] Epoch 874, Loss 42.251747131347656, Lr: 0.00100000
[2023-12-05 14:59:40,917] Epoch 875, Loss 36.8627815246582, Lr: 0.00100000
[2023-12-05 14:59:44,824] Epoch 876, Loss 76.91230773925781, Lr: 0.00100000
[2023-12-05 14:59:47,322] Epoch 877, Loss 51.3109016418457, Lr: 0.00100000
[2023-12-05 14:59:49,863] Epoch 878, Loss 89.6259994506836, Lr: 0.00100000
[2023-12-05 14:59:52,674] Epoch 879, Loss 126.34695434570312, Lr: 0.00100000
[2023-12-05 14:59:54,097] Epoch 880, Loss 75.99127197265625, Lr: 0.00100000
[2023-12-05 14:59:55,472] Epoch 881, Loss 20.137001037597656, Lr: 0.00100000
[2023-12-05 14:59:56,701] Epoch 882, Loss 28.172609329223633, Lr: 0.00100000
[2023-12-05 14:59:59,852] Epoch 883, Loss 59.43016052246094, Lr: 0.00100000
[2023-12-05 15:00:01,837] Epoch 884, Loss 40.37284851074219, Lr: 0.00100000
[2023-12-05 15:00:02,336] Epoch 885, Loss 13.268036842346191, Lr: 0.00100000
[2023-12-05 15:00:03,843] Epoch 886, Loss 37.0675048828125, Lr: 0.00100000
[2023-12-05 15:00:04,926] Epoch 887, Loss 71.64631652832031, Lr: 0.00100000
[2023-12-05 15:00:06,781] Epoch 888, Loss 95.96953582763672, Lr: 0.00100000
[2023-12-05 15:00:10,487] Epoch 889, Loss 98.8819808959961, Lr: 0.00100000
[2023-12-05 15:00:11,042] Epoch 890, Loss 13.133739471435547, Lr: 0.00100000
[2023-12-05 15:00:13,353] Epoch 891, Loss 87.18278503417969, Lr: 0.00100000
[2023-12-05 15:00:14,068] Epoch 892, Loss 54.8622932434082, Lr: 0.00100000
[2023-12-05 15:00:16,511] Epoch 893, Loss 79.56028747558594, Lr: 0.00100000
[2023-12-05 15:00:18,580] Epoch 894, Loss 33.040367126464844, Lr: 0.00100000
[2023-12-05 15:00:23,855] Epoch 895, Loss 5.02302360534668, Lr: 0.00100000
[2023-12-05 15:00:27,439] Epoch 896, Loss 68.91191864013672, Lr: 0.00100000
[2023-12-05 15:00:28,569] Epoch 897, Loss 18.87811851501465, Lr: 0.00100000
[2023-12-05 15:00:31,009] Epoch 898, Loss 119.21174621582031, Lr: 0.00100000
[2023-12-05 15:00:36,787] Epoch 899, Loss 3.2343153953552246, Lr: 0.00100000
[2023-12-05 15:00:37,239] Epoch 900, Loss 22.985898971557617, Lr: 0.00100000
[2023-12-05 15:00:37,928] Epoch 901, Loss 23.258272171020508, Lr: 0.00100000
[2023-12-05 15:00:40,364] Epoch 902, Loss 126.65898895263672, Lr: 0.00100000
[2023-12-05 15:00:41,058] Epoch 903, Loss 13.921274185180664, Lr: 0.00100000
[2023-12-05 15:00:42,606] Epoch 904, Loss 24.407306671142578, Lr: 0.00100000
[2023-12-05 15:00:43,425] Epoch 905, Loss 28.01187515258789, Lr: 0.00100000
[2023-12-05 15:00:44,975] Epoch 906, Loss 25.561429977416992, Lr: 0.00100000
[2023-12-05 15:00:51,187] Epoch 907, Loss 14.34835147857666, Lr: 0.00100000
[2023-12-05 15:00:51,696] Epoch 908, Loss 24.219511032104492, Lr: 0.00100000
[2023-12-05 15:00:52,565] Epoch 909, Loss 65.96923828125, Lr: 0.00100000
[2023-12-05 15:00:53,501] Epoch 910, Loss 41.59300231933594, Lr: 0.00100000
[2023-12-05 15:00:54,983] Epoch 911, Loss 40.653804779052734, Lr: 0.00100000
[2023-12-05 15:00:55,423] Epoch 912, Loss 16.79996109008789, Lr: 0.00100000
[2023-12-05 15:00:57,254] Epoch 913, Loss 23.12277603149414, Lr: 0.00100000
[2023-12-05 15:00:57,752] Epoch 914, Loss 16.49795913696289, Lr: 0.00100000
[2023-12-05 15:00:58,181] Epoch 915, Loss 10.314373016357422, Lr: 0.00100000
[2023-12-05 15:00:58,647] Epoch 916, Loss 22.09674072265625, Lr: 0.00100000
[2023-12-05 15:01:01,007] Epoch 917, Loss 50.734798431396484, Lr: 0.00100000
[2023-12-05 15:01:01,677] Epoch 918, Loss 53.62460708618164, Lr: 0.00100000
[2023-12-05 15:01:02,561] Epoch 919, Loss 17.92131996154785, Lr: 0.00100000
[2023-12-05 15:01:02,993] Epoch 920, Loss 27.746292114257812, Lr: 0.00100000
[2023-12-05 15:01:04,288] Epoch 921, Loss 79.95924377441406, Lr: 0.00100000
[2023-12-05 15:01:05,201] Epoch 922, Loss 22.337472915649414, Lr: 0.00100000
[2023-12-05 15:01:07,331] Epoch 923, Loss 39.46839141845703, Lr: 0.00100000
[2023-12-05 15:01:07,924] Epoch 924, Loss 15.305212020874023, Lr: 0.00100000
[2023-12-05 15:01:08,291] Epoch 925, Loss 23.36744499206543, Lr: 0.00100000
[2023-12-05 15:01:08,851] Epoch 926, Loss 58.01465606689453, Lr: 0.00100000
[2023-12-05 15:01:09,339] Epoch 927, Loss 12.642210006713867, Lr: 0.00100000
[2023-12-05 15:01:11,309] Epoch 928, Loss 47.528507232666016, Lr: 0.00100000
[2023-12-05 15:01:12,680] Epoch 929, Loss 17.339515686035156, Lr: 0.00100000
[2023-12-05 15:01:13,163] Epoch 930, Loss 63.08567810058594, Lr: 0.00100000
[2023-12-05 15:01:13,710] Epoch 931, Loss 25.627634048461914, Lr: 0.00100000
[2023-12-05 15:01:19,546] Epoch 932, Loss 19.696239471435547, Lr: 0.00100000
[2023-12-05 15:01:20,340] Epoch 933, Loss 55.30831527709961, Lr: 0.00100000
[2023-12-05 15:01:22,157] Epoch 934, Loss 75.1819076538086, Lr: 0.00100000
[2023-12-05 15:01:23,772] Epoch 935, Loss 43.023338317871094, Lr: 0.00100000
[2023-12-05 15:01:24,158] Epoch 936, Loss 14.679706573486328, Lr: 0.00100000
[2023-12-05 15:01:24,594] Epoch 937, Loss 22.257043838500977, Lr: 0.00100000
[2023-12-05 15:01:25,868] Epoch 938, Loss 30.3131103515625, Lr: 0.00100000
[2023-12-05 15:01:27,478] Epoch 939, Loss 91.1712417602539, Lr: 0.00100000
[2023-12-05 15:01:27,915] Epoch 940, Loss 22.05527114868164, Lr: 0.00100000
[2023-12-05 15:01:28,444] Epoch 941, Loss 60.19062423706055, Lr: 0.00100000
[2023-12-05 15:01:29,132] Epoch 942, Loss 64.55794525146484, Lr: 0.00100000
[2023-12-05 15:01:30,186] Epoch 943, Loss 56.43168258666992, Lr: 0.00100000
[2023-12-05 15:01:30,898] Epoch 944, Loss 59.92461013793945, Lr: 0.00100000
[2023-12-05 15:01:32,370] Epoch 945, Loss 56.6280517578125, Lr: 0.00100000
[2023-12-05 15:01:33,852] Epoch 946, Loss 89.65290832519531, Lr: 0.00100000
[2023-12-05 15:01:34,476] Epoch 947, Loss 58.06787872314453, Lr: 0.00100000
[2023-12-05 15:01:35,375] Epoch 948, Loss 26.458694458007812, Lr: 0.00100000
[2023-12-05 15:01:35,838] Epoch 949, Loss 22.14360809326172, Lr: 0.00100000
[2023-12-05 15:01:39,828] Epoch 950, Loss 65.29588317871094, Lr: 0.00100000
[2023-12-05 15:01:41,258] Epoch 951, Loss 17.729293823242188, Lr: 0.00100000
[2023-12-05 15:01:44,003] Epoch 952, Loss 42.36469268798828, Lr: 0.00100000
[2023-12-05 15:01:45,567] Epoch 953, Loss 90.83370971679688, Lr: 0.00100000
[2023-12-05 15:01:45,991] Epoch 954, Loss 23.972183227539062, Lr: 0.00100000
[2023-12-05 15:01:47,508] Epoch 955, Loss 53.381595611572266, Lr: 0.00100000
[2023-12-05 15:01:47,888] Epoch 956, Loss 12.716426849365234, Lr: 0.00100000
[2023-12-05 15:01:50,113] Epoch 957, Loss 133.46578979492188, Lr: 0.00100000
[2023-12-05 15:01:50,801] Epoch 958, Loss 20.519882202148438, Lr: 0.00100000
[2023-12-05 15:01:51,226] Epoch 959, Loss 21.720565795898438, Lr: 0.00100000
[2023-12-05 15:01:52,360] Epoch 960, Loss 33.38064193725586, Lr: 0.00100000
[2023-12-05 15:01:55,379] Epoch 961, Loss 126.65648651123047, Lr: 0.00100000
[2023-12-05 15:01:57,358] Epoch 962, Loss 71.41050720214844, Lr: 0.00100000
[2023-12-05 15:01:58,960] Epoch 963, Loss 30.201915740966797, Lr: 0.00100000
[2023-12-05 15:01:59,915] Epoch 964, Loss 23.439985275268555, Lr: 0.00100000
[2023-12-05 15:02:00,947] Epoch 965, Loss 25.712841033935547, Lr: 0.00100000
[2023-12-05 15:02:01,767] Epoch 966, Loss 54.704925537109375, Lr: 0.00100000
[2023-12-05 15:02:03,320] Epoch 967, Loss 85.14027404785156, Lr: 0.00100000
[2023-12-05 15:02:04,440] Epoch 968, Loss 17.029809951782227, Lr: 0.00100000
[2023-12-05 15:02:06,401] Epoch 969, Loss 32.88786315917969, Lr: 0.00100000
[2023-12-05 15:02:12,158] Epoch 970, Loss 20.668981552124023, Lr: 0.00100000
[2023-12-05 15:02:13,750] Epoch 971, Loss 49.322021484375, Lr: 0.00100000
[2023-12-05 15:02:15,422] Epoch 972, Loss 34.57542037963867, Lr: 0.00100000
[2023-12-05 15:02:17,919] Epoch 973, Loss 56.919822692871094, Lr: 0.00100000
[2023-12-05 15:02:19,767] Epoch 974, Loss 32.657466888427734, Lr: 0.00100000
[2023-12-05 15:02:20,261] Epoch 975, Loss 15.367505073547363, Lr: 0.00100000
[2023-12-05 15:02:21,394] Epoch 976, Loss 35.93010711669922, Lr: 0.00100000
[2023-12-05 15:02:22,480] Epoch 977, Loss 20.945484161376953, Lr: 0.00100000
[2023-12-05 15:02:23,064] Epoch 978, Loss 23.24874496459961, Lr: 0.00100000
[2023-12-05 15:02:24,352] Epoch 979, Loss 17.996315002441406, Lr: 0.00100000
[2023-12-05 15:02:29,709] Epoch 980, Loss 38.19000244140625, Lr: 0.00100000
[2023-12-05 15:02:31,229] Epoch 981, Loss 39.9083137512207, Lr: 0.00100000
[2023-12-05 15:02:33,147] Epoch 982, Loss 33.716590881347656, Lr: 0.00100000
[2023-12-05 15:02:37,266] Epoch 983, Loss 144.8944854736328, Lr: 0.00100000
[2023-12-05 15:02:40,216] Epoch 984, Loss 117.57386016845703, Lr: 0.00100000
[2023-12-05 15:02:43,181] Epoch 985, Loss 138.87890625, Lr: 0.00100000
[2023-12-05 15:02:43,683] Epoch 986, Loss 60.41312789916992, Lr: 0.00100000
[2023-12-05 15:02:44,686] Epoch 987, Loss 14.263744354248047, Lr: 0.00100000
[2023-12-05 15:02:51,069] Epoch 988, Loss 5.05615758895874, Lr: 0.00100000
[2023-12-05 15:02:54,584] Epoch 989, Loss 57.40036392211914, Lr: 0.00100000
[2023-12-05 15:02:58,481] Epoch 990, Loss 64.3997573852539, Lr: 0.00100000
[2023-12-05 15:02:59,104] Epoch 991, Loss 23.558181762695312, Lr: 0.00100000
[2023-12-05 15:03:01,552] Epoch 992, Loss 86.60478973388672, Lr: 0.00100000
[2023-12-05 15:03:03,125] Epoch 993, Loss 30.676912307739258, Lr: 0.00100000
[2023-12-05 15:03:04,277] Epoch 994, Loss 27.347087860107422, Lr: 0.00100000
[2023-12-05 15:03:09,644] Epoch 995, Loss 5.396359443664551, Lr: 0.00100000
[2023-12-05 15:03:12,492] Epoch 996, Loss 23.706745147705078, Lr: 0.00100000
[2023-12-05 15:03:13,958] Epoch 997, Loss 19.29694366455078, Lr: 0.00100000
[2023-12-05 15:03:14,571] Epoch 998, Loss 13.003497123718262, Lr: 0.00100000
[2023-12-05 15:03:15,706] Epoch 999, Loss 15.876344680786133, Lr: 0.00100000
[2023-12-05 15:03:16,869] Epoch 1000, Loss 24.988054275512695, Lr: 0.00100000
[2023-12-05 15:06:10,384] ./models_dens2/epoch_1000.h5 is saved as the latest model
