[2023-11-28 09:36:07,660] File ./models_wzlen/best.h5 does not exist
[2023-11-28 09:36:08,895] Epoch 1, Loss 4.380248069763184
[2023-11-28 09:36:10,062] Epoch 2, Loss 0.13652613759040833
[2023-11-28 09:36:12,221] Epoch 3, Loss 43.3216552734375
[2023-11-28 09:36:13,630] Epoch 4, Loss 28.11701202392578
[2023-11-28 09:36:15,664] Epoch 5, Loss 30.52169418334961
[2023-11-28 09:36:17,338] Epoch 6, Loss 18.023948669433594
[2023-11-28 09:36:19,697] Epoch 7, Loss 35.961151123046875
[2023-11-28 09:36:22,127] Epoch 8, Loss 22.580188751220703
[2023-11-28 09:39:36,697] File ./models_wzlen/best.h5 does not exist
[2023-11-28 09:40:44,592] File ./models_wzlen/best.h5 does not exist
[2023-11-28 09:40:44,597] File ./models_wzlen/epoch_25.h5 does not exist
[2023-11-28 09:42:55,293] File ./models_wzlen/best.h5 does not exist
[2023-11-28 09:43:10,535] File ./models_wzlen/best.h5 does not exist
[2023-11-28 09:43:12,096] Epoch 1, Loss 20.140607833862305
[2023-11-28 09:43:12,562] Epoch 2, Loss 0.5200087428092957
[2023-11-28 09:43:13,448] Epoch 3, Loss 17.254722595214844
[2023-11-28 09:43:14,978] Epoch 4, Loss 7.6270060539245605
[2023-11-28 09:43:15,555] Epoch 5, Loss 29.10385513305664
[2023-11-28 09:43:17,563] Epoch 6, Loss 32.38766098022461
[2023-11-28 09:43:18,497] Epoch 7, Loss 0.08385329693555832
[2023-11-28 09:43:19,409] Epoch 8, Loss 0.1103816032409668
[2023-11-28 09:43:21,837] Epoch 9, Loss 19.188377380371094
[2023-11-28 09:43:24,266] Epoch 10, Loss 19.953041076660156
[2023-11-28 09:43:26,607] Epoch 11, Loss 37.31831741333008
[2023-11-28 09:43:27,468] Epoch 12, Loss 0.24624262750148773
[2023-11-28 09:43:28,095] Epoch 13, Loss 0.4719654619693756
[2023-11-28 09:43:28,963] Epoch 14, Loss 1.9519689083099365
[2023-11-28 09:43:30,881] Epoch 15, Loss 19.62092399597168
[2023-11-28 09:43:31,659] Epoch 16, Loss 18.593515396118164
[2023-11-28 09:43:32,604] Epoch 17, Loss 18.414466857910156
[2023-11-28 09:43:34,022] Epoch 18, Loss 17.733827590942383
[2023-11-28 09:43:36,318] Epoch 19, Loss 38.013851165771484
[2023-11-28 09:43:37,212] Epoch 20, Loss 18.3564395904541
[2023-11-28 09:43:37,695] Epoch 21, Loss 9.245933532714844
[2023-11-28 09:43:38,152] Epoch 22, Loss 0.4118485152721405
[2023-11-28 09:43:39,377] Epoch 23, Loss 2.365593433380127
[2023-11-28 09:43:40,072] Epoch 24, Loss 2.3533101081848145
[2023-11-28 09:43:41,574] Epoch 25, Loss 0.9421197772026062
[2023-11-28 09:43:42,903] Epoch 26, Loss 1.6051822900772095
[2023-11-28 09:43:44,069] Epoch 27, Loss 0.434097021818161
[2023-11-28 09:43:45,266] Epoch 28, Loss 19.167526245117188
[2023-11-28 09:43:46,760] Epoch 29, Loss 6.716716766357422
[2023-11-28 09:43:48,832] Epoch 30, Loss 9.112845420837402
[2023-11-28 09:43:50,120] Epoch 31, Loss 17.631214141845703
[2023-11-28 09:43:50,661] Epoch 32, Loss 0.6659579873085022
[2023-11-28 09:43:53,204] Epoch 33, Loss 2.8687169551849365
[2023-11-28 09:43:54,094] Epoch 34, Loss 1.0281003713607788
[2023-11-28 09:43:55,207] Epoch 35, Loss 19.154216766357422
[2023-11-28 09:43:56,407] Epoch 36, Loss 1.7546579837799072
[2023-11-28 09:43:58,249] Epoch 37, Loss 10.665230751037598
[2023-11-28 09:43:59,724] Epoch 38, Loss 0.8046317100524902
[2023-11-28 09:47:15,507] File ./models_wzlen/best.h5 does not exist
[2023-11-28 09:47:17,530] Epoch 1, Loss 11.989656448364258
[2023-11-28 09:47:18,061] Epoch 2, Loss 17.462657928466797
[2023-11-28 09:47:18,846] Epoch 3, Loss 25.736248016357422
[2023-11-28 09:47:21,272] Epoch 4, Loss 25.037288665771484
[2023-11-28 09:47:21,679] Epoch 5, Loss 0.875032365322113
[2023-11-28 09:47:22,958] Epoch 6, Loss 2.054330825805664
[2023-11-28 09:47:24,474] Epoch 7, Loss 17.962400436401367
[2023-11-28 09:47:24,819] Epoch 8, Loss 17.344877243041992
[2023-11-28 09:47:26,141] Epoch 9, Loss 19.16160011291504
[2023-11-28 09:47:26,540] Epoch 10, Loss 17.333097457885742
[2023-11-28 09:47:27,905] Epoch 11, Loss 4.970512390136719
[2023-11-28 09:47:28,720] Epoch 12, Loss 1.2787387371063232
[2023-11-28 09:47:31,042] Epoch 13, Loss 35.1412353515625
[2023-11-28 09:47:31,985] Epoch 14, Loss 17.78298568725586
[2023-11-28 09:47:33,920] Epoch 15, Loss 28.382577896118164
[2023-11-28 09:47:34,200] Epoch 16, Loss 8.706787109375
[2023-11-28 09:47:35,427] Epoch 17, Loss 18.979568481445312
[2023-11-28 09:47:36,442] Epoch 18, Loss 11.671542167663574
[2023-11-28 09:47:37,855] Epoch 19, Loss 36.90157699584961
[2023-11-28 09:47:39,141] Epoch 20, Loss 4.608687400817871
[2023-11-28 09:50:03,328] File ./models_wzlen/best.h5 does not exist
[2023-11-28 09:50:05,005] Epoch 1, Loss 22.586050033569336
[2023-11-28 09:50:06,979] Epoch 2, Loss 20.916399002075195
[2023-11-28 09:50:09,926] Epoch 3, Loss 42.873199462890625
[2023-11-28 09:50:11,734] Epoch 4, Loss 3.6698989868164062
[2023-11-28 09:50:13,966] Epoch 5, Loss 10.129688262939453
[2023-11-28 09:50:16,021] Epoch 6, Loss 0.1086556538939476
[2023-11-28 09:50:46,662] File ./models_wzlen/best.h5 does not exist
[2023-11-28 09:50:48,502] Epoch 1, Loss 46.410945892333984
[2023-11-28 09:50:49,235] Epoch 2, Loss 0.2168126106262207
[2023-11-28 09:52:19,532] File ./models_wzlen/best.h5 does not exist
[2023-11-28 09:52:20,536] Epoch 1, Loss 5.641849994659424
[2023-11-28 09:52:22,278] Epoch 2, Loss 1.3582102060317993
[2023-11-28 09:52:24,050] Epoch 3, Loss 23.050569534301758
[2023-11-28 09:52:26,887] Epoch 4, Loss 36.53380584716797
[2023-11-28 09:52:27,653] Epoch 5, Loss 9.615873336791992
[2023-11-28 09:52:28,031] Epoch 6, Loss 0.17318660020828247
[2023-11-28 09:52:28,659] Epoch 7, Loss 1.354466199874878
[2023-11-28 09:52:30,331] Epoch 8, Loss 18.79037857055664
[2023-11-28 09:52:32,721] Epoch 9, Loss 4.376074314117432
[2023-11-28 09:52:34,199] Epoch 10, Loss 1.7169944047927856
[2023-11-28 09:52:35,579] Epoch 11, Loss 17.646522521972656
[2023-11-28 09:52:38,537] Epoch 12, Loss 53.505218505859375
[2023-11-28 09:52:39,097] Epoch 13, Loss 0.37240132689476013
[2023-11-28 09:52:41,102] Epoch 14, Loss 18.750202178955078
[2023-11-28 09:52:42,168] Epoch 15, Loss 1.1317126750946045
[2023-11-28 09:52:44,456] Epoch 16, Loss 19.622459411621094
[2023-11-28 09:52:45,713] Epoch 17, Loss 1.6144006252288818
[2023-11-28 09:52:48,055] Epoch 18, Loss 52.351036071777344
[2023-11-28 09:52:49,429] Epoch 19, Loss 35.73164749145508
[2023-11-28 09:52:50,867] Epoch 20, Loss 18.823720932006836
[2023-11-28 09:52:52,813] Epoch 21, Loss 20.812040328979492
[2023-11-28 09:52:54,272] Epoch 22, Loss 44.50445556640625
[2023-11-28 09:52:56,248] Epoch 23, Loss 54.69664001464844
[2023-11-28 09:52:57,558] Epoch 24, Loss 19.652698516845703
[2023-11-28 09:52:58,228] Epoch 25, Loss 0.8006849884986877
[2023-11-28 09:52:59,601] Epoch 26, Loss 10.970877647399902
[2023-11-28 09:53:00,158] Epoch 27, Loss 17.522258758544922
[2023-11-28 09:53:02,878] Epoch 28, Loss 45.29637145996094
[2023-11-28 09:53:03,716] Epoch 29, Loss 17.890464782714844
[2023-11-28 09:53:06,245] Epoch 30, Loss 29.764511108398438
[2023-11-28 09:53:08,915] Epoch 31, Loss 54.122379302978516
[2023-11-28 09:53:10,721] Epoch 32, Loss 0.9868455529212952
[2023-11-28 09:53:10,940] Epoch 33, Loss 17.70604133605957
[2023-11-28 09:53:13,465] Epoch 34, Loss 1.5383647680282593
[2023-11-28 09:53:16,075] Epoch 35, Loss 21.91326904296875
[2023-11-28 09:53:16,921] Epoch 36, Loss 0.6902880072593689
[2023-11-28 09:53:17,640] Epoch 37, Loss 18.105730056762695
[2023-11-28 09:53:18,010] Epoch 38, Loss 0.24547843635082245
[2023-11-28 09:53:18,569] Epoch 39, Loss 1.6917052268981934
[2023-11-28 09:53:18,894] Epoch 40, Loss 1.0189921855926514
[2023-11-28 09:53:19,874] Epoch 41, Loss 17.239274978637695
[2023-11-28 09:53:23,258] Epoch 42, Loss 22.668087005615234
[2023-11-28 09:53:24,076] Epoch 43, Loss 8.740057945251465
[2023-11-28 09:53:25,778] Epoch 44, Loss 3.629143238067627
[2023-11-28 09:53:26,354] Epoch 45, Loss 0.21803390979766846
[2023-11-28 09:53:29,662] Epoch 46, Loss 21.880958557128906
[2023-11-28 09:53:31,413] Epoch 47, Loss 0.9929540753364563
[2023-11-28 09:53:32,570] Epoch 48, Loss 1.1089627742767334
[2023-11-28 09:53:33,337] Epoch 49, Loss 17.939769744873047
[2023-11-28 09:53:34,408] Epoch 50, Loss 1.7082860469818115
[2023-11-28 09:53:34,409] Saved model at ./models_wzlen/epoch_50.h5
[2023-11-28 09:53:34,410] Loaded existing model at ./models_wzlen/epoch_50.h5
[2023-11-28 09:54:44,877] Saved model at ./models_wzlen/best.h5
[2023-11-28 09:54:44,877] ./models_wzlen/epoch_50.h5 is saved as the strongest model
[2023-11-28 09:54:47,162] Epoch 51, Loss 20.297426223754883
[2023-11-28 09:54:48,647] Epoch 52, Loss 28.782569885253906
[2023-11-28 09:54:50,937] Epoch 53, Loss 30.427263259887695
[2023-11-28 09:54:53,775] Epoch 54, Loss 22.380708694458008
[2023-11-28 09:54:55,889] Epoch 55, Loss 19.281084060668945
[2023-11-28 09:54:57,399] Epoch 56, Loss 18.16963768005371
[2023-11-28 09:54:58,019] Epoch 57, Loss 0.7484420537948608
[2023-11-28 09:54:58,465] Epoch 58, Loss 0.23952794075012207
[2023-11-28 09:54:59,630] Epoch 59, Loss 17.20395278930664
[2023-11-28 09:55:00,124] Epoch 60, Loss 17.644323348999023
[2023-11-28 09:55:00,446] Epoch 61, Loss 0.200625479221344
[2023-11-28 09:55:00,749] Epoch 62, Loss 0.23206031322479248
[2023-11-28 09:55:01,356] Epoch 63, Loss 1.2341047525405884
[2023-11-28 09:55:01,670] Epoch 64, Loss 17.27869415283203
[2023-11-28 09:55:03,492] Epoch 65, Loss 0.8431141972541809
[2023-11-28 09:55:05,558] Epoch 66, Loss 22.23992919921875
[2023-11-28 09:55:06,385] Epoch 67, Loss 17.34479522705078
[2023-11-28 09:55:08,391] Epoch 68, Loss 1.3717482089996338
[2023-11-28 09:55:10,933] Epoch 69, Loss 28.48634147644043
[2023-11-28 09:55:12,811] Epoch 70, Loss 22.701833724975586
[2023-11-28 09:55:14,344] Epoch 71, Loss 35.46514129638672
[2023-11-28 09:55:15,829] Epoch 72, Loss 36.019187927246094
[2023-11-28 09:55:19,995] Epoch 73, Loss 4.399362564086914
[2023-11-28 09:55:21,982] Epoch 74, Loss 44.578765869140625
[2023-11-28 09:55:22,339] Epoch 75, Loss 0.3814547061920166
[2023-11-28 09:55:22,765] Epoch 76, Loss 0.46839287877082825
[2023-11-28 09:55:24,436] Epoch 77, Loss 17.767066955566406
[2023-11-28 09:55:28,014] Epoch 78, Loss 2.4740185737609863
[2023-11-28 09:55:29,506] Epoch 79, Loss 2.18245005607605
[2023-11-28 09:55:30,331] Epoch 80, Loss 3.2636773586273193
[2023-11-28 09:55:31,965] Epoch 81, Loss 27.517866134643555
[2023-11-28 09:55:33,189] Epoch 82, Loss 17.322420120239258
[2023-11-28 09:55:35,073] Epoch 83, Loss 17.29978370666504
[2023-11-28 09:55:37,654] Epoch 84, Loss 23.80493927001953
[2023-11-28 09:55:38,813] Epoch 85, Loss 17.892919540405273
[2023-11-28 09:55:41,945] Epoch 86, Loss 21.13815689086914
[2023-11-28 09:55:44,236] Epoch 87, Loss 18.400367736816406
[2023-11-28 09:55:46,446] Epoch 88, Loss 36.16969680786133
[2023-11-28 09:55:48,144] Epoch 89, Loss 45.48480224609375
[2023-11-28 09:55:49,781] Epoch 90, Loss 18.774778366088867
[2023-11-28 09:55:52,934] Epoch 91, Loss 18.67437744140625
[2023-11-28 09:55:54,230] Epoch 92, Loss 1.273319125175476
[2023-11-28 09:55:56,088] Epoch 93, Loss 18.585134506225586
[2023-11-28 09:55:56,489] Epoch 94, Loss 0.25479257106781006
[2023-11-28 09:55:58,661] Epoch 95, Loss 27.711793899536133
[2023-11-28 09:56:01,285] Epoch 96, Loss 30.235958099365234
[2023-11-28 09:56:03,371] Epoch 97, Loss 19.861953735351562
[2023-11-28 09:56:05,202] Epoch 98, Loss 1.8752928972244263
[2023-11-28 09:56:06,326] Epoch 99, Loss 0.6115741729736328
[2023-11-28 09:56:06,906] Epoch 100, Loss 0.4345770478248596
[2023-11-28 09:56:06,907] Saved model at ./models_wzlen/epoch_100.h5
[2023-11-28 09:56:06,908] Loaded existing model at ./models_wzlen/epoch_100.h5
[2023-11-28 09:57:21,466] Saved model at ./models_wzlen/best.h5
[2023-11-28 09:57:21,466] ./models_wzlen/epoch_100.h5 is saved as the strongest model
[2023-11-28 09:57:24,782] Epoch 101, Loss 37.22401428222656
[2023-11-28 09:57:26,155] Epoch 102, Loss 9.265286445617676
[2023-11-28 09:57:27,057] Epoch 103, Loss 0.7261571288108826
[2023-11-28 09:57:27,670] Epoch 104, Loss 0.4877302944660187
[2023-11-28 09:57:30,167] Epoch 105, Loss 19.224063873291016
[2023-11-28 09:57:31,031] Epoch 106, Loss 1.5773056745529175
[2023-11-28 09:57:33,446] Epoch 107, Loss 44.61573028564453
[2023-11-28 09:57:34,852] Epoch 108, Loss 26.501129150390625
[2023-11-28 09:57:36,115] Epoch 109, Loss 1.4461264610290527
[2023-11-28 09:57:37,729] Epoch 110, Loss 35.59352111816406
[2023-11-28 09:57:39,173] Epoch 111, Loss 18.993005752563477
[2023-11-28 09:57:39,522] Epoch 112, Loss 9.444917678833008
[2023-11-28 09:57:40,528] Epoch 113, Loss 1.0415247678756714
[2023-11-28 09:57:43,510] Epoch 114, Loss 19.582883834838867
[2023-11-28 09:57:45,589] Epoch 115, Loss 9.913719177246094
[2023-11-28 09:57:47,576] Epoch 116, Loss 28.165563583374023
[2023-11-28 09:57:49,550] Epoch 117, Loss 43.93042755126953
[2023-11-28 09:57:52,077] Epoch 118, Loss 3.518435001373291
[2023-11-28 09:57:53,586] Epoch 119, Loss 44.8396110534668
[2023-11-28 09:57:55,035] Epoch 120, Loss 18.046667098999023
[2023-11-28 09:57:58,648] Epoch 121, Loss 11.398369789123535
[2023-11-28 09:57:59,221] Epoch 122, Loss 9.479790687561035
[2023-11-28 09:58:00,240] Epoch 123, Loss 0.28995537757873535
[2023-11-28 09:58:00,795] Epoch 124, Loss 17.389448165893555
[2023-11-28 09:58:02,944] Epoch 125, Loss 1.8707600831985474
[2023-11-28 09:58:03,705] Epoch 126, Loss 0.421938955783844
[2023-11-28 09:58:05,667] Epoch 127, Loss 18.22882652282715
[2023-11-28 09:58:07,450] Epoch 128, Loss 35.54377365112305
[2023-11-28 09:58:07,848] Epoch 129, Loss 9.437588691711426
[2023-11-28 09:58:08,197] Epoch 130, Loss 0.2123469114303589
[2023-11-28 09:58:10,081] Epoch 131, Loss 11.906473159790039
[2023-11-28 09:58:12,126] Epoch 132, Loss 26.108339309692383
[2023-11-28 09:58:12,490] Epoch 133, Loss 9.36003589630127
[2023-11-28 09:58:12,802] Epoch 134, Loss 0.16871121525764465
[2023-11-28 09:58:14,469] Epoch 135, Loss 10.724841117858887
[2023-11-28 09:58:17,196] Epoch 136, Loss 19.811800003051758
[2023-11-28 09:58:17,808] Epoch 137, Loss 34.63157272338867
[2023-11-28 09:58:19,017] Epoch 138, Loss 0.4382343292236328
[2023-11-28 09:58:21,000] Epoch 139, Loss 19.759090423583984
[2023-11-28 09:58:23,142] Epoch 140, Loss 44.053462982177734
[2023-11-28 09:58:25,230] Epoch 141, Loss 1.8830887079238892
[2023-11-28 09:58:27,665] Epoch 142, Loss 10.286723136901855
[2023-11-28 09:58:29,513] Epoch 143, Loss 19.5203857421875
[2023-11-28 09:58:31,089] Epoch 144, Loss 1.2760463953018188
[2023-11-28 09:58:32,976] Epoch 145, Loss 35.86400604248047
[2023-11-28 09:58:35,596] Epoch 146, Loss 18.426025390625
[2023-11-28 09:58:37,521] Epoch 147, Loss 1.6859478950500488
[2023-11-28 09:58:39,599] Epoch 148, Loss 27.46884536743164
[2023-11-28 09:58:41,062] Epoch 149, Loss 52.21691131591797
[2023-11-28 09:58:43,340] Epoch 150, Loss 36.6798095703125
[2023-11-28 09:58:43,340] Saved model at ./models_wzlen/epoch_150.h5
[2023-11-28 09:58:43,341] Loaded existing model at ./models_wzlen/epoch_150.h5
[2023-11-28 10:00:07,046] Saved model at ./models_wzlen/best.h5
[2023-11-28 10:00:07,046] ./models_wzlen/epoch_150.h5 is saved as the strongest model
[2023-11-28 10:00:09,007] Epoch 151, Loss 11.685396194458008
[2023-11-28 10:00:10,736] Epoch 152, Loss 27.30548095703125
[2023-11-28 10:00:12,369] Epoch 153, Loss 35.50916290283203
[2023-11-28 10:00:14,561] Epoch 154, Loss 10.21585464477539
[2023-11-28 10:00:16,166] Epoch 155, Loss 12.35995101928711
[2023-11-28 10:00:17,386] Epoch 156, Loss 1.8055301904678345
[2023-11-28 10:00:17,817] Epoch 157, Loss 0.4212951064109802
[2023-11-28 10:00:19,334] Epoch 158, Loss 18.88300323486328
[2023-11-28 10:00:21,620] Epoch 159, Loss 36.625003814697266
[2023-11-28 10:00:23,793] Epoch 160, Loss 36.256492614746094
[2023-11-28 10:00:25,736] Epoch 161, Loss 35.934852600097656
[2023-11-28 10:00:26,807] Epoch 162, Loss 17.56838035583496
[2023-11-28 10:00:27,963] Epoch 163, Loss 34.474361419677734
[2023-11-28 10:00:29,484] Epoch 164, Loss 18.619077682495117
[2023-11-28 10:00:30,522] Epoch 165, Loss 18.22918701171875
[2023-11-28 10:00:31,241] Epoch 166, Loss 0.9843205809593201
[2023-11-28 10:00:33,932] Epoch 167, Loss 18.561208724975586
[2023-11-28 10:00:35,327] Epoch 168, Loss 10.642243385314941
[2023-11-28 10:00:36,730] Epoch 169, Loss 27.49903106689453
[2023-11-28 10:00:37,388] Epoch 170, Loss 0.4365062713623047
[2023-11-28 10:00:38,471] Epoch 171, Loss 18.215316772460938
[2023-11-28 10:00:38,997] Epoch 172, Loss 17.457761764526367
[2023-11-28 10:00:41,974] Epoch 173, Loss 99.80950164794922
[2023-11-28 10:00:42,957] Epoch 174, Loss 17.98172950744629
[2023-11-28 10:00:43,850] Epoch 175, Loss 17.880151748657227
[2023-11-28 10:00:44,388] Epoch 176, Loss 17.562885284423828
[2023-11-28 10:00:45,631] Epoch 177, Loss 3.227970600128174
[2023-11-28 10:00:47,835] Epoch 178, Loss 3.41831111907959
[2023-11-28 10:00:49,796] Epoch 179, Loss 19.235401153564453
[2023-11-28 10:00:50,786] Epoch 180, Loss 9.66964054107666
[2023-11-28 10:00:52,325] Epoch 181, Loss 2.2333903312683105
[2023-11-28 10:00:54,691] Epoch 182, Loss 36.789920806884766
[2023-11-28 10:00:57,401] Epoch 183, Loss 4.187374114990234
[2023-11-28 10:00:58,788] Epoch 184, Loss 1.7998548746109009
[2023-11-28 10:01:00,198] Epoch 185, Loss 18.840028762817383
[2023-11-28 10:01:02,668] Epoch 186, Loss 4.932750225067139
[2023-11-28 10:01:04,599] Epoch 187, Loss 1.9069572687149048
[2023-11-28 10:01:06,684] Epoch 188, Loss 1.462625503540039
[2023-11-28 10:01:09,057] Epoch 189, Loss 69.98772430419922
[2023-11-28 10:01:10,040] Epoch 190, Loss 17.726537704467773
[2023-11-28 10:01:11,312] Epoch 191, Loss 1.9521080255508423
[2023-11-28 10:01:12,518] Epoch 192, Loss 0.744744598865509
[2023-11-28 10:01:13,879] Epoch 193, Loss 10.601597785949707
[2023-11-28 10:01:15,106] Epoch 194, Loss 1.9122177362442017
[2023-11-28 10:01:16,315] Epoch 195, Loss 18.241809844970703
[2023-11-28 10:01:18,092] Epoch 196, Loss 17.721147537231445
[2023-11-28 10:01:21,268] Epoch 197, Loss 46.624755859375
[2023-11-28 10:01:22,347] Epoch 198, Loss 27.66805076599121
[2023-11-28 10:01:23,639] Epoch 199, Loss 19.125455856323242
[2023-11-28 10:01:25,347] Epoch 200, Loss 19.590843200683594
[2023-11-28 10:01:25,347] Saved model at ./models_wzlen/epoch_200.h5
[2023-11-28 10:01:25,348] Loaded existing model at ./models_wzlen/epoch_200.h5
[2023-11-28 10:03:10,829] Saved model at ./models_wzlen/best.h5
[2023-11-28 10:03:10,829] ./models_wzlen/epoch_200.h5 is saved as the strongest model
[2023-11-28 10:05:05,750] Loaded existing model at ./models_wzlen/best.h5
[2023-11-28 10:05:07,168] Epoch 201, Loss 19.93659782409668
[2023-11-28 10:05:08,976] Epoch 202, Loss 2.1430962085723877
[2023-11-28 10:05:10,291] Epoch 203, Loss 18.347841262817383
[2023-11-28 10:05:11,733] Epoch 204, Loss 17.453083038330078
[2023-11-28 10:05:12,044] Epoch 205, Loss 0.5962486863136292
[2023-11-28 10:05:14,392] Epoch 206, Loss 21.848005294799805
[2023-11-28 10:05:14,913] Epoch 207, Loss 17.429290771484375
[2023-11-28 10:05:16,568] Epoch 208, Loss 18.685216903686523
[2023-11-28 10:05:17,793] Epoch 209, Loss 1.3108317852020264
[2023-11-28 10:05:20,279] Epoch 210, Loss 21.171070098876953
[2023-11-28 10:05:21,668] Epoch 211, Loss 1.7508690357208252
[2023-11-28 10:05:24,456] Epoch 212, Loss 21.704059600830078
[2023-11-28 10:05:26,695] Epoch 213, Loss 11.325669288635254
[2023-11-28 10:05:28,736] Epoch 214, Loss 2.9917550086975098
[2023-11-28 10:05:30,218] Epoch 215, Loss 18.73629379272461
[2023-11-28 10:05:32,266] Epoch 216, Loss 11.908432960510254
[2023-11-28 10:05:33,968] Epoch 217, Loss 12.521790504455566
[2023-11-28 10:05:36,304] Epoch 218, Loss 37.46809768676758
[2023-11-28 10:05:37,172] Epoch 219, Loss 0.8831149339675903
[2023-11-28 10:05:38,463] Epoch 220, Loss 35.70825958251953
[2023-11-28 10:05:40,456] Epoch 221, Loss 1.1961030960083008
[2023-11-28 10:05:42,618] Epoch 222, Loss 2.740506410598755
[2023-11-28 10:05:45,125] Epoch 223, Loss 7.9489216804504395
[2023-11-28 10:05:45,468] Epoch 224, Loss 0.4175812900066376
[2023-11-28 10:05:46,430] Epoch 225, Loss 34.426513671875
[2023-11-28 10:05:48,124] Epoch 226, Loss 22.37063980102539
[2023-11-28 10:05:49,390] Epoch 227, Loss 1.487284541130066
[2023-11-28 10:05:50,009] Epoch 228, Loss 0.2561121881008148
[2023-11-28 10:05:51,844] Epoch 229, Loss 36.103824615478516
[2023-11-28 10:05:53,075] Epoch 230, Loss 18.632244110107422
[2023-11-28 10:05:54,272] Epoch 231, Loss 9.784415245056152
[2023-11-28 10:05:56,771] Epoch 232, Loss 19.43329429626465
[2023-11-28 10:05:57,330] Epoch 233, Loss 0.7934069037437439
[2023-11-28 10:05:59,585] Epoch 234, Loss 2.4757003784179688
[2023-11-28 10:06:02,140] Epoch 235, Loss 21.56080436706543
[2023-11-28 10:06:03,165] Epoch 236, Loss 18.113250732421875
[2023-11-28 10:06:04,155] Epoch 237, Loss 35.02470397949219
[2023-11-28 10:06:04,798] Epoch 238, Loss 25.84660530090332
[2023-11-28 10:06:07,280] Epoch 239, Loss 26.49559783935547
[2023-11-28 10:06:07,794] Epoch 240, Loss 0.9822992086410522
[2023-11-28 10:06:10,765] Epoch 241, Loss 56.50279998779297
[2023-11-28 10:06:11,373] Epoch 242, Loss 9.454389572143555
[2023-11-28 10:06:12,846] Epoch 243, Loss 45.21674346923828
[2023-11-28 10:06:13,496] Epoch 244, Loss 8.934098243713379
[2023-11-28 10:06:15,181] Epoch 245, Loss 17.790754318237305
[2023-11-28 10:06:16,690] Epoch 246, Loss 28.655378341674805
[2023-11-28 10:06:17,903] Epoch 247, Loss 18.50585174560547
[2023-11-28 10:06:19,164] Epoch 248, Loss 11.246228218078613
[2023-11-28 10:06:20,510] Epoch 249, Loss 26.80974578857422
[2023-11-28 10:06:22,689] Epoch 250, Loss 36.06026077270508
[2023-11-28 10:06:22,689] Saved model at ./models_wzlen/epoch_250.h5
[2023-11-28 10:06:22,690] Loaded existing model at ./models_wzlen/epoch_250.h5
[2023-11-28 10:07:47,560] Loaded existing model at ./models_wzlen/epoch_200.h5
[2023-11-28 10:07:47,560] ./models_wzlen/epoch_200.h5 is loaded as the strongest model
[2023-11-28 10:07:48,161] Epoch 251, Loss 0.7123357057571411
[2023-11-28 10:07:49,067] Epoch 252, Loss 1.6449084281921387
[2023-11-28 10:07:49,662] Epoch 253, Loss 9.742281913757324
[2023-11-28 10:07:51,186] Epoch 254, Loss 26.66461181640625
[2023-11-28 10:07:52,648] Epoch 255, Loss 1.1959820985794067
[2023-11-28 10:07:54,276] Epoch 256, Loss 35.39923095703125
[2023-11-28 10:07:55,041] Epoch 257, Loss 17.717317581176758
[2023-11-28 10:07:57,155] Epoch 258, Loss 29.083728790283203
[2023-11-28 10:07:59,562] Epoch 259, Loss 2.3503005504608154
[2023-11-28 10:08:01,030] Epoch 260, Loss 1.4357434511184692
[2023-11-28 10:08:02,075] Epoch 261, Loss 0.33588582277297974
[2023-11-28 10:08:03,390] Epoch 262, Loss 19.75178337097168
[2023-11-28 10:08:05,598] Epoch 263, Loss 26.78868865966797
[2023-11-28 10:08:05,911] Epoch 264, Loss 17.36569595336914
[2023-11-28 10:08:07,798] Epoch 265, Loss 18.1427001953125
[2023-11-28 10:08:10,043] Epoch 266, Loss 20.805696487426758
[2023-11-28 10:08:12,991] Epoch 267, Loss 29.370952606201172
[2023-11-28 10:08:15,949] Epoch 268, Loss 30.385557174682617
[2023-11-28 10:08:17,917] Epoch 269, Loss 1.96006178855896
[2023-11-28 10:08:19,065] Epoch 270, Loss 2.388427734375
[2023-11-28 10:08:19,630] Epoch 271, Loss 0.585609495639801
[2023-11-28 10:08:21,083] Epoch 272, Loss 19.383901596069336
[2023-11-28 10:08:23,852] Epoch 273, Loss 72.06902313232422
[2023-11-28 10:08:25,036] Epoch 274, Loss 26.970155715942383
[2023-11-28 10:08:26,392] Epoch 275, Loss 1.8718817234039307
[2023-11-28 10:08:29,398] Epoch 276, Loss 30.32108497619629
[2023-11-28 10:08:30,640] Epoch 277, Loss 10.824353218078613
[2023-11-28 10:08:31,391] Epoch 278, Loss 0.5362605452537537
[2023-11-28 10:08:32,687] Epoch 279, Loss 0.7013800144195557
[2023-11-28 10:08:33,573] Epoch 280, Loss 18.922840118408203
[2023-11-28 10:08:35,537] Epoch 281, Loss 20.911945343017578
[2023-11-28 10:08:39,268] Epoch 282, Loss 3.7920241355895996
[2023-11-28 10:08:40,821] Epoch 283, Loss 35.29613494873047
[2023-11-28 10:08:43,442] Epoch 284, Loss 2.87156343460083
[2023-11-28 10:08:43,810] Epoch 285, Loss 26.02309799194336
[2023-11-28 10:08:45,127] Epoch 286, Loss 1.2560290098190308
[2023-11-28 10:08:46,841] Epoch 287, Loss 19.889785766601562
[2023-11-28 10:08:48,908] Epoch 288, Loss 35.5106315612793
[2023-11-28 10:08:49,305] Epoch 289, Loss 0.9031739234924316
[2023-11-28 10:08:51,586] Epoch 290, Loss 2.6306002140045166
[2023-11-28 10:08:52,763] Epoch 291, Loss 18.517379760742188
[2023-11-28 10:08:54,298] Epoch 292, Loss 1.168613314628601
[2023-11-28 10:08:56,204] Epoch 293, Loss 37.01613998413086
[2023-11-28 10:08:57,433] Epoch 294, Loss 35.33070373535156
[2023-11-28 10:09:00,179] Epoch 295, Loss 37.95185470581055
[2023-11-28 10:09:01,377] Epoch 296, Loss 1.3543840646743774
[2023-11-28 10:09:02,151] Epoch 297, Loss 17.3551082611084
[2023-11-28 10:09:04,860] Epoch 298, Loss 10.99700927734375
[2023-11-28 10:09:05,387] Epoch 299, Loss 17.435588836669922
[2023-11-28 10:09:06,385] Epoch 300, Loss 18.121843338012695
[2023-11-28 10:09:06,387] Saved model at ./models_wzlen/epoch_300.h5
[2023-11-28 10:09:06,388] Loaded existing model at ./models_wzlen/epoch_300.h5
[2023-11-28 10:10:15,954] Loaded existing model at ./models_wzlen/epoch_200.h5
[2023-11-28 10:10:15,954] ./models_wzlen/epoch_200.h5 is loaded as the strongest model
[2023-11-28 10:10:17,300] Epoch 301, Loss 9.873291015625
[2023-11-28 10:10:19,614] Epoch 302, Loss 18.5560245513916
[2023-11-28 10:10:21,716] Epoch 303, Loss 22.574378967285156
[2023-11-28 10:10:23,924] Epoch 304, Loss 18.223766326904297
[2023-11-28 10:10:27,040] Epoch 305, Loss 4.144554615020752
[2023-11-28 10:10:27,752] Epoch 306, Loss 1.1815125942230225
[2023-11-28 10:10:28,939] Epoch 307, Loss 17.691822052001953
[2023-11-28 10:10:30,607] Epoch 308, Loss 18.52909278869629
[2023-11-28 10:10:31,009] Epoch 309, Loss 1.9277693033218384
[2023-11-28 10:10:31,448] Epoch 310, Loss 17.227386474609375
[2023-11-28 10:10:32,557] Epoch 311, Loss 18.064905166625977
[2023-11-28 10:10:34,640] Epoch 312, Loss 20.925424575805664
[2023-11-28 10:10:35,891] Epoch 313, Loss 18.479286193847656
[2023-11-28 10:10:36,988] Epoch 314, Loss 18.251062393188477
[2023-11-28 10:10:39,130] Epoch 315, Loss 19.403076171875
[2023-11-28 10:10:41,255] Epoch 316, Loss 37.458621978759766
[2023-11-28 10:10:41,547] Epoch 317, Loss 17.478792190551758
[2023-11-28 10:10:42,839] Epoch 318, Loss 18.12104034423828
[2023-11-28 10:10:46,024] Epoch 319, Loss 4.3123273849487305
[2023-11-28 10:10:47,372] Epoch 320, Loss 1.1527330875396729
[2023-11-28 10:10:50,005] Epoch 321, Loss 12.755617141723633
[2023-11-28 10:10:50,335] Epoch 322, Loss 17.42033576965332
[2023-11-28 10:10:51,697] Epoch 323, Loss 3.2557454109191895
[2023-11-28 10:10:54,200] Epoch 324, Loss 20.879934310913086
[2023-11-28 10:10:56,272] Epoch 325, Loss 19.019065856933594
[2023-11-28 10:10:57,236] Epoch 326, Loss 0.6414511799812317
[2023-11-28 10:10:58,737] Epoch 327, Loss 26.372127532958984
[2023-11-28 10:11:01,218] Epoch 328, Loss 18.2594051361084
[2023-11-28 10:11:03,760] Epoch 329, Loss 9.020132064819336
[2023-11-28 10:11:05,554] Epoch 330, Loss 19.523059844970703
[2023-11-28 10:11:06,580] Epoch 331, Loss 9.499167442321777
[2023-11-28 10:11:08,642] Epoch 332, Loss 36.22833251953125
[2023-11-28 10:11:10,558] Epoch 333, Loss 10.226676940917969
[2023-11-28 10:11:14,105] Epoch 334, Loss 22.82636260986328
[2023-11-28 10:11:15,183] Epoch 335, Loss 1.5719953775405884
[2023-11-28 10:11:17,537] Epoch 336, Loss 18.711088180541992
[2023-11-28 10:11:18,744] Epoch 337, Loss 0.9506323337554932
[2023-11-28 10:11:19,023] Epoch 338, Loss 17.466453552246094
[2023-11-28 10:11:22,272] Epoch 339, Loss 22.493844985961914
[2023-11-28 10:11:24,251] Epoch 340, Loss 35.178260803222656
[2023-11-28 10:11:26,132] Epoch 341, Loss 18.92501449584961
[2023-11-28 10:11:28,267] Epoch 342, Loss 44.96883773803711
[2023-11-28 10:11:30,111] Epoch 343, Loss 2.0278091430664062
[2023-11-28 10:11:31,017] Epoch 344, Loss 17.613758087158203
[2023-11-28 10:11:31,518] Epoch 345, Loss 0.392984539270401
[2023-11-28 10:11:31,947] Epoch 346, Loss 17.393693923950195
[2023-11-28 10:11:33,230] Epoch 347, Loss 2.7747864723205566
[2023-11-28 10:11:34,006] Epoch 348, Loss 17.693086624145508
[2023-11-28 10:11:36,611] Epoch 349, Loss 70.32185363769531
[2023-11-28 10:11:37,825] Epoch 350, Loss 12.576665878295898
[2023-11-28 10:11:37,826] Saved model at ./models_wzlen/epoch_350.h5
[2023-11-28 10:11:37,826] Loaded existing model at ./models_wzlen/epoch_350.h5
[2023-11-28 10:12:58,052] Loaded existing model at ./models_wzlen/epoch_200.h5
[2023-11-28 10:12:58,053] ./models_wzlen/epoch_200.h5 is loaded as the strongest model
[2023-11-28 10:12:59,675] Epoch 351, Loss 19.64140510559082
[2023-11-28 10:13:01,183] Epoch 352, Loss 19.129898071289062
[2023-11-28 10:13:02,531] Epoch 353, Loss 35.056827545166016
[2023-11-28 10:13:03,935] Epoch 354, Loss 34.848758697509766
[2023-11-28 10:13:05,557] Epoch 355, Loss 19.111106872558594
[2023-11-28 10:13:07,479] Epoch 356, Loss 20.711896896362305
[2023-11-28 10:13:09,427] Epoch 357, Loss 19.31226921081543
[2023-11-28 10:13:09,957] Epoch 358, Loss 17.338754653930664
[2023-11-28 10:13:10,907] Epoch 359, Loss 1.6880186796188354
[2023-11-28 10:13:12,626] Epoch 360, Loss 17.58060073852539
[2023-11-28 10:13:13,269] Epoch 361, Loss 0.8512213230133057
[2023-11-28 10:13:14,412] Epoch 362, Loss 18.320751190185547
[2023-11-28 10:13:15,203] Epoch 363, Loss 17.92243766784668
[2023-11-28 10:13:16,499] Epoch 364, Loss 14.8623628616333
[2023-11-28 10:13:18,499] Epoch 365, Loss 28.05228042602539
[2023-11-28 10:13:20,391] Epoch 366, Loss 36.62394332885742
[2023-11-28 10:13:21,095] Epoch 367, Loss 0.2599394619464874
[2023-11-28 10:13:21,508] Epoch 368, Loss 17.27987289428711
[2023-11-28 10:13:24,501] Epoch 369, Loss 1.9641005992889404
[2023-11-28 10:13:26,437] Epoch 370, Loss 19.109128952026367
[2023-11-28 10:13:27,896] Epoch 371, Loss 8.784582138061523
[2023-11-28 10:13:30,666] Epoch 372, Loss 37.243125915527344
[2023-11-28 10:13:33,276] Epoch 373, Loss 18.58394432067871
[2023-11-28 10:13:35,999] Epoch 374, Loss 17.782405853271484
[2023-11-28 10:13:38,144] Epoch 375, Loss 20.2112979888916
[2023-11-28 10:13:38,891] Epoch 376, Loss 17.512653350830078
[2023-11-28 10:13:41,158] Epoch 377, Loss 28.427352905273438
[2023-11-28 10:13:42,208] Epoch 378, Loss 1.7506264448165894
[2023-11-28 10:13:43,418] Epoch 379, Loss 2.253654718399048
[2023-11-28 10:13:44,115] Epoch 380, Loss 0.606289267539978
[2023-11-28 10:13:46,562] Epoch 381, Loss 36.80613708496094
[2023-11-28 10:13:48,012] Epoch 382, Loss 18.754180908203125
[2023-11-28 10:13:50,902] Epoch 383, Loss 11.03665542602539
[2023-11-28 10:13:52,132] Epoch 384, Loss 17.853670120239258
[2023-11-28 10:13:52,459] Epoch 385, Loss 25.758405685424805
[2023-11-28 10:13:53,315] Epoch 386, Loss 17.96477699279785
[2023-11-28 10:13:55,747] Epoch 387, Loss 28.15873908996582
[2023-11-28 10:13:59,069] Epoch 388, Loss 6.301352024078369
[2023-11-28 10:14:00,323] Epoch 389, Loss 0.32916852831840515
[2023-11-28 10:14:01,764] Epoch 390, Loss 18.84222412109375
[2023-11-28 10:14:03,688] Epoch 391, Loss 0.5593154430389404
[2023-11-28 10:14:04,508] Epoch 392, Loss 0.19921661913394928
[2023-11-28 10:14:06,582] Epoch 393, Loss 60.11552429199219
[2023-11-28 10:14:08,017] Epoch 394, Loss 21.952594757080078
[2023-11-28 10:14:09,684] Epoch 395, Loss 25.971298217773438
[2023-11-28 10:14:11,250] Epoch 396, Loss 27.08545684814453
[2023-11-28 10:14:12,107] Epoch 397, Loss 17.554195404052734
[2023-11-28 10:14:13,316] Epoch 398, Loss 0.6752307415008545
[2023-11-28 10:14:14,024] Epoch 399, Loss 17.812265396118164
[2023-11-28 10:14:14,412] Epoch 400, Loss 0.26174619793891907
[2023-11-28 10:14:14,413] Saved model at ./models_wzlen/epoch_400.h5
[2023-11-28 10:14:14,413] Loaded existing model at ./models_wzlen/epoch_400.h5
[2023-11-28 10:15:22,215] Loaded existing model at ./models_wzlen/epoch_200.h5
[2023-11-28 10:15:22,215] ./models_wzlen/epoch_200.h5 is loaded as the strongest model
[2023-11-28 10:15:22,976] Epoch 401, Loss 1.114483118057251
[2023-11-28 10:15:23,622] Epoch 402, Loss 1.7039302587509155
[2023-11-28 10:15:24,211] Epoch 403, Loss 17.341110229492188
[2023-11-28 10:15:26,405] Epoch 404, Loss 14.68017864227295
[2023-11-28 10:15:26,933] Epoch 405, Loss 9.374408721923828
[2023-11-28 10:15:28,398] Epoch 406, Loss 9.825078010559082
[2023-11-28 10:15:30,535] Epoch 407, Loss 2.731922149658203
[2023-11-28 10:15:31,948] Epoch 408, Loss 35.403018951416016
[2023-11-28 10:15:33,922] Epoch 409, Loss 10.90075969696045
[2023-11-28 10:15:34,507] Epoch 410, Loss 17.725976943969727
[2023-11-28 10:15:35,168] Epoch 411, Loss 17.966875076293945
[2023-11-28 10:15:37,102] Epoch 412, Loss 0.7647415995597839
[2023-11-28 10:15:37,751] Epoch 413, Loss 17.744155883789062
[2023-11-28 10:15:41,442] Epoch 414, Loss 21.809568405151367
[2023-11-28 10:15:42,984] Epoch 415, Loss 21.35999298095703
[2023-11-28 10:15:46,034] Epoch 416, Loss 36.280338287353516
[2023-11-28 10:15:47,490] Epoch 417, Loss 10.56444263458252
[2023-11-28 10:15:50,098] Epoch 418, Loss 10.506860733032227
[2023-11-28 10:15:51,844] Epoch 419, Loss 11.356369018554688
[2023-11-28 10:15:52,867] Epoch 420, Loss 1.0244309902191162
[2023-11-28 10:15:54,436] Epoch 421, Loss 19.954532623291016
[2023-11-28 10:15:56,502] Epoch 422, Loss 38.13520431518555
[2023-11-28 10:15:57,346] Epoch 423, Loss 1.8059883117675781
[2023-11-28 10:15:59,278] Epoch 424, Loss 26.972084045410156
[2023-11-28 10:16:00,592] Epoch 425, Loss 1.974637746810913
[2023-11-28 10:16:03,449] Epoch 426, Loss 29.067974090576172
[2023-11-28 10:16:05,684] Epoch 427, Loss 20.954896926879883
[2023-11-28 10:16:07,387] Epoch 428, Loss 1.624504804611206
[2023-11-28 10:16:08,274] Epoch 429, Loss 17.21298599243164
[2023-11-28 10:16:09,498] Epoch 430, Loss 1.9804965257644653
[2023-11-28 10:16:11,169] Epoch 431, Loss 5.1808390617370605
[2023-11-28 10:16:12,003] Epoch 432, Loss 0.46483221650123596
[2023-11-28 10:16:14,526] Epoch 433, Loss 36.800045013427734
[2023-11-28 10:16:17,176] Epoch 434, Loss 21.396562576293945
[2023-11-28 10:16:19,760] Epoch 435, Loss 19.456981658935547
[2023-11-28 10:16:21,887] Epoch 436, Loss 11.081330299377441
[2023-11-28 10:16:24,509] Epoch 437, Loss 20.76665687561035
[2023-11-28 10:16:26,380] Epoch 438, Loss 36.391353607177734
[2023-11-28 10:16:27,625] Epoch 439, Loss 42.85069274902344
[2023-11-28 10:16:28,434] Epoch 440, Loss 18.71467399597168
[2023-11-28 10:16:29,441] Epoch 441, Loss 6.846513271331787
[2023-11-28 10:16:30,756] Epoch 442, Loss 1.2070406675338745
[2023-11-28 10:16:31,170] Epoch 443, Loss 17.286699295043945
[2023-11-28 10:16:32,000] Epoch 444, Loss 18.588546752929688
[2023-11-28 10:16:33,318] Epoch 445, Loss 18.754619598388672
[2023-11-28 10:16:35,616] Epoch 446, Loss 35.916934967041016
[2023-11-28 10:16:36,892] Epoch 447, Loss 10.592862129211426
[2023-11-28 10:16:38,823] Epoch 448, Loss 10.14560317993164
[2023-11-28 10:16:41,976] Epoch 449, Loss 64.45928192138672
[2023-11-28 10:16:43,465] Epoch 450, Loss 20.653459548950195
[2023-11-28 10:16:43,466] Saved model at ./models_wzlen/epoch_450.h5
[2023-11-28 10:16:43,466] Loaded existing model at ./models_wzlen/epoch_450.h5
[2023-11-28 10:18:34,644] Saved model at ./models_wzlen/best.h5
[2023-11-28 10:18:34,644] ./models_wzlen/epoch_450.h5 is saved as the strongest model
[2023-11-28 10:22:34,049] Epoch 451, Loss 18.81968116760254
[2023-11-28 10:22:34,964] Epoch 452, Loss 0.8972012996673584
[2023-11-28 10:22:36,994] Epoch 453, Loss 36.845638275146484
[2023-11-28 10:22:39,292] Epoch 454, Loss 61.984886169433594
[2023-11-28 10:22:41,542] Epoch 455, Loss 9.807537078857422
[2023-11-28 10:22:43,756] Epoch 456, Loss 105.11573028564453
[2023-11-28 10:22:45,470] Epoch 457, Loss 19.79265022277832
[2023-11-28 10:22:46,824] Epoch 458, Loss 0.8715441823005676
[2023-11-28 10:22:48,545] Epoch 459, Loss 1.1281280517578125
[2023-11-28 10:22:49,647] Epoch 460, Loss 1.8250761032104492
[2023-11-28 10:22:51,125] Epoch 461, Loss 17.503154754638672
[2023-11-28 10:22:51,721] Epoch 462, Loss 0.42588305473327637
[2023-11-28 10:22:54,955] Epoch 463, Loss 13.130407333374023
[2023-11-28 10:22:56,358] Epoch 464, Loss 18.987293243408203
[2023-11-28 10:22:57,477] Epoch 465, Loss 1.3786476850509644
[2023-11-28 10:22:58,946] Epoch 466, Loss 26.796916961669922
[2023-11-28 10:23:00,566] Epoch 467, Loss 2.584368944168091
[2023-11-28 10:23:02,028] Epoch 468, Loss 9.69184398651123
[2023-11-28 10:23:03,518] Epoch 469, Loss 18.2574405670166
[2023-11-28 10:23:04,731] Epoch 470, Loss 2.016218423843384
[2023-11-28 10:23:07,522] Epoch 471, Loss 37.813385009765625
[2023-11-28 10:23:09,255] Epoch 472, Loss 18.466644287109375
[2023-11-28 10:23:11,294] Epoch 473, Loss 18.942472457885742
[2023-11-28 10:23:12,918] Epoch 474, Loss 0.48592522740364075
[2023-11-28 10:23:14,514] Epoch 475, Loss 12.404972076416016
[2023-11-28 10:23:15,997] Epoch 476, Loss 18.259225845336914
[2023-11-28 10:23:17,949] Epoch 477, Loss 36.19038772583008
[2023-11-28 10:23:19,885] Epoch 478, Loss 2.888321876525879
[2023-11-28 10:23:21,316] Epoch 479, Loss 18.020835876464844
[2023-11-28 10:23:22,887] Epoch 480, Loss 35.81473159790039
[2023-11-28 10:23:24,559] Epoch 481, Loss 10.248526573181152
[2023-11-28 10:23:25,963] Epoch 482, Loss 18.72117805480957
[2023-11-28 10:23:26,877] Epoch 483, Loss 17.9312744140625
[2023-11-28 10:23:29,373] Epoch 484, Loss 20.251888275146484
[2023-11-28 10:23:32,249] Epoch 485, Loss 3.6024887561798096
[2023-11-28 10:23:33,341] Epoch 486, Loss 17.836957931518555
[2023-11-28 10:23:34,206] Epoch 487, Loss 1.101971983909607
[2023-11-28 10:23:35,486] Epoch 488, Loss 27.109066009521484
[2023-11-28 10:23:37,089] Epoch 489, Loss 34.81983947753906
[2023-11-28 10:23:39,484] Epoch 490, Loss 44.920597076416016
[2023-11-28 10:23:41,138] Epoch 491, Loss 19.224000930786133
[2023-11-28 10:23:42,694] Epoch 492, Loss 19.18995475769043
[2023-11-28 10:23:46,171] Epoch 493, Loss 22.77081298828125
[2023-11-28 10:23:47,958] Epoch 494, Loss 1.429555058479309
[2023-11-28 10:23:49,835] Epoch 495, Loss 28.34521484375
[2023-11-28 10:23:52,115] Epoch 496, Loss 36.41667938232422
[2023-11-28 10:23:53,624] Epoch 497, Loss 44.51639175415039
[2023-11-28 10:23:55,577] Epoch 498, Loss 18.952621459960938
[2023-11-28 10:23:56,094] Epoch 499, Loss 0.5895892977714539
[2023-11-28 10:23:58,820] Epoch 500, Loss 20.146080017089844
[2023-11-28 10:23:58,821] Saved model at ./models_wzlen/epoch_500.h5
[2023-11-28 10:23:58,821] Loaded existing model at ./models_wzlen/epoch_500.h5
[2023-11-28 10:25:09,414] Loaded existing model at ./models_wzlen/epoch_450.h5
[2023-11-28 10:25:09,414] ./models_wzlen/epoch_450.h5 is loaded as the strongest model
[2023-11-28 10:25:11,236] Epoch 501, Loss 18.255762100219727
[2023-11-28 10:25:13,201] Epoch 502, Loss 19.049177169799805
[2023-11-28 10:25:13,868] Epoch 503, Loss 0.287100225687027
[2023-11-28 10:25:15,727] Epoch 504, Loss 3.893246650695801
[2023-11-28 10:25:17,049] Epoch 505, Loss 1.4992543458938599
[2023-11-28 10:25:18,670] Epoch 506, Loss 17.746965408325195
[2023-11-28 10:25:20,967] Epoch 507, Loss 26.519115447998047
[2023-11-28 10:25:23,677] Epoch 508, Loss 4.302061080932617
[2023-11-28 10:25:25,710] Epoch 509, Loss 37.190711975097656
[2023-11-28 10:25:26,721] Epoch 510, Loss 1.123801827430725
[2023-11-28 10:25:29,061] Epoch 511, Loss 19.29732322692871
[2023-11-28 10:25:29,433] Epoch 512, Loss 17.407541275024414
[2023-11-28 10:25:30,760] Epoch 513, Loss 19.231077194213867
[2023-11-28 10:25:31,296] Epoch 514, Loss 17.744258880615234
[2023-11-28 10:25:31,980] Epoch 515, Loss 1.5733927488327026
[2023-11-28 10:25:33,626] Epoch 516, Loss 27.96895980834961
[2023-11-28 10:25:35,088] Epoch 517, Loss 60.294776916503906
[2023-11-28 10:25:35,953] Epoch 518, Loss 17.677711486816406
[2023-11-28 10:25:38,209] Epoch 519, Loss 10.44883918762207
[2023-11-28 10:25:39,880] Epoch 520, Loss 35.12065124511719
[2023-11-28 10:25:40,740] Epoch 521, Loss 18.051647186279297
[2023-11-28 10:25:43,329] Epoch 522, Loss 3.8492517471313477
[2023-11-28 10:25:46,448] Epoch 523, Loss 62.832427978515625
[2023-11-28 10:25:47,567] Epoch 524, Loss 10.318267822265625
[2023-11-28 10:25:48,922] Epoch 525, Loss 35.2921257019043
[2023-11-28 10:25:50,054] Epoch 526, Loss 0.8938536047935486
[2023-11-28 10:25:52,866] Epoch 527, Loss 2.572566032409668
[2023-11-28 10:25:53,483] Epoch 528, Loss 9.043004035949707
[2023-11-28 10:25:55,928] Epoch 529, Loss 62.012535095214844
[2023-11-28 10:25:57,536] Epoch 530, Loss 9.73752498626709
[2023-11-28 10:25:59,843] Epoch 531, Loss 37.26234436035156
[2023-11-28 10:26:01,008] Epoch 532, Loss 10.343683242797852
[2023-11-28 10:26:03,687] Epoch 533, Loss 2.8954827785491943
[2023-11-28 10:26:04,966] Epoch 534, Loss 18.01589584350586
[2023-11-28 10:26:06,456] Epoch 535, Loss 18.14285659790039
[2023-11-28 10:26:10,002] Epoch 536, Loss 3.740570306777954
[2023-11-28 10:26:12,014] Epoch 537, Loss 28.07897186279297
[2023-11-28 10:26:13,301] Epoch 538, Loss 0.8066383004188538
[2023-11-28 10:26:15,003] Epoch 539, Loss 0.6411494016647339
[2023-11-28 10:26:16,267] Epoch 540, Loss 1.1764897108078003
[2023-11-28 10:26:17,004] Epoch 541, Loss 0.7024996280670166
[2023-11-28 10:26:20,589] Epoch 542, Loss 70.10951232910156
[2023-11-28 10:26:21,662] Epoch 543, Loss 17.389785766601562
[2023-11-28 10:26:23,183] Epoch 544, Loss 17.83542251586914
[2023-11-28 10:26:25,140] Epoch 545, Loss 18.888561248779297
[2023-11-28 10:26:27,036] Epoch 546, Loss 27.63541603088379
[2023-11-28 10:26:27,895] Epoch 547, Loss 0.18446874618530273
[2023-11-28 10:26:30,874] Epoch 548, Loss 38.094581604003906
[2023-11-28 10:26:32,399] Epoch 549, Loss 1.025744080543518
[2023-11-28 10:26:35,971] Epoch 550, Loss 7.236201763153076
[2023-11-28 10:26:35,972] Saved model at ./models_wzlen/epoch_550.h5
[2023-11-28 10:26:35,972] Loaded existing model at ./models_wzlen/epoch_550.h5
[2023-11-28 10:28:05,843] Loaded existing model at ./models_wzlen/epoch_450.h5
[2023-11-28 10:28:05,843] ./models_wzlen/epoch_450.h5 is loaded as the strongest model
[2023-11-28 10:28:07,635] Epoch 551, Loss 2.274803638458252
[2023-11-28 10:28:09,376] Epoch 552, Loss 27.585783004760742
[2023-11-28 10:28:12,973] Epoch 553, Loss 4.081152439117432
[2023-11-28 10:28:15,030] Epoch 554, Loss 27.19691276550293
[2023-11-28 10:28:16,271] Epoch 555, Loss 2.1810052394866943
[2023-11-28 10:28:16,506] Epoch 556, Loss 0.1282355636358261
[2023-11-28 10:28:18,619] Epoch 557, Loss 14.913576126098633
[2023-11-28 10:28:19,864] Epoch 558, Loss 2.181258201599121
[2023-11-28 10:28:20,754] Epoch 559, Loss 0.1117548868060112
[2023-11-28 10:28:21,664] Epoch 560, Loss 0.5071249604225159
[2023-11-28 10:28:23,508] Epoch 561, Loss 38.35346603393555
[2023-11-28 10:28:24,996] Epoch 562, Loss 19.663318634033203
[2023-11-28 10:28:25,454] Epoch 563, Loss 8.933321952819824
[2023-11-28 10:28:27,708] Epoch 564, Loss 28.09107208251953
[2023-11-28 10:28:28,222] Epoch 565, Loss 0.37496352195739746
[2023-11-28 10:28:28,894] Epoch 566, Loss 0.48649951815605164
[2023-11-28 10:28:30,236] Epoch 567, Loss 1.582874059677124
[2023-11-28 10:28:32,084] Epoch 568, Loss 28.01021957397461
[2023-11-28 10:28:33,805] Epoch 569, Loss 1.5109270811080933
[2023-11-28 10:28:35,941] Epoch 570, Loss 27.466018676757812
[2023-11-28 10:28:37,277] Epoch 571, Loss 26.429283142089844
[2023-11-28 10:28:40,960] Epoch 572, Loss 1.9575371742248535
[2023-11-28 10:28:43,621] Epoch 573, Loss 77.5553970336914
[2023-11-28 10:28:44,081] Epoch 574, Loss 0.6939462423324585
[2023-11-28 10:28:46,297] Epoch 575, Loss 17.8884334564209
[2023-11-28 10:28:48,764] Epoch 576, Loss 3.0881078243255615
[2023-11-28 10:28:49,876] Epoch 577, Loss 0.09424202889204025
[2023-11-28 10:28:52,752] Epoch 578, Loss 16.521099090576172
[2023-11-28 10:28:56,967] Epoch 579, Loss 2.700683355331421
[2023-11-28 10:28:58,684] Epoch 580, Loss 3.0109293460845947
[2023-11-28 10:29:02,626] Epoch 581, Loss 11.388638496398926
[2023-11-28 10:29:03,633] Epoch 582, Loss 1.13095223903656
[2023-11-28 10:29:05,077] Epoch 583, Loss 43.548744201660156
[2023-11-28 10:29:06,534] Epoch 584, Loss 27.427587509155273
[2023-11-28 10:29:10,024] Epoch 585, Loss 52.372222900390625
[2023-11-28 10:29:10,656] Epoch 586, Loss 17.888429641723633
[2023-11-28 10:29:11,612] Epoch 587, Loss 0.9077144861221313
[2023-11-28 10:29:13,702] Epoch 588, Loss 44.19206619262695
[2023-11-28 10:29:15,229] Epoch 589, Loss 1.5798293352127075
[2023-11-28 10:29:17,058] Epoch 590, Loss 1.6914234161376953
[2023-11-28 10:29:18,861] Epoch 591, Loss 0.4613063931465149
[2023-11-28 10:29:19,837] Epoch 592, Loss 34.446197509765625
[2023-11-28 10:29:22,086] Epoch 593, Loss 18.546289443969727
[2023-11-28 10:29:24,762] Epoch 594, Loss 10.333820343017578
[2023-11-28 10:29:28,025] Epoch 595, Loss 3.3104679584503174
[2023-11-28 10:29:29,588] Epoch 596, Loss 8.801795959472656
[2023-11-28 10:29:30,871] Epoch 597, Loss 17.881715774536133
[2023-11-28 10:29:34,563] Epoch 598, Loss 4.382068634033203
[2023-11-28 10:29:37,519] Epoch 599, Loss 30.168516159057617
[2023-11-28 10:29:38,034] Epoch 600, Loss 0.3460842967033386
[2023-11-28 10:29:38,035] Saved model at ./models_wzlen/epoch_600.h5
[2023-11-28 10:29:38,035] Loaded existing model at ./models_wzlen/epoch_600.h5
[2023-11-28 10:31:00,629] Loaded existing model at ./models_wzlen/epoch_450.h5
[2023-11-28 10:31:00,629] ./models_wzlen/epoch_450.h5 is loaded as the strongest model
[2023-11-28 10:31:01,308] Epoch 601, Loss 17.92095375061035
[2023-11-28 10:31:01,836] Epoch 602, Loss 0.9174972176551819
[2023-11-28 10:31:03,890] Epoch 603, Loss 19.560216903686523
[2023-11-28 10:31:05,793] Epoch 604, Loss 19.230655670166016
[2023-11-28 10:31:07,954] Epoch 605, Loss 63.48321533203125
[2023-11-28 10:31:11,481] Epoch 606, Loss 46.887264251708984
[2023-11-28 10:31:14,369] Epoch 607, Loss 4.251277923583984
[2023-11-28 10:31:14,944] Epoch 608, Loss 17.3798885345459
[2023-11-28 10:31:16,830] Epoch 609, Loss 43.099124908447266
[2023-11-28 10:31:19,518] Epoch 610, Loss 14.842082977294922
[2023-11-28 10:31:21,484] Epoch 611, Loss 4.960004806518555
[2023-11-28 10:31:22,388] Epoch 612, Loss 1.0840505361557007
[2023-11-28 10:31:24,126] Epoch 613, Loss 1.7534977197647095
[2023-11-28 10:31:25,683] Epoch 614, Loss 35.026180267333984
[2023-11-28 10:31:27,640] Epoch 615, Loss 71.56758880615234
[2023-11-28 10:31:29,307] Epoch 616, Loss 26.50221824645996
[2023-11-28 10:31:31,735] Epoch 617, Loss 4.065062522888184
[2023-11-28 10:31:33,508] Epoch 618, Loss 27.01718521118164
[2023-11-28 10:31:35,042] Epoch 619, Loss 19.193857192993164
[2023-11-28 10:31:37,496] Epoch 620, Loss 11.413068771362305
[2023-11-28 10:31:38,914] Epoch 621, Loss 18.774524688720703
[2023-11-28 10:31:42,347] Epoch 622, Loss 28.76467514038086
[2023-11-28 10:31:44,679] Epoch 623, Loss 2.7613866329193115
[2023-11-28 10:31:46,448] Epoch 624, Loss 18.085556030273438
[2023-11-28 10:31:48,077] Epoch 625, Loss 35.03540802001953
[2023-11-28 10:31:49,688] Epoch 626, Loss 1.5018171072006226
[2023-11-28 10:31:50,519] Epoch 627, Loss 0.32272088527679443
[2023-11-28 10:31:53,098] Epoch 628, Loss 63.78587341308594
[2023-11-28 10:31:56,269] Epoch 629, Loss 28.622222900390625
[2023-11-28 10:31:58,927] Epoch 630, Loss 1.274000883102417
[2023-11-28 10:32:01,609] Epoch 631, Loss 10.525411605834961
[2023-11-28 10:32:02,414] Epoch 632, Loss 10.356837272644043
[2023-11-28 10:32:03,638] Epoch 633, Loss 19.925649642944336
[2023-11-28 10:32:05,470] Epoch 634, Loss 2.347242832183838
[2023-11-28 10:32:07,380] Epoch 635, Loss 2.879202365875244
[2023-11-28 10:32:08,136] Epoch 636, Loss 0.3615913391113281
[2023-11-28 10:32:09,976] Epoch 637, Loss 1.5565407276153564
[2023-11-28 10:32:11,613] Epoch 638, Loss 18.556598663330078
[2023-11-28 10:32:12,780] Epoch 639, Loss 19.017274856567383
[2023-11-28 10:32:14,566] Epoch 640, Loss 19.38893699645996
[2023-11-28 10:32:18,187] Epoch 641, Loss 6.643723487854004
[2023-11-28 10:32:20,156] Epoch 642, Loss 62.50605392456055
[2023-11-28 10:32:22,817] Epoch 643, Loss 44.12943649291992
[2023-11-28 10:32:23,835] Epoch 644, Loss 1.564731240272522
[2023-11-28 10:32:25,770] Epoch 645, Loss 17.9693660736084
[2023-11-28 10:32:26,970] Epoch 646, Loss 18.448822021484375
[2023-11-28 10:32:30,469] Epoch 647, Loss 19.67731475830078
[2023-11-28 10:32:30,932] Epoch 648, Loss 0.12090657651424408
[2023-11-28 10:32:32,429] Epoch 649, Loss 9.506461143493652
[2023-11-28 10:32:34,884] Epoch 650, Loss 18.40863609313965
[2023-11-28 10:32:34,885] Saved model at ./models_wzlen/epoch_650.h5
[2023-11-28 10:32:34,885] Loaded existing model at ./models_wzlen/epoch_650.h5
[2023-11-28 10:34:20,710] Loaded existing model at ./models_wzlen/epoch_450.h5
[2023-11-28 10:34:20,710] ./models_wzlen/epoch_450.h5 is loaded as the strongest model
[2023-11-28 10:34:21,855] Epoch 651, Loss 9.330195426940918
[2023-11-28 10:34:22,737] Epoch 652, Loss 17.83547019958496
[2023-11-28 10:34:24,156] Epoch 653, Loss 28.143306732177734
[2023-11-28 10:34:24,540] Epoch 654, Loss 17.66000747680664
[2023-11-28 10:34:26,279] Epoch 655, Loss 19.969436645507812
[2023-11-28 10:34:27,084] Epoch 656, Loss 1.1630126237869263
[2023-11-28 10:34:28,762] Epoch 657, Loss 18.3702335357666
[2023-11-28 10:34:31,774] Epoch 658, Loss 3.235975503921509
[2023-11-28 10:34:33,333] Epoch 659, Loss 0.50420743227005
[2023-11-28 10:34:34,818] Epoch 660, Loss 3.427164316177368
[2023-11-28 10:34:35,496] Epoch 661, Loss 17.366731643676758
[2023-11-28 10:34:36,790] Epoch 662, Loss 17.734994888305664
[2023-11-28 10:34:39,256] Epoch 663, Loss 21.327869415283203
[2023-11-28 10:34:40,395] Epoch 664, Loss 1.925331473350525
[2023-11-28 10:34:41,252] Epoch 665, Loss 9.418475151062012
[2023-11-28 10:34:42,140] Epoch 666, Loss 1.7055063247680664
[2023-11-28 10:34:43,274] Epoch 667, Loss 29.979076385498047
[2023-11-28 10:34:44,452] Epoch 668, Loss 17.694406509399414
[2023-11-28 10:34:46,424] Epoch 669, Loss 5.62616491317749
[2023-11-28 10:34:48,411] Epoch 670, Loss 18.7884578704834
[2023-11-28 10:34:48,984] Epoch 671, Loss 1.2492496967315674
[2023-11-28 10:34:50,071] Epoch 672, Loss 10.496123313903809
[2023-11-28 10:34:52,539] Epoch 673, Loss 29.19416046142578
[2023-11-28 10:34:54,503] Epoch 674, Loss 35.66685485839844
[2023-11-28 10:34:56,501] Epoch 675, Loss 2.935983896255493
[2023-11-28 10:34:58,535] Epoch 676, Loss 36.52640151977539
[2023-11-28 10:35:00,378] Epoch 677, Loss 18.511409759521484
[2023-11-28 10:35:03,024] Epoch 678, Loss 37.4345588684082
[2023-11-28 10:35:04,239] Epoch 679, Loss 17.557273864746094
[2023-11-28 10:35:06,762] Epoch 680, Loss 4.091329574584961
[2023-11-28 10:35:07,288] Epoch 681, Loss 0.10462585091590881
[2023-11-28 10:35:07,731] Epoch 682, Loss 8.978425979614258
[2023-11-28 10:35:08,390] Epoch 683, Loss 0.11783751100301743
[2023-11-28 10:35:10,228] Epoch 684, Loss 18.572120666503906
[2023-11-28 10:35:12,004] Epoch 685, Loss 1.0258134603500366
[2023-11-28 10:35:13,038] Epoch 686, Loss 10.27924633026123
[2023-11-28 10:35:14,336] Epoch 687, Loss 1.9336559772491455
[2023-11-28 10:35:16,309] Epoch 688, Loss 1.990105152130127
[2023-11-28 10:35:18,629] Epoch 689, Loss 22.417224884033203
[2023-11-28 10:35:20,392] Epoch 690, Loss 29.074174880981445
[2023-11-28 10:35:23,313] Epoch 691, Loss 48.99217224121094
[2023-11-28 10:35:25,127] Epoch 692, Loss 36.41127014160156
[2023-11-28 10:35:26,355] Epoch 693, Loss 10.129659652709961
[2023-11-28 10:35:27,782] Epoch 694, Loss 17.86835479736328
[2023-11-28 10:35:29,373] Epoch 695, Loss 52.904144287109375
[2023-11-28 10:35:32,035] Epoch 696, Loss 1.7995976209640503
[2023-11-28 10:35:33,786] Epoch 697, Loss 18.826467514038086
[2023-11-28 10:35:35,863] Epoch 698, Loss 3.7914910316467285
[2023-11-28 10:35:38,314] Epoch 699, Loss 28.143264770507812
[2023-11-28 10:35:38,771] Epoch 700, Loss 0.3867824077606201
[2023-11-28 10:35:38,771] Saved model at ./models_wzlen/epoch_700.h5
[2023-11-28 10:35:38,772] Loaded existing model at ./models_wzlen/epoch_700.h5
[2023-11-28 10:37:25,656] Loaded existing model at ./models_wzlen/epoch_450.h5
[2023-11-28 10:37:25,656] ./models_wzlen/epoch_450.h5 is loaded as the strongest model
[2023-11-28 10:37:27,410] Epoch 701, Loss 1.4818545579910278
[2023-11-28 10:37:28,451] Epoch 702, Loss 18.190397262573242
[2023-11-28 10:37:28,881] Epoch 703, Loss 0.5437756776809692
[2023-11-28 10:37:31,852] Epoch 704, Loss 22.606197357177734
[2023-11-28 10:37:32,181] Epoch 705, Loss 0.31040412187576294
[2023-11-28 10:37:34,291] Epoch 706, Loss 9.423949241638184
[2023-11-28 10:37:35,071] Epoch 707, Loss 0.8204612135887146
[2023-11-28 10:37:35,633] Epoch 708, Loss 17.24228286743164
[2023-11-28 10:37:38,600] Epoch 709, Loss 45.30379104614258
[2023-11-28 10:37:39,111] Epoch 710, Loss 0.2155810445547104
[2023-11-28 10:37:42,231] Epoch 711, Loss 63.339927673339844
[2023-11-28 10:37:44,338] Epoch 712, Loss 19.254507064819336
[2023-11-28 10:37:44,718] Epoch 713, Loss 0.08582578599452972
[2023-11-28 10:37:45,222] Epoch 714, Loss 17.542510986328125
[2023-11-28 10:37:46,877] Epoch 715, Loss 8.79697036743164
[2023-11-28 10:37:48,993] Epoch 716, Loss 48.02419662475586
[2023-11-28 10:37:52,050] Epoch 717, Loss 19.411731719970703
[2023-11-28 10:37:53,768] Epoch 718, Loss 17.99896240234375
[2023-11-28 10:37:55,145] Epoch 719, Loss 20.151613235473633
[2023-11-28 10:37:57,533] Epoch 720, Loss 13.818997383117676
[2023-11-28 10:37:59,821] Epoch 721, Loss 19.546714782714844
[2023-11-28 10:38:01,650] Epoch 722, Loss 18.806415557861328
[2023-11-28 10:38:02,256] Epoch 723, Loss 0.6715031862258911
[2023-11-28 10:38:03,729] Epoch 724, Loss 1.797842264175415
[2023-11-28 10:38:06,979] Epoch 725, Loss 4.236990451812744
[2023-11-28 10:38:07,741] Epoch 726, Loss 1.0211102962493896
[2023-11-28 10:38:08,791] Epoch 727, Loss 18.26121711730957
[2023-11-28 10:38:10,375] Epoch 728, Loss 10.575968742370605
[2023-11-28 10:38:13,212] Epoch 729, Loss 20.7144775390625
[2023-11-28 10:38:14,641] Epoch 730, Loss 17.774887084960938
[2023-11-28 10:38:15,240] Epoch 731, Loss 1.0304673910140991
[2023-11-28 10:38:17,097] Epoch 732, Loss 19.516992568969727
[2023-11-28 10:38:17,758] Epoch 733, Loss 0.8435333371162415
[2023-11-28 10:38:20,518] Epoch 734, Loss 2.087904691696167
[2023-11-28 10:38:22,207] Epoch 735, Loss 35.05216979980469
[2023-11-28 10:38:24,207] Epoch 736, Loss 2.105490207672119
[2023-11-28 10:38:26,133] Epoch 737, Loss 2.0857391357421875
[2023-11-28 10:38:26,514] Epoch 738, Loss 0.4131985902786255
[2023-11-28 10:38:27,858] Epoch 739, Loss 2.3142635822296143
[2023-11-28 10:38:29,808] Epoch 740, Loss 44.95392608642578
[2023-11-28 10:38:31,450] Epoch 741, Loss 18.906394958496094
[2023-11-28 10:38:35,025] Epoch 742, Loss 4.465134620666504
[2023-11-28 10:38:35,894] Epoch 743, Loss 1.1712493896484375
[2023-11-28 10:38:38,376] Epoch 744, Loss 34.86799240112305
[2023-11-28 10:38:40,987] Epoch 745, Loss 3.033637523651123
[2023-11-28 10:38:43,029] Epoch 746, Loss 10.46831226348877
[2023-11-28 10:38:43,959] Epoch 747, Loss 0.4159390330314636
[2023-11-28 10:38:44,946] Epoch 748, Loss 25.9802188873291
[2023-11-28 10:38:47,550] Epoch 749, Loss 22.323144912719727
[2023-11-28 10:38:48,988] Epoch 750, Loss 21.060306549072266
[2023-11-28 10:38:48,989] Saved model at ./models_wzlen/epoch_750.h5
[2023-11-28 10:38:48,990] Loaded existing model at ./models_wzlen/epoch_750.h5
[2023-11-28 10:40:41,830] Loaded existing model at ./models_wzlen/epoch_450.h5
[2023-11-28 10:40:41,830] ./models_wzlen/epoch_450.h5 is loaded as the strongest model
[2023-11-28 10:40:42,474] Epoch 751, Loss 17.531766891479492
[2023-11-28 10:40:45,693] Epoch 752, Loss 4.601894378662109
[2023-11-28 10:40:46,522] Epoch 753, Loss 1.843356966972351
[2023-11-28 10:40:49,032] Epoch 754, Loss 3.0519752502441406
[2023-11-28 10:40:49,570] Epoch 755, Loss 0.6148976683616638
[2023-11-28 10:40:52,860] Epoch 756, Loss 22.062152862548828
[2023-11-28 10:40:55,323] Epoch 757, Loss 20.80143928527832
[2023-11-28 10:40:57,334] Epoch 758, Loss 54.75346755981445
[2023-11-28 10:41:00,423] Epoch 759, Loss 27.9282283782959
[2023-11-28 10:41:01,509] Epoch 760, Loss 17.69723892211914
[2023-11-28 10:41:03,038] Epoch 761, Loss 26.58722686767578
[2023-11-28 10:41:05,392] Epoch 762, Loss 34.85614013671875
[2023-11-28 10:41:06,849] Epoch 763, Loss 27.158851623535156
[2023-11-28 10:41:07,996] Epoch 764, Loss 18.00971221923828
[2023-11-28 10:41:09,151] Epoch 765, Loss 2.8789916038513184
[2023-11-28 10:41:12,057] Epoch 766, Loss 19.761594772338867
[2023-11-28 10:41:13,666] Epoch 767, Loss 2.1412298679351807
[2023-11-28 10:41:16,227] Epoch 768, Loss 18.208444595336914
[2023-11-28 10:41:17,729] Epoch 769, Loss 18.652841567993164
[2023-11-28 10:41:18,730] Epoch 770, Loss 17.920879364013672
[2023-11-28 10:41:19,745] Epoch 771, Loss 2.106020212173462
[2023-11-28 10:41:21,711] Epoch 772, Loss 27.594533920288086
[2023-11-28 10:41:23,300] Epoch 773, Loss 2.3507776260375977
[2023-11-28 10:41:25,596] Epoch 774, Loss 22.50819206237793
[2023-11-28 10:41:27,906] Epoch 775, Loss 44.081573486328125
[2023-11-28 10:41:28,832] Epoch 776, Loss 17.713661193847656
[2023-11-28 10:41:30,291] Epoch 777, Loss 34.674095153808594
[2023-11-28 10:41:32,134] Epoch 778, Loss 1.7860227823257446
[2023-11-28 10:41:33,636] Epoch 779, Loss 1.3366750478744507
[2023-11-28 10:41:35,231] Epoch 780, Loss 18.80417251586914
[2023-11-28 10:41:37,382] Epoch 781, Loss 21.36497688293457
[2023-11-28 10:41:38,841] Epoch 782, Loss 44.90293884277344
[2023-11-28 10:41:41,580] Epoch 783, Loss 19.538246154785156
[2023-11-28 10:41:43,261] Epoch 784, Loss 25.823429107666016
[2023-11-28 10:41:46,087] Epoch 785, Loss 21.26477813720703
[2023-11-28 10:41:47,411] Epoch 786, Loss 17.65801429748535
[2023-11-28 10:41:50,141] Epoch 787, Loss 45.38082504272461
[2023-11-28 10:41:50,788] Epoch 788, Loss 17.785436630249023
[2023-11-28 10:41:51,886] Epoch 789, Loss 18.091472625732422
[2023-11-28 10:41:52,426] Epoch 790, Loss 0.2985292971134186
[2023-11-28 10:41:54,162] Epoch 791, Loss 17.55681610107422
[2023-11-28 10:41:55,776] Epoch 792, Loss 17.505592346191406
[2023-11-28 10:41:59,819] Epoch 793, Loss 21.282312393188477
[2023-11-28 10:42:01,436] Epoch 794, Loss 10.885139465332031
[2023-11-28 10:42:02,014] Epoch 795, Loss 1.140378475189209
[2023-11-28 10:42:04,782] Epoch 796, Loss 30.06169319152832
[2023-11-28 10:42:05,754] Epoch 797, Loss 25.83606719970703
[2023-11-28 10:42:07,271] Epoch 798, Loss 9.160755157470703
[2023-11-28 10:42:07,875] Epoch 799, Loss 0.7848073840141296
[2023-11-28 10:42:09,792] Epoch 800, Loss 17.44586944580078
[2023-11-28 10:42:09,793] Saved model at ./models_wzlen/epoch_800.h5
[2023-11-28 10:42:09,793] Loaded existing model at ./models_wzlen/epoch_800.h5
[2023-11-28 10:43:51,319] Loaded existing model at ./models_wzlen/epoch_450.h5
[2023-11-28 10:43:51,319] ./models_wzlen/epoch_450.h5 is loaded as the strongest model
[2023-11-28 10:43:51,962] Epoch 801, Loss 0.35941895842552185
[2023-11-28 10:43:54,240] Epoch 802, Loss 28.509864807128906
[2023-11-28 10:43:56,096] Epoch 803, Loss 27.11827278137207
[2023-11-28 10:43:57,725] Epoch 804, Loss 18.281536102294922
[2023-11-28 10:43:59,281] Epoch 805, Loss 1.1837730407714844
[2023-11-28 10:43:59,624] Epoch 806, Loss 8.947881698608398
[2023-11-28 10:44:02,543] Epoch 807, Loss 35.60704040527344
[2023-11-28 10:44:03,261] Epoch 808, Loss 0.6956961750984192
[2023-11-28 10:44:05,335] Epoch 809, Loss 71.23275756835938
[2023-11-28 10:44:07,559] Epoch 810, Loss 4.836970329284668
[2023-11-28 10:44:09,251] Epoch 811, Loss 0.5080042481422424
[2023-11-28 10:44:09,732] Epoch 812, Loss 17.44620704650879
[2023-11-28 10:44:12,105] Epoch 813, Loss 35.68549346923828
[2023-11-28 10:44:13,924] Epoch 814, Loss 35.859291076660156
[2023-11-28 10:44:15,799] Epoch 815, Loss 18.523693084716797
[2023-11-28 10:44:16,708] Epoch 816, Loss 17.684778213500977
[2023-11-28 10:44:18,453] Epoch 817, Loss 95.38807678222656
[2023-11-28 10:44:18,904] Epoch 818, Loss 0.12116197496652603
[2023-11-28 10:44:19,976] Epoch 819, Loss 25.874671936035156
[2023-11-28 10:44:21,300] Epoch 820, Loss 17.2775821685791
[2023-11-28 10:44:23,439] Epoch 821, Loss 51.676517486572266
[2023-11-28 10:44:26,091] Epoch 822, Loss 46.420799255371094
[2023-11-28 10:44:26,655] Epoch 823, Loss 0.1087409257888794
[2023-11-28 10:44:27,871] Epoch 824, Loss 9.517464637756348
[2023-11-28 10:44:28,478] Epoch 825, Loss 25.81196403503418
[2023-11-28 10:44:30,577] Epoch 826, Loss 9.195884704589844
[2023-11-28 10:44:32,118] Epoch 827, Loss 18.216983795166016
[2023-11-28 10:44:32,593] Epoch 828, Loss 0.14756998419761658
[2023-11-28 10:44:34,188] Epoch 829, Loss 18.7059326171875
[2023-11-28 10:44:34,853] Epoch 830, Loss 1.4050215482711792
[2023-11-28 10:44:38,137] Epoch 831, Loss 38.450653076171875
[2023-11-28 10:44:39,221] Epoch 832, Loss 0.6574234962463379
[2023-11-28 10:44:41,101] Epoch 833, Loss 43.64306640625
[2023-11-28 10:44:41,939] Epoch 834, Loss 1.021625280380249
[2023-11-28 10:44:44,189] Epoch 835, Loss 36.92872619628906
[2023-11-28 10:44:45,471] Epoch 836, Loss 26.371938705444336
[2023-11-28 10:44:46,008] Epoch 837, Loss 0.4357982575893402
[2023-11-28 10:44:47,526] Epoch 838, Loss 18.493497848510742
[2023-11-28 10:44:48,803] Epoch 839, Loss 35.21596145629883
[2023-11-28 10:44:50,374] Epoch 840, Loss 17.60922622680664
[2023-11-28 10:44:51,009] Epoch 841, Loss 0.4828987419605255
[2023-11-28 10:44:52,020] Epoch 842, Loss 0.7236637473106384
[2023-11-28 10:44:54,068] Epoch 843, Loss 27.498428344726562
[2023-11-28 10:44:57,290] Epoch 844, Loss 22.78432273864746
[2023-11-28 10:45:00,929] Epoch 845, Loss 4.308706283569336
[2023-11-28 10:45:02,581] Epoch 846, Loss 2.407891273498535
[2023-11-28 10:45:03,754] Epoch 847, Loss 0.4113233983516693
[2023-11-28 10:45:04,645] Epoch 848, Loss 18.273849487304688
[2023-11-28 10:45:06,108] Epoch 849, Loss 1.676841378211975
[2023-11-28 10:45:07,990] Epoch 850, Loss 27.590696334838867
[2023-11-28 10:45:07,991] Saved model at ./models_wzlen/epoch_850.h5
[2023-11-28 10:45:07,991] Loaded existing model at ./models_wzlen/epoch_850.h5
[2023-11-28 10:46:33,530] Loaded existing model at ./models_wzlen/epoch_450.h5
[2023-11-28 10:46:33,530] ./models_wzlen/epoch_450.h5 is loaded as the strongest model
[2023-11-28 10:46:34,861] Epoch 851, Loss 20.081253051757812
[2023-11-28 10:46:35,375] Epoch 852, Loss 9.254611015319824
[2023-11-28 10:46:38,157] Epoch 853, Loss 8.304376602172852
[2023-11-28 10:46:41,002] Epoch 854, Loss 19.28925132751465
[2023-11-28 10:46:42,474] Epoch 855, Loss 2.051715612411499
[2023-11-28 10:46:43,424] Epoch 856, Loss 1.3770761489868164
[2023-11-28 10:46:46,650] Epoch 857, Loss 20.459774017333984
[2023-11-28 10:46:48,113] Epoch 858, Loss 18.04621696472168
[2023-11-28 10:46:50,007] Epoch 859, Loss 1.9671354293823242
[2023-11-28 10:46:52,023] Epoch 860, Loss 44.23308181762695
[2023-11-28 10:46:53,046] Epoch 861, Loss 10.440226554870605
[2023-11-28 10:46:53,830] Epoch 862, Loss 18.381166458129883
[2023-11-28 10:46:55,743] Epoch 863, Loss 9.721266746520996
[2023-11-28 10:46:58,141] Epoch 864, Loss 19.628231048583984
[2023-11-28 10:46:59,941] Epoch 865, Loss 3.597977876663208
[2023-11-28 10:47:01,720] Epoch 866, Loss 2.243459463119507
[2023-11-28 10:47:02,514] Epoch 867, Loss 1.04609215259552
[2023-11-28 10:47:04,403] Epoch 868, Loss 19.37528419494629
[2023-11-28 10:47:05,850] Epoch 869, Loss 1.818021535873413
[2023-11-28 10:47:06,646] Epoch 870, Loss 17.895002365112305
[2023-11-28 10:47:08,687] Epoch 871, Loss 10.517386436462402
[2023-11-28 10:47:09,702] Epoch 872, Loss 18.023664474487305
[2023-11-28 10:47:10,745] Epoch 873, Loss 0.815847635269165
[2023-11-28 10:47:12,276] Epoch 874, Loss 18.830577850341797
[2023-11-28 10:47:13,672] Epoch 875, Loss 1.1967638731002808
[2023-11-28 10:47:14,845] Epoch 876, Loss 19.92001724243164
[2023-11-28 10:47:15,198] Epoch 877, Loss 0.3119877278804779
[2023-11-28 10:47:16,510] Epoch 878, Loss 1.4576120376586914
[2023-11-28 10:47:16,991] Epoch 879, Loss 17.284908294677734
[2023-11-28 10:47:18,971] Epoch 880, Loss 12.079790115356445
[2023-11-28 10:47:21,030] Epoch 881, Loss 70.0687484741211
[2023-11-28 10:47:22,198] Epoch 882, Loss 26.922788619995117
[2023-11-28 10:47:23,261] Epoch 883, Loss 10.099746704101562
[2023-11-28 10:47:25,460] Epoch 884, Loss 35.352909088134766
[2023-11-28 10:47:26,558] Epoch 885, Loss 0.9500542879104614
[2023-11-28 10:47:27,291] Epoch 886, Loss 0.2651745676994324
[2023-11-28 10:47:28,139] Epoch 887, Loss 18.705747604370117
[2023-11-28 10:47:29,544] Epoch 888, Loss 10.219250679016113
[2023-11-28 10:47:30,474] Epoch 889, Loss 9.146980285644531
[2023-11-28 10:47:31,602] Epoch 890, Loss 0.6858086585998535
[2023-11-28 10:47:32,619] Epoch 891, Loss 2.4544577598571777
[2023-11-28 10:47:33,972] Epoch 892, Loss 9.818909645080566
[2023-11-28 10:47:34,776] Epoch 893, Loss 0.9913133978843689
[2023-11-28 10:47:36,617] Epoch 894, Loss 43.73654556274414
[2023-11-28 10:47:37,062] Epoch 895, Loss 0.22704394161701202
[2023-11-28 10:47:37,646] Epoch 896, Loss 0.16959242522716522
[2023-11-28 10:47:39,178] Epoch 897, Loss 1.9669890403747559
[2023-11-28 10:47:40,390] Epoch 898, Loss 0.22308169305324554
[2023-11-28 10:47:40,784] Epoch 899, Loss 0.026056978851556778
[2023-11-28 10:47:41,215] Epoch 900, Loss 0.023231448605656624
[2023-11-28 10:47:41,216] Saved model at ./models_wzlen/epoch_900.h5
[2023-11-28 10:47:41,216] Loaded existing model at ./models_wzlen/epoch_900.h5
[2023-11-28 10:49:06,895] Loaded existing model at ./models_wzlen/epoch_450.h5
[2023-11-28 10:49:06,895] ./models_wzlen/epoch_450.h5 is loaded as the strongest model
[2023-11-28 10:49:09,100] Epoch 901, Loss 1.548505425453186
[2023-11-28 10:49:11,418] Epoch 902, Loss 19.421140670776367
[2023-11-28 10:49:12,145] Epoch 903, Loss 17.39302635192871
[2023-11-28 10:49:12,887] Epoch 904, Loss 17.383817672729492
[2023-11-28 10:49:14,876] Epoch 905, Loss 43.710426330566406
[2023-11-28 10:49:16,253] Epoch 906, Loss 27.069583892822266
[2023-11-28 10:49:17,551] Epoch 907, Loss 0.5052158236503601
[2023-11-28 10:49:18,072] Epoch 908, Loss 10.064315795898438
[2023-11-28 10:49:19,197] Epoch 909, Loss 18.197025299072266
[2023-11-28 10:49:20,131] Epoch 910, Loss 0.05426202341914177
[2023-11-28 10:49:21,180] Epoch 911, Loss 0.36188793182373047
[2023-11-28 10:49:23,401] Epoch 912, Loss 20.152746200561523
[2023-11-28 10:49:24,766] Epoch 913, Loss 21.484867095947266
[2023-11-28 10:49:25,786] Epoch 914, Loss 17.781625747680664
[2023-11-28 10:49:27,022] Epoch 915, Loss 0.7796285152435303
[2023-11-28 10:49:29,320] Epoch 916, Loss 19.097774505615234
[2023-11-28 10:49:30,212] Epoch 917, Loss 1.4960342645645142
[2023-11-28 10:49:30,928] Epoch 918, Loss 0.616240382194519
[2023-11-28 10:49:32,220] Epoch 919, Loss 0.4583948254585266
[2023-11-28 10:49:33,757] Epoch 920, Loss 18.162334442138672
[2023-11-28 10:49:34,182] Epoch 921, Loss 9.015440940856934
[2023-11-28 10:49:35,246] Epoch 922, Loss 26.15606689453125
[2023-11-28 10:49:36,211] Epoch 923, Loss 17.351940155029297
[2023-11-28 10:49:36,807] Epoch 924, Loss 17.36697769165039
[2023-11-28 10:49:37,281] Epoch 925, Loss 0.21428148448467255
[2023-11-28 10:49:38,943] Epoch 926, Loss 28.656417846679688
[2023-11-28 10:49:39,849] Epoch 927, Loss 34.48447036743164
[2023-11-28 10:49:41,515] Epoch 928, Loss 10.620406150817871
[2023-11-28 10:49:42,348] Epoch 929, Loss 18.048437118530273
[2023-11-28 10:49:44,040] Epoch 930, Loss 36.60141372680664
[2023-11-28 10:49:45,288] Epoch 931, Loss 17.495676040649414
[2023-11-28 10:49:46,493] Epoch 932, Loss 18.165542602539062
[2023-11-28 10:49:47,290] Epoch 933, Loss 0.9642279148101807
[2023-11-28 10:49:48,276] Epoch 934, Loss 18.663715362548828
[2023-11-28 10:49:48,832] Epoch 935, Loss 0.7035259008407593
[2023-11-28 10:49:50,713] Epoch 936, Loss 1.0868147611618042
[2023-11-28 10:49:52,635] Epoch 937, Loss 36.538330078125
[2023-11-28 10:49:54,966] Epoch 938, Loss 10.335065841674805
[2023-11-28 10:49:56,673] Epoch 939, Loss 18.195058822631836
[2023-11-28 10:49:58,046] Epoch 940, Loss 17.946367263793945
[2023-11-28 10:49:59,895] Epoch 941, Loss 0.4395378530025482
[2023-11-28 10:50:00,279] Epoch 942, Loss 17.377107620239258
[2023-11-28 10:50:02,567] Epoch 943, Loss 29.470417022705078
[2023-11-28 10:50:05,620] Epoch 944, Loss 40.3184928894043
[2023-11-28 10:50:06,462] Epoch 945, Loss 0.6687389612197876
[2023-11-28 10:50:06,985] Epoch 946, Loss 0.3243502080440521
[2023-11-28 10:50:07,444] Epoch 947, Loss 17.565444946289062
[2023-11-28 10:50:08,437] Epoch 948, Loss 18.0477352142334
[2023-11-28 10:50:09,577] Epoch 949, Loss 26.656606674194336
[2023-11-28 10:50:10,205] Epoch 950, Loss 0.9540987610816956
[2023-11-28 10:50:10,205] Saved model at ./models_wzlen/epoch_950.h5
[2023-11-28 10:50:10,206] Loaded existing model at ./models_wzlen/epoch_950.h5
[2023-11-28 10:51:46,969] Loaded existing model at ./models_wzlen/epoch_450.h5
[2023-11-28 10:51:46,969] ./models_wzlen/epoch_450.h5 is loaded as the strongest model
[2023-11-28 10:51:50,180] Epoch 951, Loss 20.389867782592773
[2023-11-28 10:51:51,171] Epoch 952, Loss 0.9012852907180786
[2023-11-28 10:51:53,457] Epoch 953, Loss 18.960124969482422
[2023-11-28 10:51:53,976] Epoch 954, Loss 9.05840015411377
[2023-11-28 10:51:54,941] Epoch 955, Loss 1.2993848323822021
[2023-11-28 10:51:55,955] Epoch 956, Loss 34.54179000854492
[2023-11-28 10:51:58,471] Epoch 957, Loss 10.290029525756836
[2023-11-28 10:52:01,089] Epoch 958, Loss 2.573418617248535
[2023-11-28 10:52:04,092] Epoch 959, Loss 19.80837631225586
[2023-11-28 10:52:05,632] Epoch 960, Loss 18.14451789855957
[2023-11-28 10:52:07,296] Epoch 961, Loss 11.172000885009766
[2023-11-28 10:52:08,057] Epoch 962, Loss 0.8794825077056885
[2023-11-28 10:52:08,728] Epoch 963, Loss 0.42988353967666626
[2023-11-28 10:52:10,002] Epoch 964, Loss 0.6592740416526794
[2023-11-28 10:52:12,371] Epoch 965, Loss 9.617973327636719
[2023-11-28 10:52:12,724] Epoch 966, Loss 0.5844905376434326
[2023-11-28 10:52:14,437] Epoch 967, Loss 11.545268058776855
[2023-11-28 10:52:14,995] Epoch 968, Loss 0.3949039578437805
[2023-11-28 10:52:17,274] Epoch 969, Loss 54.0340576171875
[2023-11-28 10:52:18,879] Epoch 970, Loss 19.684951782226562
[2023-11-28 10:52:21,114] Epoch 971, Loss 35.49834442138672
[2023-11-28 10:52:24,023] Epoch 972, Loss 9.94604778289795
[2023-11-28 10:52:26,488] Epoch 973, Loss 46.35025405883789
[2023-11-28 10:52:29,118] Epoch 974, Loss 19.706844329833984
[2023-11-28 10:52:32,080] Epoch 975, Loss 20.15131378173828
[2023-11-28 10:52:33,703] Epoch 976, Loss 27.184471130371094
[2023-11-28 10:52:34,228] Epoch 977, Loss 0.9419236183166504
[2023-11-28 10:52:34,767] Epoch 978, Loss 0.5331302881240845
[2023-11-28 10:52:35,294] Epoch 979, Loss 1.4211150407791138
[2023-11-28 10:52:36,268] Epoch 980, Loss 1.6168032884597778
[2023-11-28 10:52:37,817] Epoch 981, Loss 36.956912994384766
[2023-11-28 10:52:39,750] Epoch 982, Loss 19.737464904785156
[2023-11-28 10:52:40,649] Epoch 983, Loss 0.6206254959106445
[2023-11-28 10:52:41,358] Epoch 984, Loss 0.4105044901371002
[2023-11-28 10:52:42,816] Epoch 985, Loss 26.8826847076416
[2023-11-28 10:52:43,990] Epoch 986, Loss 9.486350059509277
[2023-11-28 10:52:47,456] Epoch 987, Loss 13.711551666259766
[2023-11-28 10:52:49,251] Epoch 988, Loss 18.888368606567383
[2023-11-28 10:52:50,274] Epoch 989, Loss 17.51009750366211
[2023-11-28 10:52:52,163] Epoch 990, Loss 1.915586233139038
[2023-11-28 10:52:52,885] Epoch 991, Loss 0.7521606683731079
[2023-11-28 10:52:54,364] Epoch 992, Loss 18.202123641967773
[2023-11-28 10:52:55,402] Epoch 993, Loss 9.505932807922363
[2023-11-28 10:52:56,531] Epoch 994, Loss 17.969676971435547
[2023-11-28 10:52:58,947] Epoch 995, Loss 1.7562264204025269
[2023-11-28 10:53:00,947] Epoch 996, Loss 36.394832611083984
[2023-11-28 10:53:02,737] Epoch 997, Loss 1.376726746559143
[2023-11-28 10:53:04,482] Epoch 998, Loss 1.4602309465408325
[2023-11-28 10:53:06,863] Epoch 999, Loss 18.41667938232422
[2023-11-28 10:53:08,573] Epoch 1000, Loss 26.632219314575195
[2023-11-28 10:53:08,573] Saved model at ./models_wzlen/epoch_1000.h5
[2023-11-28 10:53:08,574] Loaded existing model at ./models_wzlen/epoch_1000.h5
[2023-11-28 10:54:27,399] Loaded existing model at ./models_wzlen/epoch_450.h5
[2023-11-28 10:54:27,399] ./models_wzlen/epoch_450.h5 is loaded as the strongest model
