[2023-12-14 21:40:02,494] Filepath does not exist: _conv/models/best.h5
[2023-12-14 21:40:02,496] Initializing new model
[2023-12-14 21:41:07,284] Epoch: 0 to 50, Batch: 6.25%, Mean Reward: 0.28, MSE: 0.90929, LR: 0.01000
[2023-12-14 21:41:08,586] Epoch: 0 to 50, Batch: 12.50%, Mean Reward: -0.12, MSE: 0.81691, LR: 0.00995
[2023-12-14 21:41:10,050] Epoch: 0 to 50, Batch: 18.75%, Mean Reward: 0.12, MSE: 0.86555, LR: 0.00990
[2023-12-14 21:41:11,434] Epoch: 0 to 50, Batch: 25.00%, Mean Reward: -0.28, MSE: 0.78668, LR: 0.00985
[2023-12-14 21:41:12,797] Epoch: 0 to 50, Batch: 31.25%, Mean Reward: 0.04, MSE: 0.85008, LR: 0.00980
[2023-12-14 21:41:14,163] Epoch: 0 to 50, Batch: 37.50%, Mean Reward: -0.28, MSE: 0.78576, LR: 0.00975
[2023-12-14 21:41:15,535] Epoch: 0 to 50, Batch: 43.75%, Mean Reward: -0.20, MSE: 0.80095, LR: 0.00970
[2023-12-14 21:41:16,889] Epoch: 0 to 50, Batch: 50.00%, Mean Reward: 0.04, MSE: 0.85256, LR: 0.00966
[2023-12-14 21:41:18,176] Epoch: 0 to 50, Batch: 56.25%, Mean Reward: -0.20, MSE: 0.80198, LR: 0.00961
[2023-12-14 21:41:19,536] Epoch: 0 to 50, Batch: 62.50%, Mean Reward: 0.12, MSE: 0.87366, LR: 0.00956
[2023-12-14 21:41:20,953] Epoch: 0 to 50, Batch: 68.75%, Mean Reward: -0.20, MSE: 0.79885, LR: 0.00951
[2023-12-14 21:41:22,293] Epoch: 0 to 50, Batch: 75.00%, Mean Reward: 0.04, MSE: 0.85697, LR: 0.00946
[2023-12-14 21:41:23,826] Epoch: 0 to 50, Batch: 81.25%, Mean Reward: 0.04, MSE: 0.84878, LR: 0.00942
[2023-12-14 21:41:25,238] Epoch: 0 to 50, Batch: 87.50%, Mean Reward: 0.20, MSE: 0.88715, LR: 0.00937
[2023-12-14 21:41:26,680] Epoch: 0 to 50, Batch: 93.75%, Mean Reward: -0.28, MSE: 0.78283, LR: 0.00932
[2023-12-14 21:41:28,246] Epoch: 0 to 50, Batch: 100.00%, Mean Reward: 0.04, MSE: 0.85297, LR: 0.00928
[2023-12-14 21:42:12,951] Epoch: 50 to 100, Batch: 6.25%, Mean Reward: 0.04, MSE: 0.86084, LR: 0.00923
[2023-12-14 21:42:14,254] Epoch: 50 to 100, Batch: 12.50%, Mean Reward: 0.12, MSE: 0.87029, LR: 0.00918
[2023-12-14 21:42:15,585] Epoch: 50 to 100, Batch: 18.75%, Mean Reward: -0.04, MSE: 0.84295, LR: 0.00914
[2023-12-14 21:42:16,892] Epoch: 50 to 100, Batch: 25.00%, Mean Reward: -0.12, MSE: 0.82448, LR: 0.00909
[2023-12-14 21:42:18,211] Epoch: 50 to 100, Batch: 31.25%, Mean Reward: 0.36, MSE: 0.85702, LR: 0.00905
[2023-12-14 21:42:19,590] Epoch: 50 to 100, Batch: 37.50%, Mean Reward: 0.12, MSE: 0.81448, LR: 0.00900
[2023-12-14 21:42:20,930] Epoch: 50 to 100, Batch: 43.75%, Mean Reward: 0.20, MSE: 0.79853, LR: 0.00896
[2023-12-14 21:42:22,361] Epoch: 50 to 100, Batch: 50.00%, Mean Reward: 0.20, MSE: 0.80085, LR: 0.00891
[2023-12-14 21:42:23,778] Epoch: 50 to 100, Batch: 56.25%, Mean Reward: 0.04, MSE: 0.83065, LR: 0.00887
[2023-12-14 21:42:25,131] Epoch: 50 to 100, Batch: 62.50%, Mean Reward: 0.04, MSE: 0.83718, LR: 0.00882
[2023-12-14 21:42:26,470] Epoch: 50 to 100, Batch: 68.75%, Mean Reward: 0.20, MSE: 0.80552, LR: 0.00878
[2023-12-14 21:42:27,843] Epoch: 50 to 100, Batch: 75.00%, Mean Reward: 0.04, MSE: 0.84013, LR: 0.00873
[2023-12-14 21:42:29,260] Epoch: 50 to 100, Batch: 81.25%, Mean Reward: -0.04, MSE: 0.85722, LR: 0.00869
[2023-12-14 21:42:30,613] Epoch: 50 to 100, Batch: 87.50%, Mean Reward: 0.36, MSE: 0.77103, LR: 0.00865
[2023-12-14 21:42:32,010] Epoch: 50 to 100, Batch: 93.75%, Mean Reward: 0.44, MSE: 0.75005, LR: 0.00860
[2023-12-14 21:42:33,405] Epoch: 50 to 100, Batch: 100.00%, Mean Reward: 0.12, MSE: 0.81557, LR: 0.00856
[2023-12-14 21:43:20,428] Epoch: 100 to 150, Batch: 6.25%, Mean Reward: -0.20, MSE: 0.88962, LR: 0.00852
[2023-12-14 21:43:21,850] Epoch: 100 to 150, Batch: 12.50%, Mean Reward: -0.04, MSE: 0.86153, LR: 0.00848
[2023-12-14 21:43:23,237] Epoch: 100 to 150, Batch: 18.75%, Mean Reward: -0.52, MSE: 0.95145, LR: 0.00843
[2023-12-14 21:43:24,626] Epoch: 100 to 150, Batch: 25.00%, Mean Reward: 0.20, MSE: 0.80451, LR: 0.00839
[2023-12-14 21:43:26,006] Epoch: 100 to 150, Batch: 31.25%, Mean Reward: -0.04, MSE: 0.85767, LR: 0.00835
[2023-12-14 21:43:27,397] Epoch: 100 to 150, Batch: 37.50%, Mean Reward: -0.04, MSE: 0.85034, LR: 0.00831
[2023-12-14 21:43:28,702] Epoch: 100 to 150, Batch: 43.75%, Mean Reward: -0.20, MSE: 0.88991, LR: 0.00827
[2023-12-14 21:43:30,063] Epoch: 100 to 150, Batch: 50.00%, Mean Reward: -0.12, MSE: 0.87002, LR: 0.00822
[2023-12-14 21:43:31,529] Epoch: 100 to 150, Batch: 56.25%, Mean Reward: -0.28, MSE: 0.90161, LR: 0.00818
[2023-12-14 21:43:33,000] Epoch: 100 to 150, Batch: 62.50%, Mean Reward: -0.20, MSE: 0.88518, LR: 0.00814
[2023-12-14 21:43:34,412] Epoch: 100 to 150, Batch: 68.75%, Mean Reward: -0.12, MSE: 0.86666, LR: 0.00810
[2023-12-14 21:43:35,847] Epoch: 100 to 150, Batch: 75.00%, Mean Reward: -0.36, MSE: 0.91840, LR: 0.00806
[2023-12-14 21:43:37,162] Epoch: 100 to 150, Batch: 81.25%, Mean Reward: 0.12, MSE: 0.82950, LR: 0.00802
[2023-12-14 21:43:38,583] Epoch: 100 to 150, Batch: 87.50%, Mean Reward: 0.52, MSE: 0.73320, LR: 0.00798
[2023-12-14 21:43:39,906] Epoch: 100 to 150, Batch: 93.75%, Mean Reward: -0.12, MSE: 0.87627, LR: 0.00794
[2023-12-14 21:43:41,269] Epoch: 100 to 150, Batch: 100.00%, Mean Reward: 0.04, MSE: 0.84471, LR: 0.00790
[2023-12-14 21:44:30,117] Epoch: 150 to 200, Batch: 6.25%, Mean Reward: -0.28, MSE: 0.90123, LR: 0.00786
[2023-12-14 21:44:31,585] Epoch: 150 to 200, Batch: 12.50%, Mean Reward: -0.28, MSE: 0.89823, LR: 0.00782
[2023-12-14 21:44:33,003] Epoch: 150 to 200, Batch: 18.75%, Mean Reward: -0.12, MSE: 0.87216, LR: 0.00778
[2023-12-14 21:44:34,420] Epoch: 150 to 200, Batch: 25.00%, Mean Reward: -0.60, MSE: 0.96160, LR: 0.00774
[2023-12-14 21:44:35,838] Epoch: 150 to 200, Batch: 31.25%, Mean Reward: -0.20, MSE: 0.88373, LR: 0.00771
[2023-12-14 21:44:37,234] Epoch: 150 to 200, Batch: 37.50%, Mean Reward: -0.28, MSE: 0.90362, LR: 0.00767
[2023-12-14 21:44:38,665] Epoch: 150 to 200, Batch: 43.75%, Mean Reward: -0.36, MSE: 0.92414, LR: 0.00763
[2023-12-14 21:44:40,145] Epoch: 150 to 200, Batch: 50.00%, Mean Reward: -0.20, MSE: 0.88330, LR: 0.00759
[2023-12-14 21:44:41,579] Epoch: 150 to 200, Batch: 56.25%, Mean Reward: -0.52, MSE: 0.94976, LR: 0.00755
[2023-12-14 21:44:42,926] Epoch: 150 to 200, Batch: 62.50%, Mean Reward: -0.44, MSE: 0.94507, LR: 0.00751
[2023-12-14 21:44:44,405] Epoch: 150 to 200, Batch: 68.75%, Mean Reward: -0.12, MSE: 0.86645, LR: 0.00748
[2023-12-14 21:44:45,805] Epoch: 150 to 200, Batch: 75.00%, Mean Reward: -0.20, MSE: 0.89307, LR: 0.00744
[2023-12-14 21:44:47,199] Epoch: 150 to 200, Batch: 81.25%, Mean Reward: -0.36, MSE: 0.92347, LR: 0.00740
[2023-12-14 21:44:48,561] Epoch: 150 to 200, Batch: 87.50%, Mean Reward: -0.44, MSE: 0.93617, LR: 0.00737
[2023-12-14 21:44:49,873] Epoch: 150 to 200, Batch: 93.75%, Mean Reward: -0.12, MSE: 0.87480, LR: 0.00733
[2023-12-14 21:44:51,304] Epoch: 150 to 200, Batch: 100.00%, Mean Reward: -0.20, MSE: 0.88779, LR: 0.00729
[2023-12-14 21:45:38,181] Epoch: 200 to 250, Batch: 6.25%, Mean Reward: -0.28, MSE: 0.90535, LR: 0.00726
[2023-12-14 21:45:39,552] Epoch: 200 to 250, Batch: 12.50%, Mean Reward: -0.28, MSE: 0.90886, LR: 0.00722
[2023-12-14 21:45:40,929] Epoch: 200 to 250, Batch: 18.75%, Mean Reward: -0.36, MSE: 0.91929, LR: 0.00718
[2023-12-14 21:45:42,273] Epoch: 200 to 250, Batch: 25.00%, Mean Reward: -0.12, MSE: 0.87471, LR: 0.00715
[2023-12-14 21:45:43,698] Epoch: 200 to 250, Batch: 31.25%, Mean Reward: -0.44, MSE: 0.93592, LR: 0.00711
[2023-12-14 21:45:45,158] Epoch: 200 to 250, Batch: 37.50%, Mean Reward: -0.36, MSE: 0.91314, LR: 0.00708
[2023-12-14 21:45:46,594] Epoch: 200 to 250, Batch: 43.75%, Mean Reward: -0.12, MSE: 0.87230, LR: 0.00704
[2023-12-14 21:45:48,051] Epoch: 200 to 250, Batch: 50.00%, Mean Reward: -0.28, MSE: 0.90216, LR: 0.00701
[2023-12-14 21:45:49,485] Epoch: 200 to 250, Batch: 56.25%, Mean Reward: -0.28, MSE: 0.89995, LR: 0.00697
[2023-12-14 21:45:50,921] Epoch: 200 to 250, Batch: 62.50%, Mean Reward: -0.44, MSE: 0.93057, LR: 0.00694
[2023-12-14 21:45:52,307] Epoch: 200 to 250, Batch: 68.75%, Mean Reward: -0.04, MSE: 0.86154, LR: 0.00690
[2023-12-14 21:45:53,747] Epoch: 200 to 250, Batch: 75.00%, Mean Reward: -0.52, MSE: 0.94559, LR: 0.00687
[2023-12-14 21:45:55,173] Epoch: 200 to 250, Batch: 81.25%, Mean Reward: -0.20, MSE: 0.88492, LR: 0.00683
[2023-12-14 21:45:56,621] Epoch: 200 to 250, Batch: 87.50%, Mean Reward: 0.12, MSE: 0.81555, LR: 0.00680
[2023-12-14 21:45:58,044] Epoch: 200 to 250, Batch: 93.75%, Mean Reward: -0.28, MSE: 0.89878, LR: 0.00676
[2023-12-14 21:45:59,452] Epoch: 200 to 250, Batch: 100.00%, Mean Reward: -0.68, MSE: 0.98837, LR: 0.00673
[2023-12-14 21:46:49,271] Epoch: 250 to 300, Batch: 6.25%, Mean Reward: -0.12, MSE: 0.87005, LR: 0.00670
[2023-12-14 21:46:50,769] Epoch: 250 to 300, Batch: 12.50%, Mean Reward: -0.28, MSE: 0.90181, LR: 0.00666
[2023-12-14 21:46:52,125] Epoch: 250 to 300, Batch: 18.75%, Mean Reward: -0.12, MSE: 0.86992, LR: 0.00663
[2023-12-14 21:46:53,523] Epoch: 250 to 300, Batch: 25.00%, Mean Reward: -0.36, MSE: 0.92034, LR: 0.00660
[2023-12-14 21:46:54,899] Epoch: 250 to 300, Batch: 31.25%, Mean Reward: -0.36, MSE: 0.92043, LR: 0.00656
[2023-12-14 21:46:56,363] Epoch: 250 to 300, Batch: 37.50%, Mean Reward: -0.12, MSE: 0.86711, LR: 0.00653
[2023-12-14 21:46:57,793] Epoch: 250 to 300, Batch: 43.75%, Mean Reward: -0.20, MSE: 0.88422, LR: 0.00650
[2023-12-14 21:46:59,286] Epoch: 250 to 300, Batch: 50.00%, Mean Reward: -0.28, MSE: 0.90083, LR: 0.00647
[2023-12-14 21:47:00,740] Epoch: 250 to 300, Batch: 56.25%, Mean Reward: -0.04, MSE: 0.86068, LR: 0.00643
[2023-12-14 21:47:02,091] Epoch: 250 to 300, Batch: 62.50%, Mean Reward: -0.12, MSE: 0.86949, LR: 0.00640
[2023-12-14 21:47:03,560] Epoch: 250 to 300, Batch: 68.75%, Mean Reward: -0.36, MSE: 0.91524, LR: 0.00637
[2023-12-14 21:47:04,964] Epoch: 250 to 300, Batch: 75.00%, Mean Reward: 0.04, MSE: 0.84060, LR: 0.00634
[2023-12-14 21:47:06,343] Epoch: 250 to 300, Batch: 81.25%, Mean Reward: -0.28, MSE: 0.90912, LR: 0.00631
[2023-12-14 21:47:07,858] Epoch: 250 to 300, Batch: 87.50%, Mean Reward: -0.28, MSE: 0.89798, LR: 0.00627
[2023-12-14 21:47:09,355] Epoch: 250 to 300, Batch: 93.75%, Mean Reward: -0.36, MSE: 0.91506, LR: 0.00624
[2023-12-14 21:47:10,717] Epoch: 250 to 300, Batch: 100.00%, Mean Reward: -0.44, MSE: 0.94475, LR: 0.00621
[2023-12-14 21:47:58,543] Epoch: 300 to 350, Batch: 6.25%, Mean Reward: -0.28, MSE: 0.89987, LR: 0.00618
[2023-12-14 21:48:00,003] Epoch: 300 to 350, Batch: 12.50%, Mean Reward: -0.60, MSE: 0.96888, LR: 0.00615
[2023-12-14 21:48:01,468] Epoch: 300 to 350, Batch: 18.75%, Mean Reward: -0.52, MSE: 0.94765, LR: 0.00612
[2023-12-14 21:48:02,879] Epoch: 300 to 350, Batch: 25.00%, Mean Reward: -0.28, MSE: 0.90516, LR: 0.00609
[2023-12-14 21:48:04,257] Epoch: 300 to 350, Batch: 31.25%, Mean Reward: -0.44, MSE: 0.93828, LR: 0.00606
[2023-12-14 21:48:05,724] Epoch: 300 to 350, Batch: 37.50%, Mean Reward: -0.60, MSE: 0.96831, LR: 0.00603
[2023-12-14 21:48:07,108] Epoch: 300 to 350, Batch: 43.75%, Mean Reward: -0.20, MSE: 0.88896, LR: 0.00600
[2023-12-14 21:48:08,533] Epoch: 300 to 350, Batch: 50.00%, Mean Reward: -0.20, MSE: 0.88810, LR: 0.00597
[2023-12-14 21:48:09,947] Epoch: 300 to 350, Batch: 56.25%, Mean Reward: -0.52, MSE: 0.95541, LR: 0.00594
[2023-12-14 21:48:11,488] Epoch: 300 to 350, Batch: 62.50%, Mean Reward: -0.44, MSE: 0.93325, LR: 0.00591
[2023-12-14 21:48:12,978] Epoch: 300 to 350, Batch: 68.75%, Mean Reward: -0.44, MSE: 0.93229, LR: 0.00588
[2023-12-14 21:48:14,390] Epoch: 300 to 350, Batch: 75.00%, Mean Reward: -0.84, MSE: 1.02025, LR: 0.00585
[2023-12-14 21:48:15,824] Epoch: 300 to 350, Batch: 81.25%, Mean Reward: -0.44, MSE: 0.93297, LR: 0.00582
[2023-12-14 21:48:17,234] Epoch: 300 to 350, Batch: 87.50%, Mean Reward: -0.52, MSE: 0.94885, LR: 0.00579
[2023-12-14 21:48:18,676] Epoch: 300 to 350, Batch: 93.75%, Mean Reward: -0.36, MSE: 0.90923, LR: 0.00576
[2023-12-14 21:48:20,106] Epoch: 300 to 350, Batch: 100.00%, Mean Reward: -0.28, MSE: 0.90004, LR: 0.00573
[2023-12-14 21:49:11,882] Epoch: 350 to 400, Batch: 6.25%, Mean Reward: -0.20, MSE: 0.88797, LR: 0.00570
[2023-12-14 21:49:13,388] Epoch: 350 to 400, Batch: 12.50%, Mean Reward: -0.60, MSE: 0.96368, LR: 0.00568
[2023-12-14 21:49:14,883] Epoch: 350 to 400, Batch: 18.75%, Mean Reward: -0.68, MSE: 0.98826, LR: 0.00565
[2023-12-14 21:49:16,310] Epoch: 350 to 400, Batch: 25.00%, Mean Reward: -0.52, MSE: 0.95249, LR: 0.00562
[2023-12-14 21:49:17,694] Epoch: 350 to 400, Batch: 31.25%, Mean Reward: -0.44, MSE: 0.94140, LR: 0.00559
[2023-12-14 21:49:19,153] Epoch: 350 to 400, Batch: 37.50%, Mean Reward: -0.60, MSE: 0.96367, LR: 0.00556
[2023-12-14 21:49:20,538] Epoch: 350 to 400, Batch: 43.75%, Mean Reward: -0.28, MSE: 0.90112, LR: 0.00554
[2023-12-14 21:49:22,005] Epoch: 350 to 400, Batch: 50.00%, Mean Reward: -0.12, MSE: 0.86507, LR: 0.00551
[2023-12-14 21:49:23,471] Epoch: 350 to 400, Batch: 56.25%, Mean Reward: -0.20, MSE: 0.88406, LR: 0.00548
[2023-12-14 21:49:24,942] Epoch: 350 to 400, Batch: 62.50%, Mean Reward: -0.44, MSE: 0.93327, LR: 0.00545
[2023-12-14 21:49:26,453] Epoch: 350 to 400, Batch: 68.75%, Mean Reward: -0.52, MSE: 0.94971, LR: 0.00543
[2023-12-14 21:49:27,888] Epoch: 350 to 400, Batch: 75.00%, Mean Reward: -0.28, MSE: 0.89967, LR: 0.00540
[2023-12-14 21:49:29,303] Epoch: 350 to 400, Batch: 81.25%, Mean Reward: -0.68, MSE: 0.99310, LR: 0.00537
[2023-12-14 21:49:30,730] Epoch: 350 to 400, Batch: 87.50%, Mean Reward: -0.36, MSE: 0.91782, LR: 0.00534
[2023-12-14 21:49:32,189] Epoch: 350 to 400, Batch: 93.75%, Mean Reward: -0.04, MSE: 0.84564, LR: 0.00532
[2023-12-14 21:49:33,603] Epoch: 350 to 400, Batch: 100.00%, Mean Reward: -0.52, MSE: 0.95139, LR: 0.00529
[2023-12-14 21:50:22,825] Epoch: 400 to 450, Batch: 6.25%, Mean Reward: -0.28, MSE: 0.89347, LR: 0.00526
[2023-12-14 21:50:24,207] Epoch: 400 to 450, Batch: 12.50%, Mean Reward: -0.52, MSE: 0.95693, LR: 0.00524
[2023-12-14 21:50:25,571] Epoch: 400 to 450, Batch: 18.75%, Mean Reward: -0.28, MSE: 0.90220, LR: 0.00521
[2023-12-14 21:50:27,061] Epoch: 400 to 450, Batch: 25.00%, Mean Reward: -0.44, MSE: 0.93417, LR: 0.00519
[2023-12-14 21:50:28,500] Epoch: 400 to 450, Batch: 31.25%, Mean Reward: -0.44, MSE: 0.93206, LR: 0.00516
[2023-12-14 21:50:29,964] Epoch: 400 to 450, Batch: 37.50%, Mean Reward: -0.28, MSE: 0.90008, LR: 0.00513
[2023-12-14 21:50:31,406] Epoch: 400 to 450, Batch: 43.75%, Mean Reward: -0.28, MSE: 0.89888, LR: 0.00511
[2023-12-14 21:50:32,867] Epoch: 400 to 450, Batch: 50.00%, Mean Reward: -0.36, MSE: 0.91987, LR: 0.00508
[2023-12-14 21:50:34,350] Epoch: 400 to 450, Batch: 56.25%, Mean Reward: -0.20, MSE: 0.88407, LR: 0.00506
[2023-12-14 21:50:35,802] Epoch: 400 to 450, Batch: 62.50%, Mean Reward: -0.36, MSE: 0.91625, LR: 0.00503
[2023-12-14 21:50:37,177] Epoch: 400 to 450, Batch: 68.75%, Mean Reward: -0.52, MSE: 0.95407, LR: 0.00501
[2023-12-14 21:50:38,568] Epoch: 400 to 450, Batch: 75.00%, Mean Reward: -0.52, MSE: 0.95323, LR: 0.00498
[2023-12-14 21:50:39,910] Epoch: 400 to 450, Batch: 81.25%, Mean Reward: -0.76, MSE: 0.99929, LR: 0.00496
[2023-12-14 21:50:41,404] Epoch: 400 to 450, Batch: 87.50%, Mean Reward: -0.20, MSE: 0.88720, LR: 0.00493
[2023-12-14 21:50:42,864] Epoch: 400 to 450, Batch: 93.75%, Mean Reward: -0.36, MSE: 0.92217, LR: 0.00491
[2023-12-14 21:50:44,264] Epoch: 400 to 450, Batch: 100.00%, Mean Reward: -0.28, MSE: 0.89970, LR: 0.00488
[2023-12-14 21:51:33,163] Epoch: 450 to 500, Batch: 6.25%, Mean Reward: -0.28, MSE: 0.89713, LR: 0.00486
[2023-12-14 21:51:34,592] Epoch: 450 to 500, Batch: 12.50%, Mean Reward: -0.60, MSE: 0.97086, LR: 0.00483
[2023-12-14 21:51:35,988] Epoch: 450 to 500, Batch: 18.75%, Mean Reward: -0.36, MSE: 0.92018, LR: 0.00481
[2023-12-14 21:51:37,492] Epoch: 450 to 500, Batch: 25.00%, Mean Reward: -0.52, MSE: 0.95597, LR: 0.00479
[2023-12-14 21:51:38,823] Epoch: 450 to 500, Batch: 31.25%, Mean Reward: -0.28, MSE: 0.90314, LR: 0.00476
[2023-12-14 21:51:40,310] Epoch: 450 to 500, Batch: 37.50%, Mean Reward: -0.20, MSE: 0.88707, LR: 0.00474
[2023-12-14 21:51:41,783] Epoch: 450 to 500, Batch: 43.75%, Mean Reward: -0.28, MSE: 0.89540, LR: 0.00471
[2023-12-14 21:51:43,230] Epoch: 450 to 500, Batch: 50.00%, Mean Reward: -0.84, MSE: 1.01516, LR: 0.00469
[2023-12-14 21:51:44,731] Epoch: 450 to 500, Batch: 56.25%, Mean Reward: -0.44, MSE: 0.92870, LR: 0.00467
[2023-12-14 21:51:46,179] Epoch: 450 to 500, Batch: 62.50%, Mean Reward: -0.44, MSE: 0.93160, LR: 0.00464
[2023-12-14 21:51:47,612] Epoch: 450 to 500, Batch: 68.75%, Mean Reward: -0.44, MSE: 0.93986, LR: 0.00462
[2023-12-14 21:51:48,990] Epoch: 450 to 500, Batch: 75.00%, Mean Reward: -0.52, MSE: 0.95028, LR: 0.00460
[2023-12-14 21:51:50,418] Epoch: 450 to 500, Batch: 81.25%, Mean Reward: -0.44, MSE: 0.93955, LR: 0.00458
[2023-12-14 21:51:51,937] Epoch: 450 to 500, Batch: 87.50%, Mean Reward: -0.36, MSE: 0.91261, LR: 0.00455
[2023-12-14 21:51:53,407] Epoch: 450 to 500, Batch: 93.75%, Mean Reward: -0.28, MSE: 0.89733, LR: 0.00453
[2023-12-14 21:51:54,891] Epoch: 450 to 500, Batch: 100.00%, Mean Reward: -0.44, MSE: 0.93563, LR: 0.00451
[2023-12-14 21:52:45,894] Epoch: 500 to 550, Batch: 6.25%, Mean Reward: -0.44, MSE: 0.93937, LR: 0.00448
[2023-12-14 21:52:47,380] Epoch: 500 to 550, Batch: 12.50%, Mean Reward: -0.60, MSE: 0.96610, LR: 0.00446
[2023-12-14 21:52:48,835] Epoch: 500 to 550, Batch: 18.75%, Mean Reward: -0.52, MSE: 0.94352, LR: 0.00444
[2023-12-14 21:52:50,305] Epoch: 500 to 550, Batch: 25.00%, Mean Reward: -0.68, MSE: 0.98730, LR: 0.00442
[2023-12-14 21:52:51,716] Epoch: 500 to 550, Batch: 31.25%, Mean Reward: -0.52, MSE: 0.96128, LR: 0.00440
[2023-12-14 21:52:53,161] Epoch: 500 to 550, Batch: 37.50%, Mean Reward: -0.04, MSE: 0.85090, LR: 0.00437
[2023-12-14 21:52:54,631] Epoch: 500 to 550, Batch: 43.75%, Mean Reward: -0.12, MSE: 0.86794, LR: 0.00435
[2023-12-14 21:52:56,117] Epoch: 500 to 550, Batch: 50.00%, Mean Reward: -0.52, MSE: 0.95222, LR: 0.00433
[2023-12-14 21:52:57,611] Epoch: 500 to 550, Batch: 56.25%, Mean Reward: -0.20, MSE: 0.88111, LR: 0.00431
[2023-12-14 21:52:59,063] Epoch: 500 to 550, Batch: 62.50%, Mean Reward: -0.28, MSE: 0.90739, LR: 0.00429
[2023-12-14 21:53:00,658] Epoch: 500 to 550, Batch: 68.75%, Mean Reward: -0.44, MSE: 0.93097, LR: 0.00427
[2023-12-14 21:53:02,159] Epoch: 500 to 550, Batch: 75.00%, Mean Reward: -0.52, MSE: 0.94938, LR: 0.00424
[2023-12-14 21:53:03,539] Epoch: 500 to 550, Batch: 81.25%, Mean Reward: -0.20, MSE: 0.88672, LR: 0.00422
[2023-12-14 21:53:05,058] Epoch: 500 to 550, Batch: 87.50%, Mean Reward: -0.28, MSE: 0.89883, LR: 0.00420
[2023-12-14 21:53:06,567] Epoch: 500 to 550, Batch: 93.75%, Mean Reward: -0.44, MSE: 0.93285, LR: 0.00418
[2023-12-14 21:53:08,139] Epoch: 500 to 550, Batch: 100.00%, Mean Reward: -0.68, MSE: 0.98261, LR: 0.00416
[2023-12-14 21:54:00,686] Epoch: 550 to 600, Batch: 6.25%, Mean Reward: -0.12, MSE: 0.87345, LR: 0.00414
[2023-12-14 21:54:02,143] Epoch: 550 to 600, Batch: 12.50%, Mean Reward: -0.28, MSE: 0.89403, LR: 0.00412
[2023-12-14 21:54:03,662] Epoch: 550 to 600, Batch: 18.75%, Mean Reward: -0.20, MSE: 0.88334, LR: 0.00410
[2023-12-14 21:54:05,178] Epoch: 550 to 600, Batch: 25.00%, Mean Reward: -0.60, MSE: 0.96774, LR: 0.00408
[2023-12-14 21:54:06,546] Epoch: 550 to 600, Batch: 31.25%, Mean Reward: -0.52, MSE: 0.95460, LR: 0.00406
[2023-12-14 21:54:07,905] Epoch: 550 to 600, Batch: 37.50%, Mean Reward: -0.36, MSE: 0.92220, LR: 0.00404
[2023-12-14 21:54:09,447] Epoch: 550 to 600, Batch: 43.75%, Mean Reward: -0.20, MSE: 0.88037, LR: 0.00402
[2023-12-14 21:54:10,865] Epoch: 550 to 600, Batch: 50.00%, Mean Reward: -0.52, MSE: 0.94865, LR: 0.00400
[2023-12-14 21:54:12,299] Epoch: 550 to 600, Batch: 56.25%, Mean Reward: -0.84, MSE: 1.01505, LR: 0.00398
[2023-12-14 21:54:13,802] Epoch: 550 to 600, Batch: 62.50%, Mean Reward: -0.36, MSE: 0.91677, LR: 0.00396
[2023-12-14 21:54:15,232] Epoch: 550 to 600, Batch: 68.75%, Mean Reward: -0.44, MSE: 0.93866, LR: 0.00394
[2023-12-14 21:54:16,632] Epoch: 550 to 600, Batch: 75.00%, Mean Reward: -0.52, MSE: 0.95405, LR: 0.00392
[2023-12-14 21:54:18,059] Epoch: 550 to 600, Batch: 81.25%, Mean Reward: -0.36, MSE: 0.91554, LR: 0.00390
[2023-12-14 21:54:19,498] Epoch: 550 to 600, Batch: 87.50%, Mean Reward: -0.52, MSE: 0.95545, LR: 0.00388
[2023-12-14 21:54:20,884] Epoch: 550 to 600, Batch: 93.75%, Mean Reward: -0.68, MSE: 0.98973, LR: 0.00386
[2023-12-14 21:54:22,442] Epoch: 550 to 600, Batch: 100.00%, Mean Reward: -0.12, MSE: 0.86183, LR: 0.00384
[2023-12-14 21:55:11,962] Epoch: 600 to 650, Batch: 6.25%, Mean Reward: -0.36, MSE: 0.91122, LR: 0.00382
[2023-12-14 21:55:13,464] Epoch: 600 to 650, Batch: 12.50%, Mean Reward: -0.52, MSE: 0.94357, LR: 0.00380
[2023-12-14 21:55:14,921] Epoch: 600 to 650, Batch: 18.75%, Mean Reward: -0.76, MSE: 1.00140, LR: 0.00378
[2023-12-14 21:55:16,425] Epoch: 600 to 650, Batch: 25.00%, Mean Reward: -0.68, MSE: 0.98662, LR: 0.00376
[2023-12-14 21:55:17,901] Epoch: 600 to 650, Batch: 31.25%, Mean Reward: -0.28, MSE: 0.89372, LR: 0.00374
[2023-12-14 21:55:19,424] Epoch: 600 to 650, Batch: 37.50%, Mean Reward: -0.12, MSE: 0.86845, LR: 0.00373
[2023-12-14 21:55:20,937] Epoch: 600 to 650, Batch: 43.75%, Mean Reward: -0.68, MSE: 0.97898, LR: 0.00371
[2023-12-14 21:55:22,309] Epoch: 600 to 650, Batch: 50.00%, Mean Reward: -0.04, MSE: 0.85315, LR: 0.00369
[2023-12-14 21:55:23,867] Epoch: 600 to 650, Batch: 56.25%, Mean Reward: -0.52, MSE: 0.94527, LR: 0.00367
[2023-12-14 21:55:25,394] Epoch: 600 to 650, Batch: 62.50%, Mean Reward: -0.36, MSE: 0.91366, LR: 0.00365
[2023-12-14 21:55:26,911] Epoch: 600 to 650, Batch: 68.75%, Mean Reward: -0.60, MSE: 0.96736, LR: 0.00363
[2023-12-14 21:55:28,366] Epoch: 600 to 650, Batch: 75.00%, Mean Reward: -0.52, MSE: 0.95008, LR: 0.00361
[2023-12-14 21:55:29,860] Epoch: 600 to 650, Batch: 81.25%, Mean Reward: -0.36, MSE: 0.91644, LR: 0.00360
[2023-12-14 21:55:31,345] Epoch: 600 to 650, Batch: 87.50%, Mean Reward: -0.36, MSE: 0.91731, LR: 0.00358
[2023-12-14 21:55:32,795] Epoch: 600 to 650, Batch: 93.75%, Mean Reward: -0.44, MSE: 0.93691, LR: 0.00356
[2023-12-14 21:55:34,192] Epoch: 600 to 650, Batch: 100.00%, Mean Reward: -0.52, MSE: 0.95045, LR: 0.00354
[2023-12-14 21:56:23,364] Epoch: 650 to 700, Batch: 6.25%, Mean Reward: -0.44, MSE: 0.93928, LR: 0.00353
[2023-12-14 21:56:24,913] Epoch: 650 to 700, Batch: 12.50%, Mean Reward: -0.76, MSE: 0.99386, LR: 0.00351
[2023-12-14 21:56:26,360] Epoch: 650 to 700, Batch: 18.75%, Mean Reward: -0.52, MSE: 0.95463, LR: 0.00349
[2023-12-14 21:56:27,796] Epoch: 650 to 700, Batch: 25.00%, Mean Reward: -0.68, MSE: 0.98504, LR: 0.00347
[2023-12-14 21:56:29,339] Epoch: 650 to 700, Batch: 31.25%, Mean Reward: -0.28, MSE: 0.89779, LR: 0.00346
[2023-12-14 21:56:30,858] Epoch: 650 to 700, Batch: 37.50%, Mean Reward: -0.36, MSE: 0.91737, LR: 0.00344
[2023-12-14 21:56:32,380] Epoch: 650 to 700, Batch: 43.75%, Mean Reward: -0.44, MSE: 0.93594, LR: 0.00342
[2023-12-14 21:56:33,814] Epoch: 650 to 700, Batch: 50.00%, Mean Reward: -0.60, MSE: 0.96282, LR: 0.00340
[2023-12-14 21:56:35,282] Epoch: 650 to 700, Batch: 56.25%, Mean Reward: -0.20, MSE: 0.88276, LR: 0.00339
[2023-12-14 21:56:36,750] Epoch: 650 to 700, Batch: 62.50%, Mean Reward: -0.52, MSE: 0.95085, LR: 0.00337
[2023-12-14 21:56:38,266] Epoch: 650 to 700, Batch: 68.75%, Mean Reward: -0.60, MSE: 0.96451, LR: 0.00335
[2023-12-14 21:56:39,824] Epoch: 650 to 700, Batch: 75.00%, Mean Reward: -0.36, MSE: 0.91665, LR: 0.00334
[2023-12-14 21:56:41,290] Epoch: 650 to 700, Batch: 81.25%, Mean Reward: -0.20, MSE: 0.88722, LR: 0.00332
[2023-12-14 21:56:42,689] Epoch: 650 to 700, Batch: 87.50%, Mean Reward: -0.44, MSE: 0.94417, LR: 0.00330
[2023-12-14 21:56:44,151] Epoch: 650 to 700, Batch: 93.75%, Mean Reward: -0.60, MSE: 0.96354, LR: 0.00329
[2023-12-14 21:56:45,620] Epoch: 650 to 700, Batch: 100.00%, Mean Reward: -0.60, MSE: 0.96405, LR: 0.00327
[2023-12-14 21:57:35,763] Epoch: 700 to 750, Batch: 6.25%, Mean Reward: -0.52, MSE: 0.94785, LR: 0.00325
[2023-12-14 21:57:37,337] Epoch: 700 to 750, Batch: 12.50%, Mean Reward: -0.20, MSE: 0.88062, LR: 0.00324
[2023-12-14 21:57:38,787] Epoch: 700 to 750, Batch: 18.75%, Mean Reward: -0.44, MSE: 0.93664, LR: 0.00322
[2023-12-14 21:57:40,259] Epoch: 700 to 750, Batch: 25.00%, Mean Reward: -0.68, MSE: 0.97806, LR: 0.00321
[2023-12-14 21:57:41,733] Epoch: 700 to 750, Batch: 31.25%, Mean Reward: -0.36, MSE: 0.91593, LR: 0.00319
[2023-12-14 21:57:43,119] Epoch: 700 to 750, Batch: 37.50%, Mean Reward: -0.52, MSE: 0.96137, LR: 0.00317
[2023-12-14 21:57:44,637] Epoch: 700 to 750, Batch: 43.75%, Mean Reward: -0.60, MSE: 0.96397, LR: 0.00316
[2023-12-14 21:57:46,090] Epoch: 700 to 750, Batch: 50.00%, Mean Reward: -0.52, MSE: 0.94902, LR: 0.00314
[2023-12-14 21:57:47,571] Epoch: 700 to 750, Batch: 56.25%, Mean Reward: -0.12, MSE: 0.86862, LR: 0.00313
[2023-12-14 21:57:49,027] Epoch: 700 to 750, Batch: 62.50%, Mean Reward: -0.52, MSE: 0.95216, LR: 0.00311
[2023-12-14 21:57:50,588] Epoch: 700 to 750, Batch: 68.75%, Mean Reward: -0.52, MSE: 0.94705, LR: 0.00309
[2023-12-14 21:57:52,039] Epoch: 700 to 750, Batch: 75.00%, Mean Reward: -0.60, MSE: 0.96657, LR: 0.00308
[2023-12-14 21:57:53,533] Epoch: 700 to 750, Batch: 81.25%, Mean Reward: -0.04, MSE: 0.85107, LR: 0.00306
[2023-12-14 21:57:54,991] Epoch: 700 to 750, Batch: 87.50%, Mean Reward: -0.44, MSE: 0.93460, LR: 0.00305
[2023-12-14 21:57:56,409] Epoch: 700 to 750, Batch: 93.75%, Mean Reward: -0.52, MSE: 0.94899, LR: 0.00303
[2023-12-14 21:57:57,921] Epoch: 700 to 750, Batch: 100.00%, Mean Reward: -0.68, MSE: 0.98046, LR: 0.00302
[2023-12-14 21:58:46,380] Epoch: 750 to 800, Batch: 6.25%, Mean Reward: -0.36, MSE: 0.92130, LR: 0.00300
[2023-12-14 21:58:47,855] Epoch: 750 to 800, Batch: 12.50%, Mean Reward: -0.68, MSE: 0.98637, LR: 0.00299
[2023-12-14 21:58:49,379] Epoch: 750 to 800, Batch: 18.75%, Mean Reward: -0.44, MSE: 0.93398, LR: 0.00297
[2023-12-14 21:58:50,861] Epoch: 750 to 800, Batch: 25.00%, Mean Reward: -0.68, MSE: 0.98565, LR: 0.00296
[2023-12-14 21:58:52,334] Epoch: 750 to 800, Batch: 31.25%, Mean Reward: -0.84, MSE: 1.01368, LR: 0.00294
[2023-12-14 21:58:53,765] Epoch: 750 to 800, Batch: 37.50%, Mean Reward: -0.68, MSE: 0.98343, LR: 0.00293
[2023-12-14 21:58:55,151] Epoch: 750 to 800, Batch: 43.75%, Mean Reward: -0.92, MSE: 1.03408, LR: 0.00291
[2023-12-14 21:58:56,683] Epoch: 750 to 800, Batch: 50.00%, Mean Reward: -0.68, MSE: 0.97800, LR: 0.00290
[2023-12-14 21:58:58,098] Epoch: 750 to 800, Batch: 56.25%, Mean Reward: -0.60, MSE: 0.96906, LR: 0.00288
[2023-12-14 21:58:59,525] Epoch: 750 to 800, Batch: 62.50%, Mean Reward: -0.84, MSE: 1.01152, LR: 0.00287
[2023-12-14 21:59:01,049] Epoch: 750 to 800, Batch: 68.75%, Mean Reward: -0.52, MSE: 0.94821, LR: 0.00286
[2023-12-14 21:59:02,443] Epoch: 750 to 800, Batch: 75.00%, Mean Reward: -0.52, MSE: 0.95735, LR: 0.00284
[2023-12-14 21:59:03,844] Epoch: 750 to 800, Batch: 81.25%, Mean Reward: -0.36, MSE: 0.92447, LR: 0.00283
[2023-12-14 21:59:05,229] Epoch: 750 to 800, Batch: 87.50%, Mean Reward: -0.60, MSE: 0.97103, LR: 0.00281
[2023-12-14 21:59:06,675] Epoch: 750 to 800, Batch: 93.75%, Mean Reward: -0.52, MSE: 0.95051, LR: 0.00280
[2023-12-14 21:59:08,152] Epoch: 750 to 800, Batch: 100.00%, Mean Reward: -0.44, MSE: 0.93125, LR: 0.00279
[2023-12-14 21:59:58,150] Epoch: 800 to 850, Batch: 6.25%, Mean Reward: -0.44, MSE: 0.93792, LR: 0.00277
[2023-12-14 21:59:59,611] Epoch: 800 to 850, Batch: 12.50%, Mean Reward: -0.20, MSE: 0.87990, LR: 0.00276
[2023-12-14 22:00:01,134] Epoch: 800 to 850, Batch: 18.75%, Mean Reward: -0.60, MSE: 0.96559, LR: 0.00274
[2023-12-14 22:00:02,586] Epoch: 800 to 850, Batch: 25.00%, Mean Reward: -0.28, MSE: 0.89557, LR: 0.00273
[2023-12-14 22:00:04,096] Epoch: 800 to 850, Batch: 31.25%, Mean Reward: -0.36, MSE: 0.91769, LR: 0.00272
[2023-12-14 22:00:05,626] Epoch: 800 to 850, Batch: 37.50%, Mean Reward: -0.12, MSE: 0.86780, LR: 0.00270
[2023-12-14 22:00:07,036] Epoch: 800 to 850, Batch: 43.75%, Mean Reward: -0.76, MSE: 1.00376, LR: 0.00269
[2023-12-14 22:00:08,510] Epoch: 800 to 850, Batch: 50.00%, Mean Reward: -0.52, MSE: 0.94915, LR: 0.00268
[2023-12-14 22:00:10,088] Epoch: 800 to 850, Batch: 56.25%, Mean Reward: -0.52, MSE: 0.94453, LR: 0.00266
[2023-12-14 22:00:11,482] Epoch: 800 to 850, Batch: 62.50%, Mean Reward: -0.76, MSE: 1.00201, LR: 0.00265
[2023-12-14 22:00:12,974] Epoch: 800 to 850, Batch: 68.75%, Mean Reward: -0.36, MSE: 0.91618, LR: 0.00264
[2023-12-14 22:00:14,419] Epoch: 800 to 850, Batch: 75.00%, Mean Reward: -0.60, MSE: 0.96863, LR: 0.00262
[2023-12-14 22:00:15,767] Epoch: 800 to 850, Batch: 81.25%, Mean Reward: -0.12, MSE: 0.87464, LR: 0.00261
[2023-12-14 22:00:17,138] Epoch: 800 to 850, Batch: 87.50%, Mean Reward: -0.60, MSE: 0.96669, LR: 0.00260
[2023-12-14 22:00:18,613] Epoch: 800 to 850, Batch: 93.75%, Mean Reward: -0.68, MSE: 0.97859, LR: 0.00258
[2023-12-14 22:00:20,108] Epoch: 800 to 850, Batch: 100.00%, Mean Reward: -0.68, MSE: 0.98496, LR: 0.00257
[2023-12-14 22:01:09,415] Epoch: 850 to 900, Batch: 6.25%, Mean Reward: -0.76, MSE: 0.99935, LR: 0.00256
[2023-12-14 22:01:10,731] Epoch: 850 to 900, Batch: 12.50%, Mean Reward: -0.60, MSE: 0.97789, LR: 0.00255
[2023-12-14 22:01:12,210] Epoch: 850 to 900, Batch: 18.75%, Mean Reward: -0.60, MSE: 0.96630, LR: 0.00253
[2023-12-14 22:01:13,649] Epoch: 850 to 900, Batch: 25.00%, Mean Reward: -0.60, MSE: 0.96784, LR: 0.00252
[2023-12-14 22:01:15,128] Epoch: 850 to 900, Batch: 31.25%, Mean Reward: -0.68, MSE: 0.98055, LR: 0.00251
[2023-12-14 22:01:16,695] Epoch: 850 to 900, Batch: 37.50%, Mean Reward: -0.28, MSE: 0.89419, LR: 0.00249
[2023-12-14 22:01:18,345] Epoch: 850 to 900, Batch: 43.75%, Mean Reward: -0.84, MSE: 1.00560, LR: 0.00248
[2023-12-14 22:01:19,853] Epoch: 850 to 900, Batch: 50.00%, Mean Reward: -0.76, MSE: 0.99657, LR: 0.00247
[2023-12-14 22:01:21,199] Epoch: 850 to 900, Batch: 56.25%, Mean Reward: -0.52, MSE: 0.95593, LR: 0.00246
[2023-12-14 22:01:22,614] Epoch: 850 to 900, Batch: 62.50%, Mean Reward: -0.52, MSE: 0.94825, LR: 0.00245
[2023-12-14 22:01:24,066] Epoch: 850 to 900, Batch: 68.75%, Mean Reward: -0.20, MSE: 0.88911, LR: 0.00243
[2023-12-14 22:01:25,542] Epoch: 850 to 900, Batch: 75.00%, Mean Reward: -0.44, MSE: 0.93252, LR: 0.00242
[2023-12-14 22:01:27,067] Epoch: 850 to 900, Batch: 81.25%, Mean Reward: -0.52, MSE: 0.94319, LR: 0.00241
[2023-12-14 22:01:28,446] Epoch: 850 to 900, Batch: 87.50%, Mean Reward: -0.44, MSE: 0.93277, LR: 0.00240
[2023-12-14 22:01:29,910] Epoch: 850 to 900, Batch: 93.75%, Mean Reward: -0.36, MSE: 0.91763, LR: 0.00238
[2023-12-14 22:01:31,340] Epoch: 850 to 900, Batch: 100.00%, Mean Reward: -0.36, MSE: 0.91688, LR: 0.00237
[2023-12-14 22:02:22,724] Epoch: 900 to 950, Batch: 6.25%, Mean Reward: -0.28, MSE: 0.89850, LR: 0.00236
[2023-12-14 22:02:24,177] Epoch: 900 to 950, Batch: 12.50%, Mean Reward: -0.36, MSE: 0.92064, LR: 0.00235
[2023-12-14 22:02:25,664] Epoch: 900 to 950, Batch: 18.75%, Mean Reward: -0.68, MSE: 0.98172, LR: 0.00234
[2023-12-14 22:02:27,135] Epoch: 900 to 950, Batch: 25.00%, Mean Reward: -0.28, MSE: 0.89814, LR: 0.00233
[2023-12-14 22:02:28,601] Epoch: 900 to 950, Batch: 31.25%, Mean Reward: -0.68, MSE: 0.98335, LR: 0.00231
[2023-12-14 22:02:30,111] Epoch: 900 to 950, Batch: 37.50%, Mean Reward: -0.32, MSE: 0.87535, LR: 0.00230
[2023-12-14 22:02:31,637] Epoch: 900 to 950, Batch: 43.75%, Mean Reward: -0.64, MSE: 0.94218, LR: 0.00229
[2023-12-14 22:02:33,117] Epoch: 900 to 950, Batch: 50.00%, Mean Reward: -0.36, MSE: 0.91815, LR: 0.00228
[2023-12-14 22:02:34,534] Epoch: 900 to 950, Batch: 56.25%, Mean Reward: -0.44, MSE: 0.93464, LR: 0.00227
[2023-12-14 22:02:35,984] Epoch: 900 to 950, Batch: 62.50%, Mean Reward: -0.76, MSE: 0.99909, LR: 0.00226
[2023-12-14 22:02:37,465] Epoch: 900 to 950, Batch: 68.75%, Mean Reward: -0.84, MSE: 1.01628, LR: 0.00225
[2023-12-14 22:02:38,904] Epoch: 900 to 950, Batch: 75.00%, Mean Reward: -0.36, MSE: 0.91489, LR: 0.00223
[2023-12-14 22:02:40,348] Epoch: 900 to 950, Batch: 81.25%, Mean Reward: -0.60, MSE: 0.97002, LR: 0.00222
[2023-12-14 22:02:41,835] Epoch: 900 to 950, Batch: 87.50%, Mean Reward: -0.76, MSE: 0.99895, LR: 0.00221
[2023-12-14 22:02:43,226] Epoch: 900 to 950, Batch: 93.75%, Mean Reward: -0.60, MSE: 0.96651, LR: 0.00220
[2023-12-14 22:02:44,744] Epoch: 900 to 950, Batch: 100.00%, Mean Reward: -0.44, MSE: 0.93717, LR: 0.00219
[2023-12-14 22:03:36,176] Epoch: 950 to 1000, Batch: 6.25%, Mean Reward: -0.68, MSE: 0.98814, LR: 0.00218
[2023-12-14 22:03:37,621] Epoch: 950 to 1000, Batch: 12.50%, Mean Reward: -0.52, MSE: 0.95508, LR: 0.00217
[2023-12-14 22:03:39,027] Epoch: 950 to 1000, Batch: 18.75%, Mean Reward: -0.36, MSE: 0.91705, LR: 0.00216
[2023-12-14 22:03:40,586] Epoch: 950 to 1000, Batch: 25.00%, Mean Reward: -0.52, MSE: 0.94968, LR: 0.00215
[2023-12-14 22:03:42,046] Epoch: 950 to 1000, Batch: 31.25%, Mean Reward: -0.68, MSE: 0.98019, LR: 0.00214
[2023-12-14 22:03:43,557] Epoch: 950 to 1000, Batch: 37.50%, Mean Reward: -0.52, MSE: 0.94515, LR: 0.00212
[2023-12-14 22:03:45,062] Epoch: 950 to 1000, Batch: 43.75%, Mean Reward: -0.60, MSE: 0.96458, LR: 0.00211
[2023-12-14 22:03:46,511] Epoch: 950 to 1000, Batch: 50.00%, Mean Reward: -0.04, MSE: 0.84755, LR: 0.00210
[2023-12-14 22:03:47,989] Epoch: 950 to 1000, Batch: 56.25%, Mean Reward: -0.60, MSE: 0.96255, LR: 0.00209
[2023-12-14 22:03:49,398] Epoch: 950 to 1000, Batch: 62.50%, Mean Reward: -0.36, MSE: 0.91706, LR: 0.00208
[2023-12-14 22:03:50,804] Epoch: 950 to 1000, Batch: 68.75%, Mean Reward: -0.60, MSE: 0.97207, LR: 0.00207
[2023-12-14 22:03:52,385] Epoch: 950 to 1000, Batch: 75.00%, Mean Reward: -0.68, MSE: 0.97585, LR: 0.00206
[2023-12-14 22:03:53,759] Epoch: 950 to 1000, Batch: 81.25%, Mean Reward: -0.52, MSE: 0.95478, LR: 0.00205
[2023-12-14 22:03:55,276] Epoch: 950 to 1000, Batch: 87.50%, Mean Reward: -0.60, MSE: 0.96274, LR: 0.00204
[2023-12-14 22:03:56,861] Epoch: 950 to 1000, Batch: 93.75%, Mean Reward: -0.60, MSE: 0.96051, LR: 0.00203
[2023-12-14 22:03:58,392] Epoch: 950 to 1000, Batch: 100.00%, Mean Reward: -0.28, MSE: 0.89632, LR: 0.00202
[2023-12-14 22:04:47,347] Epoch: 1000 to 1050, Batch: 6.25%, Mean Reward: -0.44, MSE: 0.93128, LR: 0.00201
[2023-12-14 22:04:48,883] Epoch: 1000 to 1050, Batch: 12.50%, Mean Reward: -0.28, MSE: 0.90050, LR: 0.00200
[2023-12-14 22:04:50,318] Epoch: 1000 to 1050, Batch: 18.75%, Mean Reward: -0.84, MSE: 1.01342, LR: 0.00199
[2023-12-14 22:04:51,895] Epoch: 1000 to 1050, Batch: 25.00%, Mean Reward: -0.52, MSE: 0.94557, LR: 0.00198
[2023-12-14 22:04:53,301] Epoch: 1000 to 1050, Batch: 31.25%, Mean Reward: -0.76, MSE: 1.00717, LR: 0.00197
[2023-12-14 22:04:54,762] Epoch: 1000 to 1050, Batch: 37.50%, Mean Reward: -0.44, MSE: 0.93625, LR: 0.00196
[2023-12-14 22:04:56,165] Epoch: 1000 to 1050, Batch: 43.75%, Mean Reward: -0.92, MSE: 1.03342, LR: 0.00195
[2023-12-14 22:04:57,677] Epoch: 1000 to 1050, Batch: 50.00%, Mean Reward: -0.60, MSE: 0.95919, LR: 0.00194
[2023-12-14 22:04:59,229] Epoch: 1000 to 1050, Batch: 56.25%, Mean Reward: -0.36, MSE: 0.91533, LR: 0.00193
[2023-12-14 22:05:00,649] Epoch: 1000 to 1050, Batch: 62.50%, Mean Reward: -0.52, MSE: 0.95601, LR: 0.00192
[2023-12-14 22:05:02,126] Epoch: 1000 to 1050, Batch: 68.75%, Mean Reward: -0.60, MSE: 0.96743, LR: 0.00191
[2023-12-14 22:05:03,610] Epoch: 1000 to 1050, Batch: 75.00%, Mean Reward: -0.36, MSE: 0.91379, LR: 0.00190
[2023-12-14 22:05:05,083] Epoch: 1000 to 1050, Batch: 81.25%, Mean Reward: -0.52, MSE: 0.95105, LR: 0.00189
[2023-12-14 22:05:06,612] Epoch: 1000 to 1050, Batch: 87.50%, Mean Reward: -0.44, MSE: 0.93183, LR: 0.00188
[2023-12-14 22:05:08,032] Epoch: 1000 to 1050, Batch: 93.75%, Mean Reward: -0.84, MSE: 1.01827, LR: 0.00187
[2023-12-14 22:05:09,542] Epoch: 1000 to 1050, Batch: 100.00%, Mean Reward: -0.28, MSE: 0.89927, LR: 0.00187
[2023-12-14 22:06:00,733] Epoch: 1050 to 1100, Batch: 6.25%, Mean Reward: -0.68, MSE: 0.98649, LR: 0.00186
[2023-12-14 22:06:02,230] Epoch: 1050 to 1100, Batch: 12.50%, Mean Reward: -0.68, MSE: 0.98244, LR: 0.00185
[2023-12-14 22:06:03,663] Epoch: 1050 to 1100, Batch: 18.75%, Mean Reward: -0.60, MSE: 0.97327, LR: 0.00184
[2023-12-14 22:06:05,255] Epoch: 1050 to 1100, Batch: 25.00%, Mean Reward: -0.48, MSE: 0.89925, LR: 0.00183
[2023-12-14 22:06:06,763] Epoch: 1050 to 1100, Batch: 31.25%, Mean Reward: -0.60, MSE: 0.96181, LR: 0.00182
[2023-12-14 22:06:08,263] Epoch: 1050 to 1100, Batch: 37.50%, Mean Reward: -0.68, MSE: 0.98289, LR: 0.00181
[2023-12-14 22:06:09,658] Epoch: 1050 to 1100, Batch: 43.75%, Mean Reward: -0.52, MSE: 0.95296, LR: 0.00180
[2023-12-14 22:06:11,049] Epoch: 1050 to 1100, Batch: 50.00%, Mean Reward: -0.76, MSE: 1.00651, LR: 0.00179
[2023-12-14 22:06:12,451] Epoch: 1050 to 1100, Batch: 56.25%, Mean Reward: -0.52, MSE: 0.95148, LR: 0.00178
[2023-12-14 22:06:13,921] Epoch: 1050 to 1100, Batch: 62.50%, Mean Reward: -0.68, MSE: 0.98245, LR: 0.00177
[2023-12-14 22:06:15,382] Epoch: 1050 to 1100, Batch: 68.75%, Mean Reward: -0.52, MSE: 0.95104, LR: 0.00177
[2023-12-14 22:06:16,861] Epoch: 1050 to 1100, Batch: 75.00%, Mean Reward: -0.28, MSE: 0.90328, LR: 0.00176
[2023-12-14 22:06:18,325] Epoch: 1050 to 1100, Batch: 81.25%, Mean Reward: -0.28, MSE: 0.90406, LR: 0.00175
[2023-12-14 22:06:19,914] Epoch: 1050 to 1100, Batch: 87.50%, Mean Reward: -0.36, MSE: 0.91954, LR: 0.00174
[2023-12-14 22:06:21,368] Epoch: 1050 to 1100, Batch: 93.75%, Mean Reward: -0.60, MSE: 0.96673, LR: 0.00173
[2023-12-14 22:06:22,906] Epoch: 1050 to 1100, Batch: 100.00%, Mean Reward: -0.60, MSE: 0.96665, LR: 0.00172
[2023-12-14 22:07:11,579] Epoch: 1100 to 1150, Batch: 6.25%, Mean Reward: -0.44, MSE: 0.93860, LR: 0.00171
[2023-12-14 22:07:12,955] Epoch: 1100 to 1150, Batch: 12.50%, Mean Reward: -0.44, MSE: 0.93897, LR: 0.00170
[2023-12-14 22:07:14,459] Epoch: 1100 to 1150, Batch: 18.75%, Mean Reward: -0.60, MSE: 0.96909, LR: 0.00170
[2023-12-14 22:07:16,008] Epoch: 1100 to 1150, Batch: 25.00%, Mean Reward: -0.28, MSE: 0.89932, LR: 0.00169
[2023-12-14 22:07:17,445] Epoch: 1100 to 1150, Batch: 31.25%, Mean Reward: -0.36, MSE: 0.91653, LR: 0.00168
[2023-12-14 22:07:18,917] Epoch: 1100 to 1150, Batch: 37.50%, Mean Reward: -0.44, MSE: 0.93696, LR: 0.00167
[2023-12-14 22:07:20,378] Epoch: 1100 to 1150, Batch: 43.75%, Mean Reward: -0.44, MSE: 0.93526, LR: 0.00166
[2023-12-14 22:07:21,852] Epoch: 1100 to 1150, Batch: 50.00%, Mean Reward: -0.28, MSE: 0.90044, LR: 0.00165
[2023-12-14 22:07:23,322] Epoch: 1100 to 1150, Batch: 56.25%, Mean Reward: -0.84, MSE: 1.01437, LR: 0.00165
[2023-12-14 22:07:24,858] Epoch: 1100 to 1150, Batch: 62.50%, Mean Reward: -0.44, MSE: 0.92816, LR: 0.00164
[2023-12-14 22:07:26,284] Epoch: 1100 to 1150, Batch: 68.75%, Mean Reward: -0.44, MSE: 0.93710, LR: 0.00163
[2023-12-14 22:07:27,748] Epoch: 1100 to 1150, Batch: 75.00%, Mean Reward: -0.28, MSE: 0.89460, LR: 0.00162
[2023-12-14 22:07:29,222] Epoch: 1100 to 1150, Batch: 81.25%, Mean Reward: -0.44, MSE: 0.92976, LR: 0.00161
[2023-12-14 22:07:30,675] Epoch: 1100 to 1150, Batch: 87.50%, Mean Reward: -0.12, MSE: 0.86775, LR: 0.00160
[2023-12-14 22:07:32,219] Epoch: 1100 to 1150, Batch: 93.75%, Mean Reward: -0.28, MSE: 0.89768, LR: 0.00160
[2023-12-14 22:07:33,691] Epoch: 1100 to 1150, Batch: 100.00%, Mean Reward: -0.52, MSE: 0.94987, LR: 0.00159
[2023-12-14 22:08:22,429] Epoch: 1150 to 1200, Batch: 6.25%, Mean Reward: -0.12, MSE: 0.86715, LR: 0.00158
[2023-12-14 22:08:23,909] Epoch: 1150 to 1200, Batch: 12.50%, Mean Reward: -0.36, MSE: 0.91535, LR: 0.00157
[2023-12-14 22:08:25,507] Epoch: 1150 to 1200, Batch: 18.75%, Mean Reward: -0.36, MSE: 0.91244, LR: 0.00157
[2023-12-14 22:08:26,942] Epoch: 1150 to 1200, Batch: 25.00%, Mean Reward: -0.92, MSE: 1.03446, LR: 0.00156
[2023-12-14 22:08:28,417] Epoch: 1150 to 1200, Batch: 31.25%, Mean Reward: -0.44, MSE: 0.93390, LR: 0.00155
[2023-12-14 22:08:29,909] Epoch: 1150 to 1200, Batch: 37.50%, Mean Reward: -0.44, MSE: 0.93692, LR: 0.00154
[2023-12-14 22:08:31,419] Epoch: 1150 to 1200, Batch: 43.75%, Mean Reward: -0.84, MSE: 1.00852, LR: 0.00153
[2023-12-14 22:08:32,801] Epoch: 1150 to 1200, Batch: 50.00%, Mean Reward: -0.68, MSE: 0.98650, LR: 0.00153
[2023-12-14 22:08:34,193] Epoch: 1150 to 1200, Batch: 56.25%, Mean Reward: -0.52, MSE: 0.95521, LR: 0.00152
[2023-12-14 22:08:35,709] Epoch: 1150 to 1200, Batch: 62.50%, Mean Reward: -0.68, MSE: 0.97954, LR: 0.00151
[2023-12-14 22:08:37,213] Epoch: 1150 to 1200, Batch: 68.75%, Mean Reward: -0.60, MSE: 0.96510, LR: 0.00150
[2023-12-14 22:08:38,703] Epoch: 1150 to 1200, Batch: 75.00%, Mean Reward: -0.36, MSE: 0.91673, LR: 0.00150
[2023-12-14 22:08:40,149] Epoch: 1150 to 1200, Batch: 81.25%, Mean Reward: -0.44, MSE: 0.93957, LR: 0.00149
[2023-12-14 22:08:41,515] Epoch: 1150 to 1200, Batch: 87.50%, Mean Reward: -0.52, MSE: 0.95726, LR: 0.00148
[2023-12-14 22:08:42,841] Epoch: 1150 to 1200, Batch: 93.75%, Mean Reward: -0.60, MSE: 0.97263, LR: 0.00147
[2023-12-14 22:08:44,252] Epoch: 1150 to 1200, Batch: 100.00%, Mean Reward: -0.44, MSE: 0.92809, LR: 0.00147
[2023-12-14 22:09:34,411] Epoch: 1200 to 1250, Batch: 6.25%, Mean Reward: -0.52, MSE: 0.94879, LR: 0.00146
[2023-12-14 22:09:35,883] Epoch: 1200 to 1250, Batch: 12.50%, Mean Reward: -0.60, MSE: 0.96345, LR: 0.00145
[2023-12-14 22:09:37,396] Epoch: 1200 to 1250, Batch: 18.75%, Mean Reward: -0.44, MSE: 0.93683, LR: 0.00144
[2023-12-14 22:09:38,913] Epoch: 1200 to 1250, Batch: 25.00%, Mean Reward: -0.60, MSE: 0.96569, LR: 0.00144
[2023-12-14 22:09:40,298] Epoch: 1200 to 1250, Batch: 31.25%, Mean Reward: -0.76, MSE: 1.00821, LR: 0.00143
[2023-12-14 22:09:41,652] Epoch: 1200 to 1250, Batch: 37.50%, Mean Reward: -0.28, MSE: 0.90209, LR: 0.00142
[2023-12-14 22:09:43,166] Epoch: 1200 to 1250, Batch: 43.75%, Mean Reward: -0.44, MSE: 0.93647, LR: 0.00142
[2023-12-14 22:09:44,573] Epoch: 1200 to 1250, Batch: 50.00%, Mean Reward: -0.36, MSE: 0.91791, LR: 0.00141
[2023-12-14 22:09:46,086] Epoch: 1200 to 1250, Batch: 56.25%, Mean Reward: -0.28, MSE: 0.90103, LR: 0.00140
[2023-12-14 22:09:47,496] Epoch: 1200 to 1250, Batch: 62.50%, Mean Reward: -0.36, MSE: 0.92238, LR: 0.00139
[2023-12-14 22:09:48,887] Epoch: 1200 to 1250, Batch: 68.75%, Mean Reward: -0.84, MSE: 1.01726, LR: 0.00139
[2023-12-14 22:09:50,316] Epoch: 1200 to 1250, Batch: 75.00%, Mean Reward: -0.76, MSE: 0.99968, LR: 0.00138
[2023-12-14 22:09:51,637] Epoch: 1200 to 1250, Batch: 81.25%, Mean Reward: -0.44, MSE: 0.93900, LR: 0.00137
[2023-12-14 22:09:53,239] Epoch: 1200 to 1250, Batch: 87.50%, Mean Reward: -0.56, MSE: 0.92435, LR: 0.00137
[2023-12-14 22:09:54,763] Epoch: 1200 to 1250, Batch: 93.75%, Mean Reward: -0.84, MSE: 1.01114, LR: 0.00136
[2023-12-14 22:09:56,251] Epoch: 1200 to 1250, Batch: 100.00%, Mean Reward: -0.44, MSE: 0.93353, LR: 0.00135
[2023-12-14 22:10:47,127] Epoch: 1250 to 1300, Batch: 6.25%, Mean Reward: -0.36, MSE: 0.91950, LR: 0.00135
[2023-12-14 22:10:48,539] Epoch: 1250 to 1300, Batch: 12.50%, Mean Reward: -0.92, MSE: 1.02895, LR: 0.00134
[2023-12-14 22:10:50,065] Epoch: 1250 to 1300, Batch: 18.75%, Mean Reward: 0.04, MSE: 0.83420, LR: 0.00133
[2023-12-14 22:10:51,597] Epoch: 1250 to 1300, Batch: 25.00%, Mean Reward: -0.68, MSE: 0.97719, LR: 0.00133
[2023-12-14 22:10:53,077] Epoch: 1250 to 1300, Batch: 31.25%, Mean Reward: -0.32, MSE: 0.87529, LR: 0.00132
[2023-12-14 22:10:54,540] Epoch: 1250 to 1300, Batch: 37.50%, Mean Reward: -0.88, MSE: 0.99238, LR: 0.00131
[2023-12-14 22:10:55,889] Epoch: 1250 to 1300, Batch: 43.75%, Mean Reward: -0.84, MSE: 1.02135, LR: 0.00131
[2023-12-14 22:10:57,502] Epoch: 1250 to 1300, Batch: 50.00%, Mean Reward: -0.68, MSE: 0.97985, LR: 0.00130
[2023-12-14 22:10:58,965] Epoch: 1250 to 1300, Batch: 56.25%, Mean Reward: -0.36, MSE: 0.92268, LR: 0.00129
[2023-12-14 22:11:00,435] Epoch: 1250 to 1300, Batch: 62.50%, Mean Reward: -0.52, MSE: 0.94725, LR: 0.00129
[2023-12-14 22:11:01,881] Epoch: 1250 to 1300, Batch: 68.75%, Mean Reward: -0.60, MSE: 0.96379, LR: 0.00128
[2023-12-14 22:11:03,389] Epoch: 1250 to 1300, Batch: 75.00%, Mean Reward: -0.44, MSE: 0.92947, LR: 0.00127
[2023-12-14 22:11:04,868] Epoch: 1250 to 1300, Batch: 81.25%, Mean Reward: -0.68, MSE: 0.98047, LR: 0.00127
[2023-12-14 22:11:06,360] Epoch: 1250 to 1300, Batch: 87.50%, Mean Reward: -0.20, MSE: 0.88222, LR: 0.00126
[2023-12-14 22:11:07,762] Epoch: 1250 to 1300, Batch: 93.75%, Mean Reward: -0.52, MSE: 0.95679, LR: 0.00126
[2023-12-14 22:11:09,339] Epoch: 1250 to 1300, Batch: 100.00%, Mean Reward: -0.44, MSE: 0.93086, LR: 0.00125
[2023-12-14 22:12:01,288] Epoch: 1300 to 1350, Batch: 6.25%, Mean Reward: -0.68, MSE: 0.98506, LR: 0.00124
[2023-12-14 22:12:02,808] Epoch: 1300 to 1350, Batch: 12.50%, Mean Reward: -0.92, MSE: 1.03128, LR: 0.00124
[2023-12-14 22:12:04,311] Epoch: 1300 to 1350, Batch: 18.75%, Mean Reward: -0.60, MSE: 0.96273, LR: 0.00123
[2023-12-14 22:12:05,808] Epoch: 1300 to 1350, Batch: 25.00%, Mean Reward: -0.52, MSE: 0.94473, LR: 0.00122
[2023-12-14 22:12:07,233] Epoch: 1300 to 1350, Batch: 31.25%, Mean Reward: -0.60, MSE: 0.97187, LR: 0.00122
[2023-12-14 22:12:08,671] Epoch: 1300 to 1350, Batch: 37.50%, Mean Reward: -0.84, MSE: 1.01205, LR: 0.00121
[2023-12-14 22:12:10,183] Epoch: 1300 to 1350, Batch: 43.75%, Mean Reward: -0.52, MSE: 0.94529, LR: 0.00121
[2023-12-14 22:12:11,644] Epoch: 1300 to 1350, Batch: 50.00%, Mean Reward: -0.60, MSE: 0.96200, LR: 0.00120
[2023-12-14 22:12:13,136] Epoch: 1300 to 1350, Batch: 56.25%, Mean Reward: -0.52, MSE: 0.94661, LR: 0.00119
[2023-12-14 22:12:14,613] Epoch: 1300 to 1350, Batch: 62.50%, Mean Reward: -0.52, MSE: 0.94957, LR: 0.00119
[2023-12-14 22:12:16,111] Epoch: 1300 to 1350, Batch: 68.75%, Mean Reward: -0.60, MSE: 0.97035, LR: 0.00118
[2023-12-14 22:12:17,546] Epoch: 1300 to 1350, Batch: 75.00%, Mean Reward: -0.44, MSE: 0.93938, LR: 0.00118
[2023-12-14 22:12:18,891] Epoch: 1300 to 1350, Batch: 81.25%, Mean Reward: -0.76, MSE: 1.00620, LR: 0.00117
[2023-12-14 22:12:20,348] Epoch: 1300 to 1350, Batch: 87.50%, Mean Reward: -0.68, MSE: 0.97802, LR: 0.00116
[2023-12-14 22:12:21,924] Epoch: 1300 to 1350, Batch: 93.75%, Mean Reward: -0.84, MSE: 1.01319, LR: 0.00116
[2023-12-14 22:12:23,465] Epoch: 1300 to 1350, Batch: 100.00%, Mean Reward: -0.52, MSE: 0.94595, LR: 0.00115
[2023-12-14 22:13:12,487] Epoch: 1350 to 1400, Batch: 6.25%, Mean Reward: -0.60, MSE: 0.96515, LR: 0.00115
[2023-12-14 22:13:13,996] Epoch: 1350 to 1400, Batch: 12.50%, Mean Reward: -0.60, MSE: 0.96526, LR: 0.00114
[2023-12-14 22:13:15,542] Epoch: 1350 to 1400, Batch: 18.75%, Mean Reward: -0.60, MSE: 0.96218, LR: 0.00114
[2023-12-14 22:13:17,035] Epoch: 1350 to 1400, Batch: 25.00%, Mean Reward: -0.24, MSE: 0.86387, LR: 0.00113
[2023-12-14 22:13:18,673] Epoch: 1350 to 1400, Batch: 31.25%, Mean Reward: -0.20, MSE: 0.87793, LR: 0.00112
[2023-12-14 22:13:20,136] Epoch: 1350 to 1400, Batch: 37.50%, Mean Reward: -0.76, MSE: 1.00112, LR: 0.00112
[2023-12-14 22:13:21,615] Epoch: 1350 to 1400, Batch: 43.75%, Mean Reward: -0.52, MSE: 0.94803, LR: 0.00111
[2023-12-14 22:13:23,090] Epoch: 1350 to 1400, Batch: 50.00%, Mean Reward: -0.60, MSE: 0.96420, LR: 0.00111
[2023-12-14 22:13:24,550] Epoch: 1350 to 1400, Batch: 56.25%, Mean Reward: -0.76, MSE: 1.00219, LR: 0.00110
[2023-12-14 22:13:26,128] Epoch: 1350 to 1400, Batch: 62.50%, Mean Reward: -0.44, MSE: 0.92932, LR: 0.00110
[2023-12-14 22:13:27,808] Epoch: 1350 to 1400, Batch: 68.75%, Mean Reward: -0.52, MSE: 0.94321, LR: 0.00109
[2023-12-14 22:13:29,307] Epoch: 1350 to 1400, Batch: 75.00%, Mean Reward: -0.68, MSE: 0.98622, LR: 0.00109
[2023-12-14 22:13:30,840] Epoch: 1350 to 1400, Batch: 81.25%, Mean Reward: -0.72, MSE: 0.96034, LR: 0.00108
[2023-12-14 22:13:32,321] Epoch: 1350 to 1400, Batch: 87.50%, Mean Reward: -0.44, MSE: 0.93158, LR: 0.00107
[2023-12-14 22:13:33,798] Epoch: 1350 to 1400, Batch: 93.75%, Mean Reward: -0.52, MSE: 0.95447, LR: 0.00107
[2023-12-14 22:13:35,298] Epoch: 1350 to 1400, Batch: 100.00%, Mean Reward: -0.68, MSE: 0.98252, LR: 0.00106
[2023-12-14 22:14:25,895] Epoch: 1400 to 1450, Batch: 6.25%, Mean Reward: -0.36, MSE: 0.91856, LR: 0.00106
[2023-12-14 22:14:27,485] Epoch: 1400 to 1450, Batch: 12.50%, Mean Reward: -0.36, MSE: 0.91431, LR: 0.00105
[2023-12-14 22:14:29,013] Epoch: 1400 to 1450, Batch: 18.75%, Mean Reward: -0.44, MSE: 0.93191, LR: 0.00105
[2023-12-14 22:14:30,442] Epoch: 1400 to 1450, Batch: 25.00%, Mean Reward: -0.52, MSE: 0.94955, LR: 0.00104
[2023-12-14 22:14:31,853] Epoch: 1400 to 1450, Batch: 31.25%, Mean Reward: -0.32, MSE: 0.88395, LR: 0.00104
[2023-12-14 22:14:33,300] Epoch: 1400 to 1450, Batch: 37.50%, Mean Reward: -0.40, MSE: 0.89498, LR: 0.00103
[2023-12-14 22:14:34,755] Epoch: 1400 to 1450, Batch: 43.75%, Mean Reward: -0.52, MSE: 0.95062, LR: 0.00103
[2023-12-14 22:14:36,217] Epoch: 1400 to 1450, Batch: 50.00%, Mean Reward: -0.68, MSE: 0.98478, LR: 0.00102
[2023-12-14 22:14:37,648] Epoch: 1400 to 1450, Batch: 56.25%, Mean Reward: -0.52, MSE: 0.95171, LR: 0.00102
[2023-12-14 22:14:39,085] Epoch: 1400 to 1450, Batch: 62.50%, Mean Reward: -0.68, MSE: 0.98429, LR: 0.00101
[2023-12-14 22:14:40,644] Epoch: 1400 to 1450, Batch: 68.75%, Mean Reward: -0.76, MSE: 0.99233, LR: 0.00101
[2023-12-14 22:14:41,955] Epoch: 1400 to 1450, Batch: 75.00%, Mean Reward: -0.60, MSE: 0.96707, LR: 0.00100
[2023-12-14 22:14:43,387] Epoch: 1400 to 1450, Batch: 81.25%, Mean Reward: -0.76, MSE: 1.00182, LR: 0.00100
[2023-12-14 22:14:44,901] Epoch: 1400 to 1450, Batch: 87.50%, Mean Reward: -0.84, MSE: 1.00908, LR: 0.00099
[2023-12-14 22:14:46,404] Epoch: 1400 to 1450, Batch: 93.75%, Mean Reward: -0.44, MSE: 0.93080, LR: 0.00099
[2023-12-14 22:14:47,814] Epoch: 1400 to 1450, Batch: 100.00%, Mean Reward: -0.52, MSE: 0.95486, LR: 0.00098
[2023-12-14 22:15:38,931] Epoch: 1450 to 1500, Batch: 6.25%, Mean Reward: -0.60, MSE: 0.96270, LR: 0.00098
[2023-12-14 22:15:40,486] Epoch: 1450 to 1500, Batch: 12.50%, Mean Reward: -0.44, MSE: 0.93296, LR: 0.00097
[2023-12-14 22:15:42,024] Epoch: 1450 to 1500, Batch: 18.75%, Mean Reward: -0.52, MSE: 0.94687, LR: 0.00097
[2023-12-14 22:15:43,562] Epoch: 1450 to 1500, Batch: 25.00%, Mean Reward: -0.60, MSE: 0.96280, LR: 0.00096
[2023-12-14 22:15:45,039] Epoch: 1450 to 1500, Batch: 31.25%, Mean Reward: -0.52, MSE: 0.95144, LR: 0.00096
[2023-12-14 22:15:46,561] Epoch: 1450 to 1500, Batch: 37.50%, Mean Reward: -0.68, MSE: 0.97943, LR: 0.00095
[2023-12-14 22:15:47,941] Epoch: 1450 to 1500, Batch: 43.75%, Mean Reward: -0.60, MSE: 0.97317, LR: 0.00095
[2023-12-14 22:15:49,387] Epoch: 1450 to 1500, Batch: 50.00%, Mean Reward: -0.52, MSE: 0.94403, LR: 0.00094
[2023-12-14 22:15:50,808] Epoch: 1450 to 1500, Batch: 56.25%, Mean Reward: -0.60, MSE: 0.96970, LR: 0.00094
[2023-12-14 22:15:52,263] Epoch: 1450 to 1500, Batch: 62.50%, Mean Reward: -0.60, MSE: 0.96476, LR: 0.00093
[2023-12-14 22:15:53,692] Epoch: 1450 to 1500, Batch: 68.75%, Mean Reward: -0.52, MSE: 0.95351, LR: 0.00093
[2023-12-14 22:15:55,112] Epoch: 1450 to 1500, Batch: 75.00%, Mean Reward: -0.60, MSE: 0.97285, LR: 0.00092
[2023-12-14 22:15:56,715] Epoch: 1450 to 1500, Batch: 81.25%, Mean Reward: -0.52, MSE: 0.94330, LR: 0.00092
[2023-12-14 22:15:58,220] Epoch: 1450 to 1500, Batch: 87.50%, Mean Reward: -0.72, MSE: 0.95975, LR: 0.00092
[2023-12-14 22:15:59,800] Epoch: 1450 to 1500, Batch: 93.75%, Mean Reward: -0.32, MSE: 0.87313, LR: 0.00091
[2023-12-14 22:16:01,196] Epoch: 1450 to 1500, Batch: 100.00%, Mean Reward: -0.36, MSE: 0.92348, LR: 0.00091
[2023-12-14 22:16:49,200] Epoch: 1500 to 1550, Batch: 6.25%, Mean Reward: -0.36, MSE: 0.92443, LR: 0.00090
[2023-12-14 22:16:50,589] Epoch: 1500 to 1550, Batch: 12.50%, Mean Reward: -0.36, MSE: 0.91849, LR: 0.00090
[2023-12-14 22:16:52,133] Epoch: 1500 to 1550, Batch: 18.75%, Mean Reward: -0.80, MSE: 0.96798, LR: 0.00089
[2023-12-14 22:16:53,592] Epoch: 1500 to 1550, Batch: 25.00%, Mean Reward: -0.52, MSE: 0.95208, LR: 0.00089
[2023-12-14 22:16:55,102] Epoch: 1500 to 1550, Batch: 31.25%, Mean Reward: -0.44, MSE: 0.93113, LR: 0.00088
[2023-12-14 22:16:56,547] Epoch: 1500 to 1550, Batch: 37.50%, Mean Reward: -0.44, MSE: 0.93187, LR: 0.00088
[2023-12-14 22:16:58,114] Epoch: 1500 to 1550, Batch: 43.75%, Mean Reward: -0.52, MSE: 0.94717, LR: 0.00088
[2023-12-14 22:16:59,782] Epoch: 1500 to 1550, Batch: 50.00%, Mean Reward: -0.64, MSE: 0.93334, LR: 0.00087
[2023-12-14 22:17:01,260] Epoch: 1500 to 1550, Batch: 56.25%, Mean Reward: -0.44, MSE: 0.93500, LR: 0.00087
[2023-12-14 22:17:02,730] Epoch: 1500 to 1550, Batch: 62.50%, Mean Reward: -0.52, MSE: 0.95584, LR: 0.00086
[2023-12-14 22:17:04,289] Epoch: 1500 to 1550, Batch: 68.75%, Mean Reward: -0.60, MSE: 0.96172, LR: 0.00086
[2023-12-14 22:17:05,638] Epoch: 1500 to 1550, Batch: 75.00%, Mean Reward: -0.84, MSE: 1.02266, LR: 0.00085
[2023-12-14 22:17:07,098] Epoch: 1500 to 1550, Batch: 81.25%, Mean Reward: -0.68, MSE: 0.98656, LR: 0.00085
[2023-12-14 22:17:08,518] Epoch: 1500 to 1550, Batch: 87.50%, Mean Reward: -0.44, MSE: 0.93545, LR: 0.00084
[2023-12-14 22:17:10,013] Epoch: 1500 to 1550, Batch: 93.75%, Mean Reward: -0.36, MSE: 0.91247, LR: 0.00084
[2023-12-14 22:17:11,525] Epoch: 1500 to 1550, Batch: 100.00%, Mean Reward: -0.52, MSE: 0.94960, LR: 0.00084
[2023-12-14 22:18:01,113] Epoch: 1550 to 1600, Batch: 6.25%, Mean Reward: -0.28, MSE: 0.90482, LR: 0.00083
[2023-12-14 22:18:02,711] Epoch: 1550 to 1600, Batch: 12.50%, Mean Reward: -0.52, MSE: 0.94510, LR: 0.00083
[2023-12-14 22:18:04,132] Epoch: 1550 to 1600, Batch: 18.75%, Mean Reward: -0.52, MSE: 0.95764, LR: 0.00082
[2023-12-14 22:18:05,643] Epoch: 1550 to 1600, Batch: 25.00%, Mean Reward: -0.52, MSE: 0.94170, LR: 0.00082
[2023-12-14 22:18:07,046] Epoch: 1550 to 1600, Batch: 31.25%, Mean Reward: -0.64, MSE: 0.95394, LR: 0.00082
[2023-12-14 22:18:08,490] Epoch: 1550 to 1600, Batch: 37.50%, Mean Reward: -0.76, MSE: 1.00288, LR: 0.00081
[2023-12-14 22:18:10,022] Epoch: 1550 to 1600, Batch: 43.75%, Mean Reward: -0.28, MSE: 0.90009, LR: 0.00081
[2023-12-14 22:18:11,467] Epoch: 1550 to 1600, Batch: 50.00%, Mean Reward: -0.44, MSE: 0.93597, LR: 0.00080
[2023-12-14 22:18:12,972] Epoch: 1550 to 1600, Batch: 56.25%, Mean Reward: -0.68, MSE: 0.97942, LR: 0.00080
[2023-12-14 22:18:14,415] Epoch: 1550 to 1600, Batch: 62.50%, Mean Reward: -0.60, MSE: 0.96839, LR: 0.00080
[2023-12-14 22:18:15,863] Epoch: 1550 to 1600, Batch: 68.75%, Mean Reward: -0.44, MSE: 0.93160, LR: 0.00079
[2023-12-14 22:18:17,331] Epoch: 1550 to 1600, Batch: 75.00%, Mean Reward: -0.84, MSE: 1.01576, LR: 0.00079
[2023-12-14 22:18:18,831] Epoch: 1550 to 1600, Batch: 81.25%, Mean Reward: -0.68, MSE: 0.98492, LR: 0.00078
[2023-12-14 22:18:20,234] Epoch: 1550 to 1600, Batch: 87.50%, Mean Reward: -0.68, MSE: 0.98052, LR: 0.00078
[2023-12-14 22:18:21,748] Epoch: 1550 to 1600, Batch: 93.75%, Mean Reward: -0.44, MSE: 0.92861, LR: 0.00078
[2023-12-14 22:18:23,242] Epoch: 1550 to 1600, Batch: 100.00%, Mean Reward: -0.44, MSE: 0.92895, LR: 0.00077
[2023-12-14 22:19:12,748] Epoch: 1600 to 1650, Batch: 6.25%, Mean Reward: -0.60, MSE: 0.96736, LR: 0.00077
[2023-12-14 22:19:14,201] Epoch: 1600 to 1650, Batch: 12.50%, Mean Reward: -0.36, MSE: 0.91569, LR: 0.00076
[2023-12-14 22:19:15,698] Epoch: 1600 to 1650, Batch: 18.75%, Mean Reward: -0.68, MSE: 0.98049, LR: 0.00076
[2023-12-14 22:19:17,284] Epoch: 1600 to 1650, Batch: 25.00%, Mean Reward: -0.36, MSE: 0.91391, LR: 0.00076
[2023-12-14 22:19:18,870] Epoch: 1600 to 1650, Batch: 31.25%, Mean Reward: -0.60, MSE: 0.96423, LR: 0.00075
[2023-12-14 22:19:20,222] Epoch: 1600 to 1650, Batch: 37.50%, Mean Reward: -0.84, MSE: 1.02160, LR: 0.00075
[2023-12-14 22:19:21,841] Epoch: 1600 to 1650, Batch: 43.75%, Mean Reward: -0.52, MSE: 0.94265, LR: 0.00075
[2023-12-14 22:19:23,360] Epoch: 1600 to 1650, Batch: 50.00%, Mean Reward: -0.52, MSE: 0.94775, LR: 0.00074
[2023-12-14 22:19:24,882] Epoch: 1600 to 1650, Batch: 56.25%, Mean Reward: -0.36, MSE: 0.91770, LR: 0.00074
[2023-12-14 22:19:26,305] Epoch: 1600 to 1650, Batch: 62.50%, Mean Reward: -0.52, MSE: 0.95742, LR: 0.00073
[2023-12-14 22:19:27,815] Epoch: 1600 to 1650, Batch: 68.75%, Mean Reward: -0.28, MSE: 0.90165, LR: 0.00073
[2023-12-14 22:19:29,384] Epoch: 1600 to 1650, Batch: 75.00%, Mean Reward: -0.60, MSE: 0.96746, LR: 0.00073
[2023-12-14 22:19:30,924] Epoch: 1600 to 1650, Batch: 81.25%, Mean Reward: -0.68, MSE: 0.98023, LR: 0.00072
[2023-12-14 22:19:32,335] Epoch: 1600 to 1650, Batch: 87.50%, Mean Reward: -0.76, MSE: 0.99749, LR: 0.00072
[2023-12-14 22:19:33,872] Epoch: 1600 to 1650, Batch: 93.75%, Mean Reward: -0.52, MSE: 0.94749, LR: 0.00072
[2023-12-14 22:19:35,367] Epoch: 1600 to 1650, Batch: 100.00%, Mean Reward: -0.36, MSE: 0.91822, LR: 0.00071
[2023-12-14 22:20:26,748] Epoch: 1650 to 1700, Batch: 6.25%, Mean Reward: -0.36, MSE: 0.91342, LR: 0.00071
[2023-12-14 22:20:28,232] Epoch: 1650 to 1700, Batch: 12.50%, Mean Reward: -0.60, MSE: 0.96946, LR: 0.00071
[2023-12-14 22:20:29,769] Epoch: 1650 to 1700, Batch: 18.75%, Mean Reward: -0.68, MSE: 0.97926, LR: 0.00070
[2023-12-14 22:20:31,292] Epoch: 1650 to 1700, Batch: 25.00%, Mean Reward: -0.48, MSE: 0.90825, LR: 0.00070
[2023-12-14 22:20:32,839] Epoch: 1650 to 1700, Batch: 31.25%, Mean Reward: -0.52, MSE: 0.94685, LR: 0.00069
[2023-12-14 22:20:34,363] Epoch: 1650 to 1700, Batch: 37.50%, Mean Reward: -0.32, MSE: 0.87364, LR: 0.00069
[2023-12-14 22:20:35,910] Epoch: 1650 to 1700, Batch: 43.75%, Mean Reward: -0.12, MSE: 0.86687, LR: 0.00069
[2023-12-14 22:20:37,492] Epoch: 1650 to 1700, Batch: 50.00%, Mean Reward: -0.36, MSE: 0.91247, LR: 0.00068
[2023-12-14 22:20:38,979] Epoch: 1650 to 1700, Batch: 56.25%, Mean Reward: -0.44, MSE: 0.93888, LR: 0.00068
[2023-12-14 22:20:40,439] Epoch: 1650 to 1700, Batch: 62.50%, Mean Reward: -0.68, MSE: 0.98253, LR: 0.00068
[2023-12-14 22:20:42,002] Epoch: 1650 to 1700, Batch: 68.75%, Mean Reward: -0.60, MSE: 0.96670, LR: 0.00067
[2023-12-14 22:20:43,513] Epoch: 1650 to 1700, Batch: 75.00%, Mean Reward: -0.60, MSE: 0.96565, LR: 0.00067
[2023-12-14 22:20:44,942] Epoch: 1650 to 1700, Batch: 81.25%, Mean Reward: -0.60, MSE: 0.97029, LR: 0.00067
[2023-12-14 22:20:46,347] Epoch: 1650 to 1700, Batch: 87.50%, Mean Reward: -0.68, MSE: 0.98875, LR: 0.00066
[2023-12-14 22:20:47,851] Epoch: 1650 to 1700, Batch: 93.75%, Mean Reward: -0.36, MSE: 0.91609, LR: 0.00066
[2023-12-14 22:20:49,328] Epoch: 1650 to 1700, Batch: 100.00%, Mean Reward: -0.52, MSE: 0.95120, LR: 0.00066
[2023-12-14 22:21:38,433] Epoch: 1700 to 1750, Batch: 6.25%, Mean Reward: -0.52, MSE: 0.94797, LR: 0.00065
[2023-12-14 22:21:39,949] Epoch: 1700 to 1750, Batch: 12.50%, Mean Reward: -0.40, MSE: 0.89504, LR: 0.00065
[2023-12-14 22:21:41,365] Epoch: 1700 to 1750, Batch: 18.75%, Mean Reward: -0.60, MSE: 0.96966, LR: 0.00065
[2023-12-14 22:21:42,835] Epoch: 1700 to 1750, Batch: 25.00%, Mean Reward: -0.68, MSE: 0.98468, LR: 0.00064
[2023-12-14 22:21:44,289] Epoch: 1700 to 1750, Batch: 31.25%, Mean Reward: -0.80, MSE: 0.97535, LR: 0.00064
[2023-12-14 22:21:45,827] Epoch: 1700 to 1750, Batch: 37.50%, Mean Reward: -0.32, MSE: 0.87449, LR: 0.00064
[2023-12-14 22:21:47,274] Epoch: 1700 to 1750, Batch: 43.75%, Mean Reward: -0.76, MSE: 1.00586, LR: 0.00063
[2023-12-14 22:21:48,826] Epoch: 1700 to 1750, Batch: 50.00%, Mean Reward: -0.60, MSE: 0.96398, LR: 0.00063
[2023-12-14 22:21:50,306] Epoch: 1700 to 1750, Batch: 56.25%, Mean Reward: -0.60, MSE: 0.96423, LR: 0.00063
[2023-12-14 22:21:51,918] Epoch: 1700 to 1750, Batch: 62.50%, Mean Reward: -0.60, MSE: 0.96000, LR: 0.00063
[2023-12-14 22:21:53,454] Epoch: 1700 to 1750, Batch: 68.75%, Mean Reward: -0.60, MSE: 0.96349, LR: 0.00062
[2023-12-14 22:21:55,016] Epoch: 1700 to 1750, Batch: 75.00%, Mean Reward: -0.20, MSE: 0.88136, LR: 0.00062
[2023-12-14 22:21:56,553] Epoch: 1700 to 1750, Batch: 81.25%, Mean Reward: -0.76, MSE: 0.99689, LR: 0.00062
[2023-12-14 22:21:58,003] Epoch: 1700 to 1750, Batch: 87.50%, Mean Reward: -0.28, MSE: 0.90042, LR: 0.00061
[2023-12-14 22:21:59,480] Epoch: 1700 to 1750, Batch: 93.75%, Mean Reward: -0.56, MSE: 0.92154, LR: 0.00061
[2023-12-14 22:22:00,963] Epoch: 1700 to 1750, Batch: 100.00%, Mean Reward: -0.76, MSE: 1.00089, LR: 0.00061
[2023-12-14 22:22:48,228] Epoch: 1750 to 1800, Batch: 6.25%, Mean Reward: -0.68, MSE: 0.98155, LR: 0.00060
[2023-12-14 22:22:49,797] Epoch: 1750 to 1800, Batch: 12.50%, Mean Reward: -0.52, MSE: 0.95059, LR: 0.00060
[2023-12-14 22:22:51,298] Epoch: 1750 to 1800, Batch: 18.75%, Mean Reward: -0.52, MSE: 0.95374, LR: 0.00060
[2023-12-14 22:22:52,752] Epoch: 1750 to 1800, Batch: 25.00%, Mean Reward: -0.52, MSE: 0.95299, LR: 0.00059
[2023-12-14 22:22:54,197] Epoch: 1750 to 1800, Batch: 31.25%, Mean Reward: -0.24, MSE: 0.85751, LR: 0.00059
[2023-12-14 22:22:55,776] Epoch: 1750 to 1800, Batch: 37.50%, Mean Reward: -0.44, MSE: 0.93276, LR: 0.00059
[2023-12-14 22:22:57,299] Epoch: 1750 to 1800, Batch: 43.75%, Mean Reward: -0.44, MSE: 0.92962, LR: 0.00059
[2023-12-14 22:22:58,772] Epoch: 1750 to 1800, Batch: 50.00%, Mean Reward: -0.20, MSE: 0.88072, LR: 0.00058
[2023-12-14 22:23:00,342] Epoch: 1750 to 1800, Batch: 56.25%, Mean Reward: -0.68, MSE: 0.97977, LR: 0.00058
[2023-12-14 22:23:01,855] Epoch: 1750 to 1800, Batch: 62.50%, Mean Reward: -0.44, MSE: 0.92747, LR: 0.00058
[2023-12-14 22:23:03,353] Epoch: 1750 to 1800, Batch: 68.75%, Mean Reward: -0.72, MSE: 0.95851, LR: 0.00057
[2023-12-14 22:23:04,818] Epoch: 1750 to 1800, Batch: 75.00%, Mean Reward: -0.76, MSE: 1.00116, LR: 0.00057
[2023-12-14 22:23:06,230] Epoch: 1750 to 1800, Batch: 81.25%, Mean Reward: -0.84, MSE: 1.02095, LR: 0.00057
[2023-12-14 22:23:07,615] Epoch: 1750 to 1800, Batch: 87.50%, Mean Reward: -0.60, MSE: 0.97585, LR: 0.00057
[2023-12-14 22:23:09,037] Epoch: 1750 to 1800, Batch: 93.75%, Mean Reward: -0.56, MSE: 0.93039, LR: 0.00056
[2023-12-14 22:23:10,509] Epoch: 1750 to 1800, Batch: 100.00%, Mean Reward: -0.84, MSE: 1.01705, LR: 0.00056
[2023-12-14 22:24:00,538] Epoch: 1800 to 1850, Batch: 6.25%, Mean Reward: -0.60, MSE: 0.96089, LR: 0.00056
[2023-12-14 22:24:01,988] Epoch: 1800 to 1850, Batch: 12.50%, Mean Reward: -0.60, MSE: 0.96971, LR: 0.00055
[2023-12-14 22:24:03,495] Epoch: 1800 to 1850, Batch: 18.75%, Mean Reward: -0.44, MSE: 0.93095, LR: 0.00055
[2023-12-14 22:24:04,979] Epoch: 1800 to 1850, Batch: 25.00%, Mean Reward: -0.60, MSE: 0.96674, LR: 0.00055
[2023-12-14 22:24:06,421] Epoch: 1800 to 1850, Batch: 31.25%, Mean Reward: -0.76, MSE: 1.00228, LR: 0.00055
[2023-12-14 22:24:07,921] Epoch: 1800 to 1850, Batch: 37.50%, Mean Reward: -0.36, MSE: 0.92304, LR: 0.00054
[2023-12-14 22:24:09,443] Epoch: 1800 to 1850, Batch: 43.75%, Mean Reward: -0.52, MSE: 0.94846, LR: 0.00054
[2023-12-14 22:24:11,005] Epoch: 1800 to 1850, Batch: 50.00%, Mean Reward: -0.44, MSE: 0.93394, LR: 0.00054
[2023-12-14 22:24:12,614] Epoch: 1800 to 1850, Batch: 56.25%, Mean Reward: -0.56, MSE: 0.92177, LR: 0.00054
[2023-12-14 22:24:14,162] Epoch: 1800 to 1850, Batch: 62.50%, Mean Reward: -0.44, MSE: 0.93494, LR: 0.00053
[2023-12-14 22:24:15,613] Epoch: 1800 to 1850, Batch: 68.75%, Mean Reward: -0.52, MSE: 0.95638, LR: 0.00053
[2023-12-14 22:24:17,072] Epoch: 1800 to 1850, Batch: 75.00%, Mean Reward: -0.64, MSE: 0.94257, LR: 0.00053
[2023-12-14 22:24:18,559] Epoch: 1800 to 1850, Batch: 81.25%, Mean Reward: -0.48, MSE: 0.91095, LR: 0.00052
[2023-12-14 22:24:19,968] Epoch: 1800 to 1850, Batch: 87.50%, Mean Reward: -0.68, MSE: 0.98647, LR: 0.00052
[2023-12-14 22:24:21,405] Epoch: 1800 to 1850, Batch: 93.75%, Mean Reward: -0.60, MSE: 0.96965, LR: 0.00052
[2023-12-14 22:24:22,888] Epoch: 1800 to 1850, Batch: 100.00%, Mean Reward: -0.44, MSE: 0.93544, LR: 0.00052
[2023-12-14 22:25:12,934] Epoch: 1850 to 1900, Batch: 6.25%, Mean Reward: -0.36, MSE: 0.92059, LR: 0.00051
[2023-12-14 22:25:14,352] Epoch: 1850 to 1900, Batch: 12.50%, Mean Reward: -0.20, MSE: 0.88028, LR: 0.00051
[2023-12-14 22:25:15,793] Epoch: 1850 to 1900, Batch: 18.75%, Mean Reward: -0.44, MSE: 0.93335, LR: 0.00051
[2023-12-14 22:25:17,253] Epoch: 1850 to 1900, Batch: 25.00%, Mean Reward: -0.44, MSE: 0.93685, LR: 0.00051
[2023-12-14 22:25:18,779] Epoch: 1850 to 1900, Batch: 31.25%, Mean Reward: -0.60, MSE: 0.96348, LR: 0.00050
[2023-12-14 22:25:20,270] Epoch: 1850 to 1900, Batch: 37.50%, Mean Reward: -0.56, MSE: 0.92454, LR: 0.00050
[2023-12-14 22:25:21,718] Epoch: 1850 to 1900, Batch: 43.75%, Mean Reward: -0.60, MSE: 0.97266, LR: 0.00050
[2023-12-14 22:25:23,251] Epoch: 1850 to 1900, Batch: 50.00%, Mean Reward: -0.28, MSE: 0.90378, LR: 0.00050
[2023-12-14 22:25:24,620] Epoch: 1850 to 1900, Batch: 56.25%, Mean Reward: -0.52, MSE: 0.96229, LR: 0.00049
[2023-12-14 22:25:26,117] Epoch: 1850 to 1900, Batch: 62.50%, Mean Reward: -0.52, MSE: 0.94687, LR: 0.00049
[2023-12-14 22:25:27,566] Epoch: 1850 to 1900, Batch: 68.75%, Mean Reward: -0.44, MSE: 0.94020, LR: 0.00049
[2023-12-14 22:25:29,103] Epoch: 1850 to 1900, Batch: 75.00%, Mean Reward: -0.52, MSE: 0.94545, LR: 0.00049
[2023-12-14 22:25:30,552] Epoch: 1850 to 1900, Batch: 81.25%, Mean Reward: -0.44, MSE: 0.93546, LR: 0.00048
[2023-12-14 22:25:31,990] Epoch: 1850 to 1900, Batch: 87.50%, Mean Reward: -0.68, MSE: 0.98322, LR: 0.00048
[2023-12-14 22:25:33,567] Epoch: 1850 to 1900, Batch: 93.75%, Mean Reward: -0.52, MSE: 0.94538, LR: 0.00048
[2023-12-14 22:25:35,136] Epoch: 1850 to 1900, Batch: 100.00%, Mean Reward: -0.28, MSE: 0.89820, LR: 0.00048
[2023-12-14 22:26:24,817] Epoch: 1900 to 1950, Batch: 6.25%, Mean Reward: -0.44, MSE: 0.93593, LR: 0.00047
[2023-12-14 22:26:26,305] Epoch: 1900 to 1950, Batch: 12.50%, Mean Reward: -0.60, MSE: 0.96610, LR: 0.00047
[2023-12-14 22:26:27,896] Epoch: 1900 to 1950, Batch: 18.75%, Mean Reward: -0.52, MSE: 0.94990, LR: 0.00047
[2023-12-14 22:26:29,281] Epoch: 1900 to 1950, Batch: 25.00%, Mean Reward: -0.68, MSE: 0.99019, LR: 0.00047
[2023-12-14 22:26:30,805] Epoch: 1900 to 1950, Batch: 31.25%, Mean Reward: -0.60, MSE: 0.96273, LR: 0.00047
[2023-12-14 22:26:32,265] Epoch: 1900 to 1950, Batch: 37.50%, Mean Reward: -0.76, MSE: 1.00314, LR: 0.00046
[2023-12-14 22:26:33,791] Epoch: 1900 to 1950, Batch: 43.75%, Mean Reward: -0.60, MSE: 0.96198, LR: 0.00046
[2023-12-14 22:26:35,300] Epoch: 1900 to 1950, Batch: 50.00%, Mean Reward: -0.52, MSE: 0.94998, LR: 0.00046
[2023-12-14 22:26:36,822] Epoch: 1900 to 1950, Batch: 56.25%, Mean Reward: -0.60, MSE: 0.96584, LR: 0.00046
[2023-12-14 22:26:38,367] Epoch: 1900 to 1950, Batch: 62.50%, Mean Reward: -1.00, MSE: 1.04139, LR: 0.00045
[2023-12-14 22:26:39,908] Epoch: 1900 to 1950, Batch: 68.75%, Mean Reward: -0.28, MSE: 0.90052, LR: 0.00045
[2023-12-14 22:26:41,366] Epoch: 1900 to 1950, Batch: 75.00%, Mean Reward: -0.60, MSE: 0.96995, LR: 0.00045
[2023-12-14 22:26:42,813] Epoch: 1900 to 1950, Batch: 81.25%, Mean Reward: -0.68, MSE: 0.98388, LR: 0.00045
[2023-12-14 22:26:44,228] Epoch: 1900 to 1950, Batch: 87.50%, Mean Reward: -0.36, MSE: 0.92011, LR: 0.00044
[2023-12-14 22:26:45,703] Epoch: 1900 to 1950, Batch: 93.75%, Mean Reward: -0.68, MSE: 0.98453, LR: 0.00044
[2023-12-14 22:26:47,140] Epoch: 1900 to 1950, Batch: 100.00%, Mean Reward: -0.60, MSE: 0.97492, LR: 0.00044
[2023-12-14 22:27:36,572] Epoch: 1950 to 2000, Batch: 6.25%, Mean Reward: -0.68, MSE: 0.98529, LR: 0.00044
[2023-12-14 22:27:37,968] Epoch: 1950 to 2000, Batch: 12.50%, Mean Reward: -0.76, MSE: 1.00857, LR: 0.00044
[2023-12-14 22:27:39,477] Epoch: 1950 to 2000, Batch: 18.75%, Mean Reward: -0.68, MSE: 0.98173, LR: 0.00043
[2023-12-14 22:27:41,004] Epoch: 1950 to 2000, Batch: 25.00%, Mean Reward: -0.16, MSE: 0.84292, LR: 0.00043
[2023-12-14 22:27:42,452] Epoch: 1950 to 2000, Batch: 31.25%, Mean Reward: -0.80, MSE: 0.97520, LR: 0.00043
[2023-12-14 22:27:43,883] Epoch: 1950 to 2000, Batch: 37.50%, Mean Reward: -0.60, MSE: 0.97022, LR: 0.00043
[2023-12-14 22:27:45,263] Epoch: 1950 to 2000, Batch: 43.75%, Mean Reward: -0.84, MSE: 1.01994, LR: 0.00043
[2023-12-14 22:27:46,665] Epoch: 1950 to 2000, Batch: 50.00%, Mean Reward: -0.84, MSE: 1.02438, LR: 0.00042
[2023-12-14 22:27:48,223] Epoch: 1950 to 2000, Batch: 56.25%, Mean Reward: -0.44, MSE: 0.93422, LR: 0.00042
[2023-12-14 22:27:49,828] Epoch: 1950 to 2000, Batch: 62.50%, Mean Reward: -0.52, MSE: 0.94265, LR: 0.00042
[2023-12-14 22:27:51,332] Epoch: 1950 to 2000, Batch: 68.75%, Mean Reward: -0.60, MSE: 0.96500, LR: 0.00042
[2023-12-14 22:27:52,898] Epoch: 1950 to 2000, Batch: 75.00%, Mean Reward: -0.60, MSE: 0.96508, LR: 0.00041
[2023-12-14 22:27:54,441] Epoch: 1950 to 2000, Batch: 81.25%, Mean Reward: -0.36, MSE: 0.91425, LR: 0.00041
[2023-12-14 22:27:55,859] Epoch: 1950 to 2000, Batch: 87.50%, Mean Reward: -0.68, MSE: 0.98743, LR: 0.00041
[2023-12-14 22:27:57,363] Epoch: 1950 to 2000, Batch: 93.75%, Mean Reward: -0.60, MSE: 0.96575, LR: 0.00041
[2023-12-14 22:27:58,761] Epoch: 1950 to 2000, Batch: 100.00%, Mean Reward: -0.68, MSE: 0.98715, LR: 0.00041
[2023-12-14 22:28:48,924] Epoch: 2000 to 2050, Batch: 6.25%, Mean Reward: -0.76, MSE: 0.99914, LR: 0.00040
[2023-12-14 22:28:50,475] Epoch: 2000 to 2050, Batch: 12.50%, Mean Reward: -0.40, MSE: 0.89228, LR: 0.00040
[2023-12-14 22:28:51,784] Epoch: 2000 to 2050, Batch: 18.75%, Mean Reward: -0.84, MSE: 1.02749, LR: 0.00040
[2023-12-14 22:28:53,146] Epoch: 2000 to 2050, Batch: 25.00%, Mean Reward: -0.52, MSE: 0.96580, LR: 0.00040
[2023-12-14 22:28:54,662] Epoch: 2000 to 2050, Batch: 31.25%, Mean Reward: -0.92, MSE: 1.02746, LR: 0.00040
[2023-12-14 22:28:56,061] Epoch: 2000 to 2050, Batch: 37.50%, Mean Reward: -0.68, MSE: 0.97680, LR: 0.00039
[2023-12-14 22:28:57,474] Epoch: 2000 to 2050, Batch: 43.75%, Mean Reward: -0.52, MSE: 0.95441, LR: 0.00039
[2023-12-14 22:28:59,011] Epoch: 2000 to 2050, Batch: 50.00%, Mean Reward: -0.76, MSE: 0.99419, LR: 0.00039
[2023-12-14 22:29:00,312] Epoch: 2000 to 2050, Batch: 56.25%, Mean Reward: -0.52, MSE: 0.95211, LR: 0.00039
[2023-12-14 22:29:01,734] Epoch: 2000 to 2050, Batch: 62.50%, Mean Reward: -0.52, MSE: 0.95513, LR: 0.00039
[2023-12-14 22:29:03,265] Epoch: 2000 to 2050, Batch: 68.75%, Mean Reward: -0.28, MSE: 0.89957, LR: 0.00038
[2023-12-14 22:29:04,715] Epoch: 2000 to 2050, Batch: 75.00%, Mean Reward: -0.68, MSE: 0.98444, LR: 0.00038
[2023-12-14 22:29:06,130] Epoch: 2000 to 2050, Batch: 81.25%, Mean Reward: -0.12, MSE: 0.87238, LR: 0.00038
[2023-12-14 22:29:07,667] Epoch: 2000 to 2050, Batch: 87.50%, Mean Reward: -0.52, MSE: 0.94157, LR: 0.00038
[2023-12-14 22:29:09,108] Epoch: 2000 to 2050, Batch: 93.75%, Mean Reward: -0.68, MSE: 0.98480, LR: 0.00038
[2023-12-14 22:29:10,592] Epoch: 2000 to 2050, Batch: 100.00%, Mean Reward: -0.44, MSE: 0.93505, LR: 0.00038
[2023-12-14 22:30:01,101] Epoch: 2050 to 2100, Batch: 6.25%, Mean Reward: -0.72, MSE: 0.95908, LR: 0.00037
[2023-12-14 22:30:02,612] Epoch: 2050 to 2100, Batch: 12.50%, Mean Reward: -0.68, MSE: 0.97572, LR: 0.00037
[2023-12-14 22:30:04,153] Epoch: 2050 to 2100, Batch: 18.75%, Mean Reward: -0.28, MSE: 0.89934, LR: 0.00037
[2023-12-14 22:30:05,665] Epoch: 2050 to 2100, Batch: 25.00%, Mean Reward: -0.68, MSE: 0.98005, LR: 0.00037
[2023-12-14 22:30:07,075] Epoch: 2050 to 2100, Batch: 31.25%, Mean Reward: -0.44, MSE: 0.94178, LR: 0.00037
[2023-12-14 22:30:08,640] Epoch: 2050 to 2100, Batch: 37.50%, Mean Reward: -0.44, MSE: 0.92960, LR: 0.00036
[2023-12-14 22:30:10,123] Epoch: 2050 to 2100, Batch: 43.75%, Mean Reward: -0.80, MSE: 0.97409, LR: 0.00036
[2023-12-14 22:30:11,609] Epoch: 2050 to 2100, Batch: 50.00%, Mean Reward: -0.36, MSE: 0.91420, LR: 0.00036
[2023-12-14 22:30:12,992] Epoch: 2050 to 2100, Batch: 56.25%, Mean Reward: -0.44, MSE: 0.94333, LR: 0.00036
[2023-12-14 22:30:14,470] Epoch: 2050 to 2100, Batch: 62.50%, Mean Reward: -0.52, MSE: 0.94599, LR: 0.00036
[2023-12-14 22:30:15,975] Epoch: 2050 to 2100, Batch: 68.75%, Mean Reward: -0.20, MSE: 0.88512, LR: 0.00035
[2023-12-14 22:30:17,483] Epoch: 2050 to 2100, Batch: 75.00%, Mean Reward: -0.44, MSE: 0.92975, LR: 0.00035
[2023-12-14 22:30:18,969] Epoch: 2050 to 2100, Batch: 81.25%, Mean Reward: -0.20, MSE: 0.88538, LR: 0.00035
[2023-12-14 22:30:20,537] Epoch: 2050 to 2100, Batch: 87.50%, Mean Reward: -0.36, MSE: 0.91003, LR: 0.00035
[2023-12-14 22:30:22,107] Epoch: 2050 to 2100, Batch: 93.75%, Mean Reward: -0.36, MSE: 0.91455, LR: 0.00035
[2023-12-14 22:30:23,569] Epoch: 2050 to 2100, Batch: 100.00%, Mean Reward: -0.84, MSE: 1.01434, LR: 0.00035
[2023-12-14 22:31:13,597] Epoch: 2100 to 2150, Batch: 6.25%, Mean Reward: -0.52, MSE: 0.95251, LR: 0.00034
[2023-12-14 22:31:15,068] Epoch: 2100 to 2150, Batch: 12.50%, Mean Reward: -0.52, MSE: 0.94952, LR: 0.00034
[2023-12-14 22:31:16,677] Epoch: 2100 to 2150, Batch: 18.75%, Mean Reward: -0.12, MSE: 0.86467, LR: 0.00034
[2023-12-14 22:31:18,074] Epoch: 2100 to 2150, Batch: 25.00%, Mean Reward: -0.52, MSE: 0.95669, LR: 0.00034
[2023-12-14 22:31:19,628] Epoch: 2100 to 2150, Batch: 31.25%, Mean Reward: -0.20, MSE: 0.88225, LR: 0.00034
[2023-12-14 22:31:21,108] Epoch: 2100 to 2150, Batch: 37.50%, Mean Reward: -0.52, MSE: 0.94641, LR: 0.00034
[2023-12-14 22:31:22,707] Epoch: 2100 to 2150, Batch: 43.75%, Mean Reward: -0.36, MSE: 0.90953, LR: 0.00033
[2023-12-14 22:31:24,119] Epoch: 2100 to 2150, Batch: 50.00%, Mean Reward: -0.76, MSE: 1.00137, LR: 0.00033
[2023-12-14 22:31:25,498] Epoch: 2100 to 2150, Batch: 56.25%, Mean Reward: -0.84, MSE: 1.02166, LR: 0.00033
[2023-12-14 22:31:26,849] Epoch: 2100 to 2150, Batch: 62.50%, Mean Reward: -0.52, MSE: 0.95969, LR: 0.00033
[2023-12-14 22:31:28,334] Epoch: 2100 to 2150, Batch: 68.75%, Mean Reward: -0.64, MSE: 0.94105, LR: 0.00033
[2023-12-14 22:31:29,848] Epoch: 2100 to 2150, Batch: 75.00%, Mean Reward: -0.68, MSE: 0.97951, LR: 0.00033
[2023-12-14 22:31:31,264] Epoch: 2100 to 2150, Batch: 81.25%, Mean Reward: -0.52, MSE: 0.95781, LR: 0.00032
[2023-12-14 22:31:32,620] Epoch: 2100 to 2150, Batch: 87.50%, Mean Reward: -0.68, MSE: 0.99115, LR: 0.00032
[2023-12-14 22:31:34,127] Epoch: 2100 to 2150, Batch: 93.75%, Mean Reward: -0.52, MSE: 0.94831, LR: 0.00032
[2023-12-14 22:31:35,518] Epoch: 2100 to 2150, Batch: 100.00%, Mean Reward: -0.76, MSE: 1.00735, LR: 0.00032
[2023-12-14 22:32:25,219] Epoch: 2150 to 2200, Batch: 6.25%, Mean Reward: -0.52, MSE: 0.94724, LR: 0.00032
[2023-12-14 22:32:26,627] Epoch: 2150 to 2200, Batch: 12.50%, Mean Reward: -0.52, MSE: 0.95162, LR: 0.00032
[2023-12-14 22:32:28,056] Epoch: 2150 to 2200, Batch: 18.75%, Mean Reward: -0.44, MSE: 0.93128, LR: 0.00031
[2023-12-14 22:32:29,553] Epoch: 2150 to 2200, Batch: 25.00%, Mean Reward: -0.40, MSE: 0.88932, LR: 0.00031
[2023-12-14 22:32:30,991] Epoch: 2150 to 2200, Batch: 31.25%, Mean Reward: -0.36, MSE: 0.91646, LR: 0.00031
[2023-12-14 22:32:32,444] Epoch: 2150 to 2200, Batch: 37.50%, Mean Reward: -0.60, MSE: 0.96558, LR: 0.00031
[2023-12-14 22:32:33,993] Epoch: 2150 to 2200, Batch: 43.75%, Mean Reward: -0.60, MSE: 0.96256, LR: 0.00031
[2023-12-14 22:32:35,463] Epoch: 2150 to 2200, Batch: 50.00%, Mean Reward: -0.44, MSE: 0.93468, LR: 0.00031
[2023-12-14 22:32:36,965] Epoch: 2150 to 2200, Batch: 56.25%, Mean Reward: -0.36, MSE: 0.91873, LR: 0.00031
[2023-12-14 22:32:38,428] Epoch: 2150 to 2200, Batch: 62.50%, Mean Reward: -0.60, MSE: 0.96711, LR: 0.00030
[2023-12-14 22:32:39,923] Epoch: 2150 to 2200, Batch: 68.75%, Mean Reward: -0.36, MSE: 0.91961, LR: 0.00030
[2023-12-14 22:32:41,468] Epoch: 2150 to 2200, Batch: 75.00%, Mean Reward: -0.44, MSE: 0.93168, LR: 0.00030
[2023-12-14 22:32:42,902] Epoch: 2150 to 2200, Batch: 81.25%, Mean Reward: -0.44, MSE: 0.93393, LR: 0.00030
[2023-12-14 22:32:44,332] Epoch: 2150 to 2200, Batch: 87.50%, Mean Reward: -0.36, MSE: 0.91634, LR: 0.00030
[2023-12-14 22:32:45,763] Epoch: 2150 to 2200, Batch: 93.75%, Mean Reward: -0.32, MSE: 0.87986, LR: 0.00030
[2023-12-14 22:32:47,174] Epoch: 2150 to 2200, Batch: 100.00%, Mean Reward: -0.52, MSE: 0.94746, LR: 0.00029
[2023-12-14 22:33:38,679] Epoch: 2200 to 2250, Batch: 6.25%, Mean Reward: -0.44, MSE: 0.93411, LR: 0.00029
[2023-12-14 22:33:40,030] Epoch: 2200 to 2250, Batch: 12.50%, Mean Reward: -0.44, MSE: 0.94525, LR: 0.00029
[2023-12-14 22:33:41,506] Epoch: 2200 to 2250, Batch: 18.75%, Mean Reward: -0.60, MSE: 0.96233, LR: 0.00029
[2023-12-14 22:33:42,963] Epoch: 2200 to 2250, Batch: 25.00%, Mean Reward: -0.64, MSE: 0.94507, LR: 0.00029
[2023-12-14 22:33:44,569] Epoch: 2200 to 2250, Batch: 31.25%, Mean Reward: -0.60, MSE: 0.96128, LR: 0.00029
[2023-12-14 22:33:46,084] Epoch: 2200 to 2250, Batch: 37.50%, Mean Reward: -0.76, MSE: 0.99650, LR: 0.00029
[2023-12-14 22:33:47,544] Epoch: 2200 to 2250, Batch: 43.75%, Mean Reward: -0.60, MSE: 0.97345, LR: 0.00028
[2023-12-14 22:33:48,935] Epoch: 2200 to 2250, Batch: 50.00%, Mean Reward: -0.76, MSE: 1.00536, LR: 0.00028
[2023-12-14 22:33:50,414] Epoch: 2200 to 2250, Batch: 56.25%, Mean Reward: -0.56, MSE: 0.92640, LR: 0.00028
[2023-12-14 22:33:51,928] Epoch: 2200 to 2250, Batch: 62.50%, Mean Reward: -0.52, MSE: 0.94751, LR: 0.00028
[2023-12-14 22:33:53,445] Epoch: 2200 to 2250, Batch: 68.75%, Mean Reward: -0.68, MSE: 0.97867, LR: 0.00028
[2023-12-14 22:33:54,941] Epoch: 2200 to 2250, Batch: 75.00%, Mean Reward: -0.52, MSE: 0.95187, LR: 0.00028
[2023-12-14 22:33:56,389] Epoch: 2200 to 2250, Batch: 81.25%, Mean Reward: -0.68, MSE: 0.98668, LR: 0.00028
[2023-12-14 22:33:57,835] Epoch: 2200 to 2250, Batch: 87.50%, Mean Reward: -0.60, MSE: 0.97125, LR: 0.00027
[2023-12-14 22:33:59,415] Epoch: 2200 to 2250, Batch: 93.75%, Mean Reward: -0.48, MSE: 0.90748, LR: 0.00027
[2023-12-14 22:34:00,860] Epoch: 2200 to 2250, Batch: 100.00%, Mean Reward: -0.60, MSE: 0.97015, LR: 0.00027
[2023-12-14 22:34:48,399] Epoch: 2250 to 2300, Batch: 6.25%, Mean Reward: -0.84, MSE: 1.02957, LR: 0.00027
[2023-12-14 22:34:49,943] Epoch: 2250 to 2300, Batch: 12.50%, Mean Reward: -0.20, MSE: 0.88554, LR: 0.00027
[2023-12-14 22:34:51,416] Epoch: 2250 to 2300, Batch: 18.75%, Mean Reward: -0.36, MSE: 0.91620, LR: 0.00027
[2023-12-14 22:34:52,938] Epoch: 2250 to 2300, Batch: 25.00%, Mean Reward: -0.92, MSE: 1.02477, LR: 0.00027
[2023-12-14 22:34:54,461] Epoch: 2250 to 2300, Batch: 31.25%, Mean Reward: -0.20, MSE: 0.88521, LR: 0.00027
[2023-12-14 22:34:55,966] Epoch: 2250 to 2300, Batch: 37.50%, Mean Reward: -0.76, MSE: 0.99890, LR: 0.00026
[2023-12-14 22:34:57,441] Epoch: 2250 to 2300, Batch: 43.75%, Mean Reward: -0.68, MSE: 0.98743, LR: 0.00026
[2023-12-14 22:34:59,000] Epoch: 2250 to 2300, Batch: 50.00%, Mean Reward: -0.48, MSE: 0.91017, LR: 0.00026
[2023-12-14 22:35:00,448] Epoch: 2250 to 2300, Batch: 56.25%, Mean Reward: -0.76, MSE: 1.00136, LR: 0.00026
[2023-12-14 22:35:01,981] Epoch: 2250 to 2300, Batch: 62.50%, Mean Reward: -0.76, MSE: 0.99702, LR: 0.00026
[2023-12-14 22:35:03,525] Epoch: 2250 to 2300, Batch: 68.75%, Mean Reward: -0.60, MSE: 0.96561, LR: 0.00026
[2023-12-14 22:35:05,041] Epoch: 2250 to 2300, Batch: 75.00%, Mean Reward: -0.36, MSE: 0.91776, LR: 0.00026
[2023-12-14 22:35:06,444] Epoch: 2250 to 2300, Batch: 81.25%, Mean Reward: -0.52, MSE: 0.95404, LR: 0.00025
[2023-12-14 22:35:07,984] Epoch: 2250 to 2300, Batch: 87.50%, Mean Reward: -0.36, MSE: 0.91974, LR: 0.00025
[2023-12-14 22:35:09,445] Epoch: 2250 to 2300, Batch: 93.75%, Mean Reward: -0.60, MSE: 0.96457, LR: 0.00025
[2023-12-14 22:35:10,956] Epoch: 2250 to 2300, Batch: 100.00%, Mean Reward: -0.44, MSE: 0.93541, LR: 0.00025
[2023-12-14 22:36:02,084] Epoch: 2300 to 2350, Batch: 6.25%, Mean Reward: -1.00, MSE: 1.04764, LR: 0.00025
[2023-12-14 22:36:03,600] Epoch: 2300 to 2350, Batch: 12.50%, Mean Reward: -0.68, MSE: 0.97946, LR: 0.00025
[2023-12-14 22:36:05,062] Epoch: 2300 to 2350, Batch: 18.75%, Mean Reward: -0.44, MSE: 0.93760, LR: 0.00025
[2023-12-14 22:36:06,445] Epoch: 2300 to 2350, Batch: 25.00%, Mean Reward: -0.60, MSE: 0.97548, LR: 0.00025
[2023-12-14 22:36:07,990] Epoch: 2300 to 2350, Batch: 31.25%, Mean Reward: -0.52, MSE: 0.94584, LR: 0.00024
[2023-12-14 22:36:09,521] Epoch: 2300 to 2350, Batch: 37.50%, Mean Reward: -0.60, MSE: 0.96540, LR: 0.00024
[2023-12-14 22:36:11,010] Epoch: 2300 to 2350, Batch: 43.75%, Mean Reward: -0.44, MSE: 0.93368, LR: 0.00024
[2023-12-14 22:36:12,450] Epoch: 2300 to 2350, Batch: 50.00%, Mean Reward: -0.44, MSE: 0.93722, LR: 0.00024
[2023-12-14 22:36:13,958] Epoch: 2300 to 2350, Batch: 56.25%, Mean Reward: -0.60, MSE: 0.96330, LR: 0.00024
[2023-12-14 22:36:15,537] Epoch: 2300 to 2350, Batch: 62.50%, Mean Reward: -0.32, MSE: 0.87460, LR: 0.00024
[2023-12-14 22:36:17,067] Epoch: 2300 to 2350, Batch: 68.75%, Mean Reward: -0.32, MSE: 0.87682, LR: 0.00024
[2023-12-14 22:36:18,497] Epoch: 2300 to 2350, Batch: 75.00%, Mean Reward: -0.36, MSE: 0.92081, LR: 0.00024
[2023-12-14 22:36:19,997] Epoch: 2300 to 2350, Batch: 81.25%, Mean Reward: -0.68, MSE: 0.98033, LR: 0.00024
[2023-12-14 22:36:21,477] Epoch: 2300 to 2350, Batch: 87.50%, Mean Reward: -0.68, MSE: 0.98423, LR: 0.00023
[2023-12-14 22:36:23,029] Epoch: 2300 to 2350, Batch: 93.75%, Mean Reward: -0.20, MSE: 0.88368, LR: 0.00023
[2023-12-14 22:36:24,510] Epoch: 2300 to 2350, Batch: 100.00%, Mean Reward: -0.76, MSE: 1.00259, LR: 0.00023
[2023-12-14 22:37:14,139] Epoch: 2350 to 2400, Batch: 6.25%, Mean Reward: -0.44, MSE: 0.93583, LR: 0.00023
[2023-12-14 22:37:15,634] Epoch: 2350 to 2400, Batch: 12.50%, Mean Reward: -0.52, MSE: 0.94872, LR: 0.00023
[2023-12-14 22:37:17,135] Epoch: 2350 to 2400, Batch: 18.75%, Mean Reward: -0.32, MSE: 0.87613, LR: 0.00023
[2023-12-14 22:37:18,655] Epoch: 2350 to 2400, Batch: 25.00%, Mean Reward: -0.28, MSE: 0.90167, LR: 0.00023
[2023-12-14 22:37:20,258] Epoch: 2350 to 2400, Batch: 31.25%, Mean Reward: -0.88, MSE: 0.98759, LR: 0.00023
[2023-12-14 22:37:21,765] Epoch: 2350 to 2400, Batch: 37.50%, Mean Reward: -0.76, MSE: 0.99697, LR: 0.00022
[2023-12-14 22:37:23,189] Epoch: 2350 to 2400, Batch: 43.75%, Mean Reward: -0.68, MSE: 0.99125, LR: 0.00022
[2023-12-14 22:37:24,643] Epoch: 2350 to 2400, Batch: 50.00%, Mean Reward: -0.36, MSE: 0.92005, LR: 0.00022
[2023-12-14 22:37:26,013] Epoch: 2350 to 2400, Batch: 56.25%, Mean Reward: -0.68, MSE: 0.98878, LR: 0.00022
[2023-12-14 22:37:27,471] Epoch: 2350 to 2400, Batch: 62.50%, Mean Reward: -0.60, MSE: 0.97417, LR: 0.00022
[2023-12-14 22:37:28,963] Epoch: 2350 to 2400, Batch: 68.75%, Mean Reward: -0.44, MSE: 0.93381, LR: 0.00022
[2023-12-14 22:37:30,541] Epoch: 2350 to 2400, Batch: 75.00%, Mean Reward: -0.60, MSE: 0.96272, LR: 0.00022
[2023-12-14 22:37:32,183] Epoch: 2350 to 2400, Batch: 81.25%, Mean Reward: -0.52, MSE: 0.94711, LR: 0.00022
[2023-12-14 22:37:33,648] Epoch: 2350 to 2400, Batch: 87.50%, Mean Reward: -0.52, MSE: 0.95591, LR: 0.00022
[2023-12-14 22:37:35,134] Epoch: 2350 to 2400, Batch: 93.75%, Mean Reward: -0.52, MSE: 0.95278, LR: 0.00022
[2023-12-14 22:37:36,575] Epoch: 2350 to 2400, Batch: 100.00%, Mean Reward: -0.92, MSE: 1.03026, LR: 0.00021
[2023-12-14 22:38:27,259] Epoch: 2400 to 2450, Batch: 6.25%, Mean Reward: -0.60, MSE: 0.96648, LR: 0.00021
[2023-12-14 22:38:28,729] Epoch: 2400 to 2450, Batch: 12.50%, Mean Reward: -0.44, MSE: 0.93449, LR: 0.00021
[2023-12-14 22:38:30,181] Epoch: 2400 to 2450, Batch: 18.75%, Mean Reward: -0.52, MSE: 0.95490, LR: 0.00021
[2023-12-14 22:38:31,667] Epoch: 2400 to 2450, Batch: 25.00%, Mean Reward: -0.52, MSE: 0.95479, LR: 0.00021
[2023-12-14 22:38:33,136] Epoch: 2400 to 2450, Batch: 31.25%, Mean Reward: -0.44, MSE: 0.93396, LR: 0.00021
[2023-12-14 22:38:34,640] Epoch: 2400 to 2450, Batch: 37.50%, Mean Reward: -0.92, MSE: 1.03575, LR: 0.00021
[2023-12-14 22:38:36,132] Epoch: 2400 to 2450, Batch: 43.75%, Mean Reward: -0.60, MSE: 0.97422, LR: 0.00021
[2023-12-14 22:38:37,625] Epoch: 2400 to 2450, Batch: 50.00%, Mean Reward: -0.60, MSE: 0.96681, LR: 0.00021
[2023-12-14 22:38:39,254] Epoch: 2400 to 2450, Batch: 56.25%, Mean Reward: -0.44, MSE: 0.92977, LR: 0.00020
[2023-12-14 22:38:40,878] Epoch: 2400 to 2450, Batch: 62.50%, Mean Reward: -0.44, MSE: 0.93089, LR: 0.00020
[2023-12-14 22:38:42,318] Epoch: 2400 to 2450, Batch: 68.75%, Mean Reward: -0.52, MSE: 0.95568, LR: 0.00020
[2023-12-14 22:38:43,859] Epoch: 2400 to 2450, Batch: 75.00%, Mean Reward: -0.68, MSE: 0.98400, LR: 0.00020
[2023-12-14 22:38:45,364] Epoch: 2400 to 2450, Batch: 81.25%, Mean Reward: -0.52, MSE: 0.95517, LR: 0.00020
[2023-12-14 22:38:46,908] Epoch: 2400 to 2450, Batch: 87.50%, Mean Reward: -0.52, MSE: 0.94746, LR: 0.00020
[2023-12-14 22:38:48,348] Epoch: 2400 to 2450, Batch: 93.75%, Mean Reward: -0.36, MSE: 0.92233, LR: 0.00020
[2023-12-14 22:38:49,849] Epoch: 2400 to 2450, Batch: 100.00%, Mean Reward: -0.92, MSE: 1.02870, LR: 0.00020
[2023-12-14 22:39:38,400] Epoch: 2450 to 2500, Batch: 6.25%, Mean Reward: -0.20, MSE: 0.88873, LR: 0.00020
[2023-12-14 22:39:39,968] Epoch: 2450 to 2500, Batch: 12.50%, Mean Reward: -0.68, MSE: 0.97898, LR: 0.00020
[2023-12-14 22:39:41,463] Epoch: 2450 to 2500, Batch: 18.75%, Mean Reward: -0.68, MSE: 0.98325, LR: 0.00019
[2023-12-14 22:39:43,021] Epoch: 2450 to 2500, Batch: 25.00%, Mean Reward: -0.68, MSE: 0.98084, LR: 0.00019
[2023-12-14 22:39:44,419] Epoch: 2450 to 2500, Batch: 31.25%, Mean Reward: -0.68, MSE: 0.99491, LR: 0.00019
[2023-12-14 22:39:45,914] Epoch: 2450 to 2500, Batch: 37.50%, Mean Reward: -0.52, MSE: 0.94756, LR: 0.00019
[2023-12-14 22:39:47,448] Epoch: 2450 to 2500, Batch: 43.75%, Mean Reward: -0.48, MSE: 0.90381, LR: 0.00019
[2023-12-14 22:39:48,876] Epoch: 2450 to 2500, Batch: 50.00%, Mean Reward: -0.68, MSE: 0.98961, LR: 0.00019
[2023-12-14 22:39:50,287] Epoch: 2450 to 2500, Batch: 56.25%, Mean Reward: -0.76, MSE: 1.00002, LR: 0.00019
[2023-12-14 22:39:51,708] Epoch: 2450 to 2500, Batch: 62.50%, Mean Reward: -0.36, MSE: 0.92297, LR: 0.00019
[2023-12-14 22:39:53,256] Epoch: 2450 to 2500, Batch: 68.75%, Mean Reward: -0.40, MSE: 0.89168, LR: 0.00019
[2023-12-14 22:39:54,728] Epoch: 2450 to 2500, Batch: 75.00%, Mean Reward: -0.52, MSE: 0.94975, LR: 0.00019
[2023-12-14 22:39:56,189] Epoch: 2450 to 2500, Batch: 81.25%, Mean Reward: -0.44, MSE: 0.93292, LR: 0.00019
[2023-12-14 22:39:57,635] Epoch: 2450 to 2500, Batch: 87.50%, Mean Reward: -0.76, MSE: 1.00415, LR: 0.00018
[2023-12-14 22:39:59,091] Epoch: 2450 to 2500, Batch: 93.75%, Mean Reward: -0.44, MSE: 0.93529, LR: 0.00018
[2023-12-14 22:40:00,618] Epoch: 2450 to 2500, Batch: 100.00%, Mean Reward: -0.52, MSE: 0.94716, LR: 0.00018